{"arg":"Bakery","icon":{"path":"translate.png"},"quicklookurl":"http:\/\/youdao.com\/w\/Bakery","subtitle":"bakery","text":{"copy":"\u9762\u5305\u5e97,\u897f\u997c\u5e97,\u9762\u5305\u623f,\u70d8\u7119\u98df\u54c1"},"title":"\u9762\u5305\u5e97,\u897f\u997c\u5e97,\u9762\u5305\u623f,\u70d8\u7119\u98df\u54c1","valid":true}
{"arg":"Swap","icon":{"path":"translate.png"},"quicklookurl":"http:\/\/youdao.com\/w\/Swap","subtitle":"Swap","text":{"copy":"\u4ea4\u6362,\u4e92\u6362,\u6389\u671f,\u6389\u671f\u4ea4\u6613"},"title":"\u4ea4\u6362,\u4e92\u6362,\u6389\u671f,\u6389\u671f\u4ea4\u6613","valid":true}
{"arg":"d","icon":{"path":"translate.png"},"quicklookurl":"http:\/\/youdao.com\/w\/d","subtitle":"vitamin D","text":{"copy":"\u7ef4\u751f\u7d20D,\u9499\u5316\u9187,\u56fd\u9645\u5355\u4f4d"},"title":"\u7ef4\u751f\u7d20D,\u9499\u5316\u9187,\u56fd\u9645\u5355\u4f4d","valid":true}
{"arg":"dish","icon":{"path":"translate.png"},"quicklookurl":"http:\/\/youdao.com\/w\/dish","subtitle":"dish","text":{"copy":"\u789f\u5b50,\u76d8"},"title":"\u789f\u5b50,\u76d8","valid":true}
{"arg":"t","icon":{"path":"translate.png"},"quicklookurl":"http:\/\/youdao.com\/w\/t","subtitle":"T-ara","text":{"copy":"\u6734\u667a\u598d,\u667a\u598d,\u6734\u5b5d\u654f,\u6069\u9759"},"title":"\u6734\u667a\u598d,\u667a\u598d,\u6734\u5b5d\u654f,\u6069\u9759","valid":true}
{"arg":"time","icon":{"path":"translate.png"},"quicklookurl":"http:\/\/youdao.com\/w\/time","subtitle":"time","text":{"copy":"\u65f6\u95f4,\u65f6\u5149,\u65f6\u4ee3\u5468\u520a"},"title":"\u65f6\u95f4,\u65f6\u5149,\u65f6\u4ee3\u5468\u520a","valid":true}
{"arg":"minus","icon":{"path":"translate.png"},"quicklookurl":"http:\/\/youdao.com\/w\/minus","subtitle":"minus","text":{"copy":"\u51cf\u53f7,\u8d1f\u53f7"},"title":"\u51cf\u53f7,\u8d1f\u53f7","valid":true}
{"arg":"minue","icon":{"path":"translate.png"},"quicklookurl":"http:\/\/youdao.com\/w\/minue","subtitle":"MINUE","text":{"copy":"\u9c81\u654f\u5b87,\u5c0f\u6b65\u821e\u66f2"},"title":"\u9c81\u654f\u5b87,\u5c0f\u6b65\u821e\u66f2","valid":true}
{"arg":"minue","icon":{"path":"translate.png"},"quicklookurl":"http:\/\/youdao.com\/w\/minue","subtitle":"MINUE","text":{"copy":"\u9c81\u654f\u5b87,\u5c0f\u6b65\u821e\u66f2"},"title":"\u9c81\u654f\u5b87,\u5c0f\u6b65\u821e\u66f2","valid":true}
{"arg":"m","icon":{"path":"translate.png"},"quicklookurl":"http:\/\/youdao.com\/w\/m","subtitle":"m-learning","text":{"copy":"\u79fb\u52a8\u5b66\u4e60,\u884c\u52a8\u5b66\u4e60,\u79fb\u52a8\u8fdb\u4fee,\u79fb\u52a8\u6559\u80b2"},"title":"\u79fb\u52a8\u5b66\u4e60,\u884c\u52a8\u5b66\u4e60,\u79fb\u52a8\u8fdb\u4fee,\u79fb\u52a8\u6559\u80b2","valid":true}
{"arg":"f","icon":{"path":"translate.png"},"quicklookurl":"http:\/\/youdao.com\/w\/f","subtitle":"F-number","text":{"copy":"\u7126\u6bd4,\u5149\u5708\u503c,\u7126\u8ddd\u6bd4\u6570"},"title":"\u7126\u6bd4,\u5149\u5708\u503c,\u7126\u8ddd\u6bd4\u6570","valid":true}
{"arg":"minutes","icon":{"path":"translate.png"},"quicklookurl":"http:\/\/youdao.com\/w\/%E5%88%86%E9%92%9F","subtitle":"\u5206\u949f","text":{"copy":"Minute,min,European Film Market,uncut"},"title":"Minute,min,European Film Market,uncut","valid":true}
{"arg":"null","icon":{"path":"translate.png"},"quicklookurl":"http:\/\/youdao.com\/w\/null","subtitle":"Null","text":{"copy":"\u7a7a\u503c,\u7a7a,\u65e0\u6548\u7684,\u96f6\u7a7a\u95f4"},"title":"\u7a7a\u503c,\u7a7a,\u65e0\u6548\u7684,\u96f6\u7a7a\u95f4","valid":true}
{"arg":"p","icon":{"path":"translate.png"},"quicklookurl":"http:\/\/youdao.com\/w\/p","subtitle":"p-cymene","text":{"copy":"\u5bf9\u5f02\u4e19\u57fa\u7532\u82ef,\u82b1\u7d20,\u805a\u4f1e\u82b1\u7d20,\u5bf9"},"title":"\u5bf9\u5f02\u4e19\u57fa\u7532\u82ef,\u82b1\u7d20,\u805a\u4f1e\u82b1\u7d20,\u5bf9","valid":true}
{"arg":"prun","icon":{"path":"translate.png"},"quicklookurl":"http:\/\/youdao.com\/w\/prun","subtitle":"PRUN","text":{"copy":"\u9a6c\u514b\u666e\u4f26,\u5e76\u884c\u901a\u8baf\u6307\u4ee4"},"title":"\u9a6c\u514b\u666e\u4f26,\u5e76\u884c\u901a\u8baf\u6307\u4ee4","valid":true}
{"arg":"prune","icon":{"path":"translate.png"},"quicklookurl":"http:\/\/youdao.com\/w\/prune","subtitle":"Prune","text":{"copy":"\u6885\u5e72,\u6df1\u7d2b\u7ea2,\u4fee\u526a\u827a\u672f,\u4fee\u526a"},"title":"\u6885\u5e72,\u6df1\u7d2b\u7ea2,\u4fee\u526a\u827a\u672f,\u4fee\u526a","valid":true}
{"arg":"tarball","icon":{"path":"translate.png"},"quicklookurl":"http:\/\/youdao.com\/w\/tarball","subtitle":"Tarball","text":{"copy":"\u539f\u59cb\u7801,\u6587\u4ef6,\u538b\u7f29\u5305,\u4ec0\u4e48\u662f"},"title":"\u539f\u59cb\u7801,\u6587\u4ef6,\u538b\u7f29\u5305,\u4ec0\u4e48\u662f","valid":true}
{"arg":"br","icon":{"path":"translate.png"},"quicklookurl":"http:\/\/youdao.com\/w\/br","subtitle":"BR","text":{"copy":"\u987a\u4e01\u6a61\u80f6,\u5df4\u897f,\u6253\u65ad,\u4e01\u4e8c\u70ef\u6a61\u80f6"},"title":"\u987a\u4e01\u6a61\u80f6,\u5df4\u897f,\u6253\u65ad,\u4e01\u4e8c\u70ef\u6a61\u80f6","valid":true}
{"arg":"brea","icon":{"path":"translate.png"},"quicklookurl":"http:\/\/youdao.com\/w\/brea","subtitle":"Brea","text":{"copy":"\u5e03\u96f7\u4e9a,\u5e03\u745e\u4e9a,\u6ca5\u9752,\u4e9a\u5e02"},"title":"\u5e03\u96f7\u4e9a,\u5e03\u745e\u4e9a,\u6ca5\u9752,\u4e9a\u5e02","valid":true}
{"arg":"break","icon":{"path":"translate.png"},"quicklookurl":"http:\/\/youdao.com\/w\/break","subtitle":"break","text":{"copy":"\u6253\u7834,\u6253\u65ad,\u8df3\u51fa\u5faa\u73af"},"title":"\u6253\u7834,\u6253\u65ad,\u8df3\u51fa\u5faa\u73af","valid":true}
{"arg":"breakin","icon":{"path":"translate.png"},"quicklookurl":"http:\/\/youdao.com\/w\/breakin","subtitle":"Breakin","text":{"copy":"\u9739\u96f3\u821e,\u5730\u677f\u6280\u5de7,\u6280\u5de7\u8857\u821e,\u6280\u5de7\u821e"},"title":"\u9739\u96f3\u821e,\u5730\u677f\u6280\u5de7,\u6280\u5de7\u8857\u821e,\u6280\u5de7\u821e","valid":true}
{"arg":"breaking","icon":{"path":"translate.png"},"quicklookurl":"http:\/\/youdao.com\/w\/breaking","subtitle":"Breaking","text":{"copy":"\u9739\u96f3\u821e,\u8857\u821e,\u6280\u5de7\u821e,\u8d85\u8d8a\u7f6a\u6076"},"title":"\u9739\u96f3\u821e,\u8857\u821e,\u6280\u5de7\u821e,\u8d85\u8d8a\u7f6a\u6076","valid":true}
{"arg":"f","icon":{"path":"translate.png"},"quicklookurl":"http:\/\/youdao.com\/w\/f","subtitle":"F-number","text":{"copy":"\u7126\u6bd4,\u5149\u5708\u503c,\u7126\u8ddd\u6bd4\u6570"},"title":"\u7126\u6bd4,\u5149\u5708\u503c,\u7126\u8ddd\u6bd4\u6570","valid":true}
{"arg":"The assignment","icon":{"path":"translate.png"},"quicklookurl":"http:\/\/youdao.com\/w\/%E8%B5%8B%E5%80%BC","subtitle":"\u8d4b\u503c","text":{"copy":"Assignment,assign,evaluation,value assignment"},"title":"Assignment,assign,evaluation,value assignment","valid":true}
{"arg":"Passive","icon":{"path":"translate.png"},"quicklookurl":"http:\/\/youdao.com\/w\/Passive","subtitle":"Passive","text":{"copy":"\u88ab\u52a8,\u6d88\u6781\u7684,\u88ab\u52a8\u5f0f,\u88ab\u52a8\u8bed\u6001"},"title":"\u88ab\u52a8,\u6d88\u6781\u7684,\u88ab\u52a8\u5f0f,\u88ab\u52a8\u8bed\u6001","valid":true}
{"arg":"s","icon":{"path":"translate.png"},"quicklookurl":"http:\/\/youdao.com\/w\/s","subtitle":"DVB-S","text":{"copy":"\u536b\u661f\u7535\u89c6,\u536b\u661f\u673a\u9876\u76d2,\u536b\u661f\u63a5\u6536\u673a,\u63a5\u6536\u673a"},"title":"\u536b\u661f\u7535\u89c6,\u536b\u661f\u673a\u9876\u76d2,\u536b\u661f\u63a5\u6536\u673a,\u63a5\u6536\u673a","valid":true}
{"arg":"Send CARDS","icon":{"path":"translate.png"},"quicklookurl":"http:\/\/youdao.com\/w\/%E9%80%81%E5%8D%A1%E7%89%87","subtitle":"\u9001\u5361\u7247","text":{"copy":"send cards"},"title":"send cards","valid":true}
{"arg":"Send CARDS","icon":{"path":"translate.png"},"quicklookurl":"http:\/\/youdao.com\/w\/%E9%80%81%E5%8D%A1","subtitle":"\u9001\u5361","text":{"copy":"card feed"},"title":"card feed","valid":true}
{"arg":"send","icon":{"path":"translate.png"},"quicklookurl":"http:\/\/youdao.com\/w\/%E9%80%81","subtitle":"\u9001","text":{"copy":"Send,throw at,carry,give away"},"title":"Send,throw at,carry,give away","valid":true}
{"arg":"thinking","icon":{"path":"translate.png"},"quicklookurl":"http:\/\/youdao.com\/w\/%E6%80%9D%E8%80%83","subtitle":"\u601d\u8003","text":{"copy":"Think,reflect,thought,consideration"},"title":"Think,reflect,thought,consideration","valid":true}
{"arg":"think","icon":{"path":"translate.png"},"quicklookurl":"http:\/\/youdao.com\/w\/%E6%80%9D","subtitle":"\u601d","text":{"copy":"Think,reflection,Intellection"},"title":"Think,reflection,Intellection","valid":true}
{"arg":"p","icon":{"path":"translate.png"},"quicklookurl":"http:\/\/youdao.com\/w\/p","subtitle":"p-cymene","text":{"copy":"\u5bf9\u5f02\u4e19\u57fa\u7532\u82ef,\u82b1\u7d20,\u805a\u4f1e\u82b1\u7d20,\u5bf9"},"title":"\u5bf9\u5f02\u4e19\u57fa\u7532\u82ef,\u82b1\u7d20,\u805a\u4f1e\u82b1\u7d20,\u5bf9","valid":true}
{"arg":"p","icon":{"path":"translate.png"},"quicklookurl":"http:\/\/youdao.com\/w\/p","subtitle":"p-cymene","text":{"copy":"\u5bf9\u5f02\u4e19\u57fa\u7532\u82ef,\u82b1\u7d20,\u805a\u4f1e\u82b1\u7d20,\u5bf9"},"title":"\u5bf9\u5f02\u4e19\u57fa\u7532\u82ef,\u82b1\u7d20,\u805a\u4f1e\u82b1\u7d20,\u5bf9","valid":true}
{"arg":"w","icon":{"path":"translate.png"},"quicklookurl":"http:\/\/youdao.com\/w\/w","subtitle":"B&W","text":{"copy":"\u9ed1\u4e0e\u767d,\u5b9d\u534e,\u9ed1\u767d(Black & White)"},"title":"\u9ed1\u4e0e\u767d,\u5b9d\u534e,\u9ed1\u767d(Black & White)","valid":true}
{"arg":"wx","icon":{"path":"translate.png"},"quicklookurl":"http:\/\/youdao.com\/w\/wx","subtitle":"WX","text":{"copy":"\u836f\u660e\u5eb7\u5fb7,\u5de5\u7a0b\u5e08,\u53c2\u8003\u6587\u732e,\u57fa\u56e0"},"title":"\u836f\u660e\u5eb7\u5fb7,\u5de5\u7a0b\u5e08,\u53c2\u8003\u6587\u732e,\u57fa\u56e0","valid":true}
{"arg":"w","icon":{"path":"translate.png"},"quicklookurl":"http:\/\/youdao.com\/w\/w","subtitle":"B&W","text":{"copy":"\u9ed1\u4e0e\u767d,\u5b9d\u534e,\u9ed1\u767d(Black & White)"},"title":"\u9ed1\u4e0e\u767d,\u5b9d\u534e,\u9ed1\u767d(Black & White)","valid":true}
{"arg":"e","icon":{"path":"translate.png"},"quicklookurl":"http:\/\/youdao.com\/w\/e","subtitle":"Wall-E","text":{"copy":"\u673a\u5668\u4eba\u74e6\u529b,\u673a\u5668\u4eba\u603b\u52a8\u5458,\u74e6\u529b,\u661f\u9645\u603b\u52a8\u5458"},"title":"\u673a\u5668\u4eba\u74e6\u529b,\u673a\u5668\u4eba\u603b\u52a8\u5458,\u74e6\u529b,\u661f\u9645\u603b\u52a8\u5458","valid":true}
{"arg":"ex","icon":{"path":"translate.png"},"quicklookurl":"http:\/\/youdao.com\/w\/ex","subtitle":"EX","text":{"copy":"\u5ef6\u4f38,\u5ef6\u957f,\u53ef\u71c3\u6c14\u4f53,\u524d\u4efb"},"title":"\u5ef6\u4f38,\u5ef6\u957f,\u53ef\u71c3\u6c14\u4f53,\u524d\u4efb","valid":true}
{"arg":"expo","icon":{"path":"translate.png"},"quicklookurl":"http:\/\/youdao.com\/w\/expo","subtitle":"expo","text":{"copy":"\u535a\u89c8\u4f1a,\u4e16\u535a,\u535a\u89c8,\u4e16\u754c\u535a\u89c8\u4f1a"},"title":"\u535a\u89c8\u4f1a,\u4e16\u535a,\u535a\u89c8,\u4e16\u754c\u535a\u89c8\u4f1a","valid":true}
{"arg":"expose","icon":{"path":"translate.png"},"quicklookurl":"http:\/\/youdao.com\/w\/expose","subtitle":"Expose","text":{"copy":"\u66b4\u9732,\u9732\u51fa"},"title":"\u66b4\u9732,\u9732\u51fa","valid":true}
{"arg":"one","icon":{"path":"translate.png"},"quicklookurl":"http:\/\/youdao.com\/w\/one","subtitle":"One","text":{"copy":"\u4e00\u4eba,\u4e4b\u4e00,\u4e00\u4e2a,\u4e00\u4f53"},"title":"\u4e00\u4eba,\u4e4b\u4e00,\u4e00\u4e2a,\u4e00\u4f53","valid":true}
{"arg":"on","icon":{"path":"translate.png"},"quicklookurl":"http:\/\/youdao.com\/w\/on","subtitle":"On","text":{"copy":"\u6253\u5f00,\u63a5\u901a,\u5de6\u5411"},"title":"\u6253\u5f00,\u63a5\u901a,\u5de6\u5411","valid":true}
{"arg":"o","icon":{"path":"translate.png"},"quicklookurl":"http:\/\/youdao.com\/w\/o","subtitle":"O\u7684\u6545\u4e8b","text":{"copy":"Story of,Histoire d'O,The Srory of"},"title":"Story of,Histoire d'O,The Srory of","valid":true}
{"arg":"s","icon":{"path":"translate.png"},"quicklookurl":"http:\/\/youdao.com\/w\/s","subtitle":"DVB-S","text":{"copy":"\u536b\u661f\u7535\u89c6,\u536b\u661f\u673a\u9876\u76d2,\u536b\u661f\u63a5\u6536\u673a,\u63a5\u6536\u673a"},"title":"\u536b\u661f\u7535\u89c6,\u536b\u661f\u673a\u9876\u76d2,\u536b\u661f\u63a5\u6536\u673a,\u63a5\u6536\u673a","valid":true}
{"arg":"surplu","icon":{"path":"translate.png"},"quicklookurl":"http:\/\/youdao.com\/w\/surplu","subtitle":"Surplu","text":{"copy":"\u76c8\u4f59"},"title":"\u76c8\u4f59","valid":true}
{"arg":"surplus","icon":{"path":"translate.png"},"quicklookurl":"http:\/\/youdao.com\/w\/surplus","subtitle":"surplus","text":{"copy":"\u76c8\u4f59,\u5269\u4f59,\u8fc7\u5269"},"title":"\u76c8\u4f59,\u5269\u4f59,\u8fc7\u5269","valid":true}
{"arg":"z","icon":{"path":"translate.png"},"quicklookurl":"http:\/\/youdao.com\/w\/z","subtitle":"\u65e0\u53cc\u5927\u86c7Z","text":{"copy":"Musou Orochi,OROCHI,Warriors Orochi,Musou Orochello"},"title":"Musou Orochi,OROCHI,Warriors Orochi,Musou Orochello","valid":true}
{"arg":"placeholder","icon":{"path":"translate.png"},"quicklookurl":"http:\/\/youdao.com\/w\/%E5%8D%A0%E4%BD%8D","subtitle":"\u5360\u4f4d","text":{"copy":"OCCUPIED,Placeholder,set up,Solid"},"title":"OCCUPIED,Placeholder,set up,Solid","valid":true}
{"arg":"s","icon":{"path":"translate.png"},"quicklookurl":"http:\/\/youdao.com\/w\/s","subtitle":"DVB-S","text":{"copy":"\u536b\u661f\u7535\u89c6,\u536b\u661f\u673a\u9876\u76d2,\u536b\u661f\u63a5\u6536\u673a,\u63a5\u6536\u673a"},"title":"\u536b\u661f\u7535\u89c6,\u536b\u661f\u673a\u9876\u76d2,\u536b\u661f\u63a5\u6536\u673a,\u63a5\u6536\u673a","valid":true}
{"arg":"stu","icon":{"path":"translate.png"},"quicklookurl":"http:\/\/youdao.com\/w\/stu","subtitle":"Stu","text":{"copy":"\u65af\u56fe,\u5355\u5143,\u6c55\u5934\u5927\u5b66,\u88c5\u7f6e"},"title":"\u65af\u56fe,\u5355\u5143,\u6c55\u5934\u5927\u5b66,\u88c5\u7f6e","valid":true}
{"arg":"stu","icon":{"path":"translate.png"},"quicklookurl":"http:\/\/youdao.com\/w\/stu","subtitle":"Stu","text":{"copy":"\u65af\u56fe,\u5355\u5143,\u6c55\u5934\u5927\u5b66,\u88c5\u7f6e"},"title":"\u65af\u56fe,\u5355\u5143,\u6c55\u5934\u5927\u5b66,\u88c5\u7f6e","valid":true}
{"arg":"st","icon":{"path":"translate.png"},"quicklookurl":"http:\/\/youdao.com\/w\/st","subtitle":"ST","text":{"copy":"\u610f\u6cd5\u534a\u5bfc\u4f53,\u5723\u591a\u7f8e\u548c\u666e\u6797\u897f\u6bd4,\u6587\u5b57\u6837\u5f0f\u7ba1\u7406\u5668,\u6052\u661f\u65f6"},"title":"\u610f\u6cd5\u534a\u5bfc\u4f53,\u5723\u591a\u7f8e\u548c\u666e\u6797\u897f\u6bd4,\u6587\u5b57\u6837\u5f0f\u7ba1\u7406\u5668,\u6052\u661f\u65f6","valid":true}
{"arg":"s","icon":{"path":"translate.png"},"quicklookurl":"http:\/\/youdao.com\/w\/s","subtitle":"DVB-S","text":{"copy":"\u536b\u661f\u7535\u89c6,\u536b\u661f\u673a\u9876\u76d2,\u536b\u661f\u63a5\u6536\u673a,\u63a5\u6536\u673a"},"title":"\u536b\u661f\u7535\u89c6,\u536b\u661f\u673a\u9876\u76d2,\u536b\u661f\u63a5\u6536\u673a,\u63a5\u6536\u673a","valid":true}
{"arg":"s","icon":{"path":"translate.png"},"quicklookurl":"http:\/\/youdao.com\/w\/s","subtitle":"DVB-S","text":{"copy":"\u536b\u661f\u7535\u89c6,\u536b\u661f\u673a\u9876\u76d2,\u536b\u661f\u63a5\u6536\u673a,\u63a5\u6536\u673a"},"title":"\u536b\u661f\u7535\u89c6,\u536b\u661f\u673a\u9876\u76d2,\u536b\u661f\u63a5\u6536\u673a,\u63a5\u6536\u673a","valid":true}
{"arg":"st","icon":{"path":"translate.png"},"quicklookurl":"http:\/\/youdao.com\/w\/st","subtitle":"ST","text":{"copy":"\u610f\u6cd5\u534a\u5bfc\u4f53,\u5723\u591a\u7f8e\u548c\u666e\u6797\u897f\u6bd4,\u6587\u5b57\u6837\u5f0f\u7ba1\u7406\u5668,\u6052\u661f\u65f6"},"title":"\u610f\u6cd5\u534a\u5bfc\u4f53,\u5723\u591a\u7f8e\u548c\u666e\u6797\u897f\u6bd4,\u6587\u5b57\u6837\u5f0f\u7ba1\u7406\u5668,\u6052\u661f\u65f6","valid":true}
{"arg":"status","icon":{"path":"translate.png"},"quicklookurl":"http:\/\/youdao.com\/w\/status","subtitle":"Status","text":{"copy":"\u72b6\u6001,\u5730\u4f4d,\u8eab\u4efd,\u72b6\u51b5"},"title":"\u72b6\u6001,\u5730\u4f4d,\u8eab\u4efd,\u72b6\u51b5","valid":true}
{"arg":"array","icon":{"path":"translate.png"},"quicklookurl":"http:\/\/youdao.com\/w\/array","subtitle":"Array","text":{"copy":"\u6570\u7ec4,\u9635\u4e2d,\u5217"},"title":"\u6570\u7ec4,\u9635\u4e2d,\u5217","valid":true}
{"arg":"l","icon":{"path":"translate.png"},"quicklookurl":"http:\/\/youdao.com\/w\/l","subtitle":"The L Word","text":{"copy":"\u5973\u6b22\u5973\u7231,\u7b2c\u4e94\u5b63"},"title":"\u5973\u6b22\u5973\u7231,\u7b2c\u4e94\u5b63","valid":true}
{"arg":"radar","icon":{"path":"translate.png"},"quicklookurl":"http:\/\/youdao.com\/w\/%E9%9B%B7%E8%BE%BE","subtitle":"\u96f7\u8fbe","text":{"copy":"radar system,Radar,Rado,green"},"title":"radar system,Radar,Rado,green","valid":true}
{"arg":"q","icon":{"path":"translate.png"},"quicklookurl":"http:\/\/youdao.com\/w\/q","subtitle":"Ultra Q","text":{"copy":"\u5965\u7279Q,\u8d85\u7ea7\u8c1c\u754c,\u8d85\u7b49\u8c1c\u754c,\u8d85\u5f02\u8c61\u4e4b\u8c1c"},"title":"\u5965\u7279Q,\u8d85\u7ea7\u8c1c\u754c,\u8d85\u7b49\u8c1c\u754c,\u8d85\u5f02\u8c61\u4e4b\u8c1c","valid":true}
{"arg":"Shallow black","icon":{"path":"translate.png"},"quicklookurl":"http:\/\/youdao.com\/w\/%E6%B5%85%E9%BB%91%E8%89%B2","subtitle":"\u6d45\u9ed1\u8272","text":{"copy":"Zift,LIGHT BLACK,Soft Black"},"title":"Zift,LIGHT BLACK,Soft Black","valid":true}
{"arg":"Association","icon":{"path":"translate.png"},"quicklookurl":"http:\/\/youdao.com\/w\/Association","subtitle":"association","text":{"copy":"\u8054\u60f3,\u534f\u4f1a,\u5173\u8054,\u8054\u5408"},"title":"\u8054\u60f3,\u534f\u4f1a,\u5173\u8054,\u8054\u5408","valid":true}
{"arg":"d","icon":{"path":"translate.png"},"quicklookurl":"http:\/\/youdao.com\/w\/d","subtitle":"vitamin D","text":{"copy":"\u7ef4\u751f\u7d20D,\u9499\u5316\u9187,\u56fd\u9645\u5355\u4f4d"},"title":"\u7ef4\u751f\u7d20D,\u9499\u5316\u9187,\u56fd\u9645\u5355\u4f4d","valid":true}
{"arg":"field","icon":{"path":"translate.png"},"quicklookurl":"http:\/\/youdao.com\/w\/%E5%AD%97%E6%AE%B5","subtitle":"\u5b57\u6bb5","text":{"copy":"FIELD,Lookup"},"title":"FIELD,Lookup","valid":true}
{"arg":"corn","icon":{"path":"translate.png"},"quicklookurl":"http:\/\/youdao.com\/w\/corn","subtitle":"Corn","text":{"copy":"\u7389\u7c73,\u9e21\u773c,\u7389\u7c73\u7c92,\u8c37\u7269"},"title":"\u7389\u7c73,\u9e21\u773c,\u7389\u7c73\u7c92,\u8c37\u7269","valid":true}
{"arg":"cornor","icon":{"path":"translate.png"},"quicklookurl":"http:\/\/youdao.com\/w\/cornor","subtitle":"cornor","text":{"copy":"\u5c71\u8331\u8438"},"title":"\u5c71\u8331\u8438","valid":true}
{"arg":"corn","icon":{"path":"translate.png"},"quicklookurl":"http:\/\/youdao.com\/w\/corn","subtitle":"Corn","text":{"copy":"\u7389\u7c73,\u9e21\u773c,\u7389\u7c73\u7c92,\u8c37\u7269"},"title":"\u7389\u7c73,\u9e21\u773c,\u7389\u7c73\u7c92,\u8c37\u7269","valid":true}
{"arg":"corner","icon":{"path":"translate.png"},"quicklookurl":"http:\/\/youdao.com\/w\/corner","subtitle":"Corner","text":{"copy":"\u89d2\u843d,\u62d0\u89d2,\u5899\u89d2,\u89d2"},"title":"\u89d2\u843d,\u62d0\u89d2,\u5899\u89d2,\u89d2","valid":true}
{"arg":"in","icon":{"path":"translate.png"},"quicklookurl":"http:\/\/youdao.com\/w\/in","subtitle":"in","text":{"copy":"\u82f1\u5bf8,\u5370\u5ea6,\u8f93\u5165,\u4eba\u53e3"},"title":"\u82f1\u5bf8,\u5370\u5ea6,\u8f93\u5165,\u4eba\u53e3","valid":true}
{"arg":"inv","icon":{"path":"translate.png"},"quicklookurl":"http:\/\/youdao.com\/w\/inv","subtitle":"Inv","text":{"copy":"\u53d1\u7968,\u5957\u819c\u86cb\u767d,\u5e93\u5b58\u7ba1\u7406,\u6c42\u77e9\u9635\u9006"},"title":"\u53d1\u7968,\u5957\u819c\u86cb\u767d,\u5e93\u5b58\u7ba1\u7406,\u6c42\u77e9\u9635\u9006","valid":true}
{"arg":"invoke","icon":{"path":"translate.png"},"quicklookurl":"http:\/\/youdao.com\/w\/invoke","subtitle":"invoke","text":{"copy":"\u8c03\u7528,\u6073\u6c42,\u7948\u6c42,\u547c\u53eb"},"title":"\u8c03\u7528,\u6073\u6c42,\u7948\u6c42,\u547c\u53eb","valid":true}
{"arg":"discriptor","icon":{"path":"translate.png"},"quicklookurl":"http:\/\/youdao.com\/w\/discriptor","subtitle":"discriptor","text":{"copy":"\u63cf\u8ff0\u7b26"},"title":"\u63cf\u8ff0\u7b26","valid":true}
{"arg":"discriptors","icon":{"path":"translate.png"},"quicklookurl":"http:\/\/youdao.com\/w\/discriptors","subtitle":"Config Discriptors","text":{"copy":"\u914d\u7f6e\u63cf\u8ff0"},"title":"\u914d\u7f6e\u63cf\u8ff0","valid":true}
{"arg":"hi","icon":{"path":"translate.png"},"quicklookurl":"http:\/\/youdao.com\/w\/hi","subtitle":"HI","text":{"copy":"\u8840\u51dd\u6291\u5236\u8bd5\u9a8c,\u6253\u62db\u547c,\u8840\u51dd\u6291\u5236(Hemagglutination Inbition),\u4f60\u597d"},"title":"\u8840\u51dd\u6291\u5236\u8bd5\u9a8c,\u6253\u62db\u547c,\u8840\u51dd\u6291\u5236(Hemagglutination Inbition),\u4f60\u597d","valid":true}
{"arg":"h","icon":{"path":"translate.png"},"quicklookurl":"http:\/\/youdao.com\/w\/h","subtitle":"B\u578bH\u7cfb","text":{"copy":"BGata HKei,B Gata H Ke"},"title":"BGata HKei,B Gata H Ke","valid":true}
{"arg":"hoist","icon":{"path":"translate.png"},"quicklookurl":"http:\/\/youdao.com\/w\/hoist","subtitle":"hoist","text":{"copy":"\u846b\u82a6,\u4e3e\u8d77,\u8d77\u91cd\u673a"},"title":"\u846b\u82a6,\u4e3e\u8d77,\u8d77\u91cd\u673a","valid":true}
{"arg":"e","icon":{"path":"translate.png"},"quicklookurl":"http:\/\/youdao.com\/w\/e","subtitle":"Wall-E","text":{"copy":"\u673a\u5668\u4eba\u74e6\u529b,\u673a\u5668\u4eba\u603b\u52a8\u5458,\u74e6\u529b,\u661f\u9645\u603b\u52a8\u5458"},"title":"\u673a\u5668\u4eba\u74e6\u529b,\u673a\u5668\u4eba\u603b\u52a8\u5458,\u74e6\u529b,\u661f\u9645\u603b\u52a8\u5458","valid":true}
{"arg":"emit","icon":{"path":"translate.png"},"quicklookurl":"http:\/\/youdao.com\/w\/emit","subtitle":"emit","text":{"copy":"\u53d1\u5c04,\u53d1\u51fa,\u6563\u53d1"},"title":"\u53d1\u5c04,\u53d1\u51fa,\u6563\u53d1","valid":true}
{"arg":"conver","icon":{"path":"translate.png"},"quicklookurl":"http:\/\/youdao.com\/w\/conver","subtitle":"Conver","text":{"copy":"\u5321\u5a01,\u8f6c\u6362,\u6cb9\u5e95\u58f3,\u70b9\u51fb"},"title":"\u5321\u5a01,\u8f6c\u6362,\u6cb9\u5e95\u58f3,\u70b9\u51fb","valid":true}
{"arg":"convert","icon":{"path":"translate.png"},"quicklookurl":"http:\/\/youdao.com\/w\/convert","subtitle":"convert","text":{"copy":"\u8f6c\u6362,\u6539\u53d8,\u8f6c\u5316,\u8f6c\u53d8"},"title":"\u8f6c\u6362,\u6539\u53d8,\u8f6c\u5316,\u8f6c\u53d8","valid":true}
{"arg":"at","icon":{"path":"translate.png"},"quicklookurl":"http:\/\/youdao.com\/w\/at","subtitle":"AT","text":{"copy":"\u5965\u5730\u5229,\u5355\u4ef7,\u4ec5\u8fdb\u884c\u4e00\u6b21\u7684\u5de5\u4f5c\u6392\u7a0b,\u81ea\u52a8\u53d8\u901f\u5668"},"title":"\u5965\u5730\u5229,\u5355\u4ef7,\u4ec5\u8fdb\u884c\u4e00\u6b21\u7684\u5de5\u4f5c\u6392\u7a0b,\u81ea\u52a8\u53d8\u901f\u5668","valid":true}
{"arg":"atta","icon":{"path":"translate.png"},"quicklookurl":"http:\/\/youdao.com\/w\/atta","subtitle":"Atta","text":{"copy":"\u963f\u5854,\u6cf0\u56fd\u65c5\u884c\u793e\u534f\u4f1a,\u5207\u53f6\u8681\u5c5e,\u6cf0\u56fd\u65c5\u6e38\u4e1a\u534f\u4f1a"},"title":"\u963f\u5854,\u6cf0\u56fd\u65c5\u884c\u793e\u534f\u4f1a,\u5207\u53f6\u8681\u5c5e,\u6cf0\u56fd\u65c5\u6e38\u4e1a\u534f\u4f1a","valid":true}
{"arg":"attach","icon":{"path":"translate.png"},"quicklookurl":"http:\/\/youdao.com\/w\/attach","subtitle":"attach","text":{"copy":"\u9644\u52a0,\u7cfb,\u9644\u4e0a,\u4f7f\u9644\u5c5e"},"title":"\u9644\u52a0,\u7cfb,\u9644\u4e0a,\u4f7f\u9644\u5c5e","valid":true}
{"arg":"c","icon":{"path":"translate.png"},"quicklookurl":"http:\/\/youdao.com\/w\/c","subtitle":"\u7ef4\u751f\u7d20C","text":{"copy":"Vitamin,Ascorbic Acid,Poly,VC"},"title":"Vitamin,Ascorbic Acid,Poly,VC","valid":true}
{"arg":"refactoring","icon":{"path":"translate.png"},"quicklookurl":"http:\/\/youdao.com\/w\/%E9%87%8D%E6%9E%84","subtitle":"\u91cd\u6784","text":{"copy":"reconstruction,Refactor,Refactoring,remodeling"},"title":"reconstruction,Refactor,Refactoring,remodeling","valid":true}
{"arg":"Objective","icon":{"path":"translate.png"},"quicklookurl":"http:\/\/youdao.com\/w\/Objective","subtitle":"Objective","text":{"copy":"\u5ba2\u89c2,\u76ee\u7684,\u7269\u955c,\u76ee\u6807"},"title":"\u5ba2\u89c2,\u76ee\u7684,\u7269\u955c,\u76ee\u6807","valid":true}
{"arg":"h","icon":{"path":"translate.png"},"quicklookurl":"http:\/\/youdao.com\/w\/h","subtitle":"B\u578bH\u7cfb","text":{"copy":"BGata HKei,B Gata H Ke"},"title":"BGata HKei,B Gata H Ke","valid":true}
{"arg":"The macro","icon":{"path":"translate.png"},"quicklookurl":"http:\/\/youdao.com\/w\/%E5%AE%8F","subtitle":"\u5b8f","text":{"copy":"Macro,Acer,WANG"},"title":"Macro,Acer,WANG","valid":true}
{"arg":"Complain about","icon":{"path":"translate.png"},"quicklookurl":"http:\/\/youdao.com\/w\/%E6%8A%B1%E6%80%A8","subtitle":"\u62b1\u6028","text":{"copy":"Complain,find fault with,grumble,beef about"},"title":"Complain,find fault with,grumble,beef about","valid":true}
{"arg":"c","icon":{"path":"translate.png"},"quicklookurl":"http:\/\/youdao.com\/w\/c","subtitle":"\u7ef4\u751f\u7d20C","text":{"copy":"Vitamin,Ascorbic Acid,Poly,VC"},"title":"Vitamin,Ascorbic Acid,Poly,VC","valid":true}
{"arg":"comp","icon":{"path":"translate.png"},"quicklookurl":"http:\/\/youdao.com\/w\/comp","subtitle":"COMP","text":{"copy":"\u6bd4\u8f83\u5668"},"title":"\u6bd4\u8f83\u5668","valid":true}
{"arg":"compl","icon":{"path":"translate.png"},"quicklookurl":"http:\/\/youdao.com\/w\/compl","subtitle":"compl","text":{"copy":"\u6309\u4f4d\u53d6\u53cd,\u6295\u8bc9\u4e0e\u5efa\u8bae"},"title":"\u6309\u4f4d\u53d6\u53cd,\u6295\u8bc9\u4e0e\u5efa\u8bae","valid":true}
{"arg":"comple","icon":{"path":"translate.png"},"quicklookurl":"http:\/\/youdao.com\/w\/comple","subtitle":"comple","text":{"copy":"\u5b8c\u6574\u6a21\u578b,\u5168\u5957\u52fa\u94f2,\u4e0d\u7f3a\u5c11\u4efb\u4f55\u90e8\u5206"},"title":"\u5b8c\u6574\u6a21\u578b,\u5168\u5957\u52fa\u94f2,\u4e0d\u7f3a\u5c11\u4efb\u4f55\u90e8\u5206","valid":true}
{"arg":"complex","icon":{"path":"translate.png"},"quicklookurl":"http:\/\/youdao.com\/w\/complex","subtitle":"Complex","text":{"copy":"\u590d\u6742,\u60c5\u7ed3,\u590d\u5408,\u72c2\u604b"},"title":"\u590d\u6742,\u60c5\u7ed3,\u590d\u5408,\u72c2\u604b","valid":true}
{"arg":"z","icon":{"path":"translate.png"},"quicklookurl":"http:\/\/youdao.com\/w\/z","subtitle":"\u65e0\u53cc\u5927\u86c7Z","text":{"copy":"Musou Orochi,OROCHI,Warriors Orochi,Musou Orochello"},"title":"Musou Orochi,OROCHI,Warriors Orochi,Musou Orochello","valid":true}
{"arg":"helpage","icon":{"path":"translate.png"},"quicklookurl":"http:\/\/youdao.com\/w\/%E5%8A%A9%E8%80%81","subtitle":"\u52a9\u8001","text":{"copy":"HelpAge"},"title":"HelpAge","valid":true}
{"arg":"z","icon":{"path":"translate.png"},"quicklookurl":"http:\/\/youdao.com\/w\/z","subtitle":"\u65e0\u53cc\u5927\u86c7Z","text":{"copy":"Musou Orochi,OROCHI,Warriors Orochi,Musou Orochello"},"title":"Musou Orochi,OROCHI,Warriors Orochi,Musou Orochello","valid":true}
{"arg":"helpage","icon":{"path":"translate.png"},"quicklookurl":"http:\/\/youdao.com\/w\/%E5%8A%A9%E8%80%81","subtitle":"\u52a9\u8001","text":{"copy":"HelpAge"},"title":"HelpAge","valid":true}
{"arg":"Departure","icon":{"path":"translate.png"},"quicklookurl":"http:\/\/youdao.com\/w\/Departure","subtitle":"departure","text":{"copy":"\u79bb\u5f00,\u51fa\u53d1,\u542f\u7a0b,\u79bb\u573a"},"title":"\u79bb\u5f00,\u51fa\u53d1,\u542f\u7a0b,\u79bb\u573a","valid":true}
{"arg":"Departure","icon":{"path":"translate.png"},"quicklookurl":"http:\/\/youdao.com\/w\/Departure","subtitle":"departure","text":{"copy":"\u79bb\u5f00,\u51fa\u53d1,\u542f\u7a0b,\u79bb\u573a"},"title":"\u79bb\u5f00,\u51fa\u53d1,\u542f\u7a0b,\u79bb\u573a","valid":true}
{"arg":"eld","icon":{"path":"translate.png"},"quicklookurl":"http:\/\/youdao.com\/w\/eld","subtitle":"ELD","text":{"copy":"\u7535\u81f4\u53d1\u5149\u663e\u793a\u5668,\u7279\u7ea7\u4f4e\u8272\u6563"},"title":"\u7535\u81f4\u53d1\u5149\u663e\u793a\u5668,\u7279\u7ea7\u4f4e\u8272\u6563","valid":true}
{"arg":"elder","icon":{"path":"translate.png"},"quicklookurl":"http:\/\/youdao.com\/w\/elder","subtitle":"The Elder Scrolls","text":{"copy":"\u4e0a\u53e4\u5377\u8f74,\u4e0a\u53e4\u5377\u8f74\u7cfb\u5217,\u4e0a\u53e4\u5377\u8f745\u5929\u9645"},"title":"\u4e0a\u53e4\u5377\u8f74,\u4e0a\u53e4\u5377\u8f74\u7cfb\u5217,\u4e0a\u53e4\u5377\u8f745\u5929\u9645","valid":true}
{"arg":"elderly","icon":{"path":"translate.png"},"quicklookurl":"http:\/\/youdao.com\/w\/elderly","subtitle":"Elderly","text":{"copy":"\u8001\u4eba\u5bb6,\u8001\u5e74,\u4e0a\u4e86\u5e74\u7eaa\u7684,\u8001\u5e74\u4eba"},"title":"\u8001\u4eba\u5bb6,\u8001\u5e74,\u4e0a\u4e86\u5e74\u7eaa\u7684,\u8001\u5e74\u4eba","valid":true}
{"arg":"elder","icon":{"path":"translate.png"},"quicklookurl":"http:\/\/youdao.com\/w\/elder","subtitle":"The Elder Scrolls","text":{"copy":"\u4e0a\u53e4\u5377\u8f74,\u4e0a\u53e4\u5377\u8f74\u7cfb\u5217,\u4e0a\u53e4\u5377\u8f745\u5929\u9645"},"title":"\u4e0a\u53e4\u5377\u8f74,\u4e0a\u53e4\u5377\u8f74\u7cfb\u5217,\u4e0a\u53e4\u5377\u8f745\u5929\u9645","valid":true}
{"arg":"eld","icon":{"path":"translate.png"},"quicklookurl":"http:\/\/youdao.com\/w\/eld","subtitle":"ELD","text":{"copy":"\u7535\u81f4\u53d1\u5149\u663e\u793a\u5668,\u7279\u7ea7\u4f4e\u8272\u6563"},"title":"\u7535\u81f4\u53d1\u5149\u663e\u793a\u5668,\u7279\u7ea7\u4f4e\u8272\u6563","valid":true}
{"arg":"e","icon":{"path":"translate.png"},"quicklookurl":"http:\/\/youdao.com\/w\/e","subtitle":"Wall-E","text":{"copy":"\u673a\u5668\u4eba\u74e6\u529b,\u673a\u5668\u4eba\u603b\u52a8\u5458,\u74e6\u529b,\u661f\u9645\u603b\u52a8\u5458"},"title":"\u673a\u5668\u4eba\u74e6\u529b,\u673a\u5668\u4eba\u603b\u52a8\u5458,\u74e6\u529b,\u661f\u9645\u603b\u52a8\u5458","valid":true}
{"arg":"help","icon":{"path":"translate.png"},"quicklookurl":"http:\/\/youdao.com\/w\/help","subtitle":"Help","text":{"copy":"\u5e2e\u52a9,\u6551\u547d,\u5e2e\u52a9\u6587\u6863,\u6709\u5229\u4e8e"},"title":"\u5e2e\u52a9,\u6551\u547d,\u5e2e\u52a9\u6587\u6863,\u6709\u5229\u4e8e","valid":true}
{"arg":"helpage","icon":{"path":"translate.png"},"quicklookurl":"http:\/\/youdao.com\/w\/helpage","subtitle":"HelpAge","text":{"copy":"\u52a9\u8001"},"title":"\u52a9\u8001","valid":true}
{"arg":"s","icon":{"path":"translate.png"},"quicklookurl":"http:\/\/youdao.com\/w\/s","subtitle":"DVB-S","text":{"copy":"\u536b\u661f\u7535\u89c6,\u536b\u661f\u673a\u9876\u76d2,\u536b\u661f\u63a5\u6536\u673a,\u63a5\u6536\u673a"},"title":"\u536b\u661f\u7535\u89c6,\u536b\u661f\u673a\u9876\u76d2,\u536b\u661f\u63a5\u6536\u673a,\u63a5\u6536\u673a","valid":true}
{"arg":"st","icon":{"path":"translate.png"},"quicklookurl":"http:\/\/youdao.com\/w\/st","subtitle":"ST","text":{"copy":"\u610f\u6cd5\u534a\u5bfc\u4f53,\u5723\u591a\u7f8e\u548c\u666e\u6797\u897f\u6bd4,\u6587\u5b57\u6837\u5f0f\u7ba1\u7406\u5668,\u6052\u661f\u65f6"},"title":"\u610f\u6cd5\u534a\u5bfc\u4f53,\u5723\u591a\u7f8e\u548c\u666e\u6797\u897f\u6bd4,\u6587\u5b57\u6837\u5f0f\u7ba1\u7406\u5668,\u6052\u661f\u65f6","valid":true}
{"arg":"stand","icon":{"path":"translate.png"},"quicklookurl":"http:\/\/youdao.com\/w\/stand","subtitle":"stand","text":{"copy":"\u7ad9\u7acb,\u770b\u53f0,\u7ecf\u53d7,\u5fcd\u53d7"},"title":"\u7ad9\u7acb,\u770b\u53f0,\u7ecf\u53d7,\u5fcd\u53d7","valid":true}
{"arg":"he","icon":{"path":"translate.png"},"quicklookurl":"http:\/\/youdao.com\/w\/he","subtitle":"He","text":{"copy":"\u6c26\u6c14,\u6c26,\u82cf\u6728\u7cbe,happy ending"},"title":"\u6c26\u6c14,\u6c26,\u82cf\u6728\u7cbe,happy ending","valid":true}
{"arg":"help","icon":{"path":"translate.png"},"quicklookurl":"http:\/\/youdao.com\/w\/help","subtitle":"Help","text":{"copy":"\u5e2e\u52a9,\u6551\u547d,\u5e2e\u52a9\u6587\u6863,\u6709\u5229\u4e8e"},"title":"\u5e2e\u52a9,\u6551\u547d,\u5e2e\u52a9\u6587\u6863,\u6709\u5229\u4e8e","valid":true}
{"arg":"he","icon":{"path":"translate.png"},"quicklookurl":"http:\/\/youdao.com\/w\/he","subtitle":"He","text":{"copy":"\u6c26\u6c14,\u6c26,\u82cf\u6728\u7cbe,happy ending"},"title":"\u6c26\u6c14,\u6c26,\u82cf\u6728\u7cbe,happy ending","valid":true}
{"arg":"help","icon":{"path":"translate.png"},"quicklookurl":"http:\/\/youdao.com\/w\/help","subtitle":"Help","text":{"copy":"\u5e2e\u52a9,\u6551\u547d,\u5e2e\u52a9\u6587\u6863,\u6709\u5229\u4e8e"},"title":"\u5e2e\u52a9,\u6551\u547d,\u5e2e\u52a9\u6587\u6863,\u6709\u5229\u4e8e","valid":true}
{"arg":"helpage","icon":{"path":"translate.png"},"quicklookurl":"http:\/\/youdao.com\/w\/helpage","subtitle":"HelpAge","text":{"copy":"\u52a9\u8001"},"title":"\u52a9\u8001","valid":true}
{"arg":"h","icon":{"path":"translate.png"},"quicklookurl":"http:\/\/youdao.com\/w\/h","subtitle":"B\u578bH\u7cfb","text":{"copy":"BGata HKei,B Gata H Ke"},"title":"BGata HKei,B Gata H Ke","valid":true}
{"arg":"z","icon":{"path":"translate.png"},"quicklookurl":"http:\/\/youdao.com\/w\/z","subtitle":"\u65e0\u53cc\u5927\u86c7Z","text":{"copy":"Musou Orochi,OROCHI,Warriors Orochi,Musou Orochello"},"title":"Musou Orochi,OROCHI,Warriors Orochi,Musou Orochello","valid":true}
{"arg":"helpage","icon":{"path":"translate.png"},"quicklookurl":"http:\/\/youdao.com\/w\/%E5%8A%A9%E8%80%81","subtitle":"\u52a9\u8001","text":{"copy":"HelpAge"},"title":"HelpAge","valid":true}
{"arg":"help","icon":{"path":"translate.png"},"quicklookurl":"http:\/\/youdao.com\/w\/%E5%8A%A9","subtitle":"\u52a9\u6559","text":{"copy":"assistant,TA,tutor"},"title":"assistant,TA,tutor","valid":true}
{"arg":"Schedule list","icon":{"path":"translate.png"},"quicklookurl":"http:\/\/youdao.com\/w\/%E8%A1%8C%E7%A8%8B%E5%88%97%E8%A1%A8","subtitle":"\u6b63\u5728\u8fd0\u884c\u7684\u7a0b\u5e8f\u5217\u8868","text":{"copy":"AppSwitcher"},"title":"AppSwitcher","valid":true}
{"arg":"recognize","icon":{"path":"translate.png"},"quicklookurl":"http:\/\/youdao.com\/w\/recognize","subtitle":"Recognize","text":{"copy":"\u8ba4\u51fa,\u627f\u8ba4,\u8ba4\u8bc6,\u5206\u8fa8\u51fa"},"title":"\u8ba4\u51fa,\u627f\u8ba4,\u8ba4\u8bc6,\u5206\u8fa8\u51fa","valid":true}
{"arg":"bar","icon":{"path":"translate.png"},"quicklookurl":"http:\/\/youdao.com\/w\/bar","subtitle":"bar","text":{"copy":"\u5df4,\u9152\u5427,\u5df4\u5c14,\u5c0f\u8282"},"title":"\u5df4,\u9152\u5427,\u5df4\u5c14,\u5c0f\u8282","valid":true}
{"arg":"Submiting","icon":{"path":"translate.png"},"quicklookurl":"http:\/\/youdao.com\/w\/Submiting","subtitle":"submiting","text":{"copy":"\u94fe\u63a5"},"title":"\u94fe\u63a5","valid":true}
{"arg":"Submit","icon":{"path":"translate.png"},"quicklookurl":"http:\/\/youdao.com\/w\/Submit","subtitle":"Submit","text":{"copy":"\u63d0\u4ea4,\u9012\u4ea4,\u767b\u5f55,\u63d0\u4ea4\u6309\u94ae"},"title":"\u63d0\u4ea4,\u9012\u4ea4,\u767b\u5f55,\u63d0\u4ea4\u6309\u94ae","valid":true}
{"arg":"Submitting","icon":{"path":"translate.png"},"quicklookurl":"http:\/\/youdao.com\/w\/Submitting","subtitle":"submitting","text":{"copy":"\u63d0\u4ea4,\u5c48\u670d,\u4f7f\u7ecf\u53d7,\u5efa\u8bae"},"title":"\u63d0\u4ea4,\u5c48\u670d,\u4f7f\u7ecf\u53d7,\u5efa\u8bae","valid":true}
{"arg":"l","icon":{"path":"translate.png"},"quicklookurl":"http:\/\/youdao.com\/w\/l","subtitle":"The L Word","text":{"copy":"\u5973\u6b22\u5973\u7231,\u7b2c\u4e94\u5b63"},"title":"\u5973\u6b22\u5973\u7231,\u7b2c\u4e94\u5b63","valid":true}
{"arg":"intercept","icon":{"path":"translate.png"},"quicklookurl":"http:\/\/youdao.com\/w\/%E6%8B%A6%E6%88%AA","subtitle":"\u62e6\u622a","text":{"copy":"intercept,TACKL,hold up,hook"},"title":"intercept,TACKL,hold up,hook","valid":true}
{"arg":"Latitude and longitude","icon":{"path":"translate.png"},"quicklookurl":"http:\/\/youdao.com\/w\/%E7%BB%8F%E7%BA%AC%E5%BA%A6","subtitle":"\u7ecf\u7eac\u5ea6","text":{"copy":"COORDINATE,Latitude and Longitude,longitude and latitude,Nautica"},"title":"COORDINATE,Latitude and Longitude,longitude and latitude,Nautica","valid":true}
{"arg":"z","icon":{"path":"translate.png"},"quicklookurl":"http:\/\/youdao.com\/w\/z","subtitle":"\u65e0\u53cc\u5927\u86c7Z","text":{"copy":"Musou Orochi,OROCHI,Warriors Orochi,Musou Orochello"},"title":"Musou Orochi,OROCHI,Warriors Orochi,Musou Orochello","valid":true}
{"arg":"The custom","icon":{"path":"translate.png"},"quicklookurl":"http:\/\/youdao.com\/w\/%E8%87%AA%E5%AE%9A%E4%B9%89","subtitle":"\u81ea\u5b9a\u4e49","text":{"copy":"Custom,content provider,Ribbon,Definition"},"title":"Custom,content provider,Ribbon,Definition","valid":true}
