{"arg":"sp","icon":{"path":"translate.png"},"quicklookurl":"http:\/\/youdao.com\/w\/sp","subtitle":"SP","text":{"copy":"\u670d\u52a1\u63d0\u4f9b\u5546,\u5806\u6808\u6307\u9488,\u538b\u529b\u63a7\u5236\u5f00\u5173,\u9971\u548c\u805a\u916f"},"title":"\u670d\u52a1\u63d0\u4f9b\u5546,\u5806\u6808\u6307\u9488,\u538b\u529b\u63a7\u5236\u5f00\u5173,\u9971\u548c\u805a\u916f","valid":true}
{"arg":"s","icon":{"path":"translate.png"},"quicklookurl":"http:\/\/youdao.com\/w\/s","subtitle":"S Doradus","text":{"copy":"\u5251\u9c7c\u5ea7S"},"title":"\u5251\u9c7c\u5ea7S","valid":true}
{"arg":"shen","icon":{"path":"translate.png"},"quicklookurl":"http:\/\/youdao.com\/w\/shen","subtitle":"Shen","text":{"copy":"\u6c88\u5bb6\u714a,\u66ae\u5149\u4e4b\u773c,\u66ae\u5149\u4e4b\u773c\u614e,\u65bd\u9b54\u62a4\u76fe"},"title":"\u6c88\u5bb6\u714a,\u66ae\u5149\u4e4b\u773c,\u66ae\u5149\u4e4b\u773c\u614e,\u65bd\u9b54\u62a4\u76fe","valid":true}
{"arg":"she","icon":{"path":"translate.png"},"quicklookurl":"http:\/\/youdao.com\/w\/she","subtitle":"She","text":{"copy":"\u7572\u65cf,\u5979,\u5f15\u64ce,\u6c88\u9633"},"title":"\u7572\u65cf,\u5979,\u5f15\u64ce,\u6c88\u9633","valid":true}
{"arg":"s","icon":{"path":"translate.png"},"quicklookurl":"http:\/\/youdao.com\/w\/s","subtitle":"S Doradus","text":{"copy":"\u5251\u9c7c\u5ea7S"},"title":"\u5251\u9c7c\u5ea7S","valid":true}
{"arg":"penetration","icon":{"path":"translate.png"},"quicklookurl":"http:\/\/youdao.com\/w\/%E6%B8%97%E9%80%8F","subtitle":"\u6e17\u900f","text":{"copy":"permeate,Penetration"},"title":"permeate,Penetration","valid":true}
{"arg":"lab","icon":{"path":"translate.png"},"quicklookurl":"http:\/\/youdao.com\/w\/lab","subtitle":"Lab","text":{"copy":"\u5b9e\u9a8c\u5ba4,\u903b\u8f91\u9635\u5217\u5757(Logic Array Block),\u4e73\u9178\u83cc,\u5730\u7cbe\u5b9e\u9a8c\u5ba4"},"title":"\u5b9e\u9a8c\u5ba4,\u903b\u8f91\u9635\u5217\u5757(Logic Array Block),\u4e73\u9178\u83cc,\u5730\u7cbe\u5b9e\u9a8c\u5ba4","valid":true}
{"arg":"workaround","icon":{"path":"translate.png"},"quicklookurl":"http:\/\/youdao.com\/w\/workaround","subtitle":"Workaround","text":{"copy":"\u6743\u53d8\u63aa\u65bd,\u5de5\u4f5c\u533a,\u53d8\u901a\u65b9\u6848,\u6743\u53d8\u63aa\u65bd\u5e94\u5bf9\u65b9\u6848"},"title":"\u6743\u53d8\u63aa\u65bd,\u5de5\u4f5c\u533a,\u53d8\u901a\u65b9\u6848,\u6743\u53d8\u63aa\u65bd\u5e94\u5bf9\u65b9\u6848","valid":true}
{"arg":"alternative","icon":{"path":"translate.png"},"quicklookurl":"http:\/\/youdao.com\/w\/%E6%9B%BF%E4%BB%A3","subtitle":"\u66ff\u4ee3","text":{"copy":"Substitution,Substitute,replace,replacement"},"title":"Substitution,Substitute,replace,replacement","valid":true}
{"arg":"On behalf of","icon":{"path":"translate.png"},"quicklookurl":"http:\/\/youdao.com\/w\/%E6%9B%BF","subtitle":"\u66ff","text":{"copy":"for,revenge,justify,defend"},"title":"for,revenge,justify,defend","valid":true}
{"arg":"instead","icon":{"path":"translate.png"},"quicklookurl":"http:\/\/youdao.com\/w\/instead","subtitle":"Instead","text":{"copy":"\u53cd\u800c,\u4ee3\u66ff,\u9876\u66ff,\u6539\u4e3a"},"title":"\u53cd\u800c,\u4ee3\u66ff,\u9876\u66ff,\u6539\u4e3a","valid":true}
{"arg":"xing","icon":{"path":"translate.png"},"quicklookurl":"http:\/\/youdao.com\/w\/xing","subtitle":"XING","text":{"copy":"\u4fa8\u5174\u73af\u7403,\u5fb7\u56fd,\u627c\u6211\u6276,\u4f8b\u73e8\u5178"},"title":"\u4fa8\u5174\u73af\u7403,\u5fb7\u56fd,\u627c\u6211\u6276,\u4f8b\u73e8\u5178","valid":true}
{"arg":"x","icon":{"path":"translate.png"},"quicklookurl":"http:\/\/youdao.com\/w\/x","subtitle":"Project X","text":{"copy":"X\u8ba1\u5212,\u523a\u6740\u80af\u5c3c\u8fea,X\u6253\u7b97"},"title":"X\u8ba1\u5212,\u523a\u6740\u80af\u5c3c\u8fea,X\u6253\u7b97","valid":true}
{"arg":"k","icon":{"path":"translate.png"},"quicklookurl":"http:\/\/youdao.com\/w\/k","subtitle":"Agent K","text":{"copy":"K\u63a2\u5458"},"title":"K\u63a2\u5458","valid":true}
{"arg":"Aspect ratio","icon":{"path":"translate.png"},"quicklookurl":"http:\/\/youdao.com\/w\/%E5%AE%BD%E9%AB%98%E6%AF%94","subtitle":"\u5bbd\u9ad8\u6bd4","text":{"copy":"crown proportion,aspect ratio,crown,ratio of width to height"},"title":"crown proportion,aspect ratio,crown,ratio of width to height","valid":true}
{"arg":"basement","icon":{"path":"translate.png"},"quicklookurl":"http:\/\/youdao.com\/w\/basement","subtitle":"basement rock","text":{"copy":"\u57fa\u5ca9,\u57fa\u5e95\u5ca9\u77f3,\u57fa\u5e95"},"title":"\u57fa\u5ca9,\u57fa\u5e95\u5ca9\u77f3,\u57fa\u5e95","valid":true}
{"arg":"d","icon":{"path":"translate.png"},"quicklookurl":"http:\/\/youdao.com\/w\/d","subtitle":"vitamin D","text":{"copy":"\u7ef4\u751f\u7d20D,\u9499\u5316\u9187,\u56fd\u9645\u5355\u4f4d"},"title":"\u7ef4\u751f\u7d20D,\u9499\u5316\u9187,\u56fd\u9645\u5355\u4f4d","valid":true}
{"arg":"contrast","icon":{"path":"translate.png"},"quicklookurl":"http:\/\/youdao.com\/w\/%E5%AF%B9%E6%AF%94","subtitle":"\u5bf9\u6bd4","text":{"copy":"Contrast,contrast,comparison,Compare"},"title":"Contrast,contrast,comparison,Compare","valid":true}
{"arg":"contrast","icon":{"path":"translate.png"},"quicklookurl":"http:\/\/youdao.com\/w\/%E5%AF%B9%E6%AF%94","subtitle":"\u5bf9\u6bd4","text":{"copy":"Contrast,contrast,comparison,Compare"},"title":"Contrast,contrast,comparison,Compare","valid":true}
{"arg":"ys","icon":{"path":"translate.png"},"quicklookurl":"http:\/\/youdao.com\/w\/ys","subtitle":"Ys","text":{"copy":"\u4f0a\u82cf\u7cfb\u5217,\u6392\u70df\u9600,\u5c48\u670d\u5f3a\u5ea6(Yield Strength),\u6cb9\u6c14\u7530\u7528\u538b\u7f29"},"title":"\u4f0a\u82cf\u7cfb\u5217,\u6392\u70df\u9600,\u5c48\u670d\u5f3a\u5ea6(Yield Strength),\u6cb9\u6c14\u7530\u7528\u538b\u7f29","valid":true}
{"arg":"y","icon":{"path":"translate.png"},"quicklookurl":"http:\/\/youdao.com\/w\/y","subtitle":"Y chromosome","text":{"copy":"Y\u67d3\u8272\u4f53"},"title":"Y\u67d3\u8272\u4f53","valid":true}
{"arg":"y","icon":{"path":"translate.png"},"quicklookurl":"http:\/\/youdao.com\/w\/y","subtitle":"Y chromosome","text":{"copy":"Y\u67d3\u8272\u4f53"},"title":"Y\u67d3\u8272\u4f53","valid":true}
{"arg":"y","icon":{"path":"translate.png"},"quicklookurl":"http:\/\/youdao.com\/w\/y","subtitle":"Y chromosome","text":{"copy":"Y\u67d3\u8272\u4f53"},"title":"Y\u67d3\u8272\u4f53","valid":true}
{"arg":"The compression","icon":{"path":"translate.png"},"quicklookurl":"http:\/\/youdao.com\/w\/%E5%8E%8B%E7%BC%A9","subtitle":"\u538b\u7f29","text":{"copy":"compress,Compact,hitting,gzip"},"title":"compress,Compact,hitting,gzip","valid":true}
{"arg":"wip","icon":{"path":"translate.png"},"quicklookurl":"http:\/\/youdao.com\/w\/wip","subtitle":"WIP","text":{"copy":"\u5236\u54c1,\u5728\u5236\u54c1,\u5de5\u4f5c\u8fc7\u7a0b,\u534a\u6210\u54c1"},"title":"\u5236\u54c1,\u5728\u5236\u54c1,\u5de5\u4f5c\u8fc7\u7a0b,\u534a\u6210\u54c1","valid":true}
{"arg":"e","icon":{"path":"translate.png"},"quicklookurl":"http:\/\/youdao.com\/w\/e","subtitle":"Vitamin E","text":{"copy":"\u7ef4\u751f\u7d20E,\u7ef4\u4ed6\u547dE,\u7ef4\u751f\u7d20,\u751f\u80b2\u915a"},"title":"\u7ef4\u751f\u7d20E,\u7ef4\u4ed6\u547dE,\u7ef4\u751f\u7d20,\u751f\u80b2\u915a","valid":true}
{"arg":"evol","icon":{"path":"translate.png"},"quicklookurl":"http:\/\/youdao.com\/w\/evol","subtitle":"EVOL","text":{"copy":"\u5916\u63a5\u4fe1\u53f7\u9884\u7f6e\u97f3\u91cf,\u521b\u5723\u7684\u5927\u5929\u4f7f,\u4f9d\u7ef4\u6c83,\u521b\u5723\u5927\u5929\u4f7f"},"title":"\u5916\u63a5\u4fe1\u53f7\u9884\u7f6e\u97f3\u91cf,\u521b\u5723\u7684\u5927\u5929\u4f7f,\u4f9d\u7ef4\u6c83,\u521b\u5723\u5927\u5929\u4f7f","valid":true}
{"arg":"evolve","icon":{"path":"translate.png"},"quicklookurl":"http:\/\/youdao.com\/w\/evolve","subtitle":"evolve","text":{"copy":"\u6f14\u53d8,\u8fdb\u5316,\u53d1\u5c55,\u4f7f\u53d1\u5c55"},"title":"\u6f14\u53d8,\u8fdb\u5316,\u53d1\u5c55,\u4f7f\u53d1\u5c55","valid":true}
{"arg":"evolved","icon":{"path":"translate.png"},"quicklookurl":"http:\/\/youdao.com\/w\/evolved","subtitle":"evolved","text":{"copy":"\u8fdb\u5316\u4e86\u7684,\u53d8\u79cd\u4eba,\u8fdb\u5316"},"title":"\u8fdb\u5316\u4e86\u7684,\u53d8\u79cd\u4eba,\u8fdb\u5316","valid":true}
{"arg":"e","icon":{"path":"translate.png"},"quicklookurl":"http:\/\/youdao.com\/w\/e","subtitle":"Vitamin E","text":{"copy":"\u7ef4\u751f\u7d20E,\u7ef4\u4ed6\u547dE,\u7ef4\u751f\u7d20,\u751f\u80b2\u915a"},"title":"\u7ef4\u751f\u7d20E,\u7ef4\u4ed6\u547dE,\u7ef4\u751f\u7d20,\u751f\u80b2\u915a","valid":true}
{"arg":"ex","icon":{"path":"translate.png"},"quicklookurl":"http:\/\/youdao.com\/w\/ex","subtitle":"EX","text":{"copy":"\u5ef6\u4f38,\u5ef6\u957f,\u53ef\u71c3\u6c14\u4f53,\u524d\u4efb"},"title":"\u5ef6\u4f38,\u5ef6\u957f,\u53ef\u71c3\u6c14\u4f53,\u524d\u4efb","valid":true}
{"arg":"exp","icon":{"path":"translate.png"},"quicklookurl":"http:\/\/youdao.com\/w\/exp","subtitle":"EXP","text":{"copy":"\u7ecf\u9a8c\u503c,\u6307\u6570,\u918b\u9178\u4e59\u70ef,\u7ecf\u9a8c"},"title":"\u7ecf\u9a8c\u503c,\u6307\u6570,\u918b\u9178\u4e59\u70ef,\u7ecf\u9a8c","valid":true}
{"arg":"expe","icon":{"path":"translate.png"},"quicklookurl":"http:\/\/youdao.com\/w\/expe","subtitle":"Expe","text":{"copy":"\u4f53\u9a8c,\u7269\u4ef7\u9884\u671f\u6307\u6570,\u987e\u5ba2\u9884\u671f,\u6269\u5c55"},"title":"\u4f53\u9a8c,\u7269\u4ef7\u9884\u671f\u6307\u6570,\u987e\u5ba2\u9884\u671f,\u6269\u5c55","valid":true}
{"arg":"expen","icon":{"path":"translate.png"},"quicklookurl":"http:\/\/youdao.com\/w\/expen","subtitle":"Expen","text":{"copy":"\u8d44\u672c\u652f\u51fa"},"title":"\u8d44\u672c\u652f\u51fa","valid":true}
{"arg":"expens","icon":{"path":"translate.png"},"quicklookurl":"http:\/\/youdao.com\/w\/expens","subtitle":"Expens","text":{"copy":"\u4e14\u603b\u652f\u51fa"},"title":"\u4e14\u603b\u652f\u51fa","valid":true}
{"arg":"expensiv","icon":{"path":"translate.png"},"quicklookurl":"http:\/\/youdao.com\/w\/expensiv","subtitle":"expensiv","text":{"copy":"\u8f83\u8d35"},"title":"\u8f83\u8d35","valid":true}
{"arg":"expensive","icon":{"path":"translate.png"},"quicklookurl":"http:\/\/youdao.com\/w\/expensive","subtitle":"expensive","text":{"copy":"\u6602\u8d35\u7684,\u4ef7\u683c\u9ad8\u8d35\u7684,\u82b1\u94b1\u591a\u7684,\u9ad8\u4ef7"},"title":"\u6602\u8d35\u7684,\u4ef7\u683c\u9ad8\u8d35\u7684,\u82b1\u94b1\u591a\u7684,\u9ad8\u4ef7","valid":true}
{"arg":"temporarily","icon":{"path":"translate.png"},"quicklookurl":"http:\/\/youdao.com\/w\/temporarily","subtitle":"Temporarily","text":{"copy":"\u6682\u65f6,\u4e34\u65f6,\u4e34\u65f6\u6027,\u6682\u65f6\u5730"},"title":"\u6682\u65f6,\u4e34\u65f6,\u4e34\u65f6\u6027,\u6682\u65f6\u5730","valid":true}
{"arg":"t","icon":{"path":"translate.png"},"quicklookurl":"http:\/\/youdao.com\/w\/t","subtitle":"T RK","text":{"copy":"\u571f\u8033\u5176\u8bed"},"title":"\u571f\u8033\u5176\u8bed","valid":true}
{"arg":"permanently","icon":{"path":"translate.png"},"quicklookurl":"http:\/\/youdao.com\/w\/permanently","subtitle":"permanently","text":{"copy":"\u6c38\u4e45\u5730,\u6c38\u8fdc\u5730,\u6c38\u5b58\u5730,\u4e00\u76f4\u4f4f\u4e0b\u53bb"},"title":"\u6c38\u4e45\u5730,\u6c38\u8fdc\u5730,\u6c38\u5b58\u5730,\u4e00\u76f4\u4f4f\u4e0b\u53bb","valid":true}
{"arg":"sp","icon":{"path":"translate.png"},"quicklookurl":"http:\/\/youdao.com\/w\/sp","subtitle":"SP","text":{"copy":"\u670d\u52a1\u63d0\u4f9b\u5546,\u5806\u6808\u6307\u9488,\u538b\u529b\u63a7\u5236\u5f00\u5173,\u9971\u548c\u805a\u916f"},"title":"\u670d\u52a1\u63d0\u4f9b\u5546,\u5806\u6808\u6307\u9488,\u538b\u529b\u63a7\u5236\u5f00\u5173,\u9971\u548c\u805a\u916f","valid":true}
{"arg":"splash","icon":{"path":"translate.png"},"quicklookurl":"http:\/\/youdao.com\/w\/splash","subtitle":"Splash","text":{"copy":"\u7f8e\u4eba\u9c7c,\u73b0\u4ee3\u7f8e\u4eba\u9c7c,\u6d3e\u559c,\u98de\u6e85"},"title":"\u7f8e\u4eba\u9c7c,\u73b0\u4ee3\u7f8e\u4eba\u9c7c,\u6d3e\u559c,\u98de\u6e85","valid":true}
{"arg":"sign","icon":{"path":"translate.png"},"quicklookurl":"http:\/\/youdao.com\/w\/sign","subtitle":"sign","text":{"copy":"\u8c61\u5f81,\u7b7e\u540d,\u8ff9\u8c61,\u7b26\u53f7"},"title":"\u8c61\u5f81,\u7b7e\u540d,\u8ff9\u8c61,\u7b26\u53f7","valid":true}
{"arg":"you","icon":{"path":"translate.png"},"quicklookurl":"http:\/\/youdao.com\/w\/you","subtitle":"You","text":{"copy":"\u4f60,\u4f60\u4eec,\u4f60\u548c\u6211,\u7136\u800c"},"title":"\u4f60,\u4f60\u4eec,\u4f60\u548c\u6211,\u7136\u800c","valid":true}
{"arg":"y","icon":{"path":"translate.png"},"quicklookurl":"http:\/\/youdao.com\/w\/y","subtitle":"Y chromosome","text":{"copy":"Y\u67d3\u8272\u4f53"},"title":"Y\u67d3\u8272\u4f53","valid":true}
{"arg":"effective","icon":{"path":"translate.png"},"quicklookurl":"http:\/\/youdao.com\/w\/%E6%9C%89%E6%95%88","subtitle":"\u6709\u6548","text":{"copy":"Effective,in force,in effect,validity"},"title":"Effective,in force,in effect,validity","valid":true}
{"arg":"complaints","icon":{"path":"translate.png"},"quicklookurl":"http:\/\/youdao.com\/w\/%E6%8A%95%E8%AF%89","subtitle":"\u6295\u8bc9","text":{"copy":"complaint,Making a Complaint,File a complaint,accuse"},"title":"complaint,Making a Complaint,File a complaint,accuse","valid":true}
{"arg":"Optional chain","icon":{"path":"translate.png"},"quicklookurl":"http:\/\/youdao.com\/w\/%E5%8F%AF%E9%80%89%E9%93%BE","subtitle":"\u53ef\u9009\u94fe","text":{"copy":"Optional Chaining"},"title":"Optional Chaining","valid":true}
{"arg":"density","icon":{"path":"translate.png"},"quicklookurl":"http:\/\/youdao.com\/w\/density","subtitle":"Density","text":{"copy":"\u5bc6\u5ea6,\u5bc6\u96c6,\u5173\u952e\u8bcd\u5bc6\u5ea6,\u6d53\u5ea6"},"title":"\u5bc6\u5ea6,\u5bc6\u96c6,\u5173\u952e\u8bcd\u5bc6\u5ea6,\u6d53\u5ea6","valid":true}
{"arg":"hell","icon":{"path":"translate.png"},"quicklookurl":"http:\/\/youdao.com\/w\/%E5%9C%B0%E7%8B%B1","subtitle":"\u5730\u72f1","text":{"copy":"Hell,THE TWIN HELLS,Underworld"},"title":"Hell,THE TWIN HELLS,Underworld","valid":true}
{"arg":"cursor","icon":{"path":"translate.png"},"quicklookurl":"http:\/\/youdao.com\/w\/cursor","subtitle":"Cursor","text":{"copy":"\u6e38\u6807,\u6307\u9488,\u5149\u6807,\u6e38\u6807"},"title":"\u6e38\u6807,\u6307\u9488,\u5149\u6807,\u6e38\u6807","valid":true}
{"arg":"conveniently","icon":{"path":"translate.png"},"quicklookurl":"http:\/\/youdao.com\/w\/%E9%9A%8F%E6%89%8B","subtitle":"\u968f\u624b","text":{"copy":"Readily,hasty move,Conveniently,munch"},"title":"Readily,hasty move,Conveniently,munch","valid":true}
{"arg":"shipe","icon":{"path":"translate.png"},"quicklookurl":"http:\/\/youdao.com\/w\/shipe","subtitle":"Shipe","text":{"copy":"\u8857\u9053\u5730\u5740,\u540d\u5b57"},"title":"\u8857\u9053\u5730\u5740,\u540d\u5b57","valid":true}
{"arg":"ship","icon":{"path":"translate.png"},"quicklookurl":"http:\/\/youdao.com\/w\/ship","subtitle":"ship","text":{"copy":"\u8239,\u8f6e\u8239,\u8239\u8236,\u6d77\u8239"},"title":"\u8239,\u8f6e\u8239,\u8239\u8236,\u6d77\u8239","valid":true}
{"arg":"sh","icon":{"path":"translate.png"},"quicklookurl":"http:\/\/youdao.com\/w\/sh","subtitle":"SH","text":{"copy":"\u624b\u52a8\u63a7\u5236\u5f00\u5173,\u80a1\u4efd\u6709\u9650\u516c\u53f8,\u80a1\u4efd,\u6697\u5f71\u730e\u624b"},"title":"\u624b\u52a8\u63a7\u5236\u5f00\u5173,\u80a1\u4efd\u6709\u9650\u516c\u53f8,\u80a1\u4efd,\u6697\u5f71\u730e\u624b","valid":true}
{"arg":"s","icon":{"path":"translate.png"},"quicklookurl":"http:\/\/youdao.com\/w\/s","subtitle":"S Doradus","text":{"copy":"\u5251\u9c7c\u5ea7S"},"title":"\u5251\u9c7c\u5ea7S","valid":true}
{"arg":"adapter","icon":{"path":"translate.png"},"quicklookurl":"http:\/\/youdao.com\/w\/%E9%80%82%E9%85%8D","subtitle":"\u9002\u914d","text":{"copy":"Adaptive,Fit,Match,adaptation"},"title":"Adaptive,Fit,Match,adaptation","valid":true}
{"arg":"sh","icon":{"path":"translate.png"},"quicklookurl":"http:\/\/youdao.com\/w\/sh","subtitle":"SH","text":{"copy":"\u624b\u52a8\u63a7\u5236\u5f00\u5173,\u80a1\u4efd\u6709\u9650\u516c\u53f8,\u80a1\u4efd,\u6697\u5f71\u730e\u624b"},"title":"\u624b\u52a8\u63a7\u5236\u5f00\u5173,\u80a1\u4efd\u6709\u9650\u516c\u53f8,\u80a1\u4efd,\u6697\u5f71\u730e\u624b","valid":true}
{"arg":"s","icon":{"path":"translate.png"},"quicklookurl":"http:\/\/youdao.com\/w\/s","subtitle":"S Doradus","text":{"copy":"\u5251\u9c7c\u5ea7S"},"title":"\u5251\u9c7c\u5ea7S","valid":true}
{"arg":"adapter","icon":{"path":"translate.png"},"quicklookurl":"http:\/\/youdao.com\/w\/%E9%80%82%E9%85%8D","subtitle":"\u9002\u914d","text":{"copy":"Adaptive,Fit,Match,adaptation"},"title":"Adaptive,Fit,Match,adaptation","valid":true}
