{"arg":"s","icon":{"path":"translate.png"},"quicklookurl":"http:\/\/youdao.com\/w\/s","subtitle":"DVB-S","text":{"copy":"\u536b\u661f\u7535\u89c6,\u536b\u661f\u673a\u9876\u76d2,\u536b\u661f\u63a5\u6536\u673a,\u63a5\u6536\u673a"},"title":"\u536b\u661f\u7535\u89c6,\u536b\u661f\u673a\u9876\u76d2,\u536b\u661f\u63a5\u6536\u673a,\u63a5\u6536\u673a","valid":true}
{"arg":"sence","icon":{"path":"translate.png"},"quicklookurl":"http:\/\/youdao.com\/w\/sence","subtitle":"Sence","text":{"copy":"\u6c88\u6c0f,\u76db\u601d\u6444\u5f71,\u611f\u5b98,\u672c\u8d28"},"title":"\u6c88\u6c0f,\u76db\u601d\u6444\u5f71,\u611f\u5b98,\u672c\u8d28","valid":true}
{"arg":"s","icon":{"path":"translate.png"},"quicklookurl":"http:\/\/youdao.com\/w\/s","subtitle":"DVB-S","text":{"copy":"\u536b\u661f\u7535\u89c6,\u536b\u661f\u673a\u9876\u76d2,\u536b\u661f\u63a5\u6536\u673a,\u63a5\u6536\u673a"},"title":"\u536b\u661f\u7535\u89c6,\u536b\u661f\u673a\u9876\u76d2,\u536b\u661f\u63a5\u6536\u673a,\u63a5\u6536\u673a","valid":true}
{"arg":"sc","icon":{"path":"translate.png"},"quicklookurl":"http:\/\/youdao.com\/w\/sc","subtitle":"SC","text":{"copy":"\u5206\u6280\u672f\u59d4\u5458\u4f1a,\u661f\u9645\u4e89\u9738,\u585e\u820c\u5c14,\u60ac\u6d6e\u5242"},"title":"\u5206\u6280\u672f\u59d4\u5458\u4f1a,\u661f\u9645\u4e89\u9738,\u585e\u820c\u5c14,\u60ac\u6d6e\u5242","valid":true}
{"arg":"scene","icon":{"path":"translate.png"},"quicklookurl":"http:\/\/youdao.com\/w\/scene","subtitle":"Scene","text":{"copy":"\u573a\u666f,\u666f\u8272,\u73b0\u573a,\u573a\u9762"},"title":"\u573a\u666f,\u666f\u8272,\u73b0\u573a,\u573a\u9762","valid":true}
{"arg":"perform","icon":{"path":"translate.png"},"quicklookurl":"http:\/\/youdao.com\/w\/perform","subtitle":"perform","text":{"copy":"\u6267\u884c,\u5c65\u884c,\u8868\u6f14,\u6f14\u51fa"},"title":"\u6267\u884c,\u5c65\u884c,\u8868\u6f14,\u6f14\u51fa","valid":true}
{"arg":"Guard","icon":{"path":"translate.png"},"quicklookurl":"http:\/\/youdao.com\/w\/Guard","subtitle":"Guard","text":{"copy":"\u540e\u536b,\u4fdd\u62a4,\u9632\u62a4\u88c5\u7f6e,\u5b88\u536b"},"title":"\u540e\u536b,\u4fdd\u62a4,\u9632\u62a4\u88c5\u7f6e,\u5b88\u536b","valid":true}
{"arg":"Hierarchical","icon":{"path":"translate.png"},"quicklookurl":"http:\/\/youdao.com\/w\/Hierarchical","subtitle":"hierarchical","text":{"copy":"\u5c42\u6b21"},"title":"\u5c42\u6b21","valid":true}
{"arg":"z","icon":{"path":"translate.png"},"quicklookurl":"http:\/\/youdao.com\/w\/z","subtitle":"\u65e0\u53cc\u5927\u86c7Z","text":{"copy":"Musou Orochi,OROCHI,Warriors Orochi,Musou Orochello"},"title":"Musou Orochi,OROCHI,Warriors Orochi,Musou Orochello","valid":true}
{"arg":"What is this","icon":{"path":"translate.png"},"quicklookurl":"http:\/\/youdao.com\/w\/%E8%BF%99%E6%98%AF%E4%BB%80%E4%B9%88","subtitle":"\u8fd9\u662f\u4ec0\u4e48","text":{"copy":"what's this,what is it,was ist das"},"title":"what's this,what is it,was ist das","valid":true}
{"arg":"ancestor","icon":{"path":"translate.png"},"quicklookurl":"http:\/\/youdao.com\/w\/ancestor","subtitle":"ancestor","text":{"copy":"\u7956\u5148,\u7956\u5b97,\u8001\u7956\u5b97"},"title":"\u7956\u5148,\u7956\u5b97,\u8001\u7956\u5b97","valid":true}
{"arg":"The derived","icon":{"path":"translate.png"},"quicklookurl":"http:\/\/youdao.com\/w\/%E6%B4%BE%E7%94%9F","subtitle":"\u6d3e\u751f","text":{"copy":"derive,Derivation,derivine,fork"},"title":"derive,Derivation,derivine,fork","valid":true}
{"arg":"Derived classes","icon":{"path":"translate.png"},"quicklookurl":"http:\/\/youdao.com\/w\/%E6%B4%BE%E7%94%9F%E7%B1%BB","subtitle":"\u6d3e\u751f\u7c7b","text":{"copy":"derived class,most derived class,afgeleide klasse,johdettu luokka"},"title":"derived class,most derived class,afgeleide klasse,johdettu luokka","valid":true}
{"arg":"Configurator","icon":{"path":"translate.png"},"quicklookurl":"http:\/\/youdao.com\/w\/Configurator","subtitle":"configurator","text":{"copy":"\u914d\u7f6e\u7a0b\u5e8f,\u914d\u7f6e\u5668,\u914d\u7f6e,\u7ec4\u6001\u5de5\u5177"},"title":"\u914d\u7f6e\u7a0b\u5e8f,\u914d\u7f6e\u5668,\u914d\u7f6e,\u7ec4\u6001\u5de5\u5177","valid":true}
{"arg":" Hierarchical","icon":{"path":"translate.png"},"quicklookurl":"http:\/\/youdao.com\/w\/+Hierarchical","subtitle":"hierarchical","text":{"copy":"\u5c42\u6b21"},"title":"\u5c42\u6b21","valid":true}
{"arg":"delete","icon":{"path":"translate.png"},"quicklookurl":"http:\/\/youdao.com\/w\/delete","subtitle":"Delete","text":{"copy":"\u5220\u9664,\u5220\u9664\u952e,\u5220\u53bb,\u5220\u9664\u6587\u4ef6"},"title":"\u5220\u9664,\u5220\u9664\u952e,\u5220\u53bb,\u5220\u9664\u6587\u4ef6","valid":true}
{"arg":"delete","icon":{"path":"translate.png"},"quicklookurl":"http:\/\/youdao.com\/w\/delete","subtitle":"Delete","text":{"copy":"\u5220\u9664,\u5220\u9664\u952e,\u5220\u53bb,\u5220\u9664\u6587\u4ef6"},"title":"\u5220\u9664,\u5220\u9664\u952e,\u5220\u53bb,\u5220\u9664\u6587\u4ef6","valid":true}
{"arg":"delegate","icon":{"path":"translate.png"},"quicklookurl":"http:\/\/youdao.com\/w\/delegate","subtitle":"delegate","text":{"copy":"\u4ee3\u8868,\u59d4\u6258,\u4ee3\u7406,\u59d4\u6d3e"},"title":"\u4ee3\u8868,\u59d4\u6258,\u4ee3\u7406,\u59d4\u6d3e","valid":true}
{"arg":"guar","icon":{"path":"translate.png"},"quicklookurl":"http:\/\/youdao.com\/w\/guar","subtitle":"Guar","text":{"copy":"\u74dc\u5c14,\u74dc\u5c14\u8c46,\u94f6\u6cb3\u62a4\u536b\u961f,\u7f8e\u6d32\u8c79"},"title":"\u74dc\u5c14,\u74dc\u5c14\u8c46,\u94f6\u6cb3\u62a4\u536b\u961f,\u7f8e\u6d32\u8c79","valid":true}
{"arg":"guard","icon":{"path":"translate.png"},"quicklookurl":"http:\/\/youdao.com\/w\/guard","subtitle":"Guard","text":{"copy":"\u540e\u536b,\u4fdd\u62a4,\u9632\u62a4\u88c5\u7f6e,\u5b88\u536b"},"title":"\u540e\u536b,\u4fdd\u62a4,\u9632\u62a4\u88c5\u7f6e,\u5b88\u536b","valid":true}
{"arg":"queue","icon":{"path":"translate.png"},"quicklookurl":"http:\/\/youdao.com\/w\/queue","subtitle":"Queue","text":{"copy":"\u961f\u5217,\u6392\u961f,\u957f\u9f99,\u884c\u5217"},"title":"\u961f\u5217,\u6392\u961f,\u957f\u9f99,\u884c\u5217","valid":true}
{"arg":"queues","icon":{"path":"translate.png"},"quicklookurl":"http:\/\/youdao.com\/w\/queues","subtitle":"Queues","text":{"copy":"\u4eba\u9f99,\u961f\u5217,\u4f2b\u5217,\u6392\u957f\u961f"},"title":"\u4eba\u9f99,\u961f\u5217,\u4f2b\u5217,\u6392\u957f\u961f","valid":true}
{"arg":"jiang","icon":{"path":"translate.png"},"quicklookurl":"http:\/\/youdao.com\/w\/jiang","subtitle":"Jiang","text":{"copy":"\u59dc\u957f\u5370,\u6c5f\u6842\u658c,\u7ffb\u8bd1\u516c\u53f8"},"title":"\u59dc\u957f\u5370,\u6c5f\u6842\u658c,\u7ffb\u8bd1\u516c\u53f8","valid":true}
{"arg":"j","icon":{"path":"translate.png"},"quicklookurl":"http:\/\/youdao.com\/w\/j","subtitle":"J-POP","text":{"copy":"\u65e5\u672c\u6d41\u884c\u97f3\u4e50,\u884c\u97f3\u4e50\u7ec4\u5408,\u65e5\u672c\u6d41\u884c,\u97f3\u4e50\u7c7b\u578b"},"title":"\u65e5\u672c\u6d41\u884c\u97f3\u4e50,\u884c\u97f3\u4e50\u7ec4\u5408,\u65e5\u672c\u6d41\u884c,\u97f3\u4e50\u7c7b\u578b","valid":true}
{"arg":"Descending order","icon":{"path":"translate.png"},"quicklookurl":"http:\/\/youdao.com\/w\/%E9%99%8D%E5%BA%8F","subtitle":"\u964d\u5e8f","text":{"copy":"sort descending,DESC,asc or desc"},"title":"sort descending,DESC,asc or desc","valid":true}
{"arg":"f","icon":{"path":"translate.png"},"quicklookurl":"http:\/\/youdao.com\/w\/f","subtitle":"F-number","text":{"copy":"\u7126\u6bd4,\u5149\u5708\u503c,\u7126\u8ddd\u6bd4\u6570"},"title":"\u7126\u6bd4,\u5149\u5708\u503c,\u7126\u8ddd\u6bd4\u6570","valid":true}
{"arg":"Is not empty","icon":{"path":"translate.png"},"quicklookurl":"http:\/\/youdao.com\/w\/%E9%9D%9E%E7%A9%BA","subtitle":"\u975e\u7a7a","text":{"copy":"not null,Non-NULL,non-void,IsNotNull"},"title":"not null,Non-NULL,non-void,IsNotNull","valid":true}
{"arg":"c","icon":{"path":"translate.png"},"quicklookurl":"http:\/\/youdao.com\/w\/c","subtitle":"\u7ef4\u751f\u7d20C","text":{"copy":"Vitamin,Ascorbic Acid,Poly,VC"},"title":"Vitamin,Ascorbic Acid,Poly,VC","valid":true}
{"arg":"Initialize the","icon":{"path":"translate.png"},"quicklookurl":"http:\/\/youdao.com\/w\/%E5%88%9D%E5%A7%8B%E5%8C%96","subtitle":"\u521d\u59cb\u5316","text":{"copy":"initialization,initialize,Init"},"title":"initialization,initialize,Init","valid":true}
{"arg":"h","icon":{"path":"translate.png"},"quicklookurl":"http:\/\/youdao.com\/w\/h","subtitle":"B\u578bH\u7cfb","text":{"copy":"BGata HKei,B Gata H Ke"},"title":"BGata HKei,B Gata H Ke","valid":true}
{"arg":"Has not yet","icon":{"path":"translate.png"},"quicklookurl":"http:\/\/youdao.com\/w\/%E8%BF%98%E6%9C%AA","subtitle":"\u8fd8\u672a","text":{"copy":"gpfi"},"title":"gpfi","valid":true}
{"arg":"The service data","icon":{"path":"translate.png"},"quicklookurl":"http:\/\/youdao.com\/w\/%E6%9C%8D%E5%8A%A1%E6%95%B0%E6%8D%AE","subtitle":"\u670d\u52a1\u6570\u636e","text":{"copy":"Service Data"},"title":"Service Data","valid":true}
{"arg":"an","icon":{"path":"translate.png"},"quicklookurl":"http:\/\/youdao.com\/w\/an","subtitle":"AN","text":{"copy":"\u4e19\u70ef\u8148(Acrylic Nitrile),\u63a5\u5165\u7f51(Access Network),\u6b63\u5e38\u72b6\u6001,\u785d\u9178\u94f5"},"title":"\u4e19\u70ef\u8148(Acrylic Nitrile),\u63a5\u5165\u7f51(Access Network),\u6b63\u5e38\u72b6\u6001,\u785d\u9178\u94f5","valid":true}
{"arg":"anchor","icon":{"path":"translate.png"},"quicklookurl":"http:\/\/youdao.com\/w\/anchor","subtitle":"Anchor","text":{"copy":"\u951a,\u951a\u70b9,\u5b89\u4f73"},"title":"\u951a,\u951a\u70b9,\u5b89\u4f73","valid":true}
{"arg":"c","icon":{"path":"translate.png"},"quicklookurl":"http:\/\/youdao.com\/w\/c","subtitle":"\u7ef4\u751f\u7d20C","text":{"copy":"Vitamin,Ascorbic Acid,Poly,VC"},"title":"Vitamin,Ascorbic Acid,Poly,VC","valid":true}
{"arg":"The initial","icon":{"path":"translate.png"},"quicklookurl":"http:\/\/youdao.com\/w\/%E5%88%9D%E5%A7%8B","subtitle":"\u521d\u59cb","text":{"copy":"Beginniqg,Inception,fc init"},"title":"Beginniqg,Inception,fc init","valid":true}
{"arg":"d","icon":{"path":"translate.png"},"quicklookurl":"http:\/\/youdao.com\/w\/d","subtitle":"vitamin D","text":{"copy":"\u7ef4\u751f\u7d20D,\u9499\u5316\u9187,\u56fd\u9645\u5355\u4f4d"},"title":"\u7ef4\u751f\u7d20D,\u9499\u5316\u9187,\u56fd\u9645\u5355\u4f4d","valid":true}
{"arg":"Generation is called","icon":{"path":"translate.png"},"quicklookurl":"http:\/\/youdao.com\/w\/%E4%BB%A3%E5%8F%AB","subtitle":"\u547c\u53eb\u4ee3\u7801","text":{"copy":"calling code"},"title":"calling code","valid":true}
{"arg":"Generation is called","icon":{"path":"translate.png"},"quicklookurl":"http:\/\/youdao.com\/w\/%E4%BB%A3%E5%8F%AB","subtitle":"\u547c\u53eb\u4ee3\u7801","text":{"copy":"calling code"},"title":"calling code","valid":true}
{"arg":"z","icon":{"path":"translate.png"},"quicklookurl":"http:\/\/youdao.com\/w\/z","subtitle":"\u65e0\u53cc\u5927\u86c7Z","text":{"copy":"Musou Orochi,OROCHI,Warriors Orochi,Musou Orochello"},"title":"Musou Orochi,OROCHI,Warriors Orochi,Musou Orochello","valid":true}
{"arg":"Smart tips","icon":{"path":"translate.png"},"quicklookurl":"http:\/\/youdao.com\/w\/%E6%99%BA%E8%83%BD%E6%8F%90%E7%A4%BA","subtitle":"\u667a\u80fd\u63d0\u793a","text":{"copy":"IntelliSense,Code Assist,Intelliprompt,myeclipse"},"title":"IntelliSense,Code Assist,Intelliprompt,myeclipse","valid":true}
{"arg":"intel","icon":{"path":"translate.png"},"quicklookurl":"http:\/\/youdao.com\/w\/intel","subtitle":"Intel","text":{"copy":"\u82f1\u7279\u5c14,\u82f1\u7279\u5c14\u516c\u53f8,\u865a\u62df\u5316\u6280\u672f,\u6280\u672f"},"title":"\u82f1\u7279\u5c14,\u82f1\u7279\u5c14\u516c\u53f8,\u865a\u62df\u5316\u6280\u672f,\u6280\u672f","valid":true}
{"arg":"in","icon":{"path":"translate.png"},"quicklookurl":"http:\/\/youdao.com\/w\/in","subtitle":"in","text":{"copy":"\u82f1\u5bf8,\u5370\u5ea6,\u8f93\u5165,\u4eba\u53e3"},"title":"\u82f1\u5bf8,\u5370\u5ea6,\u8f93\u5165,\u4eba\u53e3","valid":true}
{"arg":"i","icon":{"path":"translate.png"},"quicklookurl":"http:\/\/youdao.com\/w\/i","subtitle":"I Am Legend","text":{"copy":"\u6211\u662f\u4f20\u5947,\u6211\u662f\u4f20\u8bf4,\u9b54\u95f4\u4f20\u5947,\u4f20\u5947"},"title":"\u6211\u662f\u4f20\u5947,\u6211\u662f\u4f20\u8bf4,\u9b54\u95f4\u4f20\u5947,\u4f20\u5947","valid":true}
{"arg":"z","icon":{"path":"translate.png"},"quicklookurl":"http:\/\/youdao.com\/w\/z","subtitle":"\u65e0\u53cc\u5927\u86c7Z","text":{"copy":"Musou Orochi,OROCHI,Warriors Orochi,Musou Orochello"},"title":"Musou Orochi,OROCHI,Warriors Orochi,Musou Orochello","valid":true}
{"arg":"Smart tips","icon":{"path":"translate.png"},"quicklookurl":"http:\/\/youdao.com\/w\/%E6%99%BA%E8%83%BD%E6%8F%90%E7%A4%BA","subtitle":"\u667a\u80fd\u63d0\u793a","text":{"copy":"IntelliSense,Code Assist,Intelliprompt,myeclipse"},"title":"IntelliSense,Code Assist,Intelliprompt,myeclipse","valid":true}
{"arg":"shu","icon":{"path":"translate.png"},"quicklookurl":"http:\/\/youdao.com\/w\/shu","subtitle":"SHU","text":{"copy":"\u978b\u5b50\u4e13\u5356\u5e97,\u4e0a\u6d77\u548c\u7766\u5bb6\u533b\u9662,\u8700\u56fd,\u6c60\u7530\u79c0\u4e00"},"title":"\u978b\u5b50\u4e13\u5356\u5e97,\u4e0a\u6d77\u548c\u7766\u5bb6\u533b\u9662,\u8700\u56fd,\u6c60\u7530\u79c0\u4e00","valid":true}
{"arg":"s","icon":{"path":"translate.png"},"quicklookurl":"http:\/\/youdao.com\/w\/s","subtitle":"DVB-S","text":{"copy":"\u536b\u661f\u7535\u89c6,\u536b\u661f\u673a\u9876\u76d2,\u536b\u661f\u63a5\u6536\u673a,\u63a5\u6536\u673a"},"title":"\u536b\u661f\u7535\u89c6,\u536b\u661f\u673a\u9876\u76d2,\u536b\u661f\u63a5\u6536\u673a,\u63a5\u6536\u673a","valid":true}
{"arg":"The vertical","icon":{"path":"translate.png"},"quicklookurl":"http:\/\/youdao.com\/w\/%E7%AB%96%E7%9B%B4","subtitle":"\u7ad6\u76f4","text":{"copy":"Vertical,erect"},"title":"Vertical,erect","valid":true}
{"arg":"z","icon":{"path":"translate.png"},"quicklookurl":"http:\/\/youdao.com\/w\/z","subtitle":"\u65e0\u53cc\u5927\u86c7Z","text":{"copy":"Musou Orochi,OROCHI,Warriors Orochi,Musou Orochello"},"title":"Musou Orochi,OROCHI,Warriors Orochi,Musou Orochello","valid":true}
{"arg":"The ancestors","icon":{"path":"translate.png"},"quicklookurl":"http:\/\/youdao.com\/w\/%E7%A5%96%E5%85%88","subtitle":"\u7956\u5148","text":{"copy":"ancestor,forefather,ancestry,forebear"},"title":"ancestor,forefather,ancestry,forebear","valid":true}
{"arg":"z","icon":{"path":"translate.png"},"quicklookurl":"http:\/\/youdao.com\/w\/z","subtitle":"\u65e0\u53cc\u5927\u86c7Z","text":{"copy":"Musou Orochi,OROCHI,Warriors Orochi,Musou Orochello"},"title":"Musou Orochi,OROCHI,Warriors Orochi,Musou Orochello","valid":true}
{"arg":"The adaptive","icon":{"path":"translate.png"},"quicklookurl":"http:\/\/youdao.com\/w\/%E8%87%AA%E9%80%82%E5%BA%94","subtitle":"\u81ea\u9002\u5e94","text":{"copy":"Adaptive,self-adaptive,adaptation,self-adapting"},"title":"Adaptive,self-adaptive,adaptation,self-adapting","valid":true}
{"arg":"b","icon":{"path":"translate.png"},"quicklookurl":"http:\/\/youdao.com\/w\/b","subtitle":"\u7ef4\u751f\u7d20B","text":{"copy":"Vitamin,VB,VitB,thiamine"},"title":"Vitamin,VB,VitB,thiamine","valid":true}
{"arg":"wider","icon":{"path":"translate.png"},"quicklookurl":"http:\/\/youdao.com\/w\/%E5%8F%98%E5%AE%BD","subtitle":"\u53d8\u5bbd","text":{"copy":"broaden"},"title":"broaden","valid":true}
{"arg":"shuffling","icon":{"path":"translate.png"},"quicklookurl":"http:\/\/youdao.com\/w\/%E8%BD%AE%E6%92%AD","subtitle":"\u6570\u636e\u8f6e\u64ad","text":{"copy":"Data Carousel"},"title":"Data Carousel","valid":true}
{"arg":"l","icon":{"path":"translate.png"},"quicklookurl":"http:\/\/youdao.com\/w\/l","subtitle":"The L Word","text":{"copy":"\u5973\u6b22\u5973\u7231,\u7b2c\u4e94\u5b63"},"title":"\u5973\u6b22\u5973\u7231,\u7b2c\u4e94\u5b63","valid":true}
{"arg":"shuffling","icon":{"path":"translate.png"},"quicklookurl":"http:\/\/youdao.com\/w\/%E8%BD%AE%E6%92%AD","subtitle":"\u6570\u636e\u8f6e\u64ad","text":{"copy":"Data Carousel"},"title":"Data Carousel","valid":true}
{"arg":"x","icon":{"path":"translate.png"},"quicklookurl":"http:\/\/youdao.com\/w\/x","subtitle":"X-Men","text":{"copy":"X\u6218\u8b66\u5929\u542f,\u52a8\u753b\u7248,\u53d8\u79cd\u7279\u653b"},"title":"X\u6218\u8b66\u5929\u542f,\u52a8\u753b\u7248,\u53d8\u79cd\u7279\u653b","valid":true}
{"arg":"suspension","icon":{"path":"translate.png"},"quicklookurl":"http:\/\/youdao.com\/w\/%E6%82%AC%E6%B5%AE","subtitle":"\u60ac\u6d6e","text":{"copy":"suspension,Memory,SUSPEND,Hovering"},"title":"suspension,Memory,SUSPEND,Hovering","valid":true}
{"arg":"Try the suspension","icon":{"path":"translate.png"},"quicklookurl":"http:\/\/youdao.com\/w\/%E6%82%AC%E6%B5%AE%E8%AF%95","subtitle":"\u78c1\u60ac\u6d6e\u8bd5\u9a8c\u53f0","text":{"copy":"maglev test-bed"},"title":"maglev test-bed","valid":true}
{"arg":"suspension","icon":{"path":"translate.png"},"quicklookurl":"http:\/\/youdao.com\/w\/%E6%82%AC%E6%B5%AE","subtitle":"\u60ac\u6d6e","text":{"copy":"suspension,Memory,SUSPEND,Hovering"},"title":"suspension,Memory,SUSPEND,Hovering","valid":true}
{"arg":"s","icon":{"path":"translate.png"},"quicklookurl":"http:\/\/youdao.com\/w\/s","subtitle":"DVB-S","text":{"copy":"\u536b\u661f\u7535\u89c6,\u536b\u661f\u673a\u9876\u76d2,\u536b\u661f\u63a5\u6536\u673a,\u63a5\u6536\u673a"},"title":"\u536b\u661f\u7535\u89c6,\u536b\u661f\u673a\u9876\u76d2,\u536b\u661f\u63a5\u6536\u673a,\u63a5\u6536\u673a","valid":true}
{"arg":"susp","icon":{"path":"translate.png"},"quicklookurl":"http:\/\/youdao.com\/w\/susp","subtitle":"SUSP","text":{"copy":"\u7535\u6e90\u6302\u8d77\u63a7\u5236,\u60ac\u6302,\u505c\u724c\u6982\u7387,\u907f\u9707"},"title":"\u7535\u6e90\u6302\u8d77\u63a7\u5236,\u60ac\u6302,\u505c\u724c\u6982\u7387,\u907f\u9707","valid":true}
{"arg":"suspend","icon":{"path":"translate.png"},"quicklookurl":"http:\/\/youdao.com\/w\/suspend","subtitle":"suspend","text":{"copy":"\u6302\u8d77,\u6682\u505c,\u60ac\u6302,\u7981\u8d5b"},"title":"\u6302\u8d77,\u6682\u505c,\u60ac\u6302,\u7981\u8d5b","valid":true}
{"arg":"a","icon":{"path":"translate.png"},"quicklookurl":"http:\/\/youdao.com\/w\/a","subtitle":"a cappella","text":{"copy":"\u65e0\u4f34\u594f\u5408\u5531,\u963f\u5361\u8d1d\u62c9,\u8d70\u5728\u5927\u8857\u7684\u5973\u5b50,\u65e0\u4f34\u594f"},"title":"\u65e0\u4f34\u594f\u5408\u5531,\u963f\u5361\u8d1d\u62c9,\u8d70\u5728\u5927\u8857\u7684\u5973\u5b50,\u65e0\u4f34\u594f","valid":true}
{"arg":"Security center","icon":{"path":"translate.png"},"quicklookurl":"http:\/\/youdao.com\/w\/%E5%AE%89%E5%85%A8%E4%B8%AD%E5%BF%83","subtitle":"\u5b89\u5168\u4e2d\u5fc3","text":{"copy":"Security Center,mcafee security center,WindowsSecurityCenter,Safety Center"},"title":"Security Center,mcafee security center,WindowsSecurityCenter,Safety Center","valid":true}
{"arg":"abnormal","icon":{"path":"translate.png"},"quicklookurl":"http:\/\/youdao.com\/w\/%E5%BC%82%E5%B8%B8","subtitle":"\u5f02\u5e38","text":{"copy":"Exception,abnormal,ClassNotFoundException,Anomaly"},"title":"Exception,abnormal,ClassNotFoundException,Anomaly","valid":true}
{"arg":"ellipse","icon":{"path":"translate.png"},"quicklookurl":"http:\/\/youdao.com\/w\/ellipse","subtitle":"ellipse","text":{"copy":"\u692d\u5706,\u692d\u5706\u5f62,\u692d\u5706\u548c\u692d\u5706\u5f27,\u692d\u5706\u547d\u4ee4"},"title":"\u692d\u5706,\u692d\u5706\u5f62,\u692d\u5706\u548c\u692d\u5706\u5f27,\u692d\u5706\u547d\u4ee4","valid":true}
{"arg":"f","icon":{"path":"translate.png"},"quicklookurl":"http:\/\/youdao.com\/w\/f","subtitle":"F-number","text":{"copy":"\u7126\u6bd4,\u5149\u5708\u503c,\u7126\u8ddd\u6bd4\u6570"},"title":"\u7126\u6bd4,\u5149\u5708\u503c,\u7126\u8ddd\u6bd4\u6570","valid":true}
{"arg":"false","icon":{"path":"translate.png"},"quicklookurl":"http:\/\/youdao.com\/w\/false","subtitle":"False","text":{"copy":"\u9519\u8bef,\u865a\u4f2a\u7684"},"title":"\u9519\u8bef,\u865a\u4f2a\u7684","valid":true}
{"arg":"falsely","icon":{"path":"translate.png"},"quicklookurl":"http:\/\/youdao.com\/w\/falsely","subtitle":"falsely","text":{"copy":"\u865a\u5047\u5730,\u865a\u4f2a\u5730,\u4e0d\u5b9e\u5730,\u9519\u8bef\u5730"},"title":"\u865a\u5047\u5730,\u865a\u4f2a\u5730,\u4e0d\u5b9e\u5730,\u9519\u8bef\u5730","valid":true}
{"arg":"d","icon":{"path":"translate.png"},"quicklookurl":"http:\/\/youdao.com\/w\/d","subtitle":"vitamin D","text":{"copy":"\u7ef4\u751f\u7d20D,\u9499\u5316\u9187,\u56fd\u9645\u5355\u4f4d"},"title":"\u7ef4\u751f\u7d20D,\u9499\u5316\u9187,\u56fd\u9645\u5355\u4f4d","valid":true}
{"arg":"Move the","icon":{"path":"translate.png"},"quicklookurl":"http:\/\/youdao.com\/w\/%E5%8A%A8%E7%9A%84","subtitle":"\u52a8\u7684","text":{"copy":"kinetic,Data-driven,mobile,dynamic"},"title":"kinetic,Data-driven,mobile,dynamic","valid":true}
{"arg":"dynamic","icon":{"path":"translate.png"},"quicklookurl":"http:\/\/youdao.com\/w\/%E5%8A%A8","subtitle":"\u52a8","text":{"copy":"SHIFT,Animal,stir,moves"},"title":"SHIFT,Animal,stir,moves","valid":true}
{"arg":"Dynamic effect of the","icon":{"path":"translate.png"},"quicklookurl":"http:\/\/youdao.com\/w\/%E5%8A%A8%E6%95%88%E7%9A%84","subtitle":"\u89c6\u89c9\u52a8\u6548\u7684\u8bbe\u8ba1","text":{"copy":"Flash & JS"},"title":"Flash & JS","valid":true}
{"arg":"j","icon":{"path":"translate.png"},"quicklookurl":"http:\/\/youdao.com\/w\/j","subtitle":"J-POP","text":{"copy":"\u65e5\u672c\u6d41\u884c\u97f3\u4e50,\u884c\u97f3\u4e50\u7ec4\u5408,\u65e5\u672c\u6d41\u884c,\u97f3\u4e50\u7c7b\u578b"},"title":"\u65e5\u672c\u6d41\u884c\u97f3\u4e50,\u884c\u97f3\u4e50\u7ec4\u5408,\u65e5\u672c\u6d41\u884c,\u97f3\u4e50\u7c7b\u578b","valid":true}
{"arg":"simple","icon":{"path":"translate.png"},"quicklookurl":"http:\/\/youdao.com\/w\/%E7%AE%80%E5%8D%95","subtitle":"\u7b80\u5355","text":{"copy":"simplicity,Simple,easy,Brief"},"title":"simplicity,Simple,easy,Brief","valid":true}
{"arg":"Jane","icon":{"path":"translate.png"},"quicklookurl":"http:\/\/youdao.com\/w\/%E7%AE%80","subtitle":"\u7b80","text":{"copy":"JANE,Thomas Jane,Introduction,Calamity Jane"},"title":"JANE,Thomas Jane,Introduction,Calamity Jane","valid":true}
{"arg":"intuitive","icon":{"path":"translate.png"},"quicklookurl":"http:\/\/youdao.com\/w\/%E7%9B%B4%E8%A7%82","subtitle":"\u76f4\u89c2","text":{"copy":"intuition; Anschauung,intuition,Intuition,Anschauung"},"title":"intuition; Anschauung,intuition,Intuition,Anschauung","valid":true}
{"arg":"straight","icon":{"path":"translate.png"},"quicklookurl":"http:\/\/youdao.com\/w\/%E7%9B%B4","subtitle":"\u76f4","text":{"copy":"straighten,Straight Jeans,Straight,amylose"},"title":"straighten,Straight Jeans,Straight,amylose","valid":true}
{"arg":"See who know","icon":{"path":"translate.png"},"quicklookurl":"http:\/\/youdao.com\/w\/%E8%A7%81%E5%90%8D%E7%9F%A5","subtitle":"\u540d\u5b57\u89c1\u77e5\u4e8e\u4e16","text":{"copy":"run by the name of"},"title":"run by the name of","valid":true}
{"arg":"See the name","icon":{"path":"translate.png"},"quicklookurl":"http:\/\/youdao.com\/w\/%E8%A7%81%E5%90%8D","subtitle":"\u8bba\u89c1\u540d\u4eba","text":{"copy":"On Meeting the Celebrated"},"title":"On Meeting the Celebrated","valid":true}
{"arg":"see","icon":{"path":"translate.png"},"quicklookurl":"http:\/\/youdao.com\/w\/%E8%A7%81","subtitle":"\u89c1","text":{"copy":"See,KIN,generalization,component"},"title":"See,KIN,generalization,component","valid":true}
{"arg":"z","icon":{"path":"translate.png"},"quicklookurl":"http:\/\/youdao.com\/w\/z","subtitle":"\u65e0\u53cc\u5927\u86c7Z","text":{"copy":"Musou Orochi,OROCHI,Warriors Orochi,Musou Orochello"},"title":"Musou Orochi,OROCHI,Warriors Orochi,Musou Orochello","valid":true}
{"arg":"Or so","icon":{"path":"translate.png"},"quicklookurl":"http:\/\/youdao.com\/w\/%E5%B7%A6%E5%8F%B3","subtitle":"\u5de6\u53f3","text":{"copy":"In Love We Trust,left and right,or so,right and left"},"title":"In Love We Trust,left and right,or so,right and left","valid":true}
{"arg":"The level of","icon":{"path":"translate.png"},"quicklookurl":"http:\/\/youdao.com\/w\/%E6%B0%B4%E5%B9%B3","subtitle":"\u6c34\u5e73","text":{"copy":"Horizontal,Level,HOR,extent"},"title":"Horizontal,Level,HOR,extent","valid":true}
{"arg":"shui","icon":{"path":"translate.png"},"quicklookurl":"http:\/\/youdao.com\/w\/shui","subtitle":"shui","text":{"copy":"\u5c71\u8272,\u76f4\u64ad,\u626e\u6279\u6284,\u4f70\u523b\u5154"},"title":"\u5c71\u8272,\u76f4\u64ad,\u626e\u6279\u6284,\u4f70\u523b\u5154","valid":true}
{"arg":"shu","icon":{"path":"translate.png"},"quicklookurl":"http:\/\/youdao.com\/w\/shu","subtitle":"SHU","text":{"copy":"\u978b\u5b50\u4e13\u5356\u5e97,\u4e0a\u6d77\u548c\u7766\u5bb6\u533b\u9662,\u8700\u56fd,\u6c60\u7530\u79c0\u4e00"},"title":"\u978b\u5b50\u4e13\u5356\u5e97,\u4e0a\u6d77\u548c\u7766\u5bb6\u533b\u9662,\u8700\u56fd,\u6c60\u7530\u79c0\u4e00","valid":true}
{"arg":"s","icon":{"path":"translate.png"},"quicklookurl":"http:\/\/youdao.com\/w\/s","subtitle":"DVB-S","text":{"copy":"\u536b\u661f\u7535\u89c6,\u536b\u661f\u673a\u9876\u76d2,\u536b\u661f\u63a5\u6536\u673a,\u63a5\u6536\u673a"},"title":"\u536b\u661f\u7535\u89c6,\u536b\u661f\u673a\u9876\u76d2,\u536b\u661f\u63a5\u6536\u673a,\u63a5\u6536\u673a","valid":true}
{"arg":"The level of","icon":{"path":"translate.png"},"quicklookurl":"http:\/\/youdao.com\/w\/%E6%B0%B4%E5%B9%B3","subtitle":"\u6c34\u5e73","text":{"copy":"Horizontal,Level,HOR,extent"},"title":"Horizontal,Level,HOR,extent","valid":true}
{"arg":"Light and heavy","icon":{"path":"translate.png"},"quicklookurl":"http:\/\/youdao.com\/w\/%E8%BD%BB%E9%87%8D","subtitle":"\u8f7b\u91cd","text":{"copy":"Weight,severity,degree of seriousness,degree"},"title":"Weight,severity,degree of seriousness,degree","valid":true}
{"arg":"conf","icon":{"path":"translate.png"},"quicklookurl":"http:\/\/youdao.com\/w\/conf","subtitle":"conf","text":{"copy":"\u914d\u7f6e\u6587\u4ef6,\u6e38\u620f\u914d\u7f6e,\u4f1a\u8bae,\u4f1a\u8bae\u547c\u53eb"},"title":"\u914d\u7f6e\u6587\u4ef6,\u6e38\u620f\u914d\u7f6e,\u4f1a\u8bae,\u4f1a\u8bae\u547c\u53eb","valid":true}
{"arg":"confirm","icon":{"path":"translate.png"},"quicklookurl":"http:\/\/youdao.com\/w\/confirm","subtitle":"Confirm","text":{"copy":"\u786e\u8ba4,\u8bc1\u5b9e,\u6279\u51c6,\u786e\u5b9a"},"title":"\u786e\u8ba4,\u8bc1\u5b9e,\u6279\u51c6,\u786e\u5b9a","valid":true}
{"arg":"q","icon":{"path":"translate.png"},"quicklookurl":"http:\/\/youdao.com\/w\/q","subtitle":"Ultra Q","text":{"copy":"\u5965\u7279Q,\u8d85\u7ea7\u8c1c\u754c,\u8d85\u7b49\u8c1c\u754c,\u8d85\u5f02\u8c61\u4e4b\u8c1c"},"title":"\u5965\u7279Q,\u8d85\u7ea7\u8c1c\u754c,\u8d85\u7b49\u8c1c\u754c,\u8d85\u5f02\u8c61\u4e4b\u8c1c","valid":true}
{"arg":"q","icon":{"path":"translate.png"},"quicklookurl":"http:\/\/youdao.com\/w\/q","subtitle":"Ultra Q","text":{"copy":"\u5965\u7279Q,\u8d85\u7ea7\u8c1c\u754c,\u8d85\u7b49\u8c1c\u754c,\u8d85\u5f02\u8c61\u4e4b\u8c1c"},"title":"\u5965\u7279Q,\u8d85\u7ea7\u8c1c\u754c,\u8d85\u7b49\u8c1c\u754c,\u8d85\u5f02\u8c61\u4e4b\u8c1c","valid":true}
{"arg":"determine","icon":{"path":"translate.png"},"quicklookurl":"http:\/\/youdao.com\/w\/%E7%A1%AE%E5%AE%9A","subtitle":"\u786e\u5b9a","text":{"copy":"Determine,ascertain,fix,sure"},"title":"Determine,ascertain,fix,sure","valid":true}
{"arg":"The address book","icon":{"path":"translate.png"},"quicklookurl":"http:\/\/youdao.com\/w\/%E9%80%9A%E8%AE%AF%E5%BD%95","subtitle":"\u901a\u8baf\u5f55","text":{"copy":"address book,Contacts,ipa"},"title":"address book,Contacts,ipa","valid":true}
{"arg":"Continue to","icon":{"path":"translate.png"},"quicklookurl":"http:\/\/youdao.com\/w\/%E7%BB%A7%E7%BB%AD","subtitle":"\u7ee7\u7eed","text":{"copy":"continue,keep up,carry on,hold on"},"title":"continue,keep up,carry on,hold on","valid":true}
{"arg":"journ","icon":{"path":"translate.png"},"quicklookurl":"http:\/\/youdao.com\/w\/journ","subtitle":"Journ","text":{"copy":"\u6d59\u6c5f\u5927\u5b66\u5b66\u62a5,\u7535\u6e90\u5b66\u62a5"},"title":"\u6d59\u6c5f\u5927\u5b66\u5b66\u62a5,\u7535\u6e90\u5b66\u62a5","valid":true}
{"arg":"journey","icon":{"path":"translate.png"},"quicklookurl":"http:\/\/youdao.com\/w\/journey","subtitle":"Journey","text":{"copy":"\u65c5\u7a0b,\u65c5\u884c,\u65c5\u9014"},"title":"\u65c5\u7a0b,\u65c5\u884c,\u65c5\u9014","valid":true}
{"arg":"j","icon":{"path":"translate.png"},"quicklookurl":"http:\/\/youdao.com\/w\/j","subtitle":"J-POP","text":{"copy":"\u65e5\u672c\u6d41\u884c\u97f3\u4e50,\u884c\u97f3\u4e50\u7ec4\u5408,\u65e5\u672c\u6d41\u884c,\u97f3\u4e50\u7c7b\u578b"},"title":"\u65e5\u672c\u6d41\u884c\u97f3\u4e50,\u884c\u97f3\u4e50\u7ec4\u5408,\u65e5\u672c\u6d41\u884c,\u97f3\u4e50\u7c7b\u578b","valid":true}
{"arg":"j","icon":{"path":"translate.png"},"quicklookurl":"http:\/\/youdao.com\/w\/j","subtitle":"J-POP","text":{"copy":"\u65e5\u672c\u6d41\u884c\u97f3\u4e50,\u884c\u97f3\u4e50\u7ec4\u5408,\u65e5\u672c\u6d41\u884c,\u97f3\u4e50\u7c7b\u578b"},"title":"\u65e5\u672c\u6d41\u884c\u97f3\u4e50,\u884c\u97f3\u4e50\u7ec4\u5408,\u65e5\u672c\u6d41\u884c,\u97f3\u4e50\u7c7b\u578b","valid":true}
{"arg":"Emergency contact","icon":{"path":"translate.png"},"quicklookurl":"http:\/\/youdao.com\/w\/%E7%B4%A7%E6%80%A5%E8%81%94%E7%B3%BB%E4%BA%BA","subtitle":"\u7d27\u6025\u8054\u7cfb\u4eba","text":{"copy":"Emergency Contact,Emergency Contact Person,Contacts,EMERGENCY TELEPHONE"},"title":"Emergency Contact,Emergency Contact Person,Contacts,EMERGENCY TELEPHONE","valid":true}
{"arg":"guard","icon":{"path":"translate.png"},"quicklookurl":"http:\/\/youdao.com\/w\/guard","subtitle":"Guard","text":{"copy":"\u540e\u536b,\u4fdd\u62a4,\u9632\u62a4\u88c5\u7f6e,\u5b88\u536b"},"title":"\u540e\u536b,\u4fdd\u62a4,\u9632\u62a4\u88c5\u7f6e,\u5b88\u536b","valid":true}
{"arg":"Best practices","icon":{"path":"translate.png"},"quicklookurl":"http:\/\/youdao.com\/w\/%E6%9C%80%E4%BD%B3%E5%AE%9E%E8%B7%B5","subtitle":"\u6700\u4f73\u5b9e\u8df5","text":{"copy":"best practice,ITIL,good practice,the Best Practices"},"title":"best practice,ITIL,good practice,the Best Practices","valid":true}
{"arg":"s","icon":{"path":"translate.png"},"quicklookurl":"http:\/\/youdao.com\/w\/s","subtitle":"DVB-S","text":{"copy":"\u536b\u661f\u7535\u89c6,\u536b\u661f\u673a\u9876\u76d2,\u536b\u661f\u63a5\u6536\u673a,\u63a5\u6536\u673a"},"title":"\u536b\u661f\u7535\u89c6,\u536b\u661f\u673a\u9876\u76d2,\u536b\u661f\u63a5\u6536\u673a,\u63a5\u6536\u673a","valid":true}
{"arg":"launch","icon":{"path":"translate.png"},"quicklookurl":"http:\/\/youdao.com\/w\/launch","subtitle":"launch","text":{"copy":"\u53d1\u52a8,\u53d1\u5c04,\u5f00\u529e,\u53d1\u8d77"},"title":"\u53d1\u52a8,\u53d1\u5c04,\u5f00\u529e,\u53d1\u8d77","valid":true}
{"arg":"fo","icon":{"path":"translate.png"},"quicklookurl":"http:\/\/youdao.com\/w\/fo","subtitle":"fo","text":{"copy":"\u6cd5\u7f57\u7fa4\u5c9b,\u521d\u59cb\u8367\u5149,\u8c10\u632f\u9891\u7387,\u963f\u7518\u6b63\u4f20"},"title":"\u6cd5\u7f57\u7fa4\u5c9b,\u521d\u59cb\u8367\u5149,\u8c10\u632f\u9891\u7387,\u963f\u7518\u6b63\u4f20","valid":true}
{"arg":"fo","icon":{"path":"translate.png"},"quicklookurl":"http:\/\/youdao.com\/w\/fo","subtitle":"fo","text":{"copy":"\u6cd5\u7f57\u7fa4\u5c9b,\u521d\u59cb\u8367\u5149,\u8c10\u632f\u9891\u7387,\u963f\u7518\u6b63\u4f20"},"title":"\u6cd5\u7f57\u7fa4\u5c9b,\u521d\u59cb\u8367\u5149,\u8c10\u632f\u9891\u7387,\u963f\u7518\u6b63\u4f20","valid":true}
{"arg":"f","icon":{"path":"translate.png"},"quicklookurl":"http:\/\/youdao.com\/w\/f","subtitle":"F-number","text":{"copy":"\u7126\u6bd4,\u5149\u5708\u503c,\u7126\u8ddd\u6bd4\u6570"},"title":"\u7126\u6bd4,\u5149\u5708\u503c,\u7126\u8ddd\u6bd4\u6570","valid":true}
{"arg":"rev","icon":{"path":"translate.png"},"quicklookurl":"http:\/\/youdao.com\/w\/rev","subtitle":"REV","text":{"copy":"\u75c5\u6bd2,\u7267\u5e08,\u53cd\u8f6c"},"title":"\u75c5\u6bd2,\u7267\u5e08,\u53cd\u8f6c","valid":true}
{"arg":"reveal","icon":{"path":"translate.png"},"quicklookurl":"http:\/\/youdao.com\/w\/reveal","subtitle":"reveal","text":{"copy":"\u63ed\u793a,\u63ed\u9732,\u900f\u9732,\u5c55\u73b0"},"title":"\u63ed\u793a,\u63ed\u9732,\u900f\u9732,\u5c55\u73b0","valid":true}
