{"arg":"recipient","icon":{"path":"translate.png"},"quicklookurl":"http:\/\/youdao.com\/w\/recipient","subtitle":"recipient","text":{"copy":"\u63a5\u53d7\u8005,\u63a5\u6536\u8005,\u63a5\u53d7\u56fd"},"title":"\u63a5\u53d7\u8005,\u63a5\u6536\u8005,\u63a5\u53d7\u56fd","valid":true}
{"arg":"Princess","icon":{"path":"translate.png"},"quicklookurl":"http:\/\/youdao.com\/w\/Princess","subtitle":"Princess","text":{"copy":"\u516c\u4e3b,\u738b\u5983,\u60f3\u98de"},"title":"\u516c\u4e3b,\u738b\u5983,\u60f3\u98de","valid":true}
{"arg":"recipient","icon":{"path":"translate.png"},"quicklookurl":"http:\/\/youdao.com\/w\/recipient","subtitle":"recipient","text":{"copy":"\u63a5\u53d7\u8005,\u63a5\u6536\u8005,\u63a5\u53d7\u56fd"},"title":"\u63a5\u53d7\u8005,\u63a5\u6536\u8005,\u63a5\u53d7\u56fd","valid":true}
{"arg":"Princess Caroline","icon":{"path":"translate.png"},"quicklookurl":"http:\/\/youdao.com\/w\/Princess+Caroline","subtitle":"Princess Caroline","text":{"copy":"\u6bcd\u4eb2\u5361\u7f57\u7433\u516c\u4e3b,\u5361\u7f57\u7433\u516c\u4e3b"},"title":"\u6bcd\u4eb2\u5361\u7f57\u7433\u516c\u4e3b,\u5361\u7f57\u7433\u516c\u4e3b","valid":true}
{"arg":"n","icon":{"path":"translate.png"},"quicklookurl":"http:\/\/youdao.com\/w\/n","subtitle":"n-hexane","text":{"copy":"\u6b63\u5df1\u70f7,\u5df1\u70f7,\u6b63\u4e59\u70f7,\u5df1\u70f7\u5316\u5b66\u54c1"},"title":"\u6b63\u5df1\u70f7,\u5df1\u70f7,\u6b63\u4e59\u70f7,\u5df1\u70f7\u5316\u5b66\u54c1","valid":true}
{"arg":"nickname","icon":{"path":"translate.png"},"quicklookurl":"http:\/\/youdao.com\/w\/%E6%98%B5%E7%A7%B0","subtitle":"\u6635\u79f0","text":{"copy":"Nickname,Hello Kitty,II,pet name"},"title":"Nickname,Hello Kitty,II,pet name","valid":true}
{"arg":"And the price is","icon":{"path":"translate.png"},"quicklookurl":"http:\/\/youdao.com\/w\/%E9%AB%98%E4%BB%B7","subtitle":"\u9ad8\u4ef7","text":{"copy":"at a good price,Expensive,high price,at a high price"},"title":"at a good price,Expensive,high price,at a high price","valid":true}
{"arg":"l","icon":{"path":"translate.png"},"quicklookurl":"http:\/\/youdao.com\/w\/l","subtitle":"The L Word","text":{"copy":"\u5973\u6b22\u5973\u7231,\u7b2c\u4e94\u5b63"},"title":"\u5973\u6b22\u5973\u7231,\u7b2c\u4e94\u5b63","valid":true}
{"arg":"l","icon":{"path":"translate.png"},"quicklookurl":"http:\/\/youdao.com\/w\/l","subtitle":"The L Word","text":{"copy":"\u5973\u6b22\u5973\u7231,\u7b2c\u4e94\u5b63"},"title":"\u5973\u6b22\u5973\u7231,\u7b2c\u4e94\u5b63","valid":true}
{"arg":"intercept","icon":{"path":"translate.png"},"quicklookurl":"http:\/\/youdao.com\/w\/%E6%8B%A6%E6%88%AA","subtitle":"\u62e6\u622a","text":{"copy":"intercept,TACKL,hold up,hook"},"title":"intercept,TACKL,hold up,hook","valid":true}
{"arg":"interactive","icon":{"path":"translate.png"},"quicklookurl":"http:\/\/youdao.com\/w\/interactive","subtitle":"Interactive","text":{"copy":"\u4ea4\u4e92,\u4e92\u52a8,\u4ea4\u4e92\u5f0f,\u535a\u738b\u4e92\u52a8"},"title":"\u4ea4\u4e92,\u4e92\u52a8,\u4ea4\u4e92\u5f0f,\u535a\u738b\u4e92\u52a8","valid":true}
{"arg":"fragile","icon":{"path":"translate.png"},"quicklookurl":"http:\/\/youdao.com\/w\/fragile","subtitle":"Fragile","text":{"copy":"\u6613\u788e,\u8106\u5f31,\u6613\u788e\u54c1,\u6613\u788e\u7269\u54c1"},"title":"\u6613\u788e,\u8106\u5f31,\u6613\u788e\u54c1,\u6613\u788e\u7269\u54c1","valid":true}
{"arg":"sp","icon":{"path":"translate.png"},"quicklookurl":"http:\/\/youdao.com\/w\/sp","subtitle":"SP","text":{"copy":"\u670d\u52a1\u63d0\u4f9b\u5546,\u5806\u6808\u6307\u9488,\u538b\u529b\u63a7\u5236\u5f00\u5173,\u9971\u548c\u805a\u916f"},"title":"\u670d\u52a1\u63d0\u4f9b\u5546,\u5806\u6808\u6307\u9488,\u538b\u529b\u63a7\u5236\u5f00\u5173,\u9971\u548c\u805a\u916f","valid":true}
{"arg":"abstract","icon":{"path":"translate.png"},"quicklookurl":"http:\/\/youdao.com\/w\/abstract","subtitle":"Abstract","text":{"copy":"\u6458\u8981,\u62bd\u8c61\u7684,\u6587\u6458,\u62bd\u8c61\u6d3e"},"title":"\u6458\u8981,\u62bd\u8c61\u7684,\u6587\u6458,\u62bd\u8c61\u6d3e","valid":true}
{"arg":"fish","icon":{"path":"translate.png"},"quicklookurl":"http:\/\/youdao.com\/w\/fish","subtitle":"FISH","text":{"copy":"\u9c7c,\u9c7c\u7c7b,\u9c7c\u8089"},"title":"\u9c7c,\u9c7c\u7c7b,\u9c7c\u8089","valid":true}
{"arg":"teddy","icon":{"path":"translate.png"},"quicklookurl":"http:\/\/youdao.com\/w\/%E6%B3%B0%E8%BF%AA","subtitle":"\u6cf0\u8fea","text":{"copy":"Teddy,Tactic,TecDay,Tidy"},"title":"Teddy,Tactic,TecDay,Tidy","valid":true}
{"arg":"alternative","icon":{"path":"translate.png"},"quicklookurl":"http:\/\/youdao.com\/w\/alternative","subtitle":"Alternative","text":{"copy":"\u53e6\u7c7b,\u975e\u4e3b\u6d41,\u66ff\u6362\u7269,\u4e24\u8005\u6311\u4e00\u7684"},"title":"\u53e6\u7c7b,\u975e\u4e3b\u6d41,\u66ff\u6362\u7269,\u4e24\u8005\u6311\u4e00\u7684","valid":true}
{"arg":"detect","icon":{"path":"translate.png"},"quicklookurl":"http:\/\/youdao.com\/w\/detect","subtitle":"Detect","text":{"copy":"\u4fa6\u67e5,\u53d1\u73b0,\u68c0\u6d4b"},"title":"\u4fa6\u67e5,\u53d1\u73b0,\u68c0\u6d4b","valid":true}
{"arg":"Lucky Numbers","icon":{"path":"translate.png"},"quicklookurl":"http:\/\/youdao.com\/w\/%E5%B9%B8%E8%BF%90%E6%95%B0%E5%AD%97","subtitle":"\u5e78\u8fd0\u6570\u5b57","text":{"copy":"Lucky Numbers,lucky number,auspicious number,Fortune Digits"},"title":"Lucky Numbers,lucky number,auspicious number,Fortune Digits","valid":true}
{"arg":"Lucky number","icon":{"path":"translate.png"},"quicklookurl":"http:\/\/youdao.com\/w\/%E5%B9%B8%E8%BF%90%E6%95%B0","subtitle":"\u5e78\u8fd0\u6570","text":{"copy":"lucky number"},"title":"lucky number","valid":true}
{"arg":"s","icon":{"path":"translate.png"},"quicklookurl":"http:\/\/youdao.com\/w\/s","subtitle":"DVB-S","text":{"copy":"\u536b\u661f\u7535\u89c6,\u536b\u661f\u673a\u9876\u76d2,\u536b\u661f\u63a5\u6536\u673a,\u63a5\u6536\u673a"},"title":"\u536b\u661f\u7535\u89c6,\u536b\u661f\u673a\u9876\u76d2,\u536b\u661f\u63a5\u6536\u673a,\u63a5\u6536\u673a","valid":true}
{"arg":"sw","icon":{"path":"translate.png"},"quicklookurl":"http:\/\/youdao.com\/w\/sw","subtitle":"SW","text":{"copy":"\u5f00\u5173,\u592a\u9633\u4e95,\u627f\u63d2\u710a\u6cd5\u5170,\u897f\u5357"},"title":"\u5f00\u5173,\u592a\u9633\u4e95,\u627f\u63d2\u710a\u6cd5\u5170,\u897f\u5357","valid":true}
{"arg":"swim","icon":{"path":"translate.png"},"quicklookurl":"http:\/\/youdao.com\/w\/swim","subtitle":"Swim","text":{"copy":"\u6e38\u6cf3,\u6e38,\u773c\u82b1,\u6f02\u6d6e"},"title":"\u6e38\u6cf3,\u6e38,\u773c\u82b1,\u6f02\u6d6e","valid":true}
{"arg":"senior","icon":{"path":"translate.png"},"quicklookurl":"http:\/\/youdao.com\/w\/%E9%AB%98%E7%BA%A7","subtitle":"\u9ad8\u7ea7","text":{"copy":"advanced,Higher,high class,SQL"},"title":"advanced,Higher,high class,SQL","valid":true}
{"arg":"gender","icon":{"path":"translate.png"},"quicklookurl":"http:\/\/youdao.com\/w\/gender","subtitle":"gender","text":{"copy":"\u6027\u522b"},"title":"\u6027\u522b","valid":true}
{"arg":"m","icon":{"path":"translate.png"},"quicklookurl":"http:\/\/youdao.com\/w\/m","subtitle":"m-learning","text":{"copy":"\u79fb\u52a8\u5b66\u4e60,\u884c\u52a8\u5b66\u4e60,\u79fb\u52a8\u8fdb\u4fee,\u79fb\u52a8\u6559\u80b2"},"title":"\u79fb\u52a8\u5b66\u4e60,\u884c\u52a8\u5b66\u4e60,\u79fb\u52a8\u8fdb\u4fee,\u79fb\u52a8\u6559\u80b2","valid":true}
{"arg":"buy","icon":{"path":"translate.png"},"quicklookurl":"http:\/\/youdao.com\/w\/%E4%B9%B0","subtitle":"\u4e70","text":{"copy":"purchase,buy,mai-ba,get"},"title":"purchase,buy,mai-ba,get","valid":true}
{"arg":"Buried point","icon":{"path":"translate.png"},"quicklookurl":"http:\/\/youdao.com\/w\/%E5%9F%8B%E7%82%B9","subtitle":"\u57cb\u77f3\u70b9","text":{"copy":"monumented station,permanent station"},"title":"monumented station,permanent station","valid":true}
{"arg":"slogan","icon":{"path":"translate.png"},"quicklookurl":"http:\/\/youdao.com\/w\/%E5%8F%A3%E5%8F%B7","subtitle":"\u53e3\u53f7","text":{"copy":"slogan,catch phrase,catchword,motto"},"title":"slogan,catch phrase,catchword,motto","valid":true}
{"arg":"slogan","icon":{"path":"translate.png"},"quicklookurl":"http:\/\/youdao.com\/w\/%E5%8F%A3%E5%8F%B7","subtitle":"\u53e3\u53f7","text":{"copy":"slogan,catch phrase,catchword,motto"},"title":"slogan,catch phrase,catchword,motto","valid":true}
{"arg":"forecast","icon":{"path":"translate.png"},"quicklookurl":"http:\/\/youdao.com\/w\/%E9%A2%84%E4%BC%B0","subtitle":"\u9884\u4f30","text":{"copy":"Estimate,prospect,prediction,FCST Forecast"},"title":"Estimate,prospect,prediction,FCST Forecast","valid":true}
{"arg":"preferential","icon":{"path":"translate.png"},"quicklookurl":"http:\/\/youdao.com\/w\/%E4%BC%98%E6%83%A0","subtitle":"\u4f18\u60e0","text":{"copy":"Concessions,Preferential,preference for to,privilege"},"title":"Concessions,Preferential,preference for to,privilege","valid":true}
{"arg":"Preferential price","icon":{"path":"translate.png"},"quicklookurl":"http:\/\/youdao.com\/w\/%E4%BC%98%E6%83%A0%E4%BB%B7","subtitle":"\u4f18\u60e0\u4ef7","text":{"copy":"preferential price,vip price,Discount Price"},"title":"preferential price,vip price,Discount Price","valid":true}
{"arg":"preferential","icon":{"path":"translate.png"},"quicklookurl":"http:\/\/youdao.com\/w\/%E4%BC%98%E6%83%A0","subtitle":"\u4f18\u60e0","text":{"copy":"Concessions,Preferential,preference for to,privilege"},"title":"Concessions,Preferential,preference for to,privilege","valid":true}
{"arg":"optimal","icon":{"path":"translate.png"},"quicklookurl":"http:\/\/youdao.com\/w\/%E4%BC%98","subtitle":"\u4f18","text":{"copy":"Eu,special price,optimization,Superior"},"title":"Eu,special price,optimization,Superior","valid":true}
{"arg":"discount","icon":{"path":"translate.png"},"quicklookurl":"http:\/\/youdao.com\/w\/%E6%8A%98%E6%89%A3","subtitle":"\u6298\u6263","text":{"copy":"Discount,Rebate,at a discount,dis"},"title":"Discount,Rebate,at a discount,dis","valid":true}
{"arg":"j","icon":{"path":"translate.png"},"quicklookurl":"http:\/\/youdao.com\/w\/j","subtitle":"J-POP","text":{"copy":"\u65e5\u672c\u6d41\u884c\u97f3\u4e50,\u884c\u97f3\u4e50\u7ec4\u5408,\u65e5\u672c\u6d41\u884c,\u97f3\u4e50\u7c7b\u578b"},"title":"\u65e5\u672c\u6d41\u884c\u97f3\u4e50,\u884c\u97f3\u4e50\u7ec4\u5408,\u65e5\u672c\u6d41\u884c,\u97f3\u4e50\u7c7b\u578b","valid":true}
{"arg":"Continue to","icon":{"path":"translate.png"},"quicklookurl":"http:\/\/youdao.com\/w\/%E7%BB%A7%E7%BB%AD","subtitle":"\u7ee7\u7eed","text":{"copy":"continue,keep up,carry on,hold on"},"title":"continue,keep up,carry on,hold on","valid":true}
{"arg":"At a low price","icon":{"path":"translate.png"},"quicklookurl":"http:\/\/youdao.com\/w\/%E4%BD%8E%E4%BB%B7","subtitle":"\u4f4e\u4ef7","text":{"copy":"low in price,Low,lower price"},"title":"low in price,Low,lower price","valid":true}
{"arg":"d","icon":{"path":"translate.png"},"quicklookurl":"http:\/\/youdao.com\/w\/d","subtitle":"vitamin D","text":{"copy":"\u7ef4\u751f\u7d20D,\u9499\u5316\u9187,\u56fd\u9645\u5355\u4f4d"},"title":"\u7ef4\u751f\u7d20D,\u9499\u5316\u9187,\u56fd\u9645\u5355\u4f4d","valid":true}
{"arg":"struct","icon":{"path":"translate.png"},"quicklookurl":"http:\/\/youdao.com\/w\/struct","subtitle":"Struct","text":{"copy":"\u7ed3\u6784,\u7ed3\u6784\u4f53,\u521b\u5efa\u6784\u67b6\u6570\u7ec4,\u6784\u4f53"},"title":"\u7ed3\u6784,\u7ed3\u6784\u4f53,\u521b\u5efa\u6784\u67b6\u6570\u7ec4,\u6784\u4f53","valid":true}
{"arg":" Presenter","icon":{"path":"translate.png"},"quicklookurl":"http:\/\/youdao.com\/w\/+Presenter","subtitle":"presenter","text":{"copy":"\u4e3b\u6301\u4eba,\u51fa\u54c1\u4eba,\u63a7\u5236\u5668"},"title":"\u4e3b\u6301\u4eba,\u51fa\u54c1\u4eba,\u63a7\u5236\u5668","valid":true}
{"arg":"vehicle","icon":{"path":"translate.png"},"quicklookurl":"http:\/\/youdao.com\/w\/vehicle","subtitle":"vehicle","text":{"copy":"\u4ea4\u901a\u5de5\u5177,\u8f66\u8f86,\u8f7d\u5177,\u8fd0\u8f7d\u5de5\u5177"},"title":"\u4ea4\u901a\u5de5\u5177,\u8f66\u8f86,\u8f7d\u5177,\u8fd0\u8f7d\u5de5\u5177","valid":true}
{"arg":"zan","icon":{"path":"translate.png"},"quicklookurl":"http:\/\/youdao.com\/w\/zan","subtitle":"zan","text":{"copy":"\u626f\u6212\u5fd8\u6276\u6286,\u5927\u5c71,\u5e26\u7c98\u86cb\u767d,\u542c\u4e0d\u5230"},"title":"\u626f\u6212\u5fd8\u6276\u6286,\u5927\u5c71,\u5e26\u7c98\u86cb\u767d,\u542c\u4e0d\u5230","valid":true}
{"arg":"z","icon":{"path":"translate.png"},"quicklookurl":"http:\/\/youdao.com\/w\/z","subtitle":"\u65e0\u53cc\u5927\u86c7Z","text":{"copy":"Musou Orochi,OROCHI,Warriors Orochi,Musou Orochello"},"title":"Musou Orochi,OROCHI,Warriors Orochi,Musou Orochello","valid":true}
{"arg":"no","icon":{"path":"translate.png"},"quicklookurl":"http:\/\/youdao.com\/w\/%E6%9A%82%E6%97%A0","subtitle":"\u6682\u65e0","text":{"copy":"GUESS,Pitera,The Overture"},"title":"GUESS,Pitera,The Overture","valid":true}
{"arg":"no","icon":{"path":"translate.png"},"quicklookurl":"http:\/\/youdao.com\/w\/%E6%9A%82%E6%97%A0","subtitle":"\u6682\u65e0","text":{"copy":"GUESS,Pitera,The Overture"},"title":"GUESS,Pitera,The Overture","valid":true}
{"arg":"z","icon":{"path":"translate.png"},"quicklookurl":"http:\/\/youdao.com\/w\/z","subtitle":"\u65e0\u53cc\u5927\u86c7Z","text":{"copy":"Musou Orochi,OROCHI,Warriors Orochi,Musou Orochello"},"title":"Musou Orochi,OROCHI,Warriors Orochi,Musou Orochello","valid":true}
{"arg":"Aspect ratio","icon":{"path":"translate.png"},"quicklookurl":"http:\/\/youdao.com\/w\/%E7%BA%B5%E6%A8%AA%E6%AF%94","subtitle":"\u7eb5\u6a2a\u6bd4","text":{"copy":"aspect ratio,A ect Ratio,Transverse,IFAR"},"title":"aspect ratio,A ect Ratio,Transverse,IFAR","valid":true}
{"arg":"y","icon":{"path":"translate.png"},"quicklookurl":"http:\/\/youdao.com\/w\/y","subtitle":"Y-intercept","text":{"copy":"\u8f74\u622a\u8ddd,\u7ffb\u8bd1,\u7eb5\u622a\u8ddd"},"title":"\u8f74\u622a\u8ddd,\u7ffb\u8bd1,\u7eb5\u622a\u8ddd","valid":true}
{"arg":"tuples","icon":{"path":"translate.png"},"quicklookurl":"http:\/\/youdao.com\/w\/%E5%85%83%E7%BB%84","subtitle":"\u5143\u7ec4","text":{"copy":"tuple"},"title":"tuple","valid":true}
{"arg":"duplicate removal","icon":{"path":"translate.png"},"quicklookurl":"http:\/\/youdao.com\/w\/%E5%8E%BB%E9%87%8D","subtitle":"\u6d88\u53bb\u91cd\u6392","text":{"copy":"elimination rearrangement"},"title":"elimination rearrangement","valid":true}
{"arg":"y","icon":{"path":"translate.png"},"quicklookurl":"http:\/\/youdao.com\/w\/y","subtitle":"Y-intercept","text":{"copy":"\u8f74\u622a\u8ddd,\u7ffb\u8bd1,\u7eb5\u622a\u8ddd"},"title":"\u8f74\u622a\u8ddd,\u7ffb\u8bd1,\u7eb5\u622a\u8ddd","valid":true}
{"arg":"Rely on","icon":{"path":"translate.png"},"quicklookurl":"http:\/\/youdao.com\/w\/%E4%BE%9D%E8%B5%96","subtitle":"\u4f9d\u8d56","text":{"copy":"Depend,Dependency,rely on"},"title":"Depend,Dependency,rely on","valid":true}
{"arg":"t","icon":{"path":"translate.png"},"quicklookurl":"http:\/\/youdao.com\/w\/t","subtitle":"T-ara","text":{"copy":"\u6734\u667a\u598d,\u667a\u598d,\u6734\u5b5d\u654f,\u6069\u9759"},"title":"\u6734\u667a\u598d,\u667a\u598d,\u6734\u5b5d\u654f,\u6069\u9759","valid":true}
{"arg":"switch","icon":{"path":"translate.png"},"quicklookurl":"http:\/\/youdao.com\/w\/%E5%88%87%E6%8D%A2","subtitle":"\u5207\u6362","text":{"copy":"Handover,Switch,toggle,ICR"},"title":"Handover,Switch,toggle,ICR","valid":true}
{"arg":"huanyuan","icon":{"path":"translate.png"},"quicklookurl":"http:\/\/youdao.com\/w\/huanyuan","subtitle":"Huanyuan injection","text":{"copy":"\u8fd8\u5143\u6ce8\u5c04\u6db2"},"title":"\u8fd8\u5143\u6ce8\u5c04\u6db2","valid":true}
{"arg":"h","icon":{"path":"translate.png"},"quicklookurl":"http:\/\/youdao.com\/w\/h","subtitle":"B\u578bH\u7cfb","text":{"copy":"BGata HKei,B Gata H Ke"},"title":"BGata HKei,B Gata H Ke","valid":true}
{"arg":"reduction","icon":{"path":"translate.png"},"quicklookurl":"http:\/\/youdao.com\/w\/%E8%BF%98%E5%8E%9F","subtitle":"\u8fd8\u539f","text":{"copy":"reduction,restore"},"title":"reduction,restore","valid":true}
