{"arg":"quan","icon":{"path":"translate.png"},"quicklookurl":"http:\/\/youdao.com\/w\/quan","subtitle":"quan","text":{"copy":"\u6076\u4e0d\u609b,\u626f\u653b\u5fd8\u6276\u6286,\u4e4c\u9e26\u5144\u5f1f\u90fd\u8737,\u78c1\u529b\u6cf5"},"title":"\u6076\u4e0d\u609b,\u626f\u653b\u5fd8\u6276\u6286,\u4e4c\u9e26\u5144\u5f1f\u90fd\u8737,\u78c1\u529b\u6cf5","valid":true}
{"arg":"q","icon":{"path":"translate.png"},"quicklookurl":"http:\/\/youdao.com\/w\/q","subtitle":"Ultra Q","text":{"copy":"\u5965\u7279Q,\u8d85\u7ea7\u8c1c\u754c,\u8d85\u7b49\u8c1c\u754c,\u8d85\u5f02\u8c61\u4e4b\u8c1c"},"title":"\u5965\u7279Q,\u8d85\u7ea7\u8c1c\u754c,\u8d85\u7b49\u8c1c\u754c,\u8d85\u5f02\u8c61\u4e4b\u8c1c","valid":true}
{"arg":"The national","icon":{"path":"translate.png"},"quicklookurl":"http:\/\/youdao.com\/w\/%E5%85%A8%E5%9B%BD","subtitle":"\u5168\u56fd","text":{"copy":"Nationwide,the whole country,National,all over the country"},"title":"Nationwide,the whole country,National,all over the country","valid":true}
{"arg":"Aspect ratio","icon":{"path":"translate.png"},"quicklookurl":"http:\/\/youdao.com\/w\/%E9%AB%98%E5%AE%BD%E6%AF%94","subtitle":"\u5c4f\u5e55\u9ad8\u5bbd\u6bd4","text":{"copy":"Aspect Ratio"},"title":"Aspect Ratio","valid":true}
{"arg":"expect","icon":{"path":"translate.png"},"quicklookurl":"http:\/\/youdao.com\/w\/expect","subtitle":"Expect","text":{"copy":"\u671f\u671b,\u9884\u6599,\u9884\u671f,\u76fc\u671b"},"title":"\u671f\u671b,\u9884\u6599,\u9884\u671f,\u76fc\u671b","valid":true}
{"arg":"ratio","icon":{"path":"translate.png"},"quicklookurl":"http:\/\/youdao.com\/w\/ratio","subtitle":"ratio","text":{"copy":"\u6bd4,\u6bd4\u4f8b,\u6bd4\u503c"},"title":"\u6bd4,\u6bd4\u4f8b,\u6bd4\u503c","valid":true}
{"arg":"bowe","icon":{"path":"translate.png"},"quicklookurl":"http:\/\/youdao.com\/w\/bowe","subtitle":"BOWE","text":{"copy":"\u7f8e\u56fd\u73bb\u5a01,\u540d\u5b57,\u6700\u5e38\u7528\u7684\u94dd\u710a\u6750"},"title":"\u7f8e\u56fd\u73bb\u5a01,\u540d\u5b57,\u6700\u5e38\u7528\u7684\u94dd\u710a\u6750","valid":true}
{"arg":"b","icon":{"path":"translate.png"},"quicklookurl":"http:\/\/youdao.com\/w\/b","subtitle":"\u7ef4\u751f\u7d20B","text":{"copy":"Vitamin,VB,VitB,thiamine"},"title":"Vitamin,VB,VitB,thiamine","valid":true}
{"arg":"post","icon":{"path":"translate.png"},"quicklookurl":"http:\/\/youdao.com\/w\/%E5%8D%9A%E6%96%87","subtitle":"\u535a\u6587","text":{"copy":"Pro-One,blog,KEVIN,Balwyn"},"title":"Pro-One,blog,KEVIN,Balwyn","valid":true}
{"arg":"corrugated","icon":{"path":"translate.png"},"quicklookurl":"http:\/\/youdao.com\/w\/%E6%B3%A2%E7%BA%B9","subtitle":"\u6ce2\u7eb9","text":{"copy":"ripple effect,ripple"},"title":"ripple effect,ripple","valid":true}
{"arg":"k","icon":{"path":"translate.png"},"quicklookurl":"http:\/\/youdao.com\/w\/k","subtitle":"K-Touch","text":{"copy":"\u5929\u8bed,\u5929\u8bed\u624b\u673a,\u624b\u673a,\u5929\u5b87\u6717\u901a"},"title":"\u5929\u8bed,\u5929\u8bed\u624b\u673a,\u624b\u673a,\u5929\u5b87\u6717\u901a","valid":true}
{"arg":"k","icon":{"path":"translate.png"},"quicklookurl":"http:\/\/youdao.com\/w\/k","subtitle":"K-Touch","text":{"copy":"\u5929\u8bed,\u5929\u8bed\u624b\u673a,\u624b\u673a,\u5929\u5b87\u6717\u901a"},"title":"\u5929\u8bed,\u5929\u8bed\u624b\u673a,\u624b\u673a,\u5929\u5b87\u6717\u901a","valid":true}
{"arg":"k","icon":{"path":"translate.png"},"quicklookurl":"http:\/\/youdao.com\/w\/k","subtitle":"K-Touch","text":{"copy":"\u5929\u8bed,\u5929\u8bed\u624b\u673a,\u624b\u673a,\u5929\u5b87\u6717\u901a"},"title":"\u5929\u8bed,\u5929\u8bed\u624b\u673a,\u624b\u673a,\u5929\u5b87\u6717\u901a","valid":true}
{"arg":"switch","icon":{"path":"translate.png"},"quicklookurl":"http:\/\/youdao.com\/w\/%E5%BC%80%E5%85%B3","subtitle":"\u5f00\u5173","text":{"copy":"switch,SW,OFF,IIB"},"title":"switch,SW,OFF,IIB","valid":true}
{"arg":"terminal","icon":{"path":"translate.png"},"quicklookurl":"http:\/\/youdao.com\/w\/%E7%BB%88%E7%AB%AF","subtitle":"\u7ec8\u7aef","text":{"copy":"Terminal,termination,FTU,DTU"},"title":"Terminal,termination,FTU,DTU","valid":true}
{"arg":"The final","icon":{"path":"translate.png"},"quicklookurl":"http:\/\/youdao.com\/w\/%E7%BB%88","subtitle":"\u7ec8","text":{"copy":"Finale,end,terminal,Always in Love"},"title":"Finale,end,terminal,Always in Love","valid":true}
{"arg":"interrupt","icon":{"path":"translate.png"},"quicklookurl":"http:\/\/youdao.com\/w\/%E4%B8%AD%E6%96%AD","subtitle":"\u4e2d\u65ad","text":{"copy":"Interrupt,cut short,break off,IRQ"},"title":"Interrupt,cut short,break off,IRQ","valid":true}
{"arg":"fixed","icon":{"path":"translate.png"},"quicklookurl":"http:\/\/youdao.com\/w\/%E5%9B%BA%E5%AE%9A","subtitle":"\u56fa\u5b9a","text":{"copy":"fixed,fastening,fixation,Secure"},"title":"fixed,fastening,fixation,Secure","valid":true}
{"arg":"x","icon":{"path":"translate.png"},"quicklookurl":"http:\/\/youdao.com\/w\/x","subtitle":"X-Men","text":{"copy":"X\u6218\u8b66\u5929\u542f,\u52a8\u753b\u7248,\u53d8\u79cd\u7279\u653b"},"title":"X\u6218\u8b66\u5929\u542f,\u52a8\u753b\u7248,\u53d8\u79cd\u7279\u653b","valid":true}
{"arg":"trip","icon":{"path":"translate.png"},"quicklookurl":"http:\/\/youdao.com\/w\/%E8%A1%8C%E7%A8%8B","subtitle":"\u884c\u7a0b","text":{"copy":"Stroke,XYZ,mm,Itinerary"},"title":"Stroke,XYZ,mm,Itinerary","valid":true}
{"arg":"contact","icon":{"path":"translate.png"},"quicklookurl":"http:\/\/youdao.com\/w\/%E8%81%94%E7%B3%BB","subtitle":"\u8054\u7cfb","text":{"copy":"relation; connection,Contact,connection,in touch"},"title":"relation; connection,Contact,connection,in touch","valid":true}
{"arg":"Contact customer service","icon":{"path":"translate.png"},"quicklookurl":"http:\/\/youdao.com\/w\/%E8%81%94%E7%B3%BB%E5%AE%A2%E6%9C%8D","subtitle":"\u8054\u7cfb\u5ba2\u670d","text":{"copy":"Contact Customer Service,WDZN-BYJ,Notescontact"},"title":"Contact Customer Service,WDZN-BYJ,Notescontact","valid":true}
{"arg":"Smart tips","icon":{"path":"translate.png"},"quicklookurl":"http:\/\/youdao.com\/w\/%E6%99%BA%E8%83%BD%E6%8F%90%E7%A4%BA","subtitle":"\u667a\u80fd\u63d0\u793a","text":{"copy":"IntelliSense,Code Assist,Intelliprompt,myeclipse"},"title":"IntelliSense,Code Assist,Intelliprompt,myeclipse","valid":true}
{"arg":"intellisense","icon":{"path":"translate.png"},"quicklookurl":"http:\/\/youdao.com\/w\/intellisense","subtitle":"Intellisense","text":{"copy":"\u667a\u80fd\u611f\u77e5,\u667a\u80fd\u63d0\u793a,\u667a\u80fd\u611f\u5e94,\u8bed\u6cd5\u63d0\u793a"},"title":"\u667a\u80fd\u611f\u77e5,\u667a\u80fd\u63d0\u793a,\u667a\u80fd\u611f\u5e94,\u8bed\u6cd5\u63d0\u793a","valid":true}
{"arg":"s","icon":{"path":"translate.png"},"quicklookurl":"http:\/\/youdao.com\/w\/s","subtitle":"DVB-S","text":{"copy":"\u536b\u661f\u7535\u89c6,\u536b\u661f\u673a\u9876\u76d2,\u536b\u661f\u63a5\u6536\u673a,\u63a5\u6536\u673a"},"title":"\u536b\u661f\u7535\u89c6,\u536b\u661f\u673a\u9876\u76d2,\u536b\u661f\u63a5\u6536\u673a,\u63a5\u6536\u673a","valid":true}
{"arg":"s","icon":{"path":"translate.png"},"quicklookurl":"http:\/\/youdao.com\/w\/s","subtitle":"DVB-S","text":{"copy":"\u536b\u661f\u7535\u89c6,\u536b\u661f\u673a\u9876\u76d2,\u536b\u661f\u63a5\u6536\u673a,\u63a5\u6536\u673a"},"title":"\u536b\u661f\u7535\u89c6,\u536b\u661f\u673a\u9876\u76d2,\u536b\u661f\u63a5\u6536\u673a,\u63a5\u6536\u673a","valid":true}
{"arg":"On the pull","icon":{"path":"translate.png"},"quicklookurl":"http:\/\/youdao.com\/w\/%E4%B8%8A%E6%8B%89","subtitle":"\u4e0a\u62c9","text":{"copy":"Pull-Up,upward pull,Ultra Low-Power Wake-up,ULPWU"},"title":"Pull-Up,upward pull,Ultra Low-Power Wake-up,ULPWU","valid":true}
{"arg":"Pull on loading","icon":{"path":"translate.png"},"quicklookurl":"http:\/\/youdao.com\/w\/%E4%B8%8A%E6%8B%89%E5%8A%A0%E8%BD%BD","subtitle":"\u4e0a\u62c9\u52a0\u8f7d","text":{"copy":"GJGCRefreshFooter"},"title":"GJGCRefreshFooter","valid":true}
{"arg":"delegate","icon":{"path":"translate.png"},"quicklookurl":"http:\/\/youdao.com\/w\/delegate","subtitle":"delegate","text":{"copy":"\u4ee3\u8868,\u59d4\u6258,\u4ee3\u7406,\u59d4\u6d3e"},"title":"\u4ee3\u8868,\u59d4\u6258,\u4ee3\u7406,\u59d4\u6d3e","valid":true}
{"arg":"emit","icon":{"path":"translate.png"},"quicklookurl":"http:\/\/youdao.com\/w\/emit","subtitle":"emit","text":{"copy":"\u53d1\u5c04,\u53d1\u51fa,\u6563\u53d1"},"title":"\u53d1\u5c04,\u53d1\u51fa,\u6563\u53d1","valid":true}
{"arg":"anonymous","icon":{"path":"translate.png"},"quicklookurl":"http:\/\/youdao.com\/w\/%E5%8C%BF%E5%90%8D","subtitle":"\u533f\u540d","text":{"copy":"anonymity,n,FTP"},"title":"anonymity,n,FTP","valid":true}
{"arg":"Anonymous functions","icon":{"path":"translate.png"},"quicklookurl":"http:\/\/youdao.com\/w\/%E5%8C%BF%E5%90%8D%E5%87%BD%E6%95%B0","subtitle":"\u533f\u540d\u51fd\u6570","text":{"copy":"anonymous function,lambda"},"title":"anonymous function,lambda","valid":true}
{"arg":"Anonymous functions","icon":{"path":"translate.png"},"quicklookurl":"http:\/\/youdao.com\/w\/%E5%8C%BF%E5%90%8D%E5%87%BD%E6%95%B0","subtitle":"\u533f\u540d\u51fd\u6570","text":{"copy":"anonymous function,lambda"},"title":"anonymous function,lambda","valid":true}
{"arg":"build","icon":{"path":"translate.png"},"quicklookurl":"http:\/\/youdao.com\/w\/%E6%9E%84%E5%BB%BA","subtitle":"\u6784\u5efa","text":{"copy":"Construction,Build,structure,Establishment"},"title":"Construction,Build,structure,Establishment","valid":true}
{"arg":"Build parameters","icon":{"path":"translate.png"},"quicklookurl":"http:\/\/youdao.com\/w\/%E6%9E%84%E5%BB%BA%E5%8F%82%E6%95%B0","subtitle":"\u9762\u4e0a\u6784\u5efa\u6052\u5b9a\u53c2\u6570\u66f2\u7ebf","text":{"copy":"Const param"},"title":"Const param","valid":true}
{"arg":"constitutive","icon":{"path":"translate.png"},"quicklookurl":"http:\/\/youdao.com\/w\/%E6%9E%84","subtitle":"\u4ea7\u4e1a\u7ed3\u6784","text":{"copy":"the industrial structure,structure of industry; industrial structure,industrial structure"},"title":"the industrial structure,structure of industry; industrial structure,industrial structure","valid":true}
{"arg":"Structural parameters","icon":{"path":"translate.png"},"quicklookurl":"http:\/\/youdao.com\/w\/%E6%9E%84%E9%80%A0%E5%8F%82%E6%95%B0","subtitle":"\u6784\u9020\u53c2\u6570","text":{"copy":"Formation parameter"},"title":"Formation parameter","valid":true}
{"arg":"structure","icon":{"path":"translate.png"},"quicklookurl":"http:\/\/youdao.com\/w\/%E6%9E%84%E9%80%A0","subtitle":"\u6784\u9020","text":{"copy":"construction,structure,makeup,constitution"},"title":"construction,structure,makeup,constitution","valid":true}
{"arg":"to","icon":{"path":"translate.png"},"quicklookurl":"http:\/\/youdao.com\/w\/to","subtitle":"to","text":{"copy":"\u6c64\u52a0,\u524d\u5f80\u57ce\u5e02,\u6070\u597d\u5730,\u5230"},"title":"\u6c64\u52a0,\u524d\u5f80\u57ce\u5e02,\u6070\u597d\u5730,\u5230","valid":true}
{"arg":"tongji","icon":{"path":"translate.png"},"quicklookurl":"http:\/\/youdao.com\/w\/tongji","subtitle":"TongJi","text":{"copy":"\u540c\u6d4e\u5927\u5b66,\u767e\u5ea6\u7edf\u8ba1,\u4e0a\u6d77\u540c\u6d4e,\u6c11\u8b66\u5728\u901a\u6d4e"},"title":"\u540c\u6d4e\u5927\u5b66,\u767e\u5ea6\u7edf\u8ba1,\u4e0a\u6d77\u540c\u6d4e,\u6c11\u8b66\u5728\u901a\u6d4e","valid":true}
{"arg":"to","icon":{"path":"translate.png"},"quicklookurl":"http:\/\/youdao.com\/w\/to","subtitle":"to","text":{"copy":"\u6c64\u52a0,\u524d\u5f80\u57ce\u5e02,\u6070\u597d\u5730,\u5230"},"title":"\u6c64\u52a0,\u524d\u5f80\u57ce\u5e02,\u6070\u597d\u5730,\u5230","valid":true}
{"arg":"t","icon":{"path":"translate.png"},"quicklookurl":"http:\/\/youdao.com\/w\/t","subtitle":"T-ara","text":{"copy":"\u6734\u667a\u598d,\u667a\u598d,\u6734\u5b5d\u654f,\u6069\u9759"},"title":"\u6734\u667a\u598d,\u667a\u598d,\u6734\u5b5d\u654f,\u6069\u9759","valid":true}
{"arg":"statistical","icon":{"path":"translate.png"},"quicklookurl":"http:\/\/youdao.com\/w\/%E7%BB%9F%E8%AE%A1","subtitle":"\u7edf\u8ba1","text":{"copy":"Statistics,Stat,Info,COUNT"},"title":"Statistics,Stat,Info,COUNT","valid":true}
{"arg":"x","icon":{"path":"translate.png"},"quicklookurl":"http:\/\/youdao.com\/w\/x","subtitle":"X-Men","text":{"copy":"X\u6218\u8b66\u5929\u542f,\u52a8\u753b\u7248,\u53d8\u79cd\u7279\u653b"},"title":"X\u6218\u8b66\u5929\u542f,\u52a8\u753b\u7248,\u53d8\u79cd\u7279\u653b","valid":true}
{"arg":"x","icon":{"path":"translate.png"},"quicklookurl":"http:\/\/youdao.com\/w\/x","subtitle":"X-Men","text":{"copy":"X\u6218\u8b66\u5929\u542f,\u52a8\u753b\u7248,\u53d8\u79cd\u7279\u653b"},"title":"X\u6218\u8b66\u5929\u542f,\u52a8\u753b\u7248,\u53d8\u79cd\u7279\u653b","valid":true}
{"arg":"correction","icon":{"path":"translate.png"},"quicklookurl":"http:\/\/youdao.com\/w\/%E4%BF%AE%E6%AD%A3","subtitle":"\u4fee\u6b63","text":{"copy":"amendment,correction,revise,to amend"},"title":"amendment,correction,revise,to amend","valid":true}
{"arg":"xiuzheng","icon":{"path":"translate.png"},"quicklookurl":"http:\/\/youdao.com\/w\/xiuzheng","subtitle":"Xiuzheng Pharmaceutical Group","text":{"copy":"\u4fee\u6b63\u836f\u4e1a\u96c6\u56e2"},"title":"\u4fee\u6b63\u836f\u4e1a\u96c6\u56e2","valid":true}
{"arg":"xiuzheng ","icon":{"path":"translate.png"},"quicklookurl":"http:\/\/youdao.com\/w\/xiuzheng+","subtitle":"Xiuzheng Pharmaceutical Group","text":{"copy":"\u4fee\u6b63\u836f\u4e1a\u96c6\u56e2"},"title":"\u4fee\u6b63\u836f\u4e1a\u96c6\u56e2","valid":true}
{"arg":"w","icon":{"path":"translate.png"},"quicklookurl":"http:\/\/youdao.com\/w\/w","subtitle":"B&W","text":{"copy":"\u9ed1\u4e0e\u767d,\u5b9d\u534e,\u9ed1\u767d(Black & White)"},"title":"\u9ed1\u4e0e\u767d,\u5b9d\u534e,\u9ed1\u767d(Black & White)","valid":true}
{"arg":"unprocessed","icon":{"path":"translate.png"},"quicklookurl":"http:\/\/youdao.com\/w\/%E6%9C%AA%E5%8A%A0%E5%B7%A5","subtitle":"\u672a\u52a0\u5de5","text":{"copy":"Unrefined,RAW,MISSED FINISH,unprocessed"},"title":"Unrefined,RAW,MISSED FINISH,unprocessed","valid":true}
{"arg":"unprocessed","icon":{"path":"translate.png"},"quicklookurl":"http:\/\/youdao.com\/w\/%E6%9C%AA%E5%8A%A0%E5%B7%A5%E7%9A%84","subtitle":"\u672a\u52a0\u5de5\u7684","text":{"copy":"raw,coarse,unprocessed,crude"},"title":"raw,coarse,unprocessed,crude","valid":true}
{"arg":"r","icon":{"path":"translate.png"},"quicklookurl":"http:\/\/youdao.com\/w\/r","subtitle":"PP-R","text":{"copy":"\u805a\u4e19\u70ef,\u4e09\u578b\u805a\u4e19\u70ef,\u65e0\u89c4\u5171\u805a\u805a\u4e19\u70ef,\u4e09\u578b\u805a\u4e19\u70ef\u7ba1"},"title":"\u805a\u4e19\u70ef,\u4e09\u578b\u805a\u4e19\u70ef,\u65e0\u89c4\u5171\u805a\u805a\u4e19\u70ef,\u4e09\u578b\u805a\u4e19\u70ef\u7ba1","valid":true}
{"arg":"The entrance","icon":{"path":"translate.png"},"quicklookurl":"http:\/\/youdao.com\/w\/%E5%85%A5%E5%8F%A3","subtitle":"\u5165\u53e3","text":{"copy":"The Entrance,inlet,in,access"},"title":"The Entrance,inlet,in,access","valid":true}
{"arg":"shu","icon":{"path":"translate.png"},"quicklookurl":"http:\/\/youdao.com\/w\/shu","subtitle":"SHU","text":{"copy":"\u978b\u5b50\u4e13\u5356\u5e97,\u4e0a\u6d77\u548c\u7766\u5bb6\u533b\u9662,\u8700\u56fd,\u6c60\u7530\u79c0\u4e00"},"title":"\u978b\u5b50\u4e13\u5356\u5e97,\u4e0a\u6d77\u548c\u7766\u5bb6\u533b\u9662,\u8700\u56fd,\u6c60\u7530\u79c0\u4e00","valid":true}
{"arg":"s","icon":{"path":"translate.png"},"quicklookurl":"http:\/\/youdao.com\/w\/s","subtitle":"DVB-S","text":{"copy":"\u536b\u661f\u7535\u89c6,\u536b\u661f\u673a\u9876\u76d2,\u536b\u661f\u63a5\u6536\u673a,\u63a5\u6536\u673a"},"title":"\u536b\u661f\u7535\u89c6,\u536b\u661f\u673a\u9876\u76d2,\u536b\u661f\u63a5\u6536\u673a,\u63a5\u6536\u673a","valid":true}
{"arg":"attribute","icon":{"path":"translate.png"},"quicklookurl":"http:\/\/youdao.com\/w\/%E5%B1%9E%E6%80%A7","subtitle":"\u5c5e\u6027","text":{"copy":"property,attribute; property; character,Attributes,properties"},"title":"property,attribute; property; character,Attributes,properties","valid":true}
{"arg":"t","icon":{"path":"translate.png"},"quicklookurl":"http:\/\/youdao.com\/w\/t","subtitle":"T-ara","text":{"copy":"\u6734\u667a\u598d,\u667a\u598d,\u6734\u5b5d\u654f,\u6069\u9759"},"title":"\u6734\u667a\u598d,\u667a\u598d,\u6734\u5b5d\u654f,\u6069\u9759","valid":true}
{"arg":"skip","icon":{"path":"translate.png"},"quicklookurl":"http:\/\/youdao.com\/w\/%E8%B7%B3%E8%BF%87","subtitle":"\u8df3\u8fc7","text":{"copy":"skip,PASS,overleap,leap over"},"title":"skip,PASS,overleap,leap over","valid":true}
{"arg":"j","icon":{"path":"translate.png"},"quicklookurl":"http:\/\/youdao.com\/w\/j","subtitle":"J-POP","text":{"copy":"\u65e5\u672c\u6d41\u884c\u97f3\u4e50,\u884c\u97f3\u4e50\u7ec4\u5408,\u65e5\u672c\u6d41\u884c,\u97f3\u4e50\u7c7b\u578b"},"title":"\u65e5\u672c\u6d41\u884c\u97f3\u4e50,\u884c\u97f3\u4e50\u7ec4\u5408,\u65e5\u672c\u6d41\u884c,\u97f3\u4e50\u7c7b\u578b","valid":true}
{"arg":"phase","icon":{"path":"translate.png"},"quicklookurl":"http:\/\/youdao.com\/w\/%E9%98%B6%E6%AE%B5","subtitle":"\u9636\u6bb5","text":{"copy":"stage,phase,Plan"},"title":"stage,phase,Plan","valid":true}
{"arg":"b","icon":{"path":"translate.png"},"quicklookurl":"http:\/\/youdao.com\/w\/b","subtitle":"\u7ef4\u751f\u7d20B","text":{"copy":"Vitamin,VB,VitB,thiamine"},"title":"Vitamin,VB,VitB,thiamine","valid":true}
{"arg":"Don't need","icon":{"path":"translate.png"},"quicklookurl":"http:\/\/youdao.com\/w\/%E4%B8%8D%E9%9C%80%E8%A6%81","subtitle":"\u4e0d\u9700\u8981","text":{"copy":"Not Required,do without,MS software shadow copy provider,NO NEED"},"title":"Not Required,do without,MS software shadow copy provider,NO NEED","valid":true}
{"arg":"Don't","icon":{"path":"translate.png"},"quicklookurl":"http:\/\/youdao.com\/w\/%E4%B8%8D","subtitle":"\u4e0d","text":{"copy":"Oh non non non,no,not,be in default"},"title":"Oh non non non,no,not,be in default","valid":true}
{"arg":"Don't need to","icon":{"path":"translate.png"},"quicklookurl":"http:\/\/youdao.com\/w\/%E6%97%A0%E9%9C%80","subtitle":"\u65e0\u9700","text":{"copy":"dispense with,No need to,needless"},"title":"dispense with,No need to,needless","valid":true}
{"arg":"The ongoing","icon":{"path":"translate.png"},"quicklookurl":"http:\/\/youdao.com\/w\/%E8%BF%9B%E8%A1%8C%E4%B8%AD%E7%9A%84","subtitle":"\u8fdb\u884c\u4e2d\u7684","text":{"copy":"ongoing,underway,once upon a time,going"},"title":"ongoing,underway,once upon a time,going","valid":true}
{"arg":"c","icon":{"path":"translate.png"},"quicklookurl":"http:\/\/youdao.com\/w\/c","subtitle":"\u7ef4\u751f\u7d20C","text":{"copy":"Vitamin,Ascorbic Acid,Poly,VC"},"title":"Vitamin,Ascorbic Acid,Poly,VC","valid":true}
{"arg":"s","icon":{"path":"translate.png"},"quicklookurl":"http:\/\/youdao.com\/w\/s","subtitle":"DVB-S","text":{"copy":"\u536b\u661f\u7535\u89c6,\u536b\u661f\u673a\u9876\u76d2,\u536b\u661f\u63a5\u6536\u673a,\u63a5\u6536\u673a"},"title":"\u536b\u661f\u7535\u89c6,\u536b\u661f\u673a\u9876\u76d2,\u536b\u661f\u63a5\u6536\u673a,\u63a5\u6536\u673a","valid":true}
{"arg":"schema","icon":{"path":"translate.png"},"quicklookurl":"http:\/\/youdao.com\/w\/schema","subtitle":"Schema","text":{"copy":"\u67b6\u6784,\u6a21\u5f0f,\u7eb2\u76ee\u7ed3\u6784,\u65b9\u6848"},"title":"\u67b6\u6784,\u6a21\u5f0f,\u7eb2\u76ee\u7ed3\u6784,\u65b9\u6848","valid":true}
{"arg":"go","icon":{"path":"translate.png"},"quicklookurl":"http:\/\/youdao.com\/w\/go","subtitle":"Go","text":{"copy":"\u56f4\u68cb,\u53bb,\u6c27\u5316\u77f3\u58a8\u70ef(Graphene Oxide),\u8d70"},"title":"\u56f4\u68cb,\u53bb,\u6c27\u5316\u77f3\u58a8\u70ef(Graphene Oxide),\u8d70","valid":true}
{"arg":"g","icon":{"path":"translate.png"},"quicklookurl":"http:\/\/youdao.com\/w\/g","subtitle":"G-Dragon","text":{"copy":"\u6743\u5fd7\u9f99,\u961f\u957f\u6743\u5fd7\u9f99,\u5fd7\u9f99,\u672c\u540d\u6743\u5fd7\u9f99"},"title":"\u6743\u5fd7\u9f99,\u961f\u957f\u6743\u5fd7\u9f99,\u5fd7\u9f99,\u672c\u540d\u6743\u5fd7\u9f99","valid":true}
{"arg":"structure","icon":{"path":"translate.png"},"quicklookurl":"http:\/\/youdao.com\/w\/%E6%9E%84%E9%80%A0","subtitle":"\u6784\u9020","text":{"copy":"construction,structure,makeup,constitution"},"title":"construction,structure,makeup,constitution","valid":true}
{"arg":"t","icon":{"path":"translate.png"},"quicklookurl":"http:\/\/youdao.com\/w\/t","subtitle":"T-ara","text":{"copy":"\u6734\u667a\u598d,\u667a\u598d,\u6734\u5b5d\u654f,\u6069\u9759"},"title":"\u6734\u667a\u598d,\u667a\u598d,\u6734\u5b5d\u654f,\u6069\u9759","valid":true}
{"arg":"jump","icon":{"path":"translate.png"},"quicklookurl":"http:\/\/youdao.com\/w\/%E8%B7%B3%E8%BD%AC","subtitle":"\u8df3\u8f6c","text":{"copy":"jump,JMP,Goto,Redirection"},"title":"jump,JMP,Goto,Redirection","valid":true}
{"arg":"Send a single member","icon":{"path":"translate.png"},"quicklookurl":"http:\/\/youdao.com\/w\/%E6%B4%BE%E5%8D%95%E5%91%98","subtitle":"\u6d3e\u5355\u5458","text":{"copy":"Send a single member,Send single Special Rapporteur,Dispatchers"},"title":"Send a single member,Send single Special Rapporteur,Dispatchers","valid":true}
{"arg":"Send a single","icon":{"path":"translate.png"},"quicklookurl":"http:\/\/youdao.com\/w\/%E6%B4%BE%E5%8D%95","subtitle":"\u6d3e\u5355","text":{"copy":"request designating"},"title":"request designating","valid":true}
{"arg":"Send a single","icon":{"path":"translate.png"},"quicklookurl":"http:\/\/youdao.com\/w\/%E6%B4%BE%E5%8D%95","subtitle":"\u6d3e\u5355","text":{"copy":"request designating"},"title":"request designating","valid":true}
{"arg":"lie","icon":{"path":"translate.png"},"quicklookurl":"http:\/\/youdao.com\/w\/lie","subtitle":"lie","text":{"copy":"\u8c0e\u8a00,\u8bf4\u8c0e,\u4f4d\u4e8e,\u6492\u8c0e"},"title":"\u8c0e\u8a00,\u8bf4\u8c0e,\u4f4d\u4e8e,\u6492\u8c0e","valid":true}
{"arg":"l","icon":{"path":"translate.png"},"quicklookurl":"http:\/\/youdao.com\/w\/l","subtitle":"The L Word","text":{"copy":"\u5973\u6b22\u5973\u7231,\u7b2c\u4e94\u5b63"},"title":"\u5973\u6b22\u5973\u7231,\u7b2c\u4e94\u5b63","valid":true}
{"arg":"The critical value","icon":{"path":"translate.png"},"quicklookurl":"http:\/\/youdao.com\/w\/%E4%B8%B4%E7%95%8C%E5%80%BC","subtitle":"\u4e34\u754c\u503c","text":{"copy":"critical value,threshold,cut off,marginal value"},"title":"critical value,threshold,cut off,marginal value","valid":true}
{"arg":"The critical","icon":{"path":"translate.png"},"quicklookurl":"http:\/\/youdao.com\/w\/%E4%B8%B4%E7%95%8C","subtitle":"\u4e34\u754c","text":{"copy":"Critical,threshold,crisis,borderline"},"title":"Critical,threshold,crisis,borderline","valid":true}
{"arg":"In the","icon":{"path":"translate.png"},"quicklookurl":"http:\/\/youdao.com\/w\/%E4%B8%B4","subtitle":"\u4e34","text":{"copy":"clinic,clinical trial,J Clin Oncol"},"title":"clinic,clinical trial,J Clin Oncol","valid":true}
{"arg":"The threshold value","icon":{"path":"translate.png"},"quicklookurl":"http:\/\/youdao.com\/w\/%E9%98%88%E5%80%BC","subtitle":"\u9608\u503c","text":{"copy":"Threshold,VPT,sensory threshold,THR THRESH threshold"},"title":"Threshold,VPT,sensory threshold,THR THRESH threshold","valid":true}
{"arg":"l","icon":{"path":"translate.png"},"quicklookurl":"http:\/\/youdao.com\/w\/l","subtitle":"The L Word","text":{"copy":"\u5973\u6b22\u5973\u7231,\u7b2c\u4e94\u5b63"},"title":"\u5973\u6b22\u5973\u7231,\u7b2c\u4e94\u5b63","valid":true}
{"arg":"judge","icon":{"path":"translate.png"},"quicklookurl":"http:\/\/youdao.com\/w\/%E5%88%A4%E6%96%AD","subtitle":"\u5224\u65ad","text":{"copy":"judgment,Judgement,Judge,diagnose"},"title":"judgment,Judgement,Judge,diagnose","valid":true}
{"arg":"Sentenced to","icon":{"path":"translate.png"},"quicklookurl":"http:\/\/youdao.com\/w\/%E5%88%A4","subtitle":"\u5224","text":{"copy":"condemn,verdict,convict"},"title":"condemn,verdict,convict","valid":true}
{"arg":"type","icon":{"path":"translate.png"},"quicklookurl":"http:\/\/youdao.com\/w\/%E7%B1%BB%E5%9E%8B","subtitle":"\u7c7b\u578b","text":{"copy":"Types,genre,Type,Category"},"title":"Types,genre,Type,Category","valid":true}
{"arg":"Type judgment","icon":{"path":"translate.png"},"quicklookurl":"http:\/\/youdao.com\/w\/%E7%B1%BB%E5%9E%8B%E5%88%A4%E6%96%AD","subtitle":"\u5355\u4f4d\u7c7b\u578b\u5224\u65ad","text":{"copy":"Unit-Type Comparison"},"title":"Unit-Type Comparison","valid":true}
{"arg":"RESERVE","icon":{"path":"translate.png"},"quicklookurl":"http:\/\/youdao.com\/w\/RESERVE","subtitle":"Reserve","text":{"copy":"\u4fdd\u7559,\u5907\u7528,\u9884\u5b9a"},"title":"\u4fdd\u7559,\u5907\u7528,\u9884\u5b9a","valid":true}
{"arg":"desire","icon":{"path":"translate.png"},"quicklookurl":"http:\/\/youdao.com\/w\/desire","subtitle":"Desire","text":{"copy":"\u6e34\u671b,\u613f\u671b,\u671f\u671b,\u5fc3\u613f"},"title":"\u6e34\u671b,\u613f\u671b,\u671f\u671b,\u5fc3\u613f","valid":true}
{"arg":"ex","icon":{"path":"translate.png"},"quicklookurl":"http:\/\/youdao.com\/w\/ex","subtitle":"EX","text":{"copy":"\u5ef6\u4f38,\u5ef6\u957f,\u53ef\u71c3\u6c14\u4f53,\u524d\u4efb"},"title":"\u5ef6\u4f38,\u5ef6\u957f,\u53ef\u71c3\u6c14\u4f53,\u524d\u4efb","valid":true}
{"arg":"exp","icon":{"path":"translate.png"},"quicklookurl":"http:\/\/youdao.com\/w\/exp","subtitle":"EXP","text":{"copy":"\u7ecf\u9a8c\u503c,\u6307\u6570,\u918b\u9178\u4e59\u70ef,\u7ecf\u9a8c"},"title":"\u7ecf\u9a8c\u503c,\u6307\u6570,\u918b\u9178\u4e59\u70ef,\u7ecf\u9a8c","valid":true}
{"arg":"expa","icon":{"path":"translate.png"},"quicklookurl":"http:\/\/youdao.com\/w\/expa","subtitle":"expa ion tank","text":{"copy":"\u81a8\u80c0\u6c34\u7bb1,\u81a8\u80c0\u7bb1"},"title":"\u81a8\u80c0\u6c34\u7bb1,\u81a8\u80c0\u7bb1","valid":true}
{"arg":"expand","icon":{"path":"translate.png"},"quicklookurl":"http:\/\/youdao.com\/w\/expand","subtitle":"Expand","text":{"copy":"\u6269\u5927,\u6269\u5f20,\u6269\u5c55,\u5c55\u5f00"},"title":"\u6269\u5927,\u6269\u5f20,\u6269\u5c55,\u5c55\u5f00","valid":true}
{"arg":"d","icon":{"path":"translate.png"},"quicklookurl":"http:\/\/youdao.com\/w\/d","subtitle":"vitamin D","text":{"copy":"\u7ef4\u751f\u7d20D,\u9499\u5316\u9187,\u56fd\u9645\u5355\u4f4d"},"title":"\u7ef4\u751f\u7d20D,\u9499\u5316\u9187,\u56fd\u9645\u5355\u4f4d","valid":true}
{"arg":"with","icon":{"path":"translate.png"},"quicklookurl":"http:\/\/youdao.com\/w\/%E5%B8%A6","subtitle":"\u5e26","text":{"copy":"Belt,Tape,Ribbon,band"},"title":"Belt,Tape,Ribbon,band","valid":true}
{"arg":"To be paid","icon":{"path":"translate.png"},"quicklookurl":"http:\/\/youdao.com\/w\/%E5%BE%85%E6%94%AF%E4%BB%98","subtitle":"\u5f85\u652f\u4ed8","text":{"copy":"no payment"},"title":"no payment","valid":true}
{"arg":"y","icon":{"path":"translate.png"},"quicklookurl":"http:\/\/youdao.com\/w\/y","subtitle":"Y-intercept","text":{"copy":"\u8f74\u622a\u8ddd,\u7ffb\u8bd1,\u7eb5\u622a\u8ddd"},"title":"\u8f74\u622a\u8ddd,\u7ffb\u8bd1,\u7eb5\u622a\u8ddd","valid":true}
{"arg":"asynchronous","icon":{"path":"translate.png"},"quicklookurl":"http:\/\/youdao.com\/w\/%E5%BC%82%E6%AD%A5","subtitle":"\u5f02\u6b65","text":{"copy":"ASYNCH,asynchronous,asynchronisation,async"},"title":"ASYNCH,asynchronous,asynchronisation,async","valid":true}
{"arg":"c","icon":{"path":"translate.png"},"quicklookurl":"http:\/\/youdao.com\/w\/c","subtitle":"\u7ef4\u751f\u7d20C","text":{"copy":"Vitamin,Ascorbic Acid,Poly,VC"},"title":"Vitamin,Ascorbic Acid,Poly,VC","valid":true}
{"arg":"cw","icon":{"path":"translate.png"},"quicklookurl":"http:\/\/youdao.com\/w\/cw","subtitle":"CW","text":{"copy":"\u8fde\u7eed\u6ce2(Continuous Wave),\u987a\u65f6\u9488,\u63a7\u5236\u5b57,\u8f6c\u5411"},"title":"\u8fde\u7eed\u6ce2(Continuous Wave),\u987a\u65f6\u9488,\u63a7\u5236\u5b57,\u8f6c\u5411","valid":true}
{"arg":"c","icon":{"path":"translate.png"},"quicklookurl":"http:\/\/youdao.com\/w\/c","subtitle":"\u7ef4\u751f\u7d20C","text":{"copy":"Vitamin,Ascorbic Acid,Poly,VC"},"title":"Vitamin,Ascorbic Acid,Poly,VC","valid":true}
{"arg":"C a","icon":{"path":"translate.png"},"quicklookurl":"http:\/\/youdao.com\/w\/c%E4%BD%8D","subtitle":"C\u4f4d","text":{"copy":"center"},"title":"center","valid":true}
{"arg":"j","icon":{"path":"translate.png"},"quicklookurl":"http:\/\/youdao.com\/w\/j","subtitle":"J-POP","text":{"copy":"\u65e5\u672c\u6d41\u884c\u97f3\u4e50,\u884c\u97f3\u4e50\u7ec4\u5408,\u65e5\u672c\u6d41\u884c,\u97f3\u4e50\u7c7b\u578b"},"title":"\u65e5\u672c\u6d41\u884c\u97f3\u4e50,\u884c\u97f3\u4e50\u7ec4\u5408,\u65e5\u672c\u6d41\u884c,\u97f3\u4e50\u7c7b\u578b","valid":true}
{"arg":"l","icon":{"path":"translate.png"},"quicklookurl":"http:\/\/youdao.com\/w\/l","subtitle":"The L Word","text":{"copy":"\u5973\u6b22\u5973\u7231,\u7b2c\u4e94\u5b63"},"title":"\u5973\u6b22\u5973\u7231,\u7b2c\u4e94\u5b63","valid":true}
{"arg":"serialization","icon":{"path":"translate.png"},"quicklookurl":"http:\/\/youdao.com\/w\/%E5%BA%8F%E5%88%97%E5%8C%96","subtitle":"\u5e8f\u5217\u5316","text":{"copy":"Serialize,SERIALIZABLE,Serializing"},"title":"Serialize,SERIALIZABLE,Serializing","valid":true}
{"arg":"x","icon":{"path":"translate.png"},"quicklookurl":"http:\/\/youdao.com\/w\/x","subtitle":"X-Men","text":{"copy":"X\u6218\u8b66\u5929\u542f,\u52a8\u753b\u7248,\u53d8\u79cd\u7279\u653b"},"title":"X\u6218\u8b66\u5929\u542f,\u52a8\u753b\u7248,\u53d8\u79cd\u7279\u653b","valid":true}
{"arg":"serialization","icon":{"path":"translate.png"},"quicklookurl":"http:\/\/youdao.com\/w\/%E5%BA%8F%E5%88%97%E5%8C%96","subtitle":"\u5e8f\u5217\u5316","text":{"copy":"Serialize,SERIALIZABLE,Serializing"},"title":"Serialize,SERIALIZABLE,Serializing","valid":true}
{"arg":"serialization","icon":{"path":"translate.png"},"quicklookurl":"http:\/\/youdao.com\/w\/%E5%BA%8F%E5%88%97%E5%8C%96+","subtitle":"\u5e8f\u5217\u5316","text":{"copy":"Serialize,SERIALIZABLE,Serializing"},"title":"Serialize,SERIALIZABLE,Serializing","valid":true}
{"arg":"serialization","icon":{"path":"translate.png"},"quicklookurl":"http:\/\/youdao.com\/w\/%E5%BA%8F%E5%88%97%E5%8C%96","subtitle":"\u5e8f\u5217\u5316","text":{"copy":"Serialize,SERIALIZABLE,Serializing"},"title":"Serialize,SERIALIZABLE,Serializing","valid":true}
{"arg":"exposure","icon":{"path":"translate.png"},"quicklookurl":"http:\/\/youdao.com\/w\/%E6%9B%9D%E5%85%89","subtitle":"\u66dd\u5149","text":{"copy":"Exposure,expose,Solarize"},"title":"Exposure,expose,Solarize","valid":true}
{"arg":"j","icon":{"path":"translate.png"},"quicklookurl":"http:\/\/youdao.com\/w\/j","subtitle":"J-POP","text":{"copy":"\u65e5\u672c\u6d41\u884c\u97f3\u4e50,\u884c\u97f3\u4e50\u7ec4\u5408,\u65e5\u672c\u6d41\u884c,\u97f3\u4e50\u7c7b\u578b"},"title":"\u65e5\u672c\u6d41\u884c\u97f3\u4e50,\u884c\u97f3\u4e50\u7ec4\u5408,\u65e5\u672c\u6d41\u884c,\u97f3\u4e50\u7c7b\u578b","valid":true}
{"arg":"Loading indicator","icon":{"path":"translate.png"},"quicklookurl":"http:\/\/youdao.com\/w\/%E5%8A%A0%E8%BD%BD%E6%8C%87%E7%A4%BA%E5%99%A8","subtitle":"\u52a0\u8f7d\u6307\u793a\u5668","text":{"copy":"loading indicator"},"title":"loading indicator","valid":true}
{"arg":"Does not support","icon":{"path":"translate.png"},"quicklookurl":"http:\/\/youdao.com\/w\/%E4%B8%8D%E6%94%AF%E6%8C%81","subtitle":"\u4e0d\u652f\u6301","text":{"copy":"let down,object to,Not supported,nonsupport"},"title":"let down,object to,Not supported,nonsupport","valid":true}
{"arg":"adapter","icon":{"path":"translate.png"},"quicklookurl":"http:\/\/youdao.com\/w\/%E9%80%82%E9%85%8D","subtitle":"\u9002\u914d","text":{"copy":"Adaptive,Fit,Match,adaptation"},"title":"Adaptive,Fit,Match,adaptation","valid":true}
{"arg":"q","icon":{"path":"translate.png"},"quicklookurl":"http:\/\/youdao.com\/w\/q","subtitle":"Ultra Q","text":{"copy":"\u5965\u7279Q,\u8d85\u7ea7\u8c1c\u754c,\u8d85\u7b49\u8c1c\u754c,\u8d85\u5f02\u8c61\u4e4b\u8c1c"},"title":"\u5965\u7279Q,\u8d85\u7ea7\u8c1c\u754c,\u8d85\u7b49\u8c1c\u754c,\u8d85\u5f02\u8c61\u4e4b\u8c1c","valid":true}
{"arg":"missing","icon":{"path":"translate.png"},"quicklookurl":"http:\/\/youdao.com\/w\/%E7%BC%BA%E5%A4%B1","subtitle":"\u7f3a\u5931","text":{"copy":"deletion,Missing,Lack"},"title":"deletion,Missing,Lack","valid":true}
{"arg":"s","icon":{"path":"translate.png"},"quicklookurl":"http:\/\/youdao.com\/w\/s","subtitle":"DVB-S","text":{"copy":"\u536b\u661f\u7535\u89c6,\u536b\u661f\u673a\u9876\u76d2,\u536b\u661f\u63a5\u6536\u673a,\u63a5\u6536\u673a"},"title":"\u536b\u661f\u7535\u89c6,\u536b\u661f\u673a\u9876\u76d2,\u536b\u661f\u63a5\u6536\u673a,\u63a5\u6536\u673a","valid":true}
{"arg":"attribute","icon":{"path":"translate.png"},"quicklookurl":"http:\/\/youdao.com\/w\/%E5%B1%9E%E6%80%A7","subtitle":"\u5c5e\u6027","text":{"copy":"property,attribute; property; character,Attributes,properties"},"title":"property,attribute; property; character,Attributes,properties","valid":true}
{"arg":"s","icon":{"path":"translate.png"},"quicklookurl":"http:\/\/youdao.com\/w\/s","subtitle":"DVB-S","text":{"copy":"\u536b\u661f\u7535\u89c6,\u536b\u661f\u673a\u9876\u76d2,\u536b\u661f\u63a5\u6536\u673a,\u63a5\u6536\u673a"},"title":"\u536b\u661f\u7535\u89c6,\u536b\u661f\u673a\u9876\u76d2,\u536b\u661f\u63a5\u6536\u673a,\u63a5\u6536\u673a","valid":true}
{"arg":"The zoom","icon":{"path":"translate.png"},"quicklookurl":"http:\/\/youdao.com\/w\/%E7%BC%A9%E6%94%BE","subtitle":"\u7f29\u653e","text":{"copy":"scaling,Zoom,Scale,Z"},"title":"scaling,Zoom,Scale,Z","valid":true}
{"arg":"s","icon":{"path":"translate.png"},"quicklookurl":"http:\/\/youdao.com\/w\/s","subtitle":"DVB-S","text":{"copy":"\u536b\u661f\u7535\u89c6,\u536b\u661f\u673a\u9876\u76d2,\u536b\u661f\u63a5\u6536\u673a,\u63a5\u6536\u673a"},"title":"\u536b\u661f\u7535\u89c6,\u536b\u661f\u673a\u9876\u76d2,\u536b\u661f\u63a5\u6536\u673a,\u63a5\u6536\u673a","valid":true}
{"arg":"The zoom","icon":{"path":"translate.png"},"quicklookurl":"http:\/\/youdao.com\/w\/%E7%BC%A9%E6%94%BE","subtitle":"\u7f29\u653e","text":{"copy":"scaling,Zoom,Scale,Z"},"title":"scaling,Zoom,Scale,Z","valid":true}
{"arg":"The zoom ratio","icon":{"path":"translate.png"},"quicklookurl":"http:\/\/youdao.com\/w\/%E7%BC%A9%E6%94%BE%E6%AF%94","subtitle":"\u7f29\u653e\u6bd4","text":{"copy":"pantograph ratio"},"title":"pantograph ratio","valid":true}
{"arg":"The main figure","icon":{"path":"translate.png"},"quicklookurl":"http:\/\/youdao.com\/w\/%E4%B8%BB%E5%9B%BE","subtitle":"\u4e3b\u56fe","text":{"copy":"master drawing,master map,CZG,main map"},"title":"master drawing,master map,CZG,main map","valid":true}
{"arg":"Can be viewed","icon":{"path":"translate.png"},"quicklookurl":"http:\/\/youdao.com\/w\/%E5%8F%AF%E8%A7%82%E5%AF%9F","subtitle":"\u53ef\u89c2\u5bdf","text":{"copy":"Observable"},"title":"Observable","valid":true}
{"arg":"That can be viewed","icon":{"path":"translate.png"},"quicklookurl":"http:\/\/youdao.com\/w\/%E5%8F%AF%E8%A7%82%E5%AF%9F%E7%9A%84","subtitle":"\u53ef\u89c2\u5bdf\u7684","text":{"copy":"observable"},"title":"observable","valid":true}
{"arg":"east","icon":{"path":"translate.png"},"quicklookurl":"http:\/\/youdao.com\/w\/east","subtitle":"east","text":{"copy":"\u4e1c\u65b9,\u4e1c,\u6613\u4e8b\u7279,\u4e1c\u90e8"},"title":"\u4e1c\u65b9,\u4e1c,\u6613\u4e8b\u7279,\u4e1c\u90e8","valid":true}
{"arg":"i","icon":{"path":"translate.png"},"quicklookurl":"http:\/\/youdao.com\/w\/i","subtitle":"I Am Legend","text":{"copy":"\u6211\u662f\u4f20\u5947,\u6211\u662f\u4f20\u8bf4,\u9b54\u95f4\u4f20\u5947,\u4f20\u5947"},"title":"\u6211\u662f\u4f20\u5947,\u6211\u662f\u4f20\u8bf4,\u9b54\u95f4\u4f20\u5947,\u4f20\u5947","valid":true}
{"arg":"immerse","icon":{"path":"translate.png"},"quicklookurl":"http:\/\/youdao.com\/w\/immerse","subtitle":"immerse","text":{"copy":"\u6c89\u6d78,\u4f7f\u6d78\u6ca1,\u6d78\u5165,\u4f7f\u9677\u5165"},"title":"\u6c89\u6d78,\u4f7f\u6d78\u6ca1,\u6d78\u5165,\u4f7f\u9677\u5165","valid":true}
{"arg":"limit","icon":{"path":"translate.png"},"quicklookurl":"http:\/\/youdao.com\/w\/%E9%99%90%E5%88%B6","subtitle":"\u9650\u5236","text":{"copy":"restriction,Limit,confine"},"title":"restriction,Limit,confine","valid":true}
{"arg":"s","icon":{"path":"translate.png"},"quicklookurl":"http:\/\/youdao.com\/w\/s","subtitle":"DVB-S","text":{"copy":"\u536b\u661f\u7535\u89c6,\u536b\u661f\u673a\u9876\u76d2,\u536b\u661f\u63a5\u6536\u673a,\u63a5\u6536\u673a"},"title":"\u536b\u661f\u7535\u89c6,\u536b\u661f\u673a\u9876\u76d2,\u536b\u661f\u63a5\u6536\u673a,\u63a5\u6536\u673a","valid":true}
{"arg":"The three parties","icon":{"path":"translate.png"},"quicklookurl":"http:\/\/youdao.com\/w\/%E4%B8%89%E6%96%B9","subtitle":"\u4e09\u65b9","text":{"copy":"Triplicities,Trigonal,three-way,three-party"},"title":"Triplicities,Trigonal,three-way,three-party","valid":true}
{"arg":"Three parties rely on","icon":{"path":"translate.png"},"quicklookurl":"http:\/\/youdao.com\/w\/%E4%B8%89%E6%96%B9%E4%BE%9D%E8%B5%96","subtitle":"\u5bf9\u7b2c\u4e09\u65b9\u7684\u4f9d\u8d56","text":{"copy":"third-party dependencies"},"title":"third-party dependencies","valid":true}
{"arg":"s","icon":{"path":"translate.png"},"quicklookurl":"http:\/\/youdao.com\/w\/s","subtitle":"DVB-S","text":{"copy":"\u536b\u661f\u7535\u89c6,\u536b\u661f\u673a\u9876\u76d2,\u536b\u661f\u63a5\u6536\u673a,\u63a5\u6536\u673a"},"title":"\u536b\u661f\u7535\u89c6,\u536b\u661f\u673a\u9876\u76d2,\u536b\u661f\u63a5\u6536\u673a,\u63a5\u6536\u673a","valid":true}
{"arg":"Three parties rely on","icon":{"path":"translate.png"},"quicklookurl":"http:\/\/youdao.com\/w\/%E4%B8%89%E6%96%B9%E4%BE%9D%E8%B5%96","subtitle":"\u5bf9\u7b2c\u4e09\u65b9\u7684\u4f9d\u8d56","text":{"copy":"third-party dependencies"},"title":"third-party dependencies","valid":true}
