{"arg":"cric","icon":{"path":"translate.png"},"quicklookurl":"http:\/\/youdao.com\/w\/cric","subtitle":"CRIC","text":{"copy":"\u4e2d\u56fd\u623f\u4ea7\u4fe1\u606f\u96c6\u56e2(China Real Estate Information Corporation),\u5343\u65a4\u9876,\u5251\u6865\u9c81\u65af\u91d1\u56fd\u9645\u5b66\u9662,\u76f4\u5347"},"title":"\u4e2d\u56fd\u623f\u4ea7\u4fe1\u606f\u96c6\u56e2(China Real Estate Information Corporation),\u5343\u65a4\u9876,\u5251\u6865\u9c81\u65af\u91d1\u56fd\u9645\u5b66\u9662,\u76f4\u5347","valid":true}
{"arg":"cric","icon":{"path":"translate.png"},"quicklookurl":"http:\/\/youdao.com\/w\/cric","subtitle":"CRIC","text":{"copy":"\u4e2d\u56fd\u623f\u4ea7\u4fe1\u606f\u96c6\u56e2(China Real Estate Information Corporation),\u5343\u65a4\u9876,\u5251\u6865\u9c81\u65af\u91d1\u56fd\u9645\u5b66\u9662,\u76f4\u5347"},"title":"\u4e2d\u56fd\u623f\u4ea7\u4fe1\u606f\u96c6\u56e2(China Real Estate Information Corporation),\u5343\u65a4\u9876,\u5251\u6865\u9c81\u65af\u91d1\u56fd\u9645\u5b66\u9662,\u76f4\u5347","valid":true}
{"arg":"cric","icon":{"path":"translate.png"},"quicklookurl":"http:\/\/youdao.com\/w\/cric","subtitle":"CRIC","text":{"copy":"\u4e2d\u56fd\u623f\u4ea7\u4fe1\u606f\u96c6\u56e2(China Real Estate Information Corporation),\u5343\u65a4\u9876,\u5251\u6865\u9c81\u65af\u91d1\u56fd\u9645\u5b66\u9662,\u76f4\u5347"},"title":"\u4e2d\u56fd\u623f\u4ea7\u4fe1\u606f\u96c6\u56e2(China Real Estate Information Corporation),\u5343\u65a4\u9876,\u5251\u6865\u9c81\u65af\u91d1\u56fd\u9645\u5b66\u9662,\u76f4\u5347","valid":true}
{"arg":"cr","icon":{"path":"translate.png"},"quicklookurl":"http:\/\/youdao.com\/w\/cr","subtitle":"Cr","text":{"copy":"\u94ec,\u6c2f\u4e01\u6a61\u80f6(Chloroprene Rubber),\u808c\u9150,\u54e5\u65af\u8fbe\u9ece\u52a0"},"title":"\u94ec,\u6c2f\u4e01\u6a61\u80f6(Chloroprene Rubber),\u808c\u9150,\u54e5\u65af\u8fbe\u9ece\u52a0","valid":true}
{"arg":"c","icon":{"path":"translate.png"},"quicklookurl":"http:\/\/youdao.com\/w\/c","subtitle":"\u7ef4\u751f\u7d20C","text":{"copy":"Vitamin,Ascorbic Acid,Poly,VC"},"title":"Vitamin,Ascorbic Acid,Poly,VC","valid":true}
{"arg":"The circle","icon":{"path":"translate.png"},"quicklookurl":"http:\/\/youdao.com\/w\/%E5%9C%86%E5%9C%88","subtitle":"\u5706\u5708","text":{"copy":"circle,RING,cyclcircle,Round"},"title":"circle,RING,cyclcircle,Round","valid":true}
{"arg":"overload","icon":{"path":"translate.png"},"quicklookurl":"http:\/\/youdao.com\/w\/overload","subtitle":"overload","text":{"copy":"\u91cd\u8f7d,\u8fc7\u8f7d,\u8d85\u8f7d"},"title":"\u91cd\u8f7d,\u8fc7\u8f7d,\u8d85\u8f7d","valid":true}
{"arg":"z","icon":{"path":"translate.png"},"quicklookurl":"http:\/\/youdao.com\/w\/z","subtitle":"\u65e0\u53cc\u5927\u86c7Z","text":{"copy":"Musou Orochi,OROCHI,Warriors Orochi,Musou Orochello"},"title":"Musou Orochi,OROCHI,Warriors Orochi,Musou Orochello","valid":true}
{"arg":"show","icon":{"path":"translate.png"},"quicklookurl":"http:\/\/youdao.com\/w\/%E5%B1%95%E7%A4%BA","subtitle":"\u5c55\u793a","text":{"copy":"Show,display,Exhibit,hold up"},"title":"Show,display,Exhibit,hold up","valid":true}
{"arg":"twin","icon":{"path":"translate.png"},"quicklookurl":"http:\/\/youdao.com\/w\/twin","subtitle":"twin","text":{"copy":"\u53cc\u80de\u80ce,\u53cc\u80de\u80ce\u4e4b\u4e00,\u53cc\u6676"},"title":"\u53cc\u80de\u80ce,\u53cc\u80de\u80ce\u4e4b\u4e00,\u53cc\u6676","valid":true}
{"arg":"twince","icon":{"path":"translate.png"},"quicklookurl":"http:\/\/youdao.com\/w\/twince","subtitle":"Twince","text":{"copy":"\u7b2c\u4e8c\u6b21"},"title":"\u7b2c\u4e8c\u6b21","valid":true}
{"arg":"two","icon":{"path":"translate.png"},"quicklookurl":"http:\/\/youdao.com\/w\/%E4%B8%A4%E6%AC%A1","subtitle":"\u4e24\u6b21","text":{"copy":"twice,zweimal,bi-, bin"},"title":"twice,zweimal,bi-, bin","valid":true}
{"arg":"z","icon":{"path":"translate.png"},"quicklookurl":"http:\/\/youdao.com\/w\/z","subtitle":"\u65e0\u53cc\u5927\u86c7Z","text":{"copy":"Musou Orochi,OROCHI,Warriors Orochi,Musou Orochello"},"title":"Musou Orochi,OROCHI,Warriors Orochi,Musou Orochello","valid":true}
{"arg":"Smart tips","icon":{"path":"translate.png"},"quicklookurl":"http:\/\/youdao.com\/w\/%E6%99%BA%E8%83%BD%E6%8F%90%E7%A4%BA","subtitle":"\u667a\u80fd\u63d0\u793a","text":{"copy":"IntelliSense,Code Assist,Intelliprompt,myeclipse"},"title":"IntelliSense,Code Assist,Intelliprompt,myeclipse","valid":true}
{"arg":"in","icon":{"path":"translate.png"},"quicklookurl":"http:\/\/youdao.com\/w\/in","subtitle":"in","text":{"copy":"\u82f1\u5bf8,\u5370\u5ea6,\u8f93\u5165,\u4eba\u53e3"},"title":"\u82f1\u5bf8,\u5370\u5ea6,\u8f93\u5165,\u4eba\u53e3","valid":true}
{"arg":"int","icon":{"path":"translate.png"},"quicklookurl":"http:\/\/youdao.com\/w\/int","subtitle":"INT","text":{"copy":"\u7ebf,\u6574\u578b,\u6574\u6570,\u667a\u529b"},"title":"\u7ebf,\u6574\u578b,\u6574\u6570,\u667a\u529b","valid":true}
{"arg":"intel","icon":{"path":"translate.png"},"quicklookurl":"http:\/\/youdao.com\/w\/intel","subtitle":"Intel","text":{"copy":"\u82f1\u7279\u5c14,\u82f1\u7279\u5c14\u516c\u53f8,\u865a\u62df\u5316\u6280\u672f,\u6280\u672f"},"title":"\u82f1\u7279\u5c14,\u82f1\u7279\u5c14\u516c\u53f8,\u865a\u62df\u5316\u6280\u672f,\u6280\u672f","valid":true}
{"arg":"intelli","icon":{"path":"translate.png"},"quicklookurl":"http:\/\/youdao.com\/w\/intelli","subtitle":"Intelli","text":{"copy":"\u6613\u8fbe\u5229"},"title":"\u6613\u8fbe\u5229","valid":true}
{"arg":"intellisense","icon":{"path":"translate.png"},"quicklookurl":"http:\/\/youdao.com\/w\/intellisense","subtitle":"Intellisense","text":{"copy":"\u667a\u80fd\u611f\u77e5,\u667a\u80fd\u63d0\u793a,\u667a\u80fd\u611f\u5e94,\u8bed\u6cd5\u63d0\u793a"},"title":"\u667a\u80fd\u611f\u77e5,\u667a\u80fd\u63d0\u793a,\u667a\u80fd\u611f\u5e94,\u8bed\u6cd5\u63d0\u793a","valid":true}
{"arg":"car","icon":{"path":"translate.png"},"quicklookurl":"http:\/\/youdao.com\/w\/car","subtitle":"Car","text":{"copy":"\u6c7d\u8f66,\u5c0f\u6c7d\u8f66,\u5d4c\u5408\u6297\u539f\u53d7\u4f53(Chimeric Antigen Receptor),\u8f66"},"title":"\u6c7d\u8f66,\u5c0f\u6c7d\u8f66,\u5d4c\u5408\u6297\u539f\u53d7\u4f53(Chimeric Antigen Receptor),\u8f66","valid":true}
{"arg":"carp","icon":{"path":"translate.png"},"quicklookurl":"http:\/\/youdao.com\/w\/carp","subtitle":"Carp","text":{"copy":"\u9ca4\u9c7c,\u9ca4,\u5361\u666e,\u9ca4\u79d1"},"title":"\u9ca4\u9c7c,\u9ca4,\u5361\u666e,\u9ca4\u79d1","valid":true}
{"arg":"carpool","icon":{"path":"translate.png"},"quicklookurl":"http:\/\/youdao.com\/w\/carpool","subtitle":"carpool","text":{"copy":"\u62fc\u8f66,\u5408\u7528\u6c7d\u8f66,\u4e00\u6761"},"title":"\u62fc\u8f66,\u5408\u7528\u6c7d\u8f66,\u4e00\u6761","valid":true}
{"arg":"t","icon":{"path":"translate.png"},"quicklookurl":"http:\/\/youdao.com\/w\/t","subtitle":"T-ara","text":{"copy":"\u6734\u667a\u598d,\u667a\u598d,\u6734\u5b5d\u654f,\u6069\u9759"},"title":"\u6734\u667a\u598d,\u667a\u598d,\u6734\u5b5d\u654f,\u6069\u9759","valid":true}
{"arg":"remind","icon":{"path":"translate.png"},"quicklookurl":"http:\/\/youdao.com\/w\/%E6%8F%90%E9%86%92","subtitle":"\u63d0\u9192","text":{"copy":"Remind,Warning,ALERT,suggest"},"title":"Remind,Warning,ALERT,suggest","valid":true}
{"arg":"sheet","icon":{"path":"translate.png"},"quicklookurl":"http:\/\/youdao.com\/w\/sheet","subtitle":"Sheet","text":{"copy":"\u5de5\u4f5c\u8868,\u88ab\u5355,\u5e8a\u5355,\u8584\u677f"},"title":"\u5de5\u4f5c\u8868,\u88ab\u5355,\u5e8a\u5355,\u8584\u677f","valid":true}
{"arg":"she","icon":{"path":"translate.png"},"quicklookurl":"http:\/\/youdao.com\/w\/she","subtitle":"She","text":{"copy":"\u7572\u65cf,\u5979,\u5f15\u64ce,\u6c88\u9633"},"title":"\u7572\u65cf,\u5979,\u5f15\u64ce,\u6c88\u9633","valid":true}
{"arg":"sh","icon":{"path":"translate.png"},"quicklookurl":"http:\/\/youdao.com\/w\/sh","subtitle":"SH","text":{"copy":"\u80a1\u4efd\u6709\u9650\u516c\u53f8,\u624b\u52a8\u63a7\u5236\u5f00\u5173,\u80a1\u4efd,\u6697\u5f71\u730e\u624b"},"title":"\u80a1\u4efd\u6709\u9650\u516c\u53f8,\u624b\u52a8\u63a7\u5236\u5f00\u5173,\u80a1\u4efd,\u6697\u5f71\u730e\u624b","valid":true}
{"arg":"s","icon":{"path":"translate.png"},"quicklookurl":"http:\/\/youdao.com\/w\/s","subtitle":"DVB-S","text":{"copy":"\u536b\u661f\u7535\u89c6,\u536b\u661f\u673a\u9876\u76d2,\u536b\u661f\u63a5\u6536\u673a,\u63a5\u6536\u673a"},"title":"\u536b\u661f\u7535\u89c6,\u536b\u661f\u673a\u9876\u76d2,\u536b\u661f\u63a5\u6536\u673a,\u63a5\u6536\u673a","valid":true}
{"arg":"p","icon":{"path":"translate.png"},"quicklookurl":"http:\/\/youdao.com\/w\/p","subtitle":"p-cymene","text":{"copy":"\u5bf9\u5f02\u4e19\u57fa\u7532\u82ef,\u82b1\u7d20,\u805a\u4f1e\u82b1\u7d20,\u5bf9"},"title":"\u5bf9\u5f02\u4e19\u57fa\u7532\u82ef,\u82b1\u7d20,\u805a\u4f1e\u82b1\u7d20,\u5bf9","valid":true}
{"arg":"popup","icon":{"path":"translate.png"},"quicklookurl":"http:\/\/youdao.com\/w\/popup","subtitle":"popup","text":{"copy":"\u5f39\u51fa\u5c42,\u5f39\u51fa\u7a97\u53e3"},"title":"\u5f39\u51fa\u5c42,\u5f39\u51fa\u7a97\u53e3","valid":true}
{"arg":"title","icon":{"path":"translate.png"},"quicklookurl":"http:\/\/youdao.com\/w\/title","subtitle":"title","text":{"copy":"\u6807\u9898,\u9898\u76ee,\u5934\u8854"},"title":"\u6807\u9898,\u9898\u76ee,\u5934\u8854","valid":true}
{"arg":"j","icon":{"path":"translate.png"},"quicklookurl":"http:\/\/youdao.com\/w\/j","subtitle":"J-POP","text":{"copy":"\u65e5\u672c\u6d41\u884c\u97f3\u4e50,\u884c\u97f3\u4e50\u7ec4\u5408,\u65e5\u672c\u6d41\u884c,\u97f3\u4e50\u7c7b\u578b"},"title":"\u65e5\u672c\u6d41\u884c\u97f3\u4e50,\u884c\u97f3\u4e50\u7ec4\u5408,\u65e5\u672c\u6d41\u884c,\u97f3\u4e50\u7c7b\u578b","valid":true}
{"arg":"clearance","icon":{"path":"translate.png"},"quicklookurl":"http:\/\/youdao.com\/w\/%E9%97%B4%E9%9A%99","subtitle":"\u95f4\u9699","text":{"copy":"clearance,backlash,gap,interstice"},"title":"clearance,backlash,gap,interstice","valid":true}
{"arg":"Fatigue","icon":{"path":"translate.png"},"quicklookurl":"http:\/\/youdao.com\/w\/Fatigue","subtitle":"Fatigue","text":{"copy":"\u75b2\u52b3,\u75b2\u5026,\u75b2\u4e4f,\u52b3\u7d2f"},"title":"\u75b2\u52b3,\u75b2\u5026,\u75b2\u4e4f,\u52b3\u7d2f","valid":true}
{"arg":"cab","icon":{"path":"translate.png"},"quicklookurl":"http:\/\/youdao.com\/w\/cab","subtitle":"CAB","text":{"copy":"\u918b\u9178(Cellulose Acetate Butyrate),\u918b\u9178\u4e01\u9178\u7ea4\u7ef4\u7d20(Cellulose Acetate Butyrate),\u51fa\u79df\u8f66,\u9a7e\u9a76\u5ba4"},"title":"\u918b\u9178(Cellulose Acetate Butyrate),\u918b\u9178\u4e01\u9178\u7ea4\u7ef4\u7d20(Cellulose Acetate Butyrate),\u51fa\u79df\u8f66,\u9a7e\u9a76\u5ba4","valid":true}
{"arg":"hand","icon":{"path":"translate.png"},"quicklookurl":"http:\/\/youdao.com\/w\/hand","subtitle":"hand","text":{"copy":"\u624b,\u6307\u9488,\u60ca\u53f9,\u4f20\u9012"},"title":"\u624b,\u6307\u9488,\u60ca\u53f9,\u4f20\u9012","valid":true}
{"arg":"handle","icon":{"path":"translate.png"},"quicklookurl":"http:\/\/youdao.com\/w\/handle","subtitle":"handle","text":{"copy":"\u624b\u67c4,\u628a\u624b,\u53e5\u67c4,\u67c4"},"title":"\u624b\u67c4,\u628a\u624b,\u53e5\u67c4,\u67c4","valid":true}
{"arg":"handle","icon":{"path":"translate.png"},"quicklookurl":"http:\/\/youdao.com\/w\/handle","subtitle":"handle","text":{"copy":"\u624b\u67c4,\u628a\u624b,\u53e5\u67c4,\u67c4"},"title":"\u624b\u67c4,\u628a\u624b,\u53e5\u67c4,\u67c4","valid":true}
{"arg":"m","icon":{"path":"translate.png"},"quicklookurl":"http:\/\/youdao.com\/w\/m","subtitle":"m-learning","text":{"copy":"\u79fb\u52a8\u5b66\u4e60,\u884c\u52a8\u5b66\u4e60,\u79fb\u52a8\u8fdb\u4fee,\u79fb\u52a8\u6559\u80b2"},"title":"\u79fb\u52a8\u5b66\u4e60,\u884c\u52a8\u5b66\u4e60,\u79fb\u52a8\u8fdb\u4fee,\u79fb\u52a8\u6559\u80b2","valid":true}
{"arg":"me","icon":{"path":"translate.png"},"quicklookurl":"http:\/\/youdao.com\/w\/me","subtitle":"ME","text":{"copy":"\u5236\u9020\u5de5\u7a0b\u5e08,\u8ff7,\u6211,\u5de5\u7a0b\u7855\u58eb(Master Of Engineering)"},"title":"\u5236\u9020\u5de5\u7a0b\u5e08,\u8ff7,\u6211,\u5de5\u7a0b\u7855\u58eb(Master Of Engineering)","valid":true}
{"arg":"mel","icon":{"path":"translate.png"},"quicklookurl":"http:\/\/youdao.com\/w\/mel","subtitle":"Mel","text":{"copy":"\u6885\u5c14,\u58a8\u5c14\u672c,\u6700\u4f4e\u8bbe\u5907\u6e05\u5355,\u4e09\u805a\u6c30\u80fa"},"title":"\u6885\u5c14,\u58a8\u5c14\u672c,\u6700\u4f4e\u8bbe\u5907\u6e05\u5355,\u4e09\u805a\u6c30\u80fa","valid":true}
{"arg":"melt","icon":{"path":"translate.png"},"quicklookurl":"http:\/\/youdao.com\/w\/melt","subtitle":"melt","text":{"copy":"\u878d\u5316,\u6eb6\u5316,\u7194\u5316\u7f16\u8f91\u5668"},"title":"\u878d\u5316,\u6eb6\u5316,\u7194\u5316\u7f16\u8f91\u5668","valid":true}
{"arg":"genuinely","icon":{"path":"translate.png"},"quicklookurl":"http:\/\/youdao.com\/w\/genuinely","subtitle":"genuinely","text":{"copy":"\u771f\u8bda\u5730,\u7531\u8877\u5730,\u771f\u5fc3\u5730"},"title":"\u771f\u8bda\u5730,\u7531\u8877\u5730,\u771f\u5fc3\u5730","valid":true}
{"arg":"zhizhen","icon":{"path":"translate.png"},"quicklookurl":"http:\/\/youdao.com\/w\/zhizhen","subtitle":"Han Zhizhen","text":{"copy":"\u5367\u9f99\u5c97\u5927\u5b66"},"title":"\u5367\u9f99\u5c97\u5927\u5b66","valid":true}
{"arg":"z","icon":{"path":"translate.png"},"quicklookurl":"http:\/\/youdao.com\/w\/z","subtitle":"\u65e0\u53cc\u5927\u86c7Z","text":{"copy":"Musou Orochi,OROCHI,Warriors Orochi,Musou Orochello"},"title":"Musou Orochi,OROCHI,Warriors Orochi,Musou Orochello","valid":true}
{"arg":"Pointer to the","icon":{"path":"translate.png"},"quicklookurl":"http:\/\/youdao.com\/w\/%E6%8C%87%E9%92%88","subtitle":"\u6307\u9488","text":{"copy":"Pointer,cursor,hand,PTR"},"title":"Pointer,cursor,hand,PTR","valid":true}
{"arg":"tuple","icon":{"path":"translate.png"},"quicklookurl":"http:\/\/youdao.com\/w\/tuple","subtitle":"tuple","text":{"copy":"\u5143\u7ec4,\u6d88\u606f,\u5143\u7956,\u5173\u7cfb\u4e2d\u7684\u4e00\u884c\u8bb0\u5f55"},"title":"\u5143\u7ec4,\u6d88\u606f,\u5143\u7956,\u5173\u7cfb\u4e2d\u7684\u4e00\u884c\u8bb0\u5f55","valid":true}
{"arg":"w","icon":{"path":"translate.png"},"quicklookurl":"http:\/\/youdao.com\/w\/w","subtitle":"B&W","text":{"copy":"\u9ed1\u4e0e\u767d,\u5b9d\u534e,\u9ed1\u767d(Black & White)"},"title":"\u9ed1\u4e0e\u767d,\u5b9d\u534e,\u9ed1\u767d(Black & White)","valid":true}
{"arg":"war","icon":{"path":"translate.png"},"quicklookurl":"http:\/\/youdao.com\/w\/war","subtitle":"War","text":{"copy":"\u6218\u4e89,\u6e38\u4fa0,\u5927\u6218"},"title":"\u6218\u4e89,\u6e38\u4fa0,\u5927\u6218","valid":true}
{"arg":"warn","icon":{"path":"translate.png"},"quicklookurl":"http:\/\/youdao.com\/w\/warn","subtitle":"warn","text":{"copy":"\u544a\u8beb,\u8b66\u544a,\u8b66\u60d5,\u9884\u5148\u901a\u77e5"},"title":"\u544a\u8beb,\u8b66\u544a,\u8b66\u60d5,\u9884\u5148\u901a\u77e5","valid":true}
{"arg":"lunar","icon":{"path":"translate.png"},"quicklookurl":"http:\/\/youdao.com\/w\/lunar","subtitle":"lunar","text":{"copy":"\u6708\u7403\u7684,\u6708\u4eae\u7684"},"title":"\u6708\u7403\u7684,\u6708\u4eae\u7684","valid":true}
{"arg":"t","icon":{"path":"translate.png"},"quicklookurl":"http:\/\/youdao.com\/w\/t","subtitle":"T-ara","text":{"copy":"\u6734\u667a\u598d,\u667a\u598d,\u6734\u5b5d\u654f,\u6069\u9759"},"title":"\u6734\u667a\u598d,\u667a\u598d,\u6734\u5b5d\u654f,\u6069\u9759","valid":true}
{"arg":"recommended","icon":{"path":"translate.png"},"quicklookurl":"http:\/\/youdao.com\/w\/%E6%8E%A8%E8%8D%90","subtitle":"\u63a8\u8350","text":{"copy":"Recommend,recommendation,HOTLISTS,nominate"},"title":"Recommend,recommendation,HOTLISTS,nominate","valid":true}
{"arg":"z","icon":{"path":"translate.png"},"quicklookurl":"http:\/\/youdao.com\/w\/z","subtitle":"\u65e0\u53cc\u5927\u86c7Z","text":{"copy":"Musou Orochi,OROCHI,Warriors Orochi,Musou Orochello"},"title":"Musou Orochi,OROCHI,Warriors Orochi,Musou Orochello","valid":true}
{"arg":"normal","icon":{"path":"translate.png"},"quicklookurl":"http:\/\/youdao.com\/w\/%E6%AD%A3%E5%B8%B8","subtitle":"\u6b63\u5e38","text":{"copy":"normal,ordinary,normo,regular"},"title":"normal,ordinary,normo,regular","valid":true}
{"arg":"hi","icon":{"path":"translate.png"},"quicklookurl":"http:\/\/youdao.com\/w\/hi","subtitle":"HI","text":{"copy":"\u8840\u51dd\u6291\u5236\u8bd5\u9a8c,\u6253\u62db\u547c,\u8840\u51dd\u6291\u5236(Hemagglutination Inbition),\u4f60\u597d"},"title":"\u8840\u51dd\u6291\u5236\u8bd5\u9a8c,\u6253\u62db\u547c,\u8840\u51dd\u6291\u5236(Hemagglutination Inbition),\u4f60\u597d","valid":true}
{"arg":"hire","icon":{"path":"translate.png"},"quicklookurl":"http:\/\/youdao.com\/w\/hire","subtitle":"Hire","text":{"copy":"\u79df\u7528,\u96c7\u4f63,\u96c7\u7528,\u8058\u8bf7"},"title":"\u79df\u7528,\u96c7\u4f63,\u96c7\u7528,\u8058\u8bf7","valid":true}
{"arg":"landscape","icon":{"path":"translate.png"},"quicklookurl":"http:\/\/youdao.com\/w\/landscape","subtitle":"Landscape","text":{"copy":"\u666f\u89c2,\u98ce\u666f,\u98ce\u666f\u753b,\u98ce\u666f\u7ebf"},"title":"\u666f\u89c2,\u98ce\u666f,\u98ce\u666f\u753b,\u98ce\u666f\u7ebf","valid":true}
{"arg":"case","icon":{"path":"translate.png"},"quicklookurl":"http:\/\/youdao.com\/w\/case","subtitle":"case","text":{"copy":"\u6848\u4f8b,\u673a\u7bb1,\u8ba1\u7b97\u673a\u8f85\u52a9\u8f6f\u4ef6\u5de5\u7a0b(Computer Aided Software Engineering),\u6848\u4ef6"},"title":"\u6848\u4f8b,\u673a\u7bb1,\u8ba1\u7b97\u673a\u8f85\u52a9\u8f6f\u4ef6\u5de5\u7a0b(Computer Aided Software Engineering),\u6848\u4ef6","valid":true}
{"arg":"case-","icon":{"path":"translate.png"},"quicklookurl":"http:\/\/youdao.com\/w\/case-","subtitle":"CASE-","text":{"copy":"\u6848\u4f8b\u4ecb\u7ecd"},"title":"\u6848\u4f8b\u4ecb\u7ecd","valid":true}
{"arg":"case-s","icon":{"path":"translate.png"},"quicklookurl":"http:\/\/youdao.com\/w\/case-s","subtitle":"l case s","text":{"copy":"l\u4f8b"},"title":"l\u4f8b","valid":true}
{"arg":"case-sensitive","icon":{"path":"translate.png"},"quicklookurl":"http:\/\/youdao.com\/w\/case-sensitive","subtitle":"case-sensitive","text":{"copy":"\u533a\u5206\u5927\u5c0f\u5199,\u5927\u5c0f\u5199\u533a\u5206\u7684,\u5927\u5c0f\u5199\u654f\u611f,\u5728\u5c0f\u5199\u5b57\u6bcd\u548c\u5927\u5199\u5b57\u6bcd\u4e4b\u95f4\u7684\u533a\u522b"},"title":"\u533a\u5206\u5927\u5c0f\u5199,\u5927\u5c0f\u5199\u533a\u5206\u7684,\u5927\u5c0f\u5199\u654f\u611f,\u5728\u5c0f\u5199\u5b57\u6bcd\u548c\u5927\u5199\u5b57\u6bcd\u4e4b\u95f4\u7684\u533a\u522b","valid":true}
{"arg":"typo","icon":{"path":"translate.png"},"quicklookurl":"http:\/\/youdao.com\/w\/typo","subtitle":"Typo","text":{"copy":"\u6253\u5b57\u9519\u8bef,\u5370\u5237\u5de5,\u7f51\u53cb"},"title":"\u6253\u5b57\u9519\u8bef,\u5370\u5237\u5de5,\u7f51\u53cb","valid":true}
{"arg":"typo","icon":{"path":"translate.png"},"quicklookurl":"http:\/\/youdao.com\/w\/typo","subtitle":"Typo","text":{"copy":"\u6253\u5b57\u9519\u8bef,\u5370\u5237\u5de5,\u7f51\u53cb"},"title":"\u6253\u5b57\u9519\u8bef,\u5370\u5237\u5de5,\u7f51\u53cb","valid":true}
{"arg":"p","icon":{"path":"translate.png"},"quicklookurl":"http:\/\/youdao.com\/w\/p","subtitle":"p-cymene","text":{"copy":"\u5bf9\u5f02\u4e19\u57fa\u7532\u82ef,\u82b1\u7d20,\u805a\u4f1e\u82b1\u7d20,\u5bf9"},"title":"\u5bf9\u5f02\u4e19\u57fa\u7532\u82ef,\u82b1\u7d20,\u805a\u4f1e\u82b1\u7d20,\u5bf9","valid":true}
{"arg":"fatigue","icon":{"path":"translate.png"},"quicklookurl":"http:\/\/youdao.com\/w\/%E7%96%B2%E5%8A%B3%E5%BA%A6","subtitle":"\u75b2\u52b3\u5ea6","text":{"copy":"Fatige,Tire,FTG,fatigue degree"},"title":"Fatige,Tire,FTG,fatigue degree","valid":true}
{"arg":"aware","icon":{"path":"translate.png"},"quicklookurl":"http:\/\/youdao.com\/w\/aware","subtitle":"aware","text":{"copy":"\u610f\u8bc6\u5230,\u827e\u5a01\u5c14,\u77e5\u9053\u7684,\u5987\u5973\u884c\u52a8\u4e0e\u7814\u7a76\u534f\u4f1a(Association Of Women For Action And Research)"},"title":"\u610f\u8bc6\u5230,\u827e\u5a01\u5c14,\u77e5\u9053\u7684,\u5987\u5973\u884c\u52a8\u4e0e\u7814\u7a76\u534f\u4f1a(Association Of Women For Action And Research)","valid":true}
{"arg":"segment","icon":{"path":"translate.png"},"quicklookurl":"http:\/\/youdao.com\/w\/segment","subtitle":"Segment","text":{"copy":"\u6bb5,\u7ebf\u6bb5,\u90e8\u5206,\u7247\u56ca"},"title":"\u6bb5,\u7ebf\u6bb5,\u90e8\u5206,\u7247\u56ca","valid":true}
{"arg":"p","icon":{"path":"translate.png"},"quicklookurl":"http:\/\/youdao.com\/w\/p","subtitle":"p-cymene","text":{"copy":"\u5bf9\u5f02\u4e19\u57fa\u7532\u82ef,\u82b1\u7d20,\u805a\u4f1e\u82b1\u7d20,\u5bf9"},"title":"\u5bf9\u5f02\u4e19\u57fa\u7532\u82ef,\u82b1\u7d20,\u805a\u4f1e\u82b1\u7d20,\u5bf9","valid":true}
{"arg":"judge","icon":{"path":"translate.png"},"quicklookurl":"http:\/\/youdao.com\/w\/%E5%88%A4%E6%96%AD","subtitle":"\u5224\u65ad","text":{"copy":"judgment,Judgement,Judge,diagnose"},"title":"judgment,Judgement,Judge,diagnose","valid":true}
{"arg":"Sentenced to","icon":{"path":"translate.png"},"quicklookurl":"http:\/\/youdao.com\/w\/%E5%88%A4","subtitle":"\u5224","text":{"copy":"condemn,verdict,convict"},"title":"condemn,verdict,convict","valid":true}
{"arg":"judge","icon":{"path":"translate.png"},"quicklookurl":"http:\/\/youdao.com\/w\/judge","subtitle":"Judge","text":{"copy":"\u6cd5\u5b98,\u5224\u65ad,\u5ba1\u5224\u5458,\u8bc4\u5224"},"title":"\u6cd5\u5b98,\u5224\u65ad,\u5ba1\u5224\u5458,\u8bc4\u5224","valid":true}
{"arg":"j","icon":{"path":"translate.png"},"quicklookurl":"http:\/\/youdao.com\/w\/j","subtitle":"J-POP","text":{"copy":"\u65e5\u672c\u6d41\u884c\u97f3\u4e50,\u884c\u97f3\u4e50\u7ec4\u5408,\u65e5\u672c\u6d41\u884c,\u97f3\u4e50\u7c7b\u578b"},"title":"\u65e5\u672c\u6d41\u884c\u97f3\u4e50,\u884c\u97f3\u4e50\u7ec4\u5408,\u65e5\u672c\u6d41\u884c,\u97f3\u4e50\u7c7b\u578b","valid":true}
{"arg":"judge","icon":{"path":"translate.png"},"quicklookurl":"http:\/\/youdao.com\/w\/%E5%88%A4%E6%96%AD","subtitle":"\u5224\u65ad","text":{"copy":"judgment,Judgement,Judge,diagnose"},"title":"judgment,Judgement,Judge,diagnose","valid":true}
{"arg":"Sentenced to","icon":{"path":"translate.png"},"quicklookurl":"http:\/\/youdao.com\/w\/%E5%88%A4","subtitle":"\u5224","text":{"copy":"condemn,verdict,convict"},"title":"condemn,verdict,convict","valid":true}
{"arg":"verdict","icon":{"path":"translate.png"},"quicklookurl":"http:\/\/youdao.com\/w\/verdict","subtitle":"verdict","text":{"copy":"\u5224\u51b3,\u88c1\u51b3,\u88c1\u5b9a"},"title":"\u5224\u51b3,\u88c1\u51b3,\u88c1\u5b9a","valid":true}
{"arg":"v","icon":{"path":"translate.png"},"quicklookurl":"http:\/\/youdao.com\/w\/v","subtitle":"Henry V","text":{"copy":"\u4ea8\u5229\u4e94\u4e16,\u6218\u795e\u4ea8\u5229\u4e94\u4e16,\u4ea8\u5229\u4e94"},"title":"\u4ea8\u5229\u4e94\u4e16,\u6218\u795e\u4ea8\u5229\u4e94\u4e16,\u4ea8\u5229\u4e94","valid":true}
{"arg":"to","icon":{"path":"translate.png"},"quicklookurl":"http:\/\/youdao.com\/w\/to","subtitle":"to","text":{"copy":"\u6c64\u52a0,\u524d\u5f80\u57ce\u5e02,\u6070\u597d\u5730,\u5230"},"title":"\u6c64\u52a0,\u524d\u5f80\u57ce\u5e02,\u6070\u597d\u5730,\u5230","valid":true}
{"arg":"t","icon":{"path":"translate.png"},"quicklookurl":"http:\/\/youdao.com\/w\/t","subtitle":"T-ara","text":{"copy":"\u6734\u667a\u598d,\u667a\u598d,\u6734\u5b5d\u654f,\u6069\u9759"},"title":"\u6734\u667a\u598d,\u667a\u598d,\u6734\u5b5d\u654f,\u6069\u9759","valid":true}
{"arg":"t","icon":{"path":"translate.png"},"quicklookurl":"http:\/\/youdao.com\/w\/t","subtitle":"T-ara","text":{"copy":"\u6734\u667a\u598d,\u667a\u598d,\u6734\u5b5d\u654f,\u6069\u9759"},"title":"\u6734\u667a\u598d,\u667a\u598d,\u6734\u5b5d\u654f,\u6069\u9759","valid":true}
{"arg":"The first figure","icon":{"path":"translate.png"},"quicklookurl":"http:\/\/youdao.com\/w\/%E5%A4%B4%E5%9B%BE","subtitle":"\u7bad\u5934\u56fe","text":{"copy":"Feather,arrow diagram,Arrow Chart"},"title":"Feather,arrow diagram,Arrow Chart","valid":true}
{"arg":"range","icon":{"path":"translate.png"},"quicklookurl":"http:\/\/youdao.com\/w\/range","subtitle":"range","text":{"copy":"\u503c\u57df,\u8303\u56f4,\u6781\u5dee,\u5168\u8ddd"},"title":"\u503c\u57df,\u8303\u56f4,\u6781\u5dee,\u5168\u8ddd","valid":true}
{"arg":"incompatible","icon":{"path":"translate.png"},"quicklookurl":"http:\/\/youdao.com\/w\/incompatible","subtitle":"incompatible","text":{"copy":"\u4e0d\u8c03\u548c\u7684,\u4e0d\u548c\u9002\u5b9c\u7684,\u4e0d\u517c\u5bb9,\u4e0d\u76f8\u5bb9\u7684"},"title":"\u4e0d\u8c03\u548c\u7684,\u4e0d\u548c\u9002\u5b9c\u7684,\u4e0d\u517c\u5bb9,\u4e0d\u76f8\u5bb9\u7684","valid":true}
