{"arg":"m","icon":{"path":"translate.png"},"quicklookurl":"http:\/\/youdao.com\/w\/m","subtitle":"m-learning","text":{"copy":"\u79fb\u52a8\u5b66\u4e60,\u884c\u52a8\u5b66\u4e60,\u79fb\u52a8\u8fdb\u4fee,\u79fb\u52a8\u6559\u80b2"},"title":"\u79fb\u52a8\u5b66\u4e60,\u884c\u52a8\u5b66\u4e60,\u79fb\u52a8\u8fdb\u4fee,\u79fb\u52a8\u6559\u80b2","valid":true}
{"arg":"Buried point","icon":{"path":"translate.png"},"quicklookurl":"http:\/\/youdao.com\/w\/%E5%9F%8B%E7%82%B9","subtitle":"\u57cb\u77f3\u70b9","text":{"copy":"monumented station,permanent station"},"title":"monumented station,permanent station","valid":true}
{"arg":"exposure","icon":{"path":"translate.png"},"quicklookurl":"http:\/\/youdao.com\/w\/%E6%9B%9D%E5%85%89","subtitle":"\u66dd\u5149","text":{"copy":"Exposure,expose,Solarize"},"title":"Exposure,expose,Solarize","valid":true}
{"arg":"leg","icon":{"path":"translate.png"},"quicklookurl":"http:\/\/youdao.com\/w\/leg","subtitle":"Leg","text":{"copy":"\u817f,\u817f\u90e8,\u76f4\u89d2\u8fb9,\u822a\u6bb5"},"title":"\u817f,\u817f\u90e8,\u76f4\u89d2\u8fb9,\u822a\u6bb5","valid":true}
{"arg":"legac","icon":{"path":"translate.png"},"quicklookurl":"http:\/\/youdao.com\/w\/legac","subtitle":"Legac","text":{"copy":"\u96be\u4f24\u4eba"},"title":"\u96be\u4f24\u4eba","valid":true}
{"arg":"legacy","icon":{"path":"translate.png"},"quicklookurl":"http:\/\/youdao.com\/w\/legacy","subtitle":"Legacy","text":{"copy":"\u9057\u4ea7,\u529b\u72ee,\u9057\u8d60,\u83b1\u52a0\u897f"},"title":"\u9057\u4ea7,\u529b\u72ee,\u9057\u8d60,\u83b1\u52a0\u897f","valid":true}
{"arg":"estimate","icon":{"path":"translate.png"},"quicklookurl":"http:\/\/youdao.com\/w\/%E9%A2%84%E4%BC%B0%E4%BB%B7","subtitle":"\u9884\u4f30\u4ef7","text":{"copy":"future prices,private valuation"},"title":"future prices,private valuation","valid":true}
{"arg":"forecast","icon":{"path":"translate.png"},"quicklookurl":"http:\/\/youdao.com\/w\/%E9%A2%84%E4%BC%B0","subtitle":"\u9884\u4f30","text":{"copy":"Estimate,prospect,prediction,FCST Forecast"},"title":"Estimate,prospect,prediction,FCST Forecast","valid":true}
{"arg":"pre","icon":{"path":"translate.png"},"quicklookurl":"http:\/\/youdao.com\/w\/%E9%A2%84","subtitle":"\u9884\u7b97","text":{"copy":"Budget,preliminary calculation,Estimate,spend"},"title":"Budget,preliminary calculation,Estimate,spend","valid":true}
{"arg":"b","icon":{"path":"translate.png"},"quicklookurl":"http:\/\/youdao.com\/w\/b","subtitle":"\u7ef4\u751f\u7d20B","text":{"copy":"Vitamin,VB,VitB,thiamine"},"title":"Vitamin,VB,VitB,thiamine","valid":true}
{"arg":"b","icon":{"path":"translate.png"},"quicklookurl":"http:\/\/youdao.com\/w\/b","subtitle":"\u7ef4\u751f\u7d20B","text":{"copy":"Vitamin,VB,VitB,thiamine"},"title":"Vitamin,VB,VitB,thiamine","valid":true}
{"arg":"Not allowed to","icon":{"path":"translate.png"},"quicklookurl":"http:\/\/youdao.com\/w\/%E4%B8%8D%E5%87%86","subtitle":"\u4e0d\u51c6","text":{"copy":"prohibit,bar from,not allow,forbid"},"title":"prohibit,bar from,not allow,forbid","valid":true}
{"arg":"FORBID","icon":{"path":"translate.png"},"quicklookurl":"http:\/\/youdao.com\/w\/FORBID","subtitle":"forbid","text":{"copy":"\u7981\u6b62,\u4e0d\u8bb8,\u963b\u6b62,\u4e0d\u51c6"},"title":"\u7981\u6b62,\u4e0d\u8bb8,\u963b\u6b62,\u4e0d\u51c6","valid":true}
{"arg":"FOR","icon":{"path":"translate.png"},"quicklookurl":"http:\/\/youdao.com\/w\/FOR","subtitle":"for","text":{"copy":"\u4e3a\u4e86,\u5faa\u73af,\u5faa\u73af\u8bed\u53e5,\u56e0\u4e3a"},"title":"\u4e3a\u4e86,\u5faa\u73af,\u5faa\u73af\u8bed\u53e5,\u56e0\u4e3a","valid":true}
{"arg":"FO","icon":{"path":"translate.png"},"quicklookurl":"http:\/\/youdao.com\/w\/FO","subtitle":"fo","text":{"copy":"\u6cd5\u7f57\u7fa4\u5c9b,\u521d\u59cb\u8367\u5149,\u8c10\u632f\u9891\u7387,\u963f\u7518\u6b63\u4f20"},"title":"\u6cd5\u7f57\u7fa4\u5c9b,\u521d\u59cb\u8367\u5149,\u8c10\u632f\u9891\u7387,\u963f\u7518\u6b63\u4f20","valid":true}
{"arg":"F","icon":{"path":"translate.png"},"quicklookurl":"http:\/\/youdao.com\/w\/F","subtitle":"F-number","text":{"copy":"\u7126\u6bd4,\u5149\u5708\u503c,\u5149\u5708\u7cfb\u6570,\u7126\u8ddd\u6bd4\u6570"},"title":"\u7126\u6bd4,\u5149\u5708\u503c,\u5149\u5708\u7cfb\u6570,\u7126\u8ddd\u6bd4\u6570","valid":true}
{"arg":"Is not correct","icon":{"path":"translate.png"},"quicklookurl":"http:\/\/youdao.com\/w\/%E4%B8%8D%E6%AD%A3%E7%A1%AE","subtitle":"\u4e0d\u6b63\u786e","text":{"copy":"incorrectness,inexactitude"},"title":"incorrectness,inexactitude","valid":true}
{"arg":"indent","icon":{"path":"translate.png"},"quicklookurl":"http:\/\/youdao.com\/w\/indent","subtitle":"indent","text":{"copy":"\u7f29\u8fdb,\u8ba2\u5355,\u7f29\u6392,\u7559\u51f9\u75d5\u4e8e"},"title":"\u7f29\u8fdb,\u8ba2\u5355,\u7f29\u6392,\u7559\u51f9\u75d5\u4e8e","valid":true}
{"arg":"particle","icon":{"path":"translate.png"},"quicklookurl":"http:\/\/youdao.com\/w\/particle","subtitle":"particle","text":{"copy":"\u7c92\u5b50,\u5fae\u7c92,\u9897\u7c92,\u8d28\u70b9"},"title":"\u7c92\u5b50,\u5fae\u7c92,\u9897\u7c92,\u8d28\u70b9","valid":true}
{"arg":"Journey","icon":{"path":"translate.png"},"quicklookurl":"http:\/\/youdao.com\/w\/Journey","subtitle":"Journey","text":{"copy":"\u65c5\u7a0b,\u65c5\u884c,\u65c5\u9014"},"title":"\u65c5\u7a0b,\u65c5\u884c,\u65c5\u9014","valid":true}
{"arg":"interpret","icon":{"path":"translate.png"},"quicklookurl":"http:\/\/youdao.com\/w\/interpret","subtitle":"interpret","text":{"copy":"\u89e3\u91ca,\u53e3\u8bd1,\u7ffb\u8bd1,\u8bf4\u660e"},"title":"\u89e3\u91ca,\u53e3\u8bd1,\u7ffb\u8bd1,\u8bf4\u660e","valid":true}
{"arg":"x","icon":{"path":"translate.png"},"quicklookurl":"http:\/\/youdao.com\/w\/x","subtitle":"X-Men","text":{"copy":"X\u6218\u8b66\u5929\u542f,\u52a8\u753b\u7248,\u53d8\u79cd\u7279\u653b"},"title":"X\u6218\u8b66\u5929\u542f,\u52a8\u753b\u7248,\u53d8\u79cd\u7279\u653b","valid":true}
{"arg":"The coefficient of","icon":{"path":"translate.png"},"quicklookurl":"http:\/\/youdao.com\/w\/%E7%B3%BB%E6%95%B0","subtitle":"\u7cfb\u6570","text":{"copy":"Coefficient,factor,RDW-CV,modulus"},"title":"Coefficient,factor,RDW-CV,modulus","valid":true}
{"arg":"scope","icon":{"path":"translate.png"},"quicklookurl":"http:\/\/youdao.com\/w\/%E4%BD%9C%E7%94%A8%E5%9F%9F","subtitle":"\u4f5c\u7528\u57df","text":{"copy":"Scope,Context,Scoping,enclosing scope"},"title":"Scope,Context,Scoping,enclosing scope","valid":true}
{"arg":"difference","icon":{"path":"translate.png"},"quicklookurl":"http:\/\/youdao.com\/w\/%E5%B7%AE%E5%80%BC","subtitle":"\u5dee\u503c","text":{"copy":"Difference,Differentials,interpolation,Yi-Xi"},"title":"Difference,Differentials,interpolation,Yi-Xi","valid":true}
{"arg":"internal","icon":{"path":"translate.png"},"quicklookurl":"http:\/\/youdao.com\/w\/internal","subtitle":"Internal","text":{"copy":"\u5185\u90e8,\u5185\u7f6e,\u5185\u5728\u7684,\u5185\u540c\u6b65"},"title":"\u5185\u90e8,\u5185\u7f6e,\u5185\u5728\u7684,\u5185\u540c\u6b65","valid":true}
{"arg":"A collection of","icon":{"path":"translate.png"},"quicklookurl":"http:\/\/youdao.com\/w\/%E9%9B%86%E5%90%88","subtitle":"\u96c6\u5408","text":{"copy":"assemble,get together"},"title":"assemble,get together","valid":true}
{"arg":"knowledge transfer","icon":{"path":"translate.png"},"quicklookurl":"http:\/\/youdao.com\/w\/knowledge+transfer","subtitle":"Preparing for Knowledge Transfer","text":{"copy":"\u51c6\u5907\u77e5\u8bc6\u8f6c\u79fb,\u9884\u5907\u5b66\u95ee\u8f6c\u79fb"},"title":"\u51c6\u5907\u77e5\u8bc6\u8f6c\u79fb,\u9884\u5907\u5b66\u95ee\u8f6c\u79fb","valid":true}
{"arg":"z","icon":{"path":"translate.png"},"quicklookurl":"http:\/\/youdao.com\/w\/z","subtitle":"\u65e0\u53cc\u5927\u86c7Z","text":{"copy":"Musou Orochi,OROCHI,Warriors Orochi,Musou Orochello"},"title":"Musou Orochi,OROCHI,Warriors Orochi,Musou Orochello","valid":true}
{"arg":"assets","icon":{"path":"translate.png"},"quicklookurl":"http:\/\/youdao.com\/w\/%E8%B5%84%E4%BA%A7","subtitle":"\u8d44\u4ea7","text":{"copy":"Asset,asset,property,Capital"},"title":"Asset,asset,property,Capital","valid":true}
{"arg":"information","icon":{"path":"translate.png"},"quicklookurl":"http:\/\/youdao.com\/w\/%E8%B5%84","subtitle":"\u8d44","text":{"copy":"Total Assets,ASSETS,resource,FDI"},"title":"Total Assets,ASSETS,resource,FDI","valid":true}
{"arg":"t","icon":{"path":"translate.png"},"quicklookurl":"http:\/\/youdao.com\/w\/t","subtitle":"T-ara","text":{"copy":"\u6734\u667a\u598d,\u667a\u598d,\u6734\u5b5d\u654f,\u6069\u9759"},"title":"\u6734\u667a\u598d,\u667a\u598d,\u6734\u5b5d\u654f,\u6069\u9759","valid":true}
{"arg":"tec","icon":{"path":"translate.png"},"quicklookurl":"http:\/\/youdao.com\/w\/tec","subtitle":"TEC","text":{"copy":"\u4e1c\u829d,\u67e0\u6aac\u9178\u4e09\u4e59\u916f,\u5178\u578b\u7528\u7535\u91cf,\u70ed\u7535\u5236\u51b7\u5668"},"title":"\u4e1c\u829d,\u67e0\u6aac\u9178\u4e09\u4e59\u916f,\u5178\u578b\u7528\u7535\u91cf,\u70ed\u7535\u5236\u51b7\u5668","valid":true}
{"arg":"tech","icon":{"path":"translate.png"},"quicklookurl":"http:\/\/youdao.com\/w\/tech","subtitle":"Tech","text":{"copy":"\u79d1\u6280,\u6280\u672f,\u5de5\u4e1a\u7528,\u786c\u8102\u9178\u6b63\u4e01\u916f"},"title":"\u79d1\u6280,\u6280\u672f,\u5de5\u4e1a\u7528,\u786c\u8102\u9178\u6b63\u4e01\u916f","valid":true}
{"arg":"techno","icon":{"path":"translate.png"},"quicklookurl":"http:\/\/youdao.com\/w\/techno","subtitle":"techno","text":{"copy":"\u94c1\u514b\u8bfa\u97f3\u4e50,\u79d1\u6280\u821e\u66f2,\u6570\u7801"},"title":"\u94c1\u514b\u8bfa\u97f3\u4e50,\u79d1\u6280\u821e\u66f2,\u6570\u7801","valid":true}
{"arg":"technol","icon":{"path":"translate.png"},"quicklookurl":"http:\/\/youdao.com\/w\/technol","subtitle":"Technol","text":{"copy":"\u7279\u8bfa,\u6280\u672f"},"title":"\u7279\u8bfa,\u6280\u672f","valid":true}
{"arg":"technology","icon":{"path":"translate.png"},"quicklookurl":"http:\/\/youdao.com\/w\/technology","subtitle":"Technology","text":{"copy":"\u6280\u672f,\u79d1\u6280,\u5de5\u827a,\u6280\u672f\u529b\u91cf"},"title":"\u6280\u672f,\u79d1\u6280,\u5de5\u827a,\u6280\u672f\u529b\u91cf","valid":true}
{"arg":"c","icon":{"path":"translate.png"},"quicklookurl":"http:\/\/youdao.com\/w\/c","subtitle":"\u7ef4\u751f\u7d20C","text":{"copy":"Vitamin,Ascorbic Acid,Poly,VC"},"title":"Vitamin,Ascorbic Acid,Poly,VC","valid":true}
{"arg":"g","icon":{"path":"translate.png"},"quicklookurl":"http:\/\/youdao.com\/w\/g","subtitle":"G-Dragon","text":{"copy":"\u6743\u5fd7\u9f99,\u961f\u957f\u6743\u5fd7\u9f99,\u5fd7\u9f99,\u672c\u540d\u6743\u5fd7\u9f99"},"title":"\u6743\u5fd7\u9f99,\u961f\u957f\u6743\u5fd7\u9f99,\u5fd7\u9f99,\u672c\u540d\u6743\u5fd7\u9f99","valid":true}
{"arg":"goo","icon":{"path":"translate.png"},"quicklookurl":"http:\/\/youdao.com\/w\/goo","subtitle":"Goo","text":{"copy":"\u7c98\u8c46\u5305,\u98df\u5c38\u9b3c,\u5927\u738b,\u7c98\u6027\u7269"},"title":"\u7c98\u8c46\u5305,\u98df\u5c38\u9b3c,\u5927\u738b,\u7c98\u6027\u7269","valid":true}
{"arg":"good","icon":{"path":"translate.png"},"quicklookurl":"http:\/\/youdao.com\/w\/good","subtitle":"good","text":{"copy":"\u597d\u7684,\u5584,\u826f\u597d,\u5546\u54c1"},"title":"\u597d\u7684,\u5584,\u826f\u597d,\u5546\u54c1","valid":true}
{"arg":"go","icon":{"path":"translate.png"},"quicklookurl":"http:\/\/youdao.com\/w\/go","subtitle":"Go","text":{"copy":"\u56f4\u68cb,\u53bb,\u6c27\u5316\u77f3\u58a8\u70ef(Graphene Oxide),\u8d70"},"title":"\u56f4\u68cb,\u53bb,\u6c27\u5316\u77f3\u58a8\u70ef(Graphene Oxide),\u8d70","valid":true}
{"arg":"goo","icon":{"path":"translate.png"},"quicklookurl":"http:\/\/youdao.com\/w\/goo","subtitle":"Goo","text":{"copy":"\u7c98\u8c46\u5305,\u98df\u5c38\u9b3c,\u5927\u738b,\u7c98\u6027\u7269"},"title":"\u7c98\u8c46\u5305,\u98df\u5c38\u9b3c,\u5927\u738b,\u7c98\u6027\u7269","valid":true}
{"arg":"good","icon":{"path":"translate.png"},"quicklookurl":"http:\/\/youdao.com\/w\/good","subtitle":"good","text":{"copy":"\u597d\u7684,\u5584,\u826f\u597d,\u5546\u54c1"},"title":"\u597d\u7684,\u5584,\u826f\u597d,\u5546\u54c1","valid":true}
{"arg":"a","icon":{"path":"translate.png"},"quicklookurl":"http:\/\/youdao.com\/w\/a","subtitle":"a cappella","text":{"copy":"\u65e0\u4f34\u594f\u5408\u5531,\u963f\u5361\u8d1d\u62c9,\u8d70\u5728\u5927\u8857\u7684\u5973\u5b50,\u65e0\u4f34\u594f"},"title":"\u65e0\u4f34\u594f\u5408\u5531,\u963f\u5361\u8d1d\u62c9,\u8d70\u5728\u5927\u8857\u7684\u5973\u5b50,\u65e0\u4f34\u594f","valid":true}
{"arg":"enum","icon":{"path":"translate.png"},"quicklookurl":"http:\/\/youdao.com\/w\/enum","subtitle":"Enum","text":{"copy":"\u679a\u4e3e,\u679a\u4e3e\u7c7b\u578b,\u679a\u4e3e\u7c7b,\u7535\u8bdd\u53f7\u7801\u6620\u5c04"},"title":"\u679a\u4e3e,\u679a\u4e3e\u7c7b\u578b,\u679a\u4e3e\u7c7b,\u7535\u8bdd\u53f7\u7801\u6620\u5c04","valid":true}
{"arg":"jinxing","icon":{"path":"translate.png"},"quicklookurl":"http:\/\/youdao.com\/w\/jinxing","subtitle":"JinXing","text":{"copy":"\u9605\u621e\u69e6,\u5012\u9709"},"title":"\u9605\u621e\u69e6,\u5012\u9709","valid":true}
{"arg":"jinx","icon":{"path":"translate.png"},"quicklookurl":"http:\/\/youdao.com\/w\/jinx","subtitle":"JINX","text":{"copy":"\u91d1\u514b\u65af,\u91d1\u514b\u4e1d,\u626b\u628a\u661f,\u5409\u8335\u73c2\u4e1d"},"title":"\u91d1\u514b\u65af,\u91d1\u514b\u4e1d,\u626b\u628a\u661f,\u5409\u8335\u73c2\u4e1d","valid":true}
{"arg":"j","icon":{"path":"translate.png"},"quicklookurl":"http:\/\/youdao.com\/w\/j","subtitle":"J-POP","text":{"copy":"\u65e5\u672c\u6d41\u884c\u97f3\u4e50,\u884c\u97f3\u4e50\u7ec4\u5408,\u65e5\u672c\u6d41\u884c,\u97f3\u4e50\u7c7b\u578b"},"title":"\u65e5\u672c\u6d41\u884c\u97f3\u4e50,\u884c\u97f3\u4e50\u7ec4\u5408,\u65e5\u672c\u6d41\u884c,\u97f3\u4e50\u7c7b\u578b","valid":true}
{"arg":"ongoing","icon":{"path":"translate.png"},"quicklookurl":"http:\/\/youdao.com\/w\/%E8%BF%9B%E8%A1%8C%E4%B8%AD","subtitle":"\u8fdb\u884c\u4e2d","text":{"copy":"in progress,under way,go ahead"},"title":"in progress,under way,go ahead","valid":true}
{"arg":"The tip","icon":{"path":"translate.png"},"quicklookurl":"http:\/\/youdao.com\/w\/%E5%B0%96","subtitle":"\u5c16","text":{"copy":"Tip,apex,apico,apical"},"title":"Tip,apex,apico,apical","valid":true}
{"arg":"t","icon":{"path":"translate.png"},"quicklookurl":"http:\/\/youdao.com\/w\/t","subtitle":"T-ara","text":{"copy":"\u6734\u667a\u598d,\u667a\u598d,\u6734\u5b5d\u654f,\u6069\u9759"},"title":"\u6734\u667a\u598d,\u667a\u598d,\u6734\u5b5d\u654f,\u6069\u9759","valid":true}
{"arg":"The tip","icon":{"path":"translate.png"},"quicklookurl":"http:\/\/youdao.com\/w\/%E5%B0%96","subtitle":"\u5c16","text":{"copy":"Tip,apex,apico,apical"},"title":"Tip,apex,apico,apical","valid":true}
{"arg":"t","icon":{"path":"translate.png"},"quicklookurl":"http:\/\/youdao.com\/w\/t","subtitle":"T-ara","text":{"copy":"\u6734\u667a\u598d,\u667a\u598d,\u6734\u5b5d\u654f,\u6069\u9759"},"title":"\u6734\u667a\u598d,\u667a\u598d,\u6734\u5b5d\u654f,\u6069\u9759","valid":true}
{"arg":"sharp","icon":{"path":"translate.png"},"quicklookurl":"http:\/\/youdao.com\/w\/sharp","subtitle":"SHARP","text":{"copy":"\u590f\u666e,\u950b\u5229\u7684,\u9510\u5229,\u5347\u97f3\u7b26"},"title":"\u590f\u666e,\u950b\u5229\u7684,\u9510\u5229,\u5347\u97f3\u7b26","valid":true}
{"arg":"k","icon":{"path":"translate.png"},"quicklookurl":"http:\/\/youdao.com\/w\/k","subtitle":"K-Touch","text":{"copy":"\u5929\u8bed,\u5929\u8bed\u624b\u673a,\u624b\u673a,\u5929\u5b87\u6717\u901a"},"title":"\u5929\u8bed,\u5929\u8bed\u624b\u673a,\u624b\u673a,\u5929\u5b87\u6717\u901a","valid":true}
{"arg":"block","icon":{"path":"translate.png"},"quicklookurl":"http:\/\/youdao.com\/w\/%E5%9D%97","subtitle":"\u5757","text":{"copy":"block,lump,Pieces,Patch"},"title":"block,lump,Pieces,Patch","valid":true}
{"arg":"The slider","icon":{"path":"translate.png"},"quicklookurl":"http:\/\/youdao.com\/w\/%E6%BB%91%E5%9D%97","subtitle":"\u6ed1\u5757","text":{"copy":"Slider,cam block,sliding block,slide block"},"title":"Slider,cam block,sliding block,slide block","valid":true}
{"arg":"temporary","icon":{"path":"translate.png"},"quicklookurl":"http:\/\/youdao.com\/w\/%E4%B8%B4%E6%97%B6","subtitle":"\u4e34\u65f6","text":{"copy":"Temporary,for the moment"},"title":"Temporary,for the moment","valid":true}
{"arg":"A temporary solution","icon":{"path":"translate.png"},"quicklookurl":"http:\/\/youdao.com\/w\/%E4%B8%B4%E6%97%B6%E6%96%B9%E6%A1%88","subtitle":"\u4e34\u65f6\u6869\u65b9\u6848","text":{"copy":"temporary pile structure"},"title":"temporary pile structure","valid":true}
{"arg":"d","icon":{"path":"translate.png"},"quicklookurl":"http:\/\/youdao.com\/w\/d","subtitle":"vitamin D","text":{"copy":"\u7ef4\u751f\u7d20D,\u9499\u5316\u9187,\u56fd\u9645\u5355\u4f4d"},"title":"\u7ef4\u751f\u7d20D,\u9499\u5316\u9187,\u56fd\u9645\u5355\u4f4d","valid":true}
{"arg":"tier","icon":{"path":"translate.png"},"quicklookurl":"http:\/\/youdao.com\/w\/tier","subtitle":"tier","text":{"copy":"\u770b\u53f0,\u5c42,\u7b7e\u8bc1,\u6807\u51c6"},"title":"\u770b\u53f0,\u5c42,\u7b7e\u8bc1,\u6807\u51c6","valid":true}
{"arg":"Patrol","icon":{"path":"translate.png"},"quicklookurl":"http:\/\/youdao.com\/w\/Patrol","subtitle":"patrol","text":{"copy":"\u5de1\u903b,\u9014\u4e50,\u4fa6\u5bdf\u5175,\u5de1\u903b\u961f"},"title":"\u5de1\u903b,\u9014\u4e50,\u4fa6\u5bdf\u5175,\u5de1\u903b\u961f","valid":true}
{"arg":"part-time","icon":{"path":"translate.png"},"quicklookurl":"http:\/\/youdao.com\/w\/%E5%85%BC%E8%81%8C","subtitle":"\u517c\u804c","text":{"copy":"part-time job,Part Time,on the side,moonlight"},"title":"part-time job,Part Time,on the side,moonlight","valid":true}
{"arg":"A part-time driver","icon":{"path":"translate.png"},"quicklookurl":"http:\/\/youdao.com\/w\/%E5%85%BC%E8%81%8C%E5%8F%B8%E6%9C%BA","subtitle":"\u8058\u8bf7\u517c\u804c\u53f8\u673a","text":{"copy":"PART TIME DRIVER"},"title":"PART TIME DRIVER","valid":true}
{"arg":"part-time","icon":{"path":"translate.png"},"quicklookurl":"http:\/\/youdao.com\/w\/%E5%85%BC%E8%81%8C","subtitle":"\u517c\u804c","text":{"copy":"part-time job,Part Time,on the side,moonlight"},"title":"part-time job,Part Time,on the side,moonlight","valid":true}
{"arg":"hit","icon":{"path":"translate.png"},"quicklookurl":"http:\/\/youdao.com\/w\/hit","subtitle":"Hit","text":{"copy":"\u547d\u4e2d,\u51fb\u4e2d,\u5b89\u6253,\u6253\u4e2d"},"title":"\u547d\u4e2d,\u51fb\u4e2d,\u5b89\u6253,\u6253\u4e2d","valid":true}
{"arg":"hanle","icon":{"path":"translate.png"},"quicklookurl":"http:\/\/youdao.com\/w\/hanle","subtitle":"Hanle","text":{"copy":"\u6765\u5f80\u4e8e\u6c57\u5c71,\u540d\u5b57,\u795e\u7ecf\u5200"},"title":"\u6765\u5f80\u4e8e\u6c57\u5c71,\u540d\u5b57,\u795e\u7ecf\u5200","valid":true}
{"arg":"At a discount","icon":{"path":"translate.png"},"quicklookurl":"http:\/\/youdao.com\/w\/%E6%89%93%E6%8A%98","subtitle":"\u6253\u6298","text":{"copy":"Discount,On Sale,knock off,off"},"title":"Discount,On Sale,knock off,off","valid":true}
{"arg":"switch","icon":{"path":"translate.png"},"quicklookurl":"http:\/\/youdao.com\/w\/%E5%BC%80%E5%85%B3","subtitle":"\u5f00\u5173","text":{"copy":"switch,SW,OFF,IIB"},"title":"switch,SW,OFF,IIB","valid":true}
{"arg":"switch","icon":{"path":"translate.png"},"quicklookurl":"http:\/\/youdao.com\/w\/%E5%BC%80%E5%85%B3","subtitle":"\u5f00\u5173","text":{"copy":"switch,SW,OFF,IIB"},"title":"switch,SW,OFF,IIB","valid":true}
{"arg":"pop","icon":{"path":"translate.png"},"quicklookurl":"http:\/\/youdao.com\/w\/pop","subtitle":"Pop","text":{"copy":"\u6d41\u884c,\u6d41\u884c\u97f3\u4e50,\u6ce1\u6ce1,\u90ae\u5c40\u534f\u8bae"},"title":"\u6d41\u884c,\u6d41\u884c\u97f3\u4e50,\u6ce1\u6ce1,\u90ae\u5c40\u534f\u8bae","valid":true}
{"arg":"popup","icon":{"path":"translate.png"},"quicklookurl":"http:\/\/youdao.com\/w\/popup","subtitle":"popup","text":{"copy":"\u5f39\u51fa\u5c42,\u5f39\u51fa\u7a97\u53e3"},"title":"\u5f39\u51fa\u5c42,\u5f39\u51fa\u7a97\u53e3","valid":true}
{"arg":"popup","icon":{"path":"translate.png"},"quicklookurl":"http:\/\/youdao.com\/w\/popup","subtitle":"popup","text":{"copy":"\u5f39\u51fa\u5c42,\u5f39\u51fa\u7a97\u53e3"},"title":"\u5f39\u51fa\u5c42,\u5f39\u51fa\u7a97\u53e3","valid":true}
{"arg":"popup","icon":{"path":"translate.png"},"quicklookurl":"http:\/\/youdao.com\/w\/popup","subtitle":"popup","text":{"copy":"\u5f39\u51fa\u5c42,\u5f39\u51fa\u7a97\u53e3"},"title":"\u5f39\u51fa\u5c42,\u5f39\u51fa\u7a97\u53e3","valid":true}
{"arg":"The target","icon":{"path":"translate.png"},"quicklookurl":"http:\/\/youdao.com\/w\/%E7%9B%AE%E6%A0%87","subtitle":"\u76ee\u6807","text":{"copy":"Goal,Target,Objectives,aim"},"title":"Goal,Target,Objectives,aim","valid":true}
{"arg":"Orders,","icon":{"path":"translate.png"},"quicklookurl":"http:\/\/youdao.com\/w\/%E7%9B%AE","subtitle":"\u76ee","text":{"copy":"order,MESH,Contents,eye"},"title":"order,MESH,Contents,eye","valid":true}
{"arg":"plain","icon":{"path":"translate.png"},"quicklookurl":"http:\/\/youdao.com\/w\/plain","subtitle":"plain","text":{"copy":"\u5e73\u539f,\u666e\u901a\u7684,\u660e\u767d,\u7d20\u8272"},"title":"\u5e73\u539f,\u666e\u901a\u7684,\u660e\u767d,\u7d20\u8272","valid":true}
{"arg":"plan","icon":{"path":"translate.png"},"quicklookurl":"http:\/\/youdao.com\/w\/plan","subtitle":"plan","text":{"copy":"\u8ba1\u5212,\u5e73\u9762\u56fe,\u5e73\u9762,\u8bbe\u8ba1\u56fe"},"title":"\u8ba1\u5212,\u5e73\u9762\u56fe,\u5e73\u9762,\u8bbe\u8ba1\u56fe","valid":true}
{"arg":"sh","icon":{"path":"translate.png"},"quicklookurl":"http:\/\/youdao.com\/w\/sh","subtitle":"SH","text":{"copy":"\u80a1\u4efd\u6709\u9650\u516c\u53f8,\u624b\u52a8\u63a7\u5236\u5f00\u5173,\u80a1\u4efd,\u6697\u5f71\u730e\u624b"},"title":"\u80a1\u4efd\u6709\u9650\u516c\u53f8,\u624b\u52a8\u63a7\u5236\u5f00\u5173,\u80a1\u4efd,\u6697\u5f71\u730e\u624b","valid":true}
{"arg":"shen","icon":{"path":"translate.png"},"quicklookurl":"http:\/\/youdao.com\/w\/shen","subtitle":"Shen","text":{"copy":"\u6c88\u5bb6\u714a,\u66ae\u5149\u4e4b\u773c,\u66ae\u5149\u4e4b\u773c\u614e,\u65bd\u9b54\u62a4\u76fe"},"title":"\u6c88\u5bb6\u714a,\u66ae\u5149\u4e4b\u773c,\u66ae\u5149\u4e4b\u773c\u614e,\u65bd\u9b54\u62a4\u76fe","valid":true}
{"arg":"shen","icon":{"path":"translate.png"},"quicklookurl":"http:\/\/youdao.com\/w\/shen","subtitle":"Shen","text":{"copy":"\u6c88\u5bb6\u714a,\u66ae\u5149\u4e4b\u773c,\u66ae\u5149\u4e4b\u773c\u614e,\u65bd\u9b54\u62a4\u76fe"},"title":"\u6c88\u5bb6\u714a,\u66ae\u5149\u4e4b\u773c,\u66ae\u5149\u4e4b\u773c\u614e,\u65bd\u9b54\u62a4\u76fe","valid":true}
{"arg":"she","icon":{"path":"translate.png"},"quicklookurl":"http:\/\/youdao.com\/w\/she","subtitle":"She","text":{"copy":"\u7572\u65cf,\u5979,\u5f15\u64ce,\u6c88\u9633"},"title":"\u7572\u65cf,\u5979,\u5f15\u64ce,\u6c88\u9633","valid":true}
{"arg":"sh","icon":{"path":"translate.png"},"quicklookurl":"http:\/\/youdao.com\/w\/sh","subtitle":"SH","text":{"copy":"\u80a1\u4efd\u6709\u9650\u516c\u53f8,\u624b\u52a8\u63a7\u5236\u5f00\u5173,\u80a1\u4efd,\u6697\u5f71\u730e\u624b"},"title":"\u80a1\u4efd\u6709\u9650\u516c\u53f8,\u624b\u52a8\u63a7\u5236\u5f00\u5173,\u80a1\u4efd,\u6697\u5f71\u730e\u624b","valid":true}
{"arg":"s","icon":{"path":"translate.png"},"quicklookurl":"http:\/\/youdao.com\/w\/s","subtitle":"DVB-S","text":{"copy":"\u536b\u661f\u7535\u89c6,\u536b\u661f\u673a\u9876\u76d2,\u536b\u661f\u63a5\u6536\u673a,\u63a5\u6536\u673a"},"title":"\u536b\u661f\u7535\u89c6,\u536b\u661f\u673a\u9876\u76d2,\u536b\u661f\u63a5\u6536\u673a,\u63a5\u6536\u673a","valid":true}
{"arg":"e","icon":{"path":"translate.png"},"quicklookurl":"http:\/\/youdao.com\/w\/e","subtitle":"Wall-E","text":{"copy":"\u673a\u5668\u4eba\u74e6\u529b,\u673a\u5668\u4eba\u603b\u52a8\u5458,\u74e6\u529b,\u661f\u9645\u603b\u52a8\u5458"},"title":"\u673a\u5668\u4eba\u74e6\u529b,\u673a\u5668\u4eba\u603b\u52a8\u5458,\u74e6\u529b,\u661f\u9645\u603b\u52a8\u5458","valid":true}
{"arg":"e","icon":{"path":"translate.png"},"quicklookurl":"http:\/\/youdao.com\/w\/e","subtitle":"Wall-E","text":{"copy":"\u673a\u5668\u4eba\u74e6\u529b,\u673a\u5668\u4eba\u603b\u52a8\u5458,\u74e6\u529b,\u661f\u9645\u603b\u52a8\u5458"},"title":"\u673a\u5668\u4eba\u74e6\u529b,\u673a\u5668\u4eba\u603b\u52a8\u5458,\u74e6\u529b,\u661f\u9645\u603b\u52a8\u5458","valid":true}
{"arg":"ellipsis","icon":{"path":"translate.png"},"quicklookurl":"http:\/\/youdao.com\/w\/%E7%9C%81%E7%95%A5%E5%8F%B7","subtitle":"\u7701\u7565\u53f7","text":{"copy":"ellipsis,apostrophe,suspension points"},"title":"ellipsis,apostrophe,suspension points","valid":true}
{"arg":"Mutation","icon":{"path":"translate.png"},"quicklookurl":"http:\/\/youdao.com\/w\/Mutation","subtitle":"mutation","text":{"copy":"\u7a81\u53d8,\u53d8\u5f02,\u53d8\u79cd,\u57fa\u56e0\u7a81\u53d8"},"title":"\u7a81\u53d8,\u53d8\u5f02,\u53d8\u79cd,\u57fa\u56e0\u7a81\u53d8","valid":true}
{"arg":"pretentious","icon":{"path":"translate.png"},"quicklookurl":"http:\/\/youdao.com\/w\/pretentious","subtitle":"pretentious","text":{"copy":"\u81ea\u547d\u4e0d\u51e1\u7684,\u81ea\u8d1f\u7684,\u505a\u4f5c\u7684,\u72c2\u5984\u7684"},"title":"\u81ea\u547d\u4e0d\u51e1\u7684,\u81ea\u8d1f\u7684,\u505a\u4f5c\u7684,\u72c2\u5984\u7684","valid":true}
{"arg":"m","icon":{"path":"translate.png"},"quicklookurl":"http:\/\/youdao.com\/w\/m","subtitle":"m-learning","text":{"copy":"\u79fb\u52a8\u5b66\u4e60,\u884c\u52a8\u5b66\u4e60,\u79fb\u52a8\u8fdb\u4fee,\u79fb\u52a8\u6559\u80b2"},"title":"\u79fb\u52a8\u5b66\u4e60,\u884c\u52a8\u5b66\u4e60,\u79fb\u52a8\u8fdb\u4fee,\u79fb\u52a8\u6559\u80b2","valid":true}
{"arg":"named","icon":{"path":"translate.png"},"quicklookurl":"http:\/\/youdao.com\/w\/%E5%91%BD%E5%90%8D","subtitle":"\u547d\u540d","text":{"copy":"denominate,Naming,Name,nomenclature"},"title":"denominate,Naming,Name,nomenclature","valid":true}
{"arg":"atomic","icon":{"path":"translate.png"},"quicklookurl":"http:\/\/youdao.com\/w\/atomic","subtitle":"atomic","text":{"copy":"\u539f\u5b50\u7684,\u539f\u5b50\u6027,\u963f\u6258\u7c73\u514b"},"title":"\u539f\u5b50\u7684,\u539f\u5b50\u6027,\u963f\u6258\u7c73\u514b","valid":true}
{"arg":"in","icon":{"path":"translate.png"},"quicklookurl":"http:\/\/youdao.com\/w\/in","subtitle":"in","text":{"copy":"\u82f1\u5bf8,\u5370\u5ea6,\u8f93\u5165,\u4eba\u53e3"},"title":"\u82f1\u5bf8,\u5370\u5ea6,\u8f93\u5165,\u4eba\u53e3","valid":true}
{"arg":"int","icon":{"path":"translate.png"},"quicklookurl":"http:\/\/youdao.com\/w\/int","subtitle":"INT","text":{"copy":"\u7ebf,\u6574\u578b,\u6574\u6570,\u667a\u529b"},"title":"\u7ebf,\u6574\u578b,\u6574\u6570,\u667a\u529b","valid":true}
{"arg":"inter","icon":{"path":"translate.png"},"quicklookurl":"http:\/\/youdao.com\/w\/inter","subtitle":"Inter","text":{"copy":"\u56fd\u9645\u7c73\u5170,\u95f4"},"title":"\u56fd\u9645\u7c73\u5170,\u95f4","valid":true}
{"arg":"intern","icon":{"path":"translate.png"},"quicklookurl":"http:\/\/youdao.com\/w\/intern","subtitle":"intern","text":{"copy":"\u5b9e\u4e60\u751f,\u5b9e\u4e60\u533b\u751f,\u52a9\u7406,\u5b9e\u4e60\u533b\u5e08"},"title":"\u5b9e\u4e60\u751f,\u5b9e\u4e60\u533b\u751f,\u52a9\u7406,\u5b9e\u4e60\u533b\u5e08","valid":true}
{"arg":"internal","icon":{"path":"translate.png"},"quicklookurl":"http:\/\/youdao.com\/w\/internal","subtitle":"Internal","text":{"copy":"\u5185\u90e8,\u5185\u7f6e,\u5185\u5728\u7684,\u5185\u540c\u6b65"},"title":"\u5185\u90e8,\u5185\u7f6e,\u5185\u5728\u7684,\u5185\u540c\u6b65","valid":true}
