{"arg":"estimate","icon":{"path":"translate.png"},"quicklookurl":"http:\/\/youdao.com\/w\/estimate","subtitle":"Estimate","text":{"copy":"\u4f30\u8ba1,\u4f30\u7b97,\u8bc4\u4f30,\u4f30\u8ba1\u91cf"},"title":"\u4f30\u8ba1,\u4f30\u7b97,\u8bc4\u4f30,\u4f30\u8ba1\u91cf","valid":true}
{"arg":"detour","icon":{"path":"translate.png"},"quicklookurl":"http:\/\/youdao.com\/w\/detour","subtitle":"Detour","text":{"copy":"\u7ed5\u8def\u800c\u884c,\u7ed5\u8def,\u7ed5\u9053,\u6539\u9053"},"title":"\u7ed5\u8def\u800c\u884c,\u7ed5\u8def,\u7ed5\u9053,\u6539\u9053","valid":true}
{"arg":"edge","icon":{"path":"translate.png"},"quicklookurl":"http:\/\/youdao.com\/w\/edge","subtitle":"Edge","text":{"copy":"\u8fb9\u7f18,\u7f18,\u7f51\u7edc\u8fde\u63a5,\u827e\u5409"},"title":"\u8fb9\u7f18,\u7f18,\u7f51\u7edc\u8fde\u63a5,\u827e\u5409","valid":true}
{"arg":"compat","icon":{"path":"translate.png"},"quicklookurl":"http:\/\/youdao.com\/w\/compat","subtitle":"compat","text":{"copy":"\u517c\u5bb9,\u5eb7\u5e15\u7279,\u517c\u5bb9\u58a8\u76d2"},"title":"\u517c\u5bb9,\u5eb7\u5e15\u7279,\u517c\u5bb9\u58a8\u76d2","valid":true}
{"arg":"c","icon":{"path":"translate.png"},"quicklookurl":"http:\/\/youdao.com\/w\/c","subtitle":"Vitamin C","text":{"copy":"\u7ef4\u751f\u7d20C,\u7ef4\u4ed6\u547dC,\u6297\u574f\u8840\u9178,\u7ef4\u751f\u7d20"},"title":"\u7ef4\u751f\u7d20C,\u7ef4\u4ed6\u547dC,\u6297\u574f\u8840\u9178,\u7ef4\u751f\u7d20","valid":true}
{"arg":"comp","icon":{"path":"translate.png"},"quicklookurl":"http:\/\/youdao.com\/w\/comp","subtitle":"COMP","text":{"copy":"\u6bd4\u8f83\u5668,\u6bd4\u8d5b\u7684\u7b80\u79f0"},"title":"\u6bd4\u8f83\u5668,\u6bd4\u8d5b\u7684\u7b80\u79f0","valid":true}
{"arg":"compel","icon":{"path":"translate.png"},"quicklookurl":"http:\/\/youdao.com\/w\/compel","subtitle":"compel","text":{"copy":"\u5f3a\u8feb,\u8feb\u4f7f,\u903c\u8feb,\u8feb\u4f7f\u5c48\u670d"},"title":"\u5f3a\u8feb,\u8feb\u4f7f,\u903c\u8feb,\u8feb\u4f7f\u5c48\u670d","valid":true}
{"arg":"comp","icon":{"path":"translate.png"},"quicklookurl":"http:\/\/youdao.com\/w\/comp","subtitle":"COMP","text":{"copy":"\u6bd4\u8f83\u5668,\u6bd4\u8d5b\u7684\u7b80\u79f0"},"title":"\u6bd4\u8f83\u5668,\u6bd4\u8d5b\u7684\u7b80\u79f0","valid":true}
{"arg":"compl","icon":{"path":"translate.png"},"quicklookurl":"http:\/\/youdao.com\/w\/compl","subtitle":"compl","text":{"copy":"\u6309\u4f4d\u53d6\u53cd,\u6295\u8bc9\u4e0e\u5efa\u8bae"},"title":"\u6309\u4f4d\u53d6\u53cd,\u6295\u8bc9\u4e0e\u5efa\u8bae","valid":true}
{"arg":"comple","icon":{"path":"translate.png"},"quicklookurl":"http:\/\/youdao.com\/w\/comple","subtitle":"comple","text":{"copy":"\u5b8c\u6574\u6a21\u578b,\u5168\u5957\u52fa\u94f2,\u4e0d\u7f3a\u5c11\u4efb\u4f55\u90e8\u5206"},"title":"\u5b8c\u6574\u6a21\u578b,\u5168\u5957\u52fa\u94f2,\u4e0d\u7f3a\u5c11\u4efb\u4f55\u90e8\u5206","valid":true}
{"arg":"complete","icon":{"path":"translate.png"},"quicklookurl":"http:\/\/youdao.com\/w\/complete","subtitle":"Complete","text":{"copy":"\u5b8c\u5168,\u5b8c\u6210,\u5b8c\u6574"},"title":"\u5b8c\u5168,\u5b8c\u6210,\u5b8c\u6574","valid":true}
{"arg":"staging","icon":{"path":"translate.png"},"quicklookurl":"http:\/\/youdao.com\/w\/staging","subtitle":"Staging","text":{"copy":"\u6f14\u51fa\u5e03\u5c40,\u6f14\u51fa"},"title":"\u6f14\u51fa\u5e03\u5c40,\u6f14\u51fa","valid":true}
{"arg":"Avaliable","icon":{"path":"translate.png"},"quicklookurl":"http:\/\/youdao.com\/w\/Avaliable","subtitle":"Avaliable once laid","text":{"copy":"\u5373\u94fa\u5373\u7528"},"title":"\u5373\u94fa\u5373\u7528","valid":true}
{"arg":"Strategy","icon":{"path":"translate.png"},"quicklookurl":"http:\/\/youdao.com\/w\/Strategy","subtitle":"strategy","text":{"copy":"\u6218\u7565,\u7b56\u7565,\u7b56\u7565\u6a21\u5f0f,\u5bf9\u7b56"},"title":"\u6218\u7565,\u7b56\u7565,\u7b56\u7565\u6a21\u5f0f,\u5bf9\u7b56","valid":true}
{"arg":"Indepent","icon":{"path":"translate.png"},"quicklookurl":"http:\/\/youdao.com\/w\/Indepent","subtitle":"Indepent","text":{"copy":"\u51fa\u7248\u8005"},"title":"\u51fa\u7248\u8005","valid":true}
{"arg":"Coroutine","icon":{"path":"translate.png"},"quicklookurl":"http:\/\/youdao.com\/w\/Coroutine","subtitle":"Coroutine","text":{"copy":"\u534f\u7a0b,\u534f\u540c\u7a0b\u5e8f,\u534f\u540c\u4f8b\u7a0b,\u8054\u7acb\u5b50\u7a0b\u5e8f"},"title":"\u534f\u7a0b,\u534f\u540c\u7a0b\u5e8f,\u534f\u540c\u4f8b\u7a0b,\u8054\u7acb\u5b50\u7a0b\u5e8f","valid":true}
{"arg":"Coroutine","icon":{"path":"translate.png"},"quicklookurl":"http:\/\/youdao.com\/w\/Coroutine","subtitle":"Coroutine","text":{"copy":"\u534f\u7a0b,\u534f\u540c\u7a0b\u5e8f,\u534f\u540c\u4f8b\u7a0b,\u8054\u7acb\u5b50\u7a0b\u5e8f"},"title":"\u534f\u7a0b,\u534f\u540c\u7a0b\u5e8f,\u534f\u540c\u4f8b\u7a0b,\u8054\u7acb\u5b50\u7a0b\u5e8f","valid":true}
{"arg":"Coroutine","icon":{"path":"translate.png"},"quicklookurl":"http:\/\/youdao.com\/w\/Coroutine","subtitle":"Coroutine","text":{"copy":"\u534f\u7a0b,\u534f\u540c\u7a0b\u5e8f,\u534f\u540c\u4f8b\u7a0b,\u8054\u7acb\u5b50\u7a0b\u5e8f"},"title":"\u534f\u7a0b,\u534f\u540c\u7a0b\u5e8f,\u534f\u540c\u4f8b\u7a0b,\u8054\u7acb\u5b50\u7a0b\u5e8f","valid":true}
{"arg":"explicit","icon":{"path":"translate.png"},"quicklookurl":"http:\/\/youdao.com\/w\/explicit","subtitle":"explicit","text":{"copy":"\u663e\u5f0f,\u6e05\u695a,\u660e\u6670\u7684"},"title":"\u663e\u5f0f,\u6e05\u695a,\u660e\u6670\u7684","valid":true}
{"arg":"valid","icon":{"path":"translate.png"},"quicklookurl":"http:\/\/youdao.com\/w\/valid","subtitle":"valid","text":{"copy":"\u6709\u6548\u7684,\u6b63\u5f53\u7684,\u4f9d\u6cd5\u6709\u6548\u7684,\u6709\u6839\u636e\u7684"},"title":"\u6709\u6548\u7684,\u6b63\u5f53\u7684,\u4f9d\u6cd5\u6709\u6548\u7684,\u6709\u6839\u636e\u7684","valid":true}
{"arg":"relevant","icon":{"path":"translate.png"},"quicklookurl":"http:\/\/youdao.com\/w\/relevant","subtitle":"Relevant","text":{"copy":"\u76f8\u5173\u6027,\u6709\u5173\u7684,\u76f8\u5173\u7684,\u76f8\u5e94\u7684"},"title":"\u76f8\u5173\u6027,\u6709\u5173\u7684,\u76f8\u5173\u7684,\u76f8\u5e94\u7684","valid":true}
{"arg":"duplicate","icon":{"path":"translate.png"},"quicklookurl":"http:\/\/youdao.com\/w\/duplicate","subtitle":"duplicate","text":{"copy":"\u590d\u5236,\u526f\u672c,\u91cd\u590d,\u590d\u672c"},"title":"\u590d\u5236,\u526f\u672c,\u91cd\u590d,\u590d\u672c","valid":true}
{"arg":"duplic","icon":{"path":"translate.png"},"quicklookurl":"http:\/\/youdao.com\/w\/duplic","subtitle":"duplic","text":{"copy":"\u590d\u5236"},"title":"\u590d\u5236","valid":true}
{"arg":"d","icon":{"path":"translate.png"},"quicklookurl":"http:\/\/youdao.com\/w\/d","subtitle":"vitamin D","text":{"copy":"\u7ef4\u751f\u7d20D,\u9499\u5316\u9187,\u56fd\u9645\u5355\u4f4d"},"title":"\u7ef4\u751f\u7d20D,\u9499\u5316\u9187,\u56fd\u9645\u5355\u4f4d","valid":true}
{"arg":"invalid","icon":{"path":"translate.png"},"quicklookurl":"http:\/\/youdao.com\/w\/invalid","subtitle":"Invalid","text":{"copy":"\u65e0\u6548,\u75c5\u53f7,\u5931\u6548,\u4f5c\u5e9f"},"title":"\u65e0\u6548,\u75c5\u53f7,\u5931\u6548,\u4f5c\u5e9f","valid":true}
{"arg":"inv","icon":{"path":"translate.png"},"quicklookurl":"http:\/\/youdao.com\/w\/inv","subtitle":"Inv","text":{"copy":"\u53d1\u7968,\u5957\u819c\u86cb\u767d,\u5e93\u5b58\u7ba1\u7406,\u6c42\u77e9\u9635\u9006"},"title":"\u53d1\u7968,\u5957\u819c\u86cb\u767d,\u5e93\u5b58\u7ba1\u7406,\u6c42\u77e9\u9635\u9006","valid":true}
{"arg":"i","icon":{"path":"translate.png"},"quicklookurl":"http:\/\/youdao.com\/w\/i","subtitle":"I SWEAR","text":{"copy":"\u6211\u5ba3\u8a93,\u6211\u53d1\u8a93,\u8a93\u8a00,\u6797\u5fc6\u83b2"},"title":"\u6211\u5ba3\u8a93,\u6211\u53d1\u8a93,\u8a93\u8a00,\u6797\u5fc6\u83b2","valid":true}
{"arg":"external","icon":{"path":"translate.png"},"quicklookurl":"http:\/\/youdao.com\/w\/external","subtitle":"External","text":{"copy":"\u5916\u90e8,\u5bf9\u5916,\u5916\u5728\u7684,\u5916\u7f6e\u7684"},"title":"\u5916\u90e8,\u5bf9\u5916,\u5916\u5728\u7684,\u5916\u7f6e\u7684","valid":true}
{"arg":"extern","icon":{"path":"translate.png"},"quicklookurl":"http:\/\/youdao.com\/w\/extern","subtitle":"extern","text":{"copy":"\u8d70\u8bfb\u751f,\u5916\u90e8\u53d8\u91cf,\u5916\u90e8\u7684,\u8d70\u8bfb\u533b\u5b66\u7814\u7a76\u751f"},"title":"\u8d70\u8bfb\u751f,\u5916\u90e8\u53d8\u91cf,\u5916\u90e8\u7684,\u8d70\u8bfb\u533b\u5b66\u7814\u7a76\u751f","valid":true}
{"arg":"exter","icon":{"path":"translate.png"},"quicklookurl":"http:\/\/youdao.com\/w\/exter","subtitle":"Exter","text":{"copy":"\u57c3\u514b\u585e\u7279,\u5317\u5c14\u4eba\u673a,\u827e\u5408\u592a\u5c14,\u57c3\u514b\u8d5b\u7279"},"title":"\u57c3\u514b\u585e\u7279,\u5317\u5c14\u4eba\u673a,\u827e\u5408\u592a\u5c14,\u57c3\u514b\u8d5b\u7279","valid":true}
{"arg":"ext","icon":{"path":"translate.png"},"quicklookurl":"http:\/\/youdao.com\/w\/ext","subtitle":"EXT","text":{"copy":"\u5706\u5f27,\u7ebf,\u5706\u7684\u5ef6\u957f\u7ebf,\u5916\u90e8\u7684"},"title":"\u5706\u5f27,\u7ebf,\u5706\u7684\u5ef6\u957f\u7ebf,\u5916\u90e8\u7684","valid":true}
{"arg":"ex","icon":{"path":"translate.png"},"quicklookurl":"http:\/\/youdao.com\/w\/ex","subtitle":"EX","text":{"copy":"\u5ef6\u4f38,\u5ef6\u957f,\u53ef\u71c3\u6c14\u4f53,\u524d\u4efb"},"title":"\u5ef6\u4f38,\u5ef6\u957f,\u53ef\u71c3\u6c14\u4f53,\u524d\u4efb","valid":true}
{"arg":"e","icon":{"path":"translate.png"},"quicklookurl":"http:\/\/youdao.com\/w\/e","subtitle":"Vitamin E","text":{"copy":"\u7ef4\u751f\u7d20E,\u7ef4\u4ed6\u547dE,\u7ef4\u751f\u7d20,\u751f\u80b2\u915a"},"title":"\u7ef4\u751f\u7d20E,\u7ef4\u4ed6\u547dE,\u7ef4\u751f\u7d20,\u751f\u80b2\u915a","valid":true}
{"arg":"duo","icon":{"path":"translate.png"},"quicklookurl":"http:\/\/youdao.com\/w\/duo","subtitle":"Duo","text":{"copy":"\u4e8c\u91cd\u594f,\u5999\u8bca\u5168\u81ea\u52a8\u8840\u538b\u8ba1,\u7eca\u53cc\u5203,\u4e8c\u91cd\u5531"},"title":"\u4e8c\u91cd\u594f,\u5999\u8bca\u5168\u81ea\u52a8\u8840\u538b\u8ba1,\u7eca\u53cc\u5203,\u4e8c\u91cd\u5531","valid":true}
{"arg":"d","icon":{"path":"translate.png"},"quicklookurl":"http:\/\/youdao.com\/w\/d","subtitle":"vitamin D","text":{"copy":"\u7ef4\u751f\u7d20D,\u9499\u5316\u9187,\u56fd\u9645\u5355\u4f4d"},"title":"\u7ef4\u751f\u7d20D,\u9499\u5316\u9187,\u56fd\u9645\u5355\u4f4d","valid":true}
{"arg":"j","icon":{"path":"translate.png"},"quicklookurl":"http:\/\/youdao.com\/w\/j","subtitle":"Mary J","text":{"copy":"\u5e03\u83b1\u59ec,\u5e03\u91cc\u59ec,\u5e03\u91cc\u5947,\u739b\u4e3d\u00b7\u5e03\u83b1\u5947"},"title":"\u5e03\u83b1\u59ec,\u5e03\u91cc\u59ec,\u5e03\u91cc\u5947,\u739b\u4e3d\u00b7\u5e03\u83b1\u5947","valid":true}
{"arg":"The calibration","icon":{"path":"translate.png"},"quicklookurl":"http:\/\/youdao.com\/w\/%E6%A0%A1%E5%87%86","subtitle":"\u6821\u51c6","text":{"copy":"Calibration,Calibrate,ALIGNMENT,adjust"},"title":"Calibration,Calibrate,ALIGNMENT,adjust","valid":true}
{"arg":"The benchmark","icon":{"path":"translate.png"},"quicklookurl":"http:\/\/youdao.com\/w\/%E5%9F%BA%E5%87%86","subtitle":"\u57fa\u51c6","text":{"copy":"Benchmark,datum,Baseline"},"title":"Benchmark,datum,Baseline","valid":true}
{"arg":"The base","icon":{"path":"translate.png"},"quicklookurl":"http:\/\/youdao.com\/w\/%E5%9F%BA","subtitle":"\u57fa","text":{"copy":"basis,Base,Radical,Radix"},"title":"basis,Base,Radical,Radix","valid":true}
{"arg":"reference","icon":{"path":"translate.png"},"quicklookurl":"http:\/\/youdao.com\/w\/%E5%8F%82%E8%80%83","subtitle":"\u53c2\u8003","text":{"copy":"Reference,refer,Consult,See"},"title":"Reference,refer,Consult,See","valid":true}
{"arg":"reference","icon":{"path":"translate.png"},"quicklookurl":"http:\/\/youdao.com\/w\/%E5%8F%82%E8%80%83%E5%80%BC","subtitle":"\u53c2\u8003\u503c","text":{"copy":"reference value,XlogP,Ref,uncertified value"},"title":"reference value,XlogP,Ref,uncertified value","valid":true}
{"arg":"coroutine","icon":{"path":"translate.png"},"quicklookurl":"http:\/\/youdao.com\/w\/coroutine","subtitle":"Coroutine","text":{"copy":"\u534f\u7a0b,\u534f\u540c\u7a0b\u5e8f,\u534f\u540c\u4f8b\u7a0b,\u8054\u7acb\u5b50\u7a0b\u5e8f"},"title":"\u534f\u7a0b,\u534f\u540c\u7a0b\u5e8f,\u534f\u540c\u4f8b\u7a0b,\u8054\u7acb\u5b50\u7a0b\u5e8f","valid":true}
{"arg":"receiver","icon":{"path":"translate.png"},"quicklookurl":"http:\/\/youdao.com\/w\/receiver","subtitle":"receiver","text":{"copy":"\u63a5\u6536\u673a,\u63a5\u6536\u5668,\u65e0\u7ebf\u7535\u63a5\u6536\u673a,\u63a5\u6536\u8005"},"title":"\u63a5\u6536\u673a,\u63a5\u6536\u5668,\u65e0\u7ebf\u7535\u63a5\u6536\u673a,\u63a5\u6536\u8005","valid":true}
{"arg":"Aspect ratio","icon":{"path":"translate.png"},"quicklookurl":"http:\/\/youdao.com\/w\/%E7%BA%B5%E6%A8%AA%E6%AF%94","subtitle":"\u7eb5\u6a2a\u6bd4","text":{"copy":"aspect ratio,A ect Ratio,Transverse,IFAR"},"title":"aspect ratio,A ect Ratio,Transverse,IFAR","valid":true}
{"arg":"strange","icon":{"path":"translate.png"},"quicklookurl":"http:\/\/youdao.com\/w\/strange","subtitle":"Strange","text":{"copy":"\u5947\u602a,\u964c\u751f,\u602a\u602a"},"title":"\u5947\u602a,\u964c\u751f,\u602a\u602a","valid":true}
{"arg":"coroutine","icon":{"path":"translate.png"},"quicklookurl":"http:\/\/youdao.com\/w\/coroutine","subtitle":"Coroutine","text":{"copy":"\u534f\u7a0b,\u534f\u540c\u7a0b\u5e8f,\u534f\u540c\u4f8b\u7a0b,\u8054\u7acb\u5b50\u7a0b\u5e8f"},"title":"\u534f\u7a0b,\u534f\u540c\u7a0b\u5e8f,\u534f\u540c\u4f8b\u7a0b,\u8054\u7acb\u5b50\u7a0b\u5e8f","valid":true}
{"arg":"continutation","icon":{"path":"translate.png"},"quicklookurl":"http:\/\/youdao.com\/w\/continutation","subtitle":"upward analytical continutation","text":{"copy":"\u5411\u4e0a\u89e3\u6790\u5ef6\u62d3"},"title":"\u5411\u4e0a\u89e3\u6790\u5ef6\u62d3","valid":true}
{"arg":"bia","icon":{"path":"translate.png"},"quicklookurl":"http:\/\/youdao.com\/w\/bia","subtitle":"Bia","text":{"copy":"\u6bd4\u4e9a,\u4e1a\u52a1\u5f71\u54cd\u5206\u6790(Business Impact Analysis),\u5206\u6790,\u751f\u7269\u7535\u963b\u6297\u5206\u6790\u6cd5"},"title":"\u6bd4\u4e9a,\u4e1a\u52a1\u5f71\u54cd\u5206\u6790(Business Impact Analysis),\u5206\u6790,\u751f\u7269\u7535\u963b\u6297\u5206\u6790\u6cd5","valid":true}
{"arg":"b","icon":{"path":"translate.png"},"quicklookurl":"http:\/\/youdao.com\/w\/b","subtitle":"serie b","text":{"copy":"\u610f\u5927\u5229\u8db3\u7403\u4e59\u7ea7\u8054\u8d5b,\u4e59\u7ea7\u8054\u8d5b,\u610f\u4e59\u8054\u8d5b,\u610f\u5927\u5229\u4e59\u7ec4\u8db3\u7403\u8054\u8d5b"},"title":"\u610f\u5927\u5229\u8db3\u7403\u4e59\u7ea7\u8054\u8d5b,\u4e59\u7ea7\u8054\u8d5b,\u610f\u4e59\u8054\u8d5b,\u610f\u5927\u5229\u4e59\u7ec4\u8db3\u7403\u8054\u8d5b","valid":true}
{"arg":"The editor","icon":{"path":"translate.png"},"quicklookurl":"http:\/\/youdao.com\/w\/%E7%BC%96%E8%BE%91%E5%99%A8","subtitle":"\u7f16\u8f91\u5668","text":{"copy":"Editor,Script Editor Script,UltraEdit,Sound Editor"},"title":"Editor,Script Editor Script,UltraEdit,Sound Editor","valid":true}
{"arg":"overlay","icon":{"path":"translate.png"},"quicklookurl":"http:\/\/youdao.com\/w\/overlay","subtitle":"Overlay","text":{"copy":"\u8986\u76d6,\u53e0\u52a0,\u88c5\u9970\u7247,\u900f\u660e\u5851\u6599\u819c"},"title":"\u8986\u76d6,\u53e0\u52a0,\u88c5\u9970\u7247,\u900f\u660e\u5851\u6599\u819c","valid":true}
{"arg":"m","icon":{"path":"translate.png"},"quicklookurl":"http:\/\/youdao.com\/w\/m","subtitle":"Sachiko M","text":{"copy":"\u677e\u539f\u5e78\u5b50"},"title":"\u677e\u539f\u5e78\u5b50","valid":true}
{"arg":"mutable","icon":{"path":"translate.png"},"quicklookurl":"http:\/\/youdao.com\/w\/mutable","subtitle":"mutable","text":{"copy":"\u53ef\u53d8\u7684,\u6613\u53d8\u7684,\u53ef\u53d8,\u53d8\u52a8"},"title":"\u53ef\u53d8\u7684,\u6613\u53d8\u7684,\u53ef\u53d8,\u53d8\u52a8","valid":true}
{"arg":"trac","icon":{"path":"translate.png"},"quicklookurl":"http:\/\/youdao.com\/w\/trac","subtitle":"TRAC","text":{"copy":"\u7275\u5f15\u529b\u63a7\u5236\u7cfb\u7edf,\u7275\u5f15\u529b\u63a7\u5236,\u8ddf\u8e2a\u80a1\u8bc4\u5bb6,\u6280\u672f\u8bc4\u4ef7\u548c\u7cbe\u5ea6\u68c0\u67e5"},"title":"\u7275\u5f15\u529b\u63a7\u5236\u7cfb\u7edf,\u7275\u5f15\u529b\u63a7\u5236,\u8ddf\u8e2a\u80a1\u8bc4\u5bb6,\u6280\u672f\u8bc4\u4ef7\u548c\u7cbe\u5ea6\u68c0\u67e5","valid":true}
{"arg":"track","icon":{"path":"translate.png"},"quicklookurl":"http:\/\/youdao.com\/w\/track","subtitle":"track","text":{"copy":"\u8f68\u9053,\u78c1\u9053,\u8ffd\u8e2a,\u8dd1\u9053"},"title":"\u8f68\u9053,\u78c1\u9053,\u8ffd\u8e2a,\u8dd1\u9053","valid":true}
{"arg":"tracker","icon":{"path":"translate.png"},"quicklookurl":"http:\/\/youdao.com\/w\/tracker","subtitle":"TRACKER","text":{"copy":"\u8ffd\u8e2a\u8005,\u8ddf\u8e2a\u5668,\u8ffd\u8e2a\u5668,\u670d\u52a1\u5668"},"title":"\u8ffd\u8e2a\u8005,\u8ddf\u8e2a\u5668,\u8ffd\u8e2a\u5668,\u670d\u52a1\u5668","valid":true}
{"arg":"asynchronous","icon":{"path":"translate.png"},"quicklookurl":"http:\/\/youdao.com\/w\/%E5%BC%82%E6%AD%A5","subtitle":"\u5f02\u6b65","text":{"copy":"ASYNCH,pyqt,asynchronous,asynchronisation"},"title":"ASYNCH,pyqt,asynchronous,asynchronisation","valid":true}
{"arg":"immunity","icon":{"path":"translate.png"},"quicklookurl":"http:\/\/youdao.com\/w\/%E8%B1%81%E5%85%8D","subtitle":"\u8c41\u514d","text":{"copy":"exemption,immunity,remit,absolve"},"title":"exemption,immunity,remit,absolve","valid":true}
{"arg":"immunity","icon":{"path":"translate.png"},"quicklookurl":"http:\/\/youdao.com\/w\/%E8%B1%81%E5%85%8D","subtitle":"\u8c41\u514d","text":{"copy":"exemption,immunity,remit,absolve"},"title":"exemption,immunity,remit,absolve","valid":true}
{"arg":"y","icon":{"path":"translate.png"},"quicklookurl":"http:\/\/youdao.com\/w\/y","subtitle":"Y chromosome","text":{"copy":"Y\u67d3\u8272\u4f53"},"title":"Y\u67d3\u8272\u4f53","valid":true}
{"arg":"s","icon":{"path":"translate.png"},"quicklookurl":"http:\/\/youdao.com\/w\/s","subtitle":"S Doradus","text":{"copy":"\u5251\u9c7c\u5ea7S"},"title":"\u5251\u9c7c\u5ea7S","valid":true}
{"arg":"stric","icon":{"path":"translate.png"},"quicklookurl":"http:\/\/youdao.com\/w\/stric","subtitle":"StriC","text":{"copy":"\u63a7\u5236\u4e2d\u5fc3"},"title":"\u63a7\u5236\u4e2d\u5fc3","valid":true}
{"arg":"strict","icon":{"path":"translate.png"},"quicklookurl":"http:\/\/youdao.com\/w\/strict","subtitle":"Strict","text":{"copy":"\u4e25\u683c,\u4e25\u5389\u7684,\u4e25\u5bc6\u7684,\u4e25\u8c28\u7684"},"title":"\u4e25\u683c,\u4e25\u5389\u7684,\u4e25\u5bc6\u7684,\u4e25\u8c28\u7684","valid":true}
{"arg":"tail","icon":{"path":"translate.png"},"quicklookurl":"http:\/\/youdao.com\/w\/tail","subtitle":"Tail","text":{"copy":"\u5c3e,\u5c3e\u5df4,\u5723\u5c11\u5973,\u5c3e\u90e8"},"title":"\u5c3e,\u5c3e\u5df4,\u5723\u5c11\u5973,\u5c3e\u90e8","valid":true}
{"arg":"d","icon":{"path":"translate.png"},"quicklookurl":"http:\/\/youdao.com\/w\/d","subtitle":"vitamin D","text":{"copy":"\u7ef4\u751f\u7d20D,\u9499\u5316\u9187,\u56fd\u9645\u5355\u4f4d"},"title":"\u7ef4\u751f\u7d20D,\u9499\u5316\u9187,\u56fd\u9645\u5355\u4f4d","valid":true}
{"arg":"The countdown","icon":{"path":"translate.png"},"quicklookurl":"http:\/\/youdao.com\/w\/%E5%80%92%E8%AE%A1%E6%97%B6","subtitle":"\u5012\u8ba1\u65f6","text":{"copy":"Countdown,Count Zero,Final Countdown,the last"},"title":"Countdown,Count Zero,Final Countdown,the last","valid":true}
{"arg":"risk","icon":{"path":"translate.png"},"quicklookurl":"http:\/\/youdao.com\/w\/risk","subtitle":"Risk","text":{"copy":"\u98ce\u9669,\u9669,\u5192\u9669,\u6218\u56fd\u98ce\u4e91"},"title":"\u98ce\u9669,\u9669,\u5192\u9669,\u6218\u56fd\u98ce\u4e91","valid":true}
{"arg":"fatigue","icon":{"path":"translate.png"},"quicklookurl":"http:\/\/youdao.com\/w\/fatigue","subtitle":"Fatigue","text":{"copy":"\u75b2\u52b3,\u75b2\u5026,\u75b2\u4e4f,\u52b3\u7d2f"},"title":"\u75b2\u52b3,\u75b2\u5026,\u75b2\u4e4f,\u52b3\u7d2f","valid":true}
{"arg":"multi","icon":{"path":"translate.png"},"quicklookurl":"http:\/\/youdao.com\/w\/multi","subtitle":"Multi","text":{"copy":"\u591a\u7528,\u591a,\u65e5\u672c\u4e07\u7528,\u591a\u5411"},"title":"\u591a\u7528,\u591a,\u65e5\u672c\u4e07\u7528,\u591a\u5411","valid":true}
{"arg":"The weight","icon":{"path":"translate.png"},"quicklookurl":"http:\/\/youdao.com\/w\/%E6%9D%83%E9%87%8D","subtitle":"\u6743\u91cd","text":{"copy":"weight,Weightiness,Wi"},"title":"weight,Weightiness,Wi","valid":true}
{"arg":"The right to","icon":{"path":"translate.png"},"quicklookurl":"http:\/\/youdao.com\/w\/%E6%9D%83","subtitle":"\u6743","text":{"copy":"weight,Power,Potestas,KUEN"},"title":"weight,Power,Potestas,KUEN","valid":true}
{"arg":"priority","icon":{"path":"translate.png"},"quicklookurl":"http:\/\/youdao.com\/w\/%E4%BC%98%E5%85%88%E7%BA%A7","subtitle":"\u4f18\u5148\u7ea7","text":{"copy":"Priority,precedence,Preference"},"title":"Priority,precedence,Preference","valid":true}
{"arg":"The statement","icon":{"path":"translate.png"},"quicklookurl":"http:\/\/youdao.com\/w\/%E4%B9%B1%E7%A0%81","subtitle":"\u4e71\u7801","text":{"copy":"Garbled,confusion code,GET"},"title":"Garbled,confusion code,GET","valid":true}
{"arg":"b","icon":{"path":"translate.png"},"quicklookurl":"http:\/\/youdao.com\/w\/b","subtitle":"serie b","text":{"copy":"\u610f\u5927\u5229\u8db3\u7403\u4e59\u7ea7\u8054\u8d5b,\u4e59\u7ea7\u8054\u8d5b,\u610f\u4e59\u8054\u8d5b,\u610f\u5927\u5229\u4e59\u7ec4\u8db3\u7403\u8054\u8d5b"},"title":"\u610f\u5927\u5229\u8db3\u7403\u4e59\u7ea7\u8054\u8d5b,\u4e59\u7ea7\u8054\u8d5b,\u610f\u4e59\u8054\u8d5b,\u610f\u5927\u5229\u4e59\u7ec4\u8db3\u7403\u8054\u8d5b","valid":true}
{"arg":"b","icon":{"path":"translate.png"},"quicklookurl":"http:\/\/youdao.com\/w\/b","subtitle":"serie b","text":{"copy":"\u610f\u5927\u5229\u8db3\u7403\u4e59\u7ea7\u8054\u8d5b,\u4e59\u7ea7\u8054\u8d5b,\u610f\u4e59\u8054\u8d5b,\u610f\u5927\u5229\u4e59\u7ec4\u8db3\u7403\u8054\u8d5b"},"title":"\u610f\u5927\u5229\u8db3\u7403\u4e59\u7ea7\u8054\u8d5b,\u4e59\u7ea7\u8054\u8d5b,\u610f\u4e59\u8054\u8d5b,\u610f\u5927\u5229\u4e59\u7ec4\u8db3\u7403\u8054\u8d5b","valid":true}
{"arg":"Do not recognise","icon":{"path":"translate.png"},"quicklookurl":"http:\/\/youdao.com\/w\/%E4%B8%8D%E8%AE%A4%E5%8F%AF","subtitle":"\u4e0d\u8ba4\u53ef","text":{"copy":"Recognized,Does not endorse,Not recognized,do not own"},"title":"Recognized,Does not endorse,Not recognized,do not own","valid":true}
{"arg":"estimate","icon":{"path":"translate.png"},"quicklookurl":"http:\/\/youdao.com\/w\/estimate","subtitle":"Estimate","text":{"copy":"\u4f30\u8ba1,\u4f30\u7b97,\u8bc4\u4f30,\u4f30\u8ba1\u91cf"},"title":"\u4f30\u8ba1,\u4f30\u7b97,\u8bc4\u4f30,\u4f30\u8ba1\u91cf","valid":true}
