{"arg":"incompatible","icon":{"path":"translate.png"},"quicklookurl":"http:\/\/youdao.com\/w\/incompatible","subtitle":"incompatible","text":{"copy":"\u4e0d\u8c03\u548c\u7684,\u4e0d\u548c\u9002\u5b9c\u7684,\u4e0d\u517c\u5bb9,\u4e0d\u76f8\u5bb9\u7684"},"title":"\u4e0d\u8c03\u548c\u7684,\u4e0d\u548c\u9002\u5b9c\u7684,\u4e0d\u517c\u5bb9,\u4e0d\u76f8\u5bb9\u7684","valid":true}
{"arg":"alternative","icon":{"path":"translate.png"},"quicklookurl":"http:\/\/youdao.com\/w\/alternative","subtitle":"Alternative","text":{"copy":"\u53e6\u7c7b,\u975e\u4e3b\u6d41,\u66ff\u6362\u7269,\u4e24\u8005\u6311\u4e00\u7684"},"title":"\u53e6\u7c7b,\u975e\u4e3b\u6d41,\u66ff\u6362\u7269,\u4e24\u8005\u6311\u4e00\u7684","valid":true}
{"arg":"Complaint","icon":{"path":"translate.png"},"quicklookurl":"http:\/\/youdao.com\/w\/Complaint","subtitle":"complaint","text":{"copy":"\u62b1\u6028,\u8bc9\u72b6,\u63a7\u544a"},"title":"\u62b1\u6028,\u8bc9\u72b6,\u63a7\u544a","valid":true}
{"arg":"Interpolation","icon":{"path":"translate.png"},"quicklookurl":"http:\/\/youdao.com\/w\/Interpolation","subtitle":"Interpolation","text":{"copy":"\u63d2\u503c,\u5185\u63d2\u6cd5,\u5185\u63d2,\u63d2\u503c\u6cd5"},"title":"\u63d2\u503c,\u5185\u63d2\u6cd5,\u5185\u63d2,\u63d2\u503c\u6cd5","valid":true}
{"arg":"Communal","icon":{"path":"translate.png"},"quicklookurl":"http:\/\/youdao.com\/w\/Communal","subtitle":"communal","text":{"copy":"\u516c\u5171\u7684,\u516c\u793e\u7684,\u5171\u540c\u4f7f\u7528,\u516c\u6709\u7684"},"title":"\u516c\u5171\u7684,\u516c\u793e\u7684,\u5171\u540c\u4f7f\u7528,\u516c\u6709\u7684","valid":true}
{"arg":"tax","icon":{"path":"translate.png"},"quicklookurl":"http:\/\/youdao.com\/w\/tax","subtitle":"tax","text":{"copy":"\u7a0e,\u7a0e\u6536,\u7a0e\u52a1,\u7a0e\u6350"},"title":"\u7a0e,\u7a0e\u6536,\u7a0e\u52a1,\u7a0e\u6350","valid":true}
{"arg":"certificate","icon":{"path":"translate.png"},"quicklookurl":"http:\/\/youdao.com\/w\/%E8%AF%81%E4%B9%A6","subtitle":"\u8bc1\u4e66","text":{"copy":"Certificate,Ccie,Certification,LCE"},"title":"Certificate,Ccie,Certification,LCE","valid":true}
{"arg":"affix","icon":{"path":"translate.png"},"quicklookurl":"http:\/\/youdao.com\/w\/affix","subtitle":"affix","text":{"copy":"\u8bcd\u7f00,\u9ecf\u4e0a,\u9644\u6807,\u8d34\u9644"},"title":"\u8bcd\u7f00,\u9ecf\u4e0a,\u9644\u6807,\u8d34\u9644","valid":true}
{"arg":"y","icon":{"path":"translate.png"},"quicklookurl":"http:\/\/youdao.com\/w\/y","subtitle":"Y-intercept","text":{"copy":"\u8f74\u622a\u8ddd,\u7ffb\u8bd1,\u7eb5\u622a\u8ddd"},"title":"\u8f74\u622a\u8ddd,\u7ffb\u8bd1,\u7eb5\u622a\u8ddd","valid":true}
{"arg":"y","icon":{"path":"translate.png"},"quicklookurl":"http:\/\/youdao.com\/w\/y","subtitle":"Y-intercept","text":{"copy":"\u8f74\u622a\u8ddd,\u7ffb\u8bd1,\u7eb5\u622a\u8ddd"},"title":"\u8f74\u622a\u8ddd,\u7ffb\u8bd1,\u7eb5\u622a\u8ddd","valid":true}
{"arg":"y","icon":{"path":"translate.png"},"quicklookurl":"http:\/\/youdao.com\/w\/y","subtitle":"Y-intercept","text":{"copy":"\u8f74\u622a\u8ddd,\u7ffb\u8bd1,\u7eb5\u622a\u8ddd"},"title":"\u8f74\u622a\u8ddd,\u7ffb\u8bd1,\u7eb5\u622a\u8ddd","valid":true}
{"arg":"statements","icon":{"path":"translate.png"},"quicklookurl":"http:\/\/youdao.com\/w\/%E8%AF%AD%E5%8F%A5","subtitle":"\u8bed\u53e5","text":{"copy":"statement,IF,ELSE,SELECT"},"title":"statement,IF,ELSE,SELECT","valid":true}
{"arg":"e","icon":{"path":"translate.png"},"quicklookurl":"http:\/\/youdao.com\/w\/e","subtitle":"Wall-E","text":{"copy":"\u673a\u5668\u4eba\u74e6\u529b,\u673a\u5668\u4eba\u603b\u52a8\u5458,\u74e6\u529b,\u661f\u9645\u603b\u52a8\u5458"},"title":"\u673a\u5668\u4eba\u74e6\u529b,\u673a\u5668\u4eba\u603b\u52a8\u5458,\u74e6\u529b,\u661f\u9645\u603b\u52a8\u5458","valid":true}
{"arg":"e","icon":{"path":"translate.png"},"quicklookurl":"http:\/\/youdao.com\/w\/e","subtitle":"Wall-E","text":{"copy":"\u673a\u5668\u4eba\u74e6\u529b,\u673a\u5668\u4eba\u603b\u52a8\u5458,\u74e6\u529b,\u661f\u9645\u603b\u52a8\u5458"},"title":"\u673a\u5668\u4eba\u74e6\u529b,\u673a\u5668\u4eba\u603b\u52a8\u5458,\u74e6\u529b,\u661f\u9645\u603b\u52a8\u5458","valid":true}
{"arg":"additional","icon":{"path":"translate.png"},"quicklookurl":"http:\/\/youdao.com\/w\/%E9%A2%9D%E5%A4%96","subtitle":"\u989d\u5916","text":{"copy":"Additional,on the side,extra,superfluity"},"title":"Additional,on the side,extra,superfluity","valid":true}
{"arg":"t","icon":{"path":"translate.png"},"quicklookurl":"http:\/\/youdao.com\/w\/t","subtitle":"T-ara","text":{"copy":"\u6734\u667a\u598d,\u667a\u598d,\u6734\u5b5d\u654f,\u6069\u9759"},"title":"\u6734\u667a\u598d,\u667a\u598d,\u6734\u5b5d\u654f,\u6069\u9759","valid":true}
{"arg":"recommended","icon":{"path":"translate.png"},"quicklookurl":"http:\/\/youdao.com\/w\/%E6%8E%A8%E8%8D%90","subtitle":"\u63a8\u8350","text":{"copy":"Recommend,recommendation,HOTLISTS,nominate"},"title":"Recommend,recommendation,HOTLISTS,nominate","valid":true}
{"arg":"back","icon":{"path":"translate.png"},"quicklookurl":"http:\/\/youdao.com\/w\/back","subtitle":"back","text":{"copy":"\u80cc,\u80cc\u9762,\u80cc\u677f"},"title":"\u80cc,\u80cc\u9762,\u80cc\u677f","valid":true}
{"arg":"background","icon":{"path":"translate.png"},"quicklookurl":"http:\/\/youdao.com\/w\/background","subtitle":"background","text":{"copy":"\u80cc\u666f,\u540e\u53f0,\u80cc\u666f\u4ecb\u7ecd"},"title":"\u80cc\u666f,\u540e\u53f0,\u80cc\u666f\u4ecb\u7ecd","valid":true}
{"arg":"k","icon":{"path":"translate.png"},"quicklookurl":"http:\/\/youdao.com\/w\/k","subtitle":"K-Touch","text":{"copy":"\u5929\u8bed,\u5929\u8bed\u624b\u673a,\u624b\u673a,\u5929\u5b87\u6717\u901a"},"title":"\u5929\u8bed,\u5929\u8bed\u624b\u673a,\u624b\u673a,\u5929\u5b87\u6717\u901a","valid":true}
{"arg":"The snapshot","icon":{"path":"translate.png"},"quicklookurl":"http:\/\/youdao.com\/w\/%E5%BF%AB%E7%85%A7","subtitle":"\u5feb\u7167","text":{"copy":"Snapshot,snap shot,Snapshotting"},"title":"Snapshot,snap shot,Snapshotting","valid":true}
{"arg":"Payment","icon":{"path":"translate.png"},"quicklookurl":"http:\/\/youdao.com\/w\/Payment","subtitle":"Payment","text":{"copy":"\u4ed8\u6b3e,\u652f\u4ed8,\u4ed8\u6b3e\u65b9\u5f0f,\u652f\u6b3e\u65b9\u5f0f"},"title":"\u4ed8\u6b3e,\u652f\u4ed8,\u4ed8\u6b3e\u65b9\u5f0f,\u652f\u6b3e\u65b9\u5f0f","valid":true}
{"arg":"q","icon":{"path":"translate.png"},"quicklookurl":"http:\/\/youdao.com\/w\/q","subtitle":"Ultra Q","text":{"copy":"\u5965\u7279Q,\u8d85\u7ea7\u8c1c\u754c,\u8d85\u7b49\u8c1c\u754c,\u8d85\u5f02\u8c61\u4e4b\u8c1c"},"title":"\u5965\u7279Q,\u8d85\u7ea7\u8c1c\u754c,\u8d85\u7b49\u8c1c\u754c,\u8d85\u5f02\u8c61\u4e4b\u8c1c","valid":true}
{"arg":"q","icon":{"path":"translate.png"},"quicklookurl":"http:\/\/youdao.com\/w\/q","subtitle":"Ultra Q","text":{"copy":"\u5965\u7279Q,\u8d85\u7ea7\u8c1c\u754c,\u8d85\u7b49\u8c1c\u754c,\u8d85\u5f02\u8c61\u4e4b\u8c1c"},"title":"\u5965\u7279Q,\u8d85\u7ea7\u8c1c\u754c,\u8d85\u7b49\u8c1c\u754c,\u8d85\u5f02\u8c61\u4e4b\u8c1c","valid":true}
{"arg":"qia","icon":{"path":"translate.png"},"quicklookurl":"http:\/\/youdao.com\/w\/qia","subtitle":"QIA","text":{"copy":"\u57fa\u91d1,\u626f\u6538,\u9532\u800c\u4e0d\u820d,\u4f9b\u73e8\u4ed1"},"title":"\u57fa\u91d1,\u626f\u6538,\u9532\u800c\u4e0d\u820d,\u4f9b\u73e8\u4ed1","valid":true}
{"arg":"qia","icon":{"path":"translate.png"},"quicklookurl":"http:\/\/youdao.com\/w\/qia","subtitle":"QIA","text":{"copy":"\u57fa\u91d1,\u626f\u6538,\u9532\u800c\u4e0d\u820d,\u4f9b\u73e8\u4ed1"},"title":"\u57fa\u91d1,\u626f\u6538,\u9532\u800c\u4e0d\u820d,\u4f9b\u73e8\u4ed1","valid":true}
{"arg":"q","icon":{"path":"translate.png"},"quicklookurl":"http:\/\/youdao.com\/w\/q","subtitle":"Ultra Q","text":{"copy":"\u5965\u7279Q,\u8d85\u7ea7\u8c1c\u754c,\u8d85\u7b49\u8c1c\u754c,\u8d85\u5f02\u8c61\u4e4b\u8c1c"},"title":"\u5965\u7279Q,\u8d85\u7ea7\u8c1c\u754c,\u8d85\u7b49\u8c1c\u754c,\u8d85\u5f02\u8c61\u4e4b\u8c1c","valid":true}
{"arg":"The foreground","icon":{"path":"translate.png"},"quicklookurl":"http:\/\/youdao.com\/w\/%E5%89%8D%E6%99%AF%E8%89%B2","subtitle":"\u524d\u666f\u8272","text":{"copy":"ForeGround"},"title":"ForeGround","valid":true}
{"arg":"active","icon":{"path":"translate.png"},"quicklookurl":"http:\/\/youdao.com\/w\/active","subtitle":"active","text":{"copy":"\u6d3b\u8dc3\u7684,\u6d3b\u52a8\u7684,\u79ef\u6781\u7684,\u4e3b\u52a8\u7684"},"title":"\u6d3b\u8dc3\u7684,\u6d3b\u52a8\u7684,\u79ef\u6781\u7684,\u4e3b\u52a8\u7684","valid":true}
{"arg":"acti","icon":{"path":"translate.png"},"quicklookurl":"http:\/\/youdao.com\/w\/acti","subtitle":"ACTi","text":{"copy":"\u5efa\u817e\u521b\u8fbe,\u57f9\u8bad\u4e2d\u5fc3(Amway China Training Institute),\u5b89\u5229\u5927\u5b66,\u9694\u79bb\u5668"},"title":"\u5efa\u817e\u521b\u8fbe,\u57f9\u8bad\u4e2d\u5fc3(Amway China Training Institute),\u5b89\u5229\u5927\u5b66,\u9694\u79bb\u5668","valid":true}
{"arg":"act","icon":{"path":"translate.png"},"quicklookurl":"http:\/\/youdao.com\/w\/act","subtitle":"ACT","text":{"copy":"\u52a8\u4f5c\u5192\u9669\u7c7b,\u884c\u52a8,\u52a8\u4f5c\u5192\u9669,\u52a8\u4f5c"},"title":"\u52a8\u4f5c\u5192\u9669\u7c7b,\u884c\u52a8,\u52a8\u4f5c\u5192\u9669,\u52a8\u4f5c","valid":true}
{"arg":"a","icon":{"path":"translate.png"},"quicklookurl":"http:\/\/youdao.com\/w\/a","subtitle":"a cappella","text":{"copy":"\u65e0\u4f34\u594f\u5408\u5531,\u963f\u5361\u8d1d\u62c9,\u8d70\u5728\u5927\u8857\u7684\u5973\u5b50,\u65e0\u4f34\u594f"},"title":"\u65e0\u4f34\u594f\u5408\u5531,\u963f\u5361\u8d1d\u62c9,\u8d70\u5728\u5927\u8857\u7684\u5973\u5b50,\u65e0\u4f34\u594f","valid":true}
{"arg":"disac","icon":{"path":"translate.png"},"quicklookurl":"http:\/\/youdao.com\/w\/disac","subtitle":"disac - charidase","text":{"copy":"\u53cc\u7cd6\u9176"},"title":"\u53cc\u7cd6\u9176","valid":true}
{"arg":"d","icon":{"path":"translate.png"},"quicklookurl":"http:\/\/youdao.com\/w\/d","subtitle":"vitamin D","text":{"copy":"\u7ef4\u751f\u7d20D,\u9499\u5316\u9187,\u56fd\u9645\u5355\u4f4d"},"title":"\u7ef4\u751f\u7d20D,\u9499\u5316\u9187,\u56fd\u9645\u5355\u4f4d","valid":true}
{"arg":"unactive","icon":{"path":"translate.png"},"quicklookurl":"http:\/\/youdao.com\/w\/unactive","subtitle":"unactive","text":{"copy":"\u88ab\u52a8"},"title":"\u88ab\u52a8","valid":true}
{"arg":"active","icon":{"path":"translate.png"},"quicklookurl":"http:\/\/youdao.com\/w\/%E6%B4%BB%E8%B7%83%E7%9A%84","subtitle":"\u6d3b\u8dc3\u7684","text":{"copy":"active,Vivace,Animato,alert"},"title":"active,Vivace,Animato,alert","valid":true}
{"arg":"active","icon":{"path":"translate.png"},"quicklookurl":"http:\/\/youdao.com\/w\/%E6%B4%BB%E8%B7%83","subtitle":"\u6d3b\u8dc3","text":{"copy":"Active,vibranay,in full swing,activity"},"title":"Active,vibranay,in full swing,activity","valid":true}
{"arg":"live","icon":{"path":"translate.png"},"quicklookurl":"http:\/\/youdao.com\/w\/%E6%B4%BB","subtitle":"\u6d3b","text":{"copy":"Living,Invgorating,Live,exist"},"title":"Living,Invgorating,Live,exist","valid":true}
{"arg":"inactive","icon":{"path":"translate.png"},"quicklookurl":"http:\/\/youdao.com\/w\/%E4%B8%8D%E6%B4%BB%E8%B7%83%E7%9A%84","subtitle":"\u4e0d\u6d3b\u8dc3\u7684","text":{"copy":"Inactive,sleepy,dull,slow\/slowly"},"title":"Inactive,sleepy,dull,slow\/slowly","valid":true}
{"arg":"tab","icon":{"path":"translate.png"},"quicklookurl":"http:\/\/youdao.com\/w\/tab","subtitle":"Tab","text":{"copy":"\u5236\u8868\u7b26,\u5728\u9009\u9879\u4e0a\u5411\u524d\u79fb\u52a8,\u6807\u7b7e(Thomas A Bradley),\u88a2\u6263"},"title":"\u5236\u8868\u7b26,\u5728\u9009\u9879\u4e0a\u5411\u524d\u79fb\u52a8,\u6807\u7b7e(Thomas A Bradley),\u88a2\u6263","valid":true}
{"arg":"p","icon":{"path":"translate.png"},"quicklookurl":"http:\/\/youdao.com\/w\/p","subtitle":"p-cymene","text":{"copy":"\u5bf9\u5f02\u4e19\u57fa\u7532\u82ef,\u82b1\u7d20,\u805a\u4f1e\u82b1\u7d20,\u5bf9"},"title":"\u5bf9\u5f02\u4e19\u57fa\u7532\u82ef,\u82b1\u7d20,\u805a\u4f1e\u82b1\u7d20,\u5bf9","valid":true}
{"arg":"pad","icon":{"path":"translate.png"},"quicklookurl":"http:\/\/youdao.com\/w\/pad","subtitle":"PAD","text":{"copy":"\u5e73\u677f\u7535\u8111,\u8bbe\u5907,\u5916\u5468\u52a8\u8109\u75be\u75c5(Peripheral Arterial Disease)"},"title":"\u5e73\u677f\u7535\u8111,\u8bbe\u5907,\u5916\u5468\u52a8\u8109\u75be\u75c5(Peripheral Arterial Disease)","valid":true}
{"arg":"padd","icon":{"path":"translate.png"},"quicklookurl":"http:\/\/youdao.com\/w\/padd","subtitle":"PADD","text":{"copy":"\u79c1\u4eba\u97f3\u9891\u4fa6\u5bdf\u5668,\u5b89\u987a\u610f\u5916\u4f24\u5bb3\u4fdd\u9669,\u4e1c\u6d77\u5cb8"},"title":"\u79c1\u4eba\u97f3\u9891\u4fa6\u5bdf\u5668,\u5b89\u987a\u610f\u5916\u4f24\u5bb3\u4fdd\u9669,\u4e1c\u6d77\u5cb8","valid":true}
{"arg":"padding","icon":{"path":"translate.png"},"quicklookurl":"http:\/\/youdao.com\/w\/padding","subtitle":"padding","text":{"copy":"\u586b\u5145,\u5185\u8fb9\u8ddd,\u7edf\u8c03,\u586b\u6599"},"title":"\u586b\u5145,\u5185\u8fb9\u8ddd,\u7edf\u8c03,\u586b\u6599","valid":true}
{"arg":"quarantine","icon":{"path":"translate.png"},"quicklookurl":"http:\/\/youdao.com\/w\/quarantine","subtitle":"quarantine","text":{"copy":"\u68c0\u75ab,\u9694\u79bb,\u81f4\u547d\u9694\u79bb\u533a,\u6b7b\u4ea1\u76f4\u64ad"},"title":"\u68c0\u75ab,\u9694\u79bb,\u81f4\u547d\u9694\u79bb\u533a,\u6b7b\u4ea1\u76f4\u64ad","valid":true}
{"arg":"m","icon":{"path":"translate.png"},"quicklookurl":"http:\/\/youdao.com\/w\/m","subtitle":"m-learning","text":{"copy":"\u79fb\u52a8\u5b66\u4e60,\u884c\u52a8\u5b66\u4e60,\u79fb\u52a8\u8fdb\u4fee,\u79fb\u52a8\u6559\u80b2"},"title":"\u79fb\u52a8\u5b66\u4e60,\u884c\u52a8\u5b66\u4e60,\u79fb\u52a8\u8fdb\u4fee,\u79fb\u52a8\u6559\u80b2","valid":true}
{"arg":"Buried point","icon":{"path":"translate.png"},"quicklookurl":"http:\/\/youdao.com\/w\/%E5%9F%8B%E7%82%B9","subtitle":"\u57cb\u77f3\u70b9","text":{"copy":"monumented station,permanent station"},"title":"monumented station,permanent station","valid":true}
{"arg":"exposure","icon":{"path":"translate.png"},"quicklookurl":"http:\/\/youdao.com\/w\/%E6%9B%9D%E5%85%89","subtitle":"\u66dd\u5149","text":{"copy":"Exposure,expose,Solarize"},"title":"Exposure,expose,Solarize","valid":true}
{"arg":"re","icon":{"path":"translate.png"},"quicklookurl":"http:\/\/youdao.com\/w\/re","subtitle":"RE","text":{"copy":"\u6a61\u80f6\u7c98\u5408\u5242,\u7559\u5c3c\u6c6a,\u96f7\u8bfa\u6570,\u9006\u5411\u5de5\u7a0b"},"title":"\u6a61\u80f6\u7c98\u5408\u5242,\u7559\u5c3c\u6c6a,\u96f7\u8bfa\u6570,\u9006\u5411\u5de5\u7a0b","valid":true}
{"arg":"remi","icon":{"path":"translate.png"},"quicklookurl":"http:\/\/youdao.com\/w\/remi","subtitle":"REMI","text":{"copy":"\u4f20\u7ffc\u6570\u4f4d\u5f71\u50cf\u603b\u76d1,\u96f7\u7c73,\u9176\u4ecb\u5bfc\u6574\u5408,\u5408\u6280\u672f"},"title":"\u4f20\u7ffc\u6570\u4f4d\u5f71\u50cf\u603b\u76d1,\u96f7\u7c73,\u9176\u4ecb\u5bfc\u6574\u5408,\u5408\u6280\u672f","valid":true}
{"arg":"remind","icon":{"path":"translate.png"},"quicklookurl":"http:\/\/youdao.com\/w\/remind","subtitle":"Remind","text":{"copy":"\u63d0\u9192,\u4f7f\u60f3\u8d77,\u63d0\u793a"},"title":"\u63d0\u9192,\u4f7f\u60f3\u8d77,\u63d0\u793a","valid":true}
{"arg":"fuwu","icon":{"path":"translate.png"},"quicklookurl":"http:\/\/youdao.com\/w\/fuwu","subtitle":"fuwu","text":{"copy":"\u670d\u52a1\u5e02\u573a,\u5e73\u53f0,\u670d\u52a1\u5e73\u53f0,\u540e\u53f0"},"title":"\u670d\u52a1\u5e02\u573a,\u5e73\u53f0,\u670d\u52a1\u5e73\u53f0,\u540e\u53f0","valid":true}
{"arg":"f","icon":{"path":"translate.png"},"quicklookurl":"http:\/\/youdao.com\/w\/f","subtitle":"F-number","text":{"copy":"\u7126\u6bd4,\u5149\u5708\u503c,\u7126\u8ddd\u6bd4\u6570"},"title":"\u7126\u6bd4,\u5149\u5708\u503c,\u7126\u8ddd\u6bd4\u6570","valid":true}
{"arg":"Service providers","icon":{"path":"translate.png"},"quicklookurl":"http:\/\/youdao.com\/w\/%E6%9C%8D%E5%8A%A1%E5%95%86","subtitle":"\u670d\u52a1\u5546","text":{"copy":"Internet Service Providers,service provider,Servicer,Facilitator"},"title":"Internet Service Providers,service provider,Servicer,Facilitator","valid":true}
{"arg":"g","icon":{"path":"translate.png"},"quicklookurl":"http:\/\/youdao.com\/w\/g","subtitle":"G-Dragon","text":{"copy":"\u6743\u5fd7\u9f99,\u961f\u957f\u6743\u5fd7\u9f99,\u5fd7\u9f99,\u672c\u540d\u6743\u5fd7\u9f99"},"title":"\u6743\u5fd7\u9f99,\u961f\u957f\u6743\u5fd7\u9f99,\u5fd7\u9f99,\u672c\u540d\u6743\u5fd7\u9f99","valid":true}
{"arg":"planning","icon":{"path":"translate.png"},"quicklookurl":"http:\/\/youdao.com\/w\/%E8%A7%84%E5%88%92","subtitle":"\u89c4\u5212","text":{"copy":"Planning,Plan,program,layout"},"title":"Planning,Plan,program,layout","valid":true}
{"arg":"g","icon":{"path":"translate.png"},"quicklookurl":"http:\/\/youdao.com\/w\/g","subtitle":"G-Dragon","text":{"copy":"\u6743\u5fd7\u9f99,\u961f\u957f\u6743\u5fd7\u9f99,\u5fd7\u9f99,\u672c\u540d\u6743\u5fd7\u9f99"},"title":"\u6743\u5fd7\u9f99,\u961f\u957f\u6743\u5fd7\u9f99,\u5fd7\u9f99,\u672c\u540d\u6743\u5fd7\u9f99","valid":true}
{"arg":"g","icon":{"path":"translate.png"},"quicklookurl":"http:\/\/youdao.com\/w\/g","subtitle":"G-Dragon","text":{"copy":"\u6743\u5fd7\u9f99,\u961f\u957f\u6743\u5fd7\u9f99,\u5fd7\u9f99,\u672c\u540d\u6743\u5fd7\u9f99"},"title":"\u6743\u5fd7\u9f99,\u961f\u957f\u6743\u5fd7\u9f99,\u5fd7\u9f99,\u672c\u540d\u6743\u5fd7\u9f99","valid":true}
{"arg":"plan","icon":{"path":"translate.png"},"quicklookurl":"http:\/\/youdao.com\/w\/plan","subtitle":"plan","text":{"copy":"\u8ba1\u5212,\u5e73\u9762\u56fe,\u5e73\u9762,\u8bbe\u8ba1\u56fe"},"title":"\u8ba1\u5212,\u5e73\u9762\u56fe,\u5e73\u9762,\u8bbe\u8ba1\u56fe","valid":true}
{"arg":"planin","icon":{"path":"translate.png"},"quicklookurl":"http:\/\/youdao.com\/w\/planin","subtitle":"planin","text":{"copy":"\u9f99\u95e8\u5228\u524a"},"title":"\u9f99\u95e8\u5228\u524a","valid":true}
{"arg":"planing","icon":{"path":"translate.png"},"quicklookurl":"http:\/\/youdao.com\/w\/planing","subtitle":"planing","text":{"copy":"\u9f99\u95e8\u5228\u524a,\u5228\u5e73,\u5228\u524a,\u5e73\u5228"},"title":"\u9f99\u95e8\u5228\u524a,\u5228\u5e73,\u5228\u524a,\u5e73\u5228","valid":true}
{"arg":"plan","icon":{"path":"translate.png"},"quicklookurl":"http:\/\/youdao.com\/w\/plan","subtitle":"plan","text":{"copy":"\u8ba1\u5212,\u5e73\u9762\u56fe,\u5e73\u9762,\u8bbe\u8ba1\u56fe"},"title":"\u8ba1\u5212,\u5e73\u9762\u56fe,\u5e73\u9762,\u8bbe\u8ba1\u56fe","valid":true}
{"arg":"plann","icon":{"path":"translate.png"},"quicklookurl":"http:\/\/youdao.com\/w\/plann","subtitle":"plann","text":{"copy":"\u5907\u4ef6\u7ba1\u7406\u8ba1\u5212\u5de5\u4f5c,\u7b56\u5212\u603b\u76d1,\u4eba\u5de5\u795e\u7ecf\u7f51\u7edc"},"title":"\u5907\u4ef6\u7ba1\u7406\u8ba1\u5212\u5de5\u4f5c,\u7b56\u5212\u603b\u76d1,\u4eba\u5de5\u795e\u7ecf\u7f51\u7edc","valid":true}
{"arg":"planning","icon":{"path":"translate.png"},"quicklookurl":"http:\/\/youdao.com\/w\/planning","subtitle":"Planning","text":{"copy":"\u89c4\u5212,\u8ba1\u5212,\u4f01\u5212,\u6253\u7b97"},"title":"\u89c4\u5212,\u8ba1\u5212,\u4f01\u5212,\u6253\u7b97","valid":true}
{"arg":"planning","icon":{"path":"translate.png"},"quicklookurl":"http:\/\/youdao.com\/w\/%E8%A7%84%E5%88%92","subtitle":"\u89c4\u5212","text":{"copy":"Planning,Plan,program,layout"},"title":"Planning,Plan,program,layout","valid":true}
{"arg":"ghs","icon":{"path":"translate.png"},"quicklookurl":"http:\/\/youdao.com\/w\/ghs","subtitle":"GHS","text":{"copy":"\u5236\u5ea6,\u5316\u5b66\u54c1\u5168\u7403\u8c03\u548c\u5236\u5ea6,\u52a0\u7eb3\u585e\u5730,\u952e\u76d8(Graded Hammer Standard)"},"title":"\u5236\u5ea6,\u5316\u5b66\u54c1\u5168\u7403\u8c03\u548c\u5236\u5ea6,\u52a0\u7eb3\u585e\u5730,\u952e\u76d8(Graded Hammer Standard)","valid":true}
{"arg":"g","icon":{"path":"translate.png"},"quicklookurl":"http:\/\/youdao.com\/w\/g","subtitle":"G-Dragon","text":{"copy":"\u6743\u5fd7\u9f99,\u961f\u957f\u6743\u5fd7\u9f99,\u5fd7\u9f99,\u672c\u540d\u6743\u5fd7\u9f99"},"title":"\u6743\u5fd7\u9f99,\u961f\u957f\u6743\u5fd7\u9f99,\u5fd7\u9f99,\u672c\u540d\u6743\u5fd7\u9f99","valid":true}
{"arg":"ghs","icon":{"path":"translate.png"},"quicklookurl":"http:\/\/youdao.com\/w\/ghs","subtitle":"GHS","text":{"copy":"\u5236\u5ea6,\u5316\u5b66\u54c1\u5168\u7403\u8c03\u548c\u5236\u5ea6,\u52a0\u7eb3\u585e\u5730,\u952e\u76d8(Graded Hammer Standard)"},"title":"\u5236\u5ea6,\u5316\u5b66\u54c1\u5168\u7403\u8c03\u548c\u5236\u5ea6,\u52a0\u7eb3\u585e\u5730,\u952e\u76d8(Graded Hammer Standard)","valid":true}
{"arg":"h","icon":{"path":"translate.png"},"quicklookurl":"http:\/\/youdao.com\/w\/h","subtitle":"B\u578bH\u7cfb","text":{"copy":"BGata HKei,B Gata H Ke"},"title":"BGata HKei,B Gata H Ke","valid":true}
{"arg":"gray","icon":{"path":"translate.png"},"quicklookurl":"http:\/\/youdao.com\/w\/%E7%81%B0%E8%89%B2","subtitle":"\u7070\u8272","text":{"copy":"GRAY,Grey,RAL,GAY"},"title":"GRAY,Grey,RAL,GAY","valid":true}
{"arg":"in","icon":{"path":"translate.png"},"quicklookurl":"http:\/\/youdao.com\/w\/in","subtitle":"in","text":{"copy":"\u82f1\u5bf8,\u5370\u5ea6,\u8f93\u5165,\u4eba\u53e3"},"title":"\u82f1\u5bf8,\u5370\u5ea6,\u8f93\u5165,\u4eba\u53e3","valid":true}
{"arg":"int","icon":{"path":"translate.png"},"quicklookurl":"http:\/\/youdao.com\/w\/int","subtitle":"INT","text":{"copy":"\u7ebf,\u6574\u578b,\u6574\u6570,\u667a\u529b"},"title":"\u7ebf,\u6574\u578b,\u6574\u6570,\u667a\u529b","valid":true}
{"arg":"inter","icon":{"path":"translate.png"},"quicklookurl":"http:\/\/youdao.com\/w\/inter","subtitle":"Inter","text":{"copy":"\u56fd\u9645\u7c73\u5170,\u95f4"},"title":"\u56fd\u9645\u7c73\u5170,\u95f4","valid":true}
{"arg":"inters","icon":{"path":"translate.png"},"quicklookurl":"http:\/\/youdao.com\/w\/inters","subtitle":"Inters","text":{"copy":"\u5b9e\u4e60\u751f"},"title":"\u5b9e\u4e60\u751f","valid":true}
{"arg":"intersect","icon":{"path":"translate.png"},"quicklookurl":"http:\/\/youdao.com\/w\/intersect","subtitle":"intersect","text":{"copy":"\u76f8\u4ea4,\u4ea4\u96c6,\u4ea4\u96c6\u8fd0\u7b97,\u8d2f\u7a7f"},"title":"\u76f8\u4ea4,\u4ea4\u96c6,\u4ea4\u96c6\u8fd0\u7b97,\u8d2f\u7a7f","valid":true}
{"arg":"intersection","icon":{"path":"translate.png"},"quicklookurl":"http:\/\/youdao.com\/w\/intersection","subtitle":"intersection","text":{"copy":"\u4ea4\u96c6,\u5341\u5b57\u8def\u53e3,\u4ea4\u53c9\u70b9,\u4ea4\u70b9"},"title":"\u4ea4\u96c6,\u5341\u5b57\u8def\u53e3,\u4ea4\u53c9\u70b9,\u4ea4\u70b9","valid":true}
{"arg":"disc","icon":{"path":"translate.png"},"quicklookurl":"http:\/\/youdao.com\/w\/disc","subtitle":"Disc","text":{"copy":"\u9600\u74e3,\u9600\u76d8,\u9600\u677f,\u78c1\u76d8"},"title":"\u9600\u74e3,\u9600\u76d8,\u9600\u677f,\u78c1\u76d8","valid":true}
{"arg":"discoun","icon":{"path":"translate.png"},"quicklookurl":"http:\/\/youdao.com\/w\/discoun","subtitle":"DISCOUN","text":{"copy":"\u4fc3\u9500\u6d3b\u52a8"},"title":"\u4fc3\u9500\u6d3b\u52a8","valid":true}
{"arg":"discount","icon":{"path":"translate.png"},"quicklookurl":"http:\/\/youdao.com\/w\/discount","subtitle":"Discount","text":{"copy":"\u6298\u6263,\u8d34\u73b0,\u6253\u6298\u6263,\u8d34\u6c34"},"title":"\u6298\u6263,\u8d34\u73b0,\u6253\u6298\u6263,\u8d34\u6c34","valid":true}
{"arg":"indicator","icon":{"path":"translate.png"},"quicklookurl":"http:\/\/youdao.com\/w\/indicator","subtitle":"indicator","text":{"copy":"\u6307\u793a\u5668,\u6307\u793a\u5242,\u6307\u6807,\u663e"},"title":"\u6307\u793a\u5668,\u6307\u793a\u5242,\u6307\u6807,\u663e","valid":true}
{"arg":"Individual","icon":{"path":"translate.png"},"quicklookurl":"http:\/\/youdao.com\/w\/Individual","subtitle":"individual","text":{"copy":"\u4e2a\u4eba,\u4eba,\u4e2a\u522b\u7684"},"title":"\u4e2a\u4eba,\u4eba,\u4e2a\u522b\u7684","valid":true}
{"arg":"f","icon":{"path":"translate.png"},"quicklookurl":"http:\/\/youdao.com\/w\/f","subtitle":"F-number","text":{"copy":"\u7126\u6bd4,\u5149\u5708\u503c,\u7126\u8ddd\u6bd4\u6570"},"title":"\u7126\u6bd4,\u5149\u5708\u503c,\u7126\u8ddd\u6bd4\u6570","valid":true}
{"arg":"plan","icon":{"path":"translate.png"},"quicklookurl":"http:\/\/youdao.com\/w\/%E6%96%B9%E6%A1%88","subtitle":"\u65b9\u6848","text":{"copy":"Program,scheme,project,plan"},"title":"Program,scheme,project,plan","valid":true}
{"arg":"pin","icon":{"path":"translate.png"},"quicklookurl":"http:\/\/youdao.com\/w\/pin","subtitle":"PIN","text":{"copy":"\u4e2a\u4eba\u8bc6\u522b\u53f7\u7801,\u5927\u5934\u9488,\u4eba\u8bc6\u522b\u7801(Personal Identification Number),\u9488"},"title":"\u4e2a\u4eba\u8bc6\u522b\u53f7\u7801,\u5927\u5934\u9488,\u4eba\u8bc6\u522b\u7801(Personal Identification Number),\u9488","valid":true}
{"arg":"p","icon":{"path":"translate.png"},"quicklookurl":"http:\/\/youdao.com\/w\/p","subtitle":"p-cymene","text":{"copy":"\u5bf9\u5f02\u4e19\u57fa\u7532\u82ef,\u82b1\u7d20,\u805a\u4f1e\u82b1\u7d20,\u5bf9"},"title":"\u5bf9\u5f02\u4e19\u57fa\u7532\u82ef,\u82b1\u7d20,\u805a\u4f1e\u82b1\u7d20,\u5bf9","valid":true}
{"arg":"Mosaic","icon":{"path":"translate.png"},"quicklookurl":"http:\/\/youdao.com\/w\/%E6%8B%BC%E6%88%90","subtitle":"\u62fc\u6210","text":{"copy":"spell,patch"},"title":"spell,patch","valid":true}
