{"arg":"w","icon":{"path":"translate.png"},"quicklookurl":"http:\/\/youdao.com\/w\/w","subtitle":"W","text":{"copy":"W (Double U),W (Unix),\u7ebd\u7ea6\u5730\u94c1W\u7ebf"},"title":"W (Double U),W (Unix),\u7ebd\u7ea6\u5730\u94c1W\u7ebf","valid":true}
{"arg":"world","icon":{"path":"translate.png"},"quicklookurl":"http:\/\/youdao.com\/w\/world","subtitle":"World","text":{"copy":"\u4e16\u754c,\u4e16\u754c,\u5929\u4e0b"},"title":"\u4e16\u754c,\u4e16\u754c,\u5929\u4e0b","valid":true}
{"arg":"h","icon":{"path":"translate.png"},"quicklookurl":"http:\/\/youdao.com\/w\/h","subtitle":"H","text":{"copy":"H (\u6ee8\u5d0e\u6b65\u5355\u66f2),6h\u5185,5h\u4e4b\u95f4"},"title":"H (\u6ee8\u5d0e\u6b65\u5355\u66f2),6h\u5185,5h\u4e4b\u95f4","valid":true}
{"arg":"hello","icon":{"path":"translate.png"},"quicklookurl":"http:\/\/youdao.com\/w\/hello","subtitle":"Hello","text":{"copy":"\u4f60\u597d,\u60a8\u597d,hello"},"title":"\u4f60\u597d,\u60a8\u597d,hello","valid":true}
{"arg":"h","icon":{"path":"translate.png"},"quicklookurl":"http:\/\/youdao.com\/w\/h","subtitle":"H","text":{"copy":"H (\u6ee8\u5d0e\u6b65\u5355\u66f2),6h\u5185,5h\u4e4b\u95f4"},"title":"H (\u6ee8\u5d0e\u6b65\u5355\u66f2),6h\u5185,5h\u4e4b\u95f4","valid":true}
{"arg":"hello","icon":{"path":"translate.png"},"quicklookurl":"http:\/\/youdao.com\/w\/%E4%BD%A0%E5%A5%BD","subtitle":"\u4f60\u597d","text":{"copy":"Hello,How do you do,hi"},"title":"Hello,How do you do,hi","valid":true}
{"arg":"f","icon":{"path":"translate.png"},"quicklookurl":"http:\/\/youdao.com\/w\/f","subtitle":"F","text":{"copy":"F (\u97f3\u540d),\u7ebd\u7ea6\u5730\u94c1F\u7ebf,\u7ebd\u7ea6\u5730\u94c1F\u7ebf"},"title":"F (\u97f3\u540d),\u7ebd\u7ea6\u5730\u94c1F\u7ebf,\u7ebd\u7ea6\u5730\u94c1F\u7ebf","valid":true}
{"arg":"fan","icon":{"path":"translate.png"},"quicklookurl":"http:\/\/youdao.com\/w\/fan","subtitle":"fan","text":{"copy":"\u98ce\u6247,\u7231\u597d\u8005,\u6247\u5b50"},"title":"\u98ce\u6247,\u7231\u597d\u8005,\u6247\u5b50","valid":true}
{"arg":"f","icon":{"path":"translate.png"},"quicklookurl":"http:\/\/youdao.com\/w\/f","subtitle":"F","text":{"copy":"F (\u97f3\u540d),\u7ebd\u7ea6\u5730\u94c1F\u7ebf,\u7ebd\u7ea6\u5730\u94c1F\u7ebf"},"title":"F (\u97f3\u540d),\u7ebd\u7ea6\u5730\u94c1F\u7ebf,\u7ebd\u7ea6\u5730\u94c1F\u7ebf","valid":true}
{"arg":"fan","icon":{"path":"translate.png"},"quicklookurl":"http:\/\/youdao.com\/w\/fan","subtitle":"fan","text":{"copy":"\u98ce\u6247,\u7231\u597d\u8005,\u6247\u5b50"},"title":"\u98ce\u6247,\u7231\u597d\u8005,\u6247\u5b50","valid":true}
{"arg":"open","icon":{"path":"translate.png"},"quicklookurl":"http:\/\/youdao.com\/w\/open","subtitle":"Open","text":{"copy":"\u6253\u5f00,\u8425\u4e1a,\u516c\u5f00\u8d5b"},"title":"\u6253\u5f00,\u8425\u4e1a,\u516c\u5f00\u8d5b","valid":true}
{"arg":"r","icon":{"path":"translate.png"},"quicklookurl":"http:\/\/youdao.com\/w\/r","subtitle":"R","text":{"copy":"R\u8bed\u8a00,\u7ebd\u7ea6\u5730\u94c1R\u7ebf,R (\u590d\u6742\u5ea6)"},"title":"R\u8bed\u8a00,\u7ebd\u7ea6\u5730\u94c1R\u7ebf,R (\u590d\u6742\u5ea6)","valid":true}
{"arg":"report","icon":{"path":"translate.png"},"quicklookurl":"http:\/\/youdao.com\/w\/report","subtitle":"Report","text":{"copy":"\u62a5\u544a,\u62a5\u8868,\u62a5\u5bfc"},"title":"\u62a5\u544a,\u62a5\u8868,\u62a5\u5bfc","valid":true}
{"arg":"re","icon":{"path":"translate.png"},"quicklookurl":"http:\/\/youdao.com\/w\/re","subtitle":"Re","text":{"copy":"RE,\u96f7 (\u632a\u5a01),RE (\u590d\u6742\u5ea6)"},"title":"RE,\u96f7 (\u632a\u5a01),RE (\u590d\u6742\u5ea6)","valid":true}
{"arg":"report","icon":{"path":"translate.png"},"quicklookurl":"http:\/\/youdao.com\/w\/report","subtitle":"Report","text":{"copy":"\u62a5\u544a,\u62a5\u8868,\u62a5\u5bfc"},"title":"\u62a5\u544a,\u62a5\u8868,\u62a5\u5bfc","valid":true}
{"arg":"w","icon":{"path":"translate.png"},"quicklookurl":"http:\/\/youdao.com\/w\/w","subtitle":"W","text":{"copy":"W (Double U),W (Unix),\u7ebd\u7ea6\u5730\u94c1W\u7ebf"},"title":"W (Double U),W (Unix),\u7ebd\u7ea6\u5730\u94c1W\u7ebf","valid":true}
{"arg":"what","icon":{"path":"translate.png"},"quicklookurl":"http:\/\/youdao.com\/w\/what","subtitle":"what","text":{"copy":"\u4ec0\u4e48,\u505a\u4ec0\u4e48,\u662f\u4ec0\u4e48"},"title":"\u4ec0\u4e48,\u505a\u4ec0\u4e48,\u662f\u4ec0\u4e48","valid":true}
{"arg":"d","icon":{"path":"translate.png"},"quicklookurl":"http:\/\/youdao.com\/w\/d","subtitle":"D","text":{"copy":"D (\u4e50\u961f),D\u8bed\u8a00,D (\u97f3\u540d)"},"title":"D (\u4e50\u961f),D\u8bed\u8a00,D (\u97f3\u540d)","valid":true}
{"arg":"do","icon":{"path":"translate.png"},"quicklookurl":"http:\/\/youdao.com\/w\/do","subtitle":"Do","text":{"copy":"\u6267\u884c,\u591a\u7c73\u5c3c\u52a0\u5171\u548c\u56fd,\u6eb6\u89e3\u6c27(Dissolved Oxygen)"},"title":"\u6267\u884c,\u591a\u7c73\u5c3c\u52a0\u5171\u548c\u56fd,\u6eb6\u89e3\u6c27(Dissolved Oxygen)","valid":true}
{"arg":"doing","icon":{"path":"translate.png"},"quicklookurl":"http:\/\/youdao.com\/w\/doing","subtitle":"Doing","text":{"copy":"\u505a,\u8bb0\u5f55,\u5b9e\u65bd"},"title":"\u505a,\u8bb0\u5f55,\u5b9e\u65bd","valid":true}
{"arg":"w","icon":{"path":"translate.png"},"quicklookurl":"http:\/\/youdao.com\/w\/w","subtitle":"W","text":{"copy":"W (Double U),W (Unix),\u7ebd\u7ea6\u5730\u94c1W\u7ebf"},"title":"W (Double U),W (Unix),\u7ebd\u7ea6\u5730\u94c1W\u7ebf","valid":true}
{"arg":"what","icon":{"path":"translate.png"},"quicklookurl":"http:\/\/youdao.com\/w\/what","subtitle":"what","text":{"copy":"\u4ec0\u4e48,\u505a\u4ec0\u4e48,\u662f\u4ec0\u4e48"},"title":"\u4ec0\u4e48,\u505a\u4ec0\u4e48,\u662f\u4ec0\u4e48","valid":true}
{"arg":"hello","icon":{"path":"translate.png"},"quicklookurl":"http:\/\/youdao.com\/w\/hello","subtitle":"Hello","text":{"copy":"\u4f60\u597d,\u60a8\u597d,hello"},"title":"\u4f60\u597d,\u60a8\u597d,hello","valid":true}
{"arg":"what","icon":{"path":"translate.png"},"quicklookurl":"http:\/\/youdao.com\/w\/what","subtitle":"what","text":{"copy":"\u4ec0\u4e48,\u505a\u4ec0\u4e48,\u662f\u4ec0\u4e48"},"title":"\u4ec0\u4e48,\u505a\u4ec0\u4e48,\u662f\u4ec0\u4e48","valid":true}
{"arg":"hello","icon":{"path":"translate.png"},"quicklookurl":"http:\/\/youdao.com\/w\/hello","subtitle":"Hello","text":{"copy":"\u4f60\u597d,\u60a8\u597d,hello"},"title":"\u4f60\u597d,\u60a8\u597d,hello","valid":true}
{"arg":"what","icon":{"path":"translate.png"},"quicklookurl":"http:\/\/youdao.com\/w\/what","subtitle":"what","text":{"copy":"\u4ec0\u4e48,\u505a\u4ec0\u4e48,\u662f\u4ec0\u4e48"},"title":"\u4ec0\u4e48,\u505a\u4ec0\u4e48,\u662f\u4ec0\u4e48","valid":true}
{"arg":"what","icon":{"path":"translate.png"},"quicklookurl":"http:\/\/youdao.com\/w\/what","subtitle":"what","text":{"copy":"\u4ec0\u4e48,\u505a\u4ec0\u4e48,\u662f\u4ec0\u4e48"},"title":"\u4ec0\u4e48,\u505a\u4ec0\u4e48,\u662f\u4ec0\u4e48","valid":true}
{"arg":"w","icon":{"path":"translate.png"},"quicklookurl":"http:\/\/youdao.com\/w\/w","subtitle":"W","text":{"copy":"W (Double U),W (Unix),\u7ebd\u7ea6\u5730\u94c1W\u7ebf"},"title":"W (Double U),W (Unix),\u7ebd\u7ea6\u5730\u94c1W\u7ebf","valid":true}
{"arg":"open","icon":{"path":"translate.png"},"quicklookurl":"http:\/\/youdao.com\/w\/open","subtitle":"Open","text":{"copy":"\u6253\u5f00,\u8425\u4e1a,\u516c\u5f00\u8d5b"},"title":"\u6253\u5f00,\u8425\u4e1a,\u516c\u5f00\u8d5b","valid":true}
{"arg":"do it","icon":{"path":"translate.png"},"quicklookurl":"http:\/\/youdao.com\/w\/do+it","subtitle":"Do It","text":{"copy":"\u592a\u9633\u7684\u56fd\u5ea6,\u505a\u5c31\u5bf9\u4e86,\u4e0a"},"title":"\u592a\u9633\u7684\u56fd\u5ea6,\u505a\u5c31\u5bf9\u4e86,\u4e0a","valid":true}
{"arg":"d","icon":{"path":"translate.png"},"quicklookurl":"http:\/\/youdao.com\/w\/d","subtitle":"D","text":{"copy":"D (\u4e50\u961f),D\u8bed\u8a00,D (\u97f3\u540d)"},"title":"D (\u4e50\u961f),D\u8bed\u8a00,D (\u97f3\u540d)","valid":true}
{"arg":"so easy","icon":{"path":"translate.png"},"quicklookurl":"http:\/\/youdao.com\/w\/so+easy","subtitle":"So easy","text":{"copy":"\u5c31\u8fd9\u4e48\u7b80\u5355,\u5982\u6b64\u8f7b\u800c\u6613\u4e3e,\u5f88\u7b80\u5355"},"title":"\u5c31\u8fd9\u4e48\u7b80\u5355,\u5982\u6b64\u8f7b\u800c\u6613\u4e3e,\u5f88\u7b80\u5355","valid":true}
{"arg":"s","icon":{"path":"translate.png"},"quicklookurl":"http:\/\/youdao.com\/w\/s","subtitle":"S","text":{"copy":"\u7ebd\u7ea6\u5730\u94c1S\u7ebf,S\u8bed\u8a00,\u7ebd\u7ea6\u5730\u94c1S\u7ebf"},"title":"\u7ebd\u7ea6\u5730\u94c1S\u7ebf,S\u8bed\u8a00,\u7ebd\u7ea6\u5730\u94c1S\u7ebf","valid":true}
{"arg":"so easy","icon":{"path":"translate.png"},"quicklookurl":"http:\/\/youdao.com\/w\/so+easy","subtitle":"So easy","text":{"copy":"\u5c31\u8fd9\u4e48\u7b80\u5355,\u5982\u6b64\u8f7b\u800c\u6613\u4e3e,\u5f88\u7b80\u5355"},"title":"\u5c31\u8fd9\u4e48\u7b80\u5355,\u5982\u6b64\u8f7b\u800c\u6613\u4e3e,\u5f88\u7b80\u5355","valid":true}
{"arg":"so e","icon":{"path":"translate.png"},"quicklookurl":"http:\/\/youdao.com\/w\/so+e","subtitle":"so th e socialistic","text":{"copy":"\u575a\u5b9a\u793e\u4f1a\u4e3b\u4e49"},"title":"\u575a\u5b9a\u793e\u4f1a\u4e3b\u4e49","valid":true}
{"arg":"so ","icon":{"path":"translate.png"},"quicklookurl":"http:\/\/youdao.com\/w\/so+","subtitle":"So","text":{"copy":"\u6240\u4ee5,\u8fd9\u6837,\u8fd9\u4e48"},"title":"\u6240\u4ee5,\u8fd9\u6837,\u8fd9\u4e48","valid":true}
{"arg":"so","icon":{"path":"translate.png"},"quicklookurl":"http:\/\/youdao.com\/w\/so","subtitle":"So","text":{"copy":"\u6240\u4ee5,\u8fd9\u6837,\u8fd9\u4e48"},"title":"\u6240\u4ee5,\u8fd9\u6837,\u8fd9\u4e48","valid":true}
{"arg":"s","icon":{"path":"translate.png"},"quicklookurl":"http:\/\/youdao.com\/w\/s","subtitle":"S","text":{"copy":"\u7ebd\u7ea6\u5730\u94c1S\u7ebf,S\u8bed\u8a00,\u7ebd\u7ea6\u5730\u94c1S\u7ebf"},"title":"\u7ebd\u7ea6\u5730\u94c1S\u7ebf,S\u8bed\u8a00,\u7ebd\u7ea6\u5730\u94c1S\u7ebf","valid":true}
{"arg":"translate","icon":{"path":"translate.png"},"quicklookurl":"http:\/\/youdao.com\/w\/translate","subtitle":"translate","text":{"copy":"\u7ffb\u8bd1,\u8f6c\u5316,\u534f\u8bae\u8f6c\u6362\u4fe1\u606f"},"title":"\u7ffb\u8bd1,\u8f6c\u5316,\u534f\u8bae\u8f6c\u6362\u4fe1\u606f","valid":true}
{"arg":"translate","icon":{"path":"translate.png"},"quicklookurl":"http:\/\/youdao.com\/w\/translate","subtitle":"translate","text":{"copy":"\u7ffb\u8bd1,\u8f6c\u5316,\u534f\u8bae\u8f6c\u6362\u4fe1\u606f"},"title":"\u7ffb\u8bd1,\u8f6c\u5316,\u534f\u8bae\u8f6c\u6362\u4fe1\u606f","valid":true}
{"arg":"world","icon":{"path":"translate.png"},"quicklookurl":"http:\/\/youdao.com\/w\/world","subtitle":"World","text":{"copy":"\u4e16\u754c,\u4e16\u754c,\u5929\u4e0b"},"title":"\u4e16\u754c,\u4e16\u754c,\u5929\u4e0b","valid":true}
{"arg":"tr","icon":{"path":"translate.png"},"quicklookurl":"http:\/\/youdao.com\/w\/tr","subtitle":"TR","text":{"copy":"\u4fee\u526a,\u571f\u8033\u5176,\u805a\u786b\u6a61\u80f6(Thio Rubber)"},"title":"\u4fee\u526a,\u571f\u8033\u5176,\u805a\u786b\u6a61\u80f6(Thio Rubber)","valid":true}
{"arg":"trans","icon":{"path":"translate.png"},"quicklookurl":"http:\/\/youdao.com\/w\/trans","subtitle":"Trans","text":{"copy":"\u7279\u6717 (\u9a6c\u8036\u8bb7\u7701),\u53d8\u538b\u5668,\u53cd\u5f0f"},"title":"\u7279\u6717 (\u9a6c\u8036\u8bb7\u7701),\u53d8\u538b\u5668,\u53cd\u5f0f","valid":true}
{"arg":"translate","icon":{"path":"translate.png"},"quicklookurl":"http:\/\/youdao.com\/w\/translate","subtitle":"translate","text":{"copy":"\u7ffb\u8bd1,\u8f6c\u5316,\u534f\u8bae\u8f6c\u6362\u4fe1\u606f"},"title":"\u7ffb\u8bd1,\u8f6c\u5316,\u534f\u8bae\u8f6c\u6362\u4fe1\u606f","valid":true}
{"arg":"trans","icon":{"path":"translate.png"},"quicklookurl":"http:\/\/youdao.com\/w\/trans","subtitle":"Trans","text":{"copy":"\u7279\u6717 (\u9a6c\u8036\u8bb7\u7701),\u53d8\u538b\u5668,\u53cd\u5f0f"},"title":"\u7279\u6717 (\u9a6c\u8036\u8bb7\u7701),\u53d8\u538b\u5668,\u53cd\u5f0f","valid":true}
{"arg":"translate","icon":{"path":"translate.png"},"quicklookurl":"http:\/\/youdao.com\/w\/translate","subtitle":"translate","text":{"copy":"\u7ffb\u8bd1,\u8f6c\u5316,\u534f\u8bae\u8f6c\u6362\u4fe1\u606f"},"title":"\u7ffb\u8bd1,\u8f6c\u5316,\u534f\u8bae\u8f6c\u6362\u4fe1\u606f","valid":true}
{"arg":"transa","icon":{"path":"translate.png"},"quicklookurl":"http:\/\/youdao.com\/w\/transa","subtitle":"Transa","text":{"copy":"\u5531\u7247\u540d"},"title":"\u5531\u7247\u540d","valid":true}
{"arg":"translate","icon":{"path":"translate.png"},"quicklookurl":"http:\/\/youdao.com\/w\/translate","subtitle":"translate","text":{"copy":"\u7ffb\u8bd1,\u8f6c\u5316,\u534f\u8bae\u8f6c\u6362\u4fe1\u606f"},"title":"\u7ffb\u8bd1,\u8f6c\u5316,\u534f\u8bae\u8f6c\u6362\u4fe1\u606f","valid":true}
{"arg":"world","icon":{"path":"translate.png"},"quicklookurl":"http:\/\/youdao.com\/w\/world","subtitle":"World","text":{"copy":"\u4e16\u754c,\u4e16\u754c,\u5929\u4e0b"},"title":"\u4e16\u754c,\u4e16\u754c,\u5929\u4e0b","valid":true}
{"arg":"world","icon":{"path":"translate.png"},"quicklookurl":"http:\/\/youdao.com\/w\/world","subtitle":"World","text":{"copy":"\u4e16\u754c,\u4e16\u754c,\u5929\u4e0b"},"title":"\u4e16\u754c,\u4e16\u754c,\u5929\u4e0b","valid":true}
{"arg":"welcome","icon":{"path":"translate.png"},"quicklookurl":"http:\/\/youdao.com\/w\/welcome","subtitle":"Welcome","text":{"copy":"\u6b22\u8fce,\u6b22\u8fce\u8bbf\u95ee,\u6b22\u8fce\u5149\u4e34"},"title":"\u6b22\u8fce,\u6b22\u8fce\u8bbf\u95ee,\u6b22\u8fce\u5149\u4e34","valid":true}
{"arg":"to","icon":{"path":"translate.png"},"quicklookurl":"http:\/\/youdao.com\/w\/to","subtitle":"TO","text":{"copy":"TO,TO,\u6c64\u52a0"},"title":"TO,TO,\u6c64\u52a0","valid":true}
{"arg":"youdao","icon":{"path":"translate.png"},"quicklookurl":"http:\/\/youdao.com\/w\/youdao","subtitle":"Youdao","text":{"copy":"\u6709\u9053,\u589e\u5f3a\u7248,\u6709\u9053"},"title":"\u6709\u9053,\u589e\u5f3a\u7248,\u6709\u9053","valid":true}
{"arg":"tr","icon":{"path":"translate.png"},"quicklookurl":"http:\/\/youdao.com\/w\/tr","subtitle":"TR","text":{"copy":"\u4fee\u526a,\u571f\u8033\u5176,\u805a\u786b\u6a61\u80f6(Thio Rubber)"},"title":"\u4fee\u526a,\u571f\u8033\u5176,\u805a\u786b\u6a61\u80f6(Thio Rubber)","valid":true}
{"arg":"tran","icon":{"path":"translate.png"},"quicklookurl":"http:\/\/youdao.com\/w\/tran","subtitle":"Tran","text":{"copy":"\u7279\u4f26,\u5fb7\u5170,\u900f\u660e"},"title":"\u7279\u4f26,\u5fb7\u5170,\u900f\u660e","valid":true}
{"arg":"translate","icon":{"path":"translate.png"},"quicklookurl":"http:\/\/youdao.com\/w\/translate","subtitle":"translate","text":{"copy":"\u7ffb\u8bd1,\u8f6c\u5316,\u534f\u8bae\u8f6c\u6362\u4fe1\u606f"},"title":"\u7ffb\u8bd1,\u8f6c\u5316,\u534f\u8bae\u8f6c\u6362\u4fe1\u606f","valid":true}
{"arg":"work","icon":{"path":"translate.png"},"quicklookurl":"http:\/\/youdao.com\/w\/work","subtitle":"Work","text":{"copy":"\u5de5\u4f5c,\u4f5c\u54c1,\u8d77\u4f5c\u7528"},"title":"\u5de5\u4f5c,\u4f5c\u54c1,\u8d77\u4f5c\u7528","valid":true}
{"arg":"thanks","icon":{"path":"translate.png"},"quicklookurl":"http:\/\/youdao.com\/w\/thanks","subtitle":"thanks","text":{"copy":"\u8c22\u8c22,\u611f\u8c22,\u81f4\u8c22"},"title":"\u8c22\u8c22,\u611f\u8c22,\u81f4\u8c22","valid":true}
