{"arg":"A variety of","icon":{"path":"translate.png"},"quicklookurl":"http:\/\/youdao.com\/w\/%E5%90%84%E7%A7%8D","subtitle":"\u5404\u79cd","text":{"copy":"all kinds of,various,a variety of,sorts of"},"title":"all kinds of,various,a variety of,sorts of","valid":true}
{"arg":"All kinds of fees","icon":{"path":"translate.png"},"quicklookurl":"http:\/\/youdao.com\/w\/%E5%90%84%E7%A7%8D%E8%B4%B9","subtitle":"\u81ea\u5df1\u652f\u4ed8\u5404\u79cd\u8d39\u7528","text":{"copy":"pay your own way,pay y your own way"},"title":"pay your own way,pay y your own way","valid":true}
{"arg":"A variety of","icon":{"path":"translate.png"},"quicklookurl":"http:\/\/youdao.com\/w\/%E5%90%84%E7%A7%8D","subtitle":"\u5404\u79cd","text":{"copy":"all kinds of,various,a variety of,sorts of"},"title":"all kinds of,various,a variety of,sorts of","valid":true}
{"arg":"All kinds of classification","icon":{"path":"translate.png"},"quicklookurl":"http:\/\/youdao.com\/w\/%E5%90%84%E7%A7%8D%E5%88%86%E7%B1%BB","subtitle":"\u5206\u6210\u5404\u79cd\u95e8\u7c7b","text":{"copy":"classify out into categories,put into different categories,categorize"},"title":"classify out into categories,put into different categories,categorize","valid":true}
{"arg":"A variety of","icon":{"path":"translate.png"},"quicklookurl":"http:\/\/youdao.com\/w\/%E5%90%84%E7%A7%8D","subtitle":"\u5404\u79cd","text":{"copy":"all kinds of,various,a variety of,sorts of"},"title":"all kinds of,various,a variety of,sorts of","valid":true}
{"arg":"The various types","icon":{"path":"translate.png"},"quicklookurl":"http:\/\/youdao.com\/w\/%E5%90%84%E7%A7%8D%E7%B1%BB%E5%9E%8B","subtitle":"\u5404\u79cd\u7c7b\u578b","text":{"copy":"Of All Types"},"title":"Of All Types","valid":true}
{"arg":"d","icon":{"path":"translate.png"},"quicklookurl":"http:\/\/youdao.com\/w\/d","subtitle":"vitamin D","text":{"copy":"\u7ef4\u751f\u7d20D,\u9499\u5316\u9187,\u56fd\u9645\u5355\u4f4d"},"title":"\u7ef4\u751f\u7d20D,\u9499\u5316\u9187,\u56fd\u9645\u5355\u4f4d","valid":true}
{"arg":"call","icon":{"path":"translate.png"},"quicklookurl":"http:\/\/youdao.com\/w\/%E8%B0%83%E7%94%A8","subtitle":"\u8c03\u7528","text":{"copy":"call,invoke,invocation,web service"},"title":"call,invoke,invocation,web service","valid":true}
{"arg":"The commonly used","icon":{"path":"translate.png"},"quicklookurl":"http:\/\/youdao.com\/w\/%E5%B8%B8%E7%94%A8","subtitle":"\u5e38\u7528","text":{"copy":"Common,stock,in common use,Commonly Used"},"title":"Common,stock,in common use,Commonly Used","valid":true}
{"arg":"c","icon":{"path":"translate.png"},"quicklookurl":"http:\/\/youdao.com\/w\/c","subtitle":"\u7ef4\u751f\u7d20C","text":{"copy":"Vitamin,Ascorbic Acid,Poly,VC"},"title":"Vitamin,Ascorbic Acid,Poly,VC","valid":true}
{"arg":"Get rid of","icon":{"path":"translate.png"},"quicklookurl":"http:\/\/youdao.com\/w\/%E5%8E%BB%E9%99%A4","subtitle":"\u53bb\u9664","text":{"copy":"Remover,eliminate,exorcise,get rid of"},"title":"Remover,eliminate,exorcise,get rid of","valid":true}
{"arg":"Remove duplicate","icon":{"path":"translate.png"},"quicklookurl":"http:\/\/youdao.com\/w\/%E5%8E%BB%E9%99%A4%E9%87%8D%E5%A4%8D","subtitle":"\u53bb\u9664\u91cd\u590d\u56fe\u7247\u5de5\u5177","text":{"copy":"Duplicate Photo Finder,rar Duplicate Photo Finder"},"title":"Duplicate Photo Finder,rar Duplicate Photo Finder","valid":true}
{"arg":"s","icon":{"path":"translate.png"},"quicklookurl":"http:\/\/youdao.com\/w\/s","subtitle":"DVB-S","text":{"copy":"\u536b\u661f\u7535\u89c6,\u536b\u661f\u673a\u9876\u76d2,\u536b\u661f\u63a5\u6536\u673a,\u63a5\u6536\u673a"},"title":"\u536b\u661f\u7535\u89c6,\u536b\u661f\u673a\u9876\u76d2,\u536b\u661f\u63a5\u6536\u673a,\u63a5\u6536\u673a","valid":true}
{"arg":"st","icon":{"path":"translate.png"},"quicklookurl":"http:\/\/youdao.com\/w\/st","subtitle":"ST","text":{"copy":"\u610f\u6cd5\u534a\u5bfc\u4f53,\u5723\u591a\u7f8e\u548c\u666e\u6797\u897f\u6bd4,\u6587\u5b57\u6837\u5f0f\u7ba1\u7406\u5668,\u6052\u661f\u65f6"},"title":"\u610f\u6cd5\u534a\u5bfc\u4f53,\u5723\u591a\u7f8e\u548c\u666e\u6797\u897f\u6bd4,\u6587\u5b57\u6837\u5f0f\u7ba1\u7406\u5668,\u6052\u661f\u65f6","valid":true}
{"arg":"k","icon":{"path":"translate.png"},"quicklookurl":"http:\/\/youdao.com\/w\/k","subtitle":"K-Touch","text":{"copy":"\u5929\u8bed,\u5929\u8bed\u624b\u673a,\u624b\u673a,\u5929\u5b87\u6717\u901a"},"title":"\u5929\u8bed,\u5929\u8bed\u624b\u673a,\u624b\u673a,\u5929\u5b87\u6717\u901a","valid":true}
{"arg":"localStorage","icon":{"path":"translate.png"},"quicklookurl":"http:\/\/youdao.com\/w\/localStorage","subtitle":"localStorage","text":{"copy":"\u672c\u5730\u5b58\u50a8,\u6570\u636e,\u65b9\u6848,\u5b58\u50a8"},"title":"\u672c\u5730\u5b58\u50a8,\u6570\u636e,\u65b9\u6848,\u5b58\u50a8","valid":true}
{"arg":"Derived","icon":{"path":"translate.png"},"quicklookurl":"http:\/\/youdao.com\/w\/Derived","subtitle":"derived","text":{"copy":"\u6d3e\u751f,\u5bfc\u51fa,\u63a8\u5bfc,\u884d\u751f\u7684"},"title":"\u6d3e\u751f,\u5bfc\u51fa,\u63a8\u5bfc,\u884d\u751f\u7684","valid":true}
{"arg":"g","icon":{"path":"translate.png"},"quicklookurl":"http:\/\/youdao.com\/w\/g","subtitle":"G-Dragon","text":{"copy":"\u6743\u5fd7\u9f99,\u961f\u957f\u6743\u5fd7\u9f99,\u5fd7\u9f99,\u672c\u540d\u6743\u5fd7\u9f99"},"title":"\u6743\u5fd7\u9f99,\u961f\u957f\u6743\u5fd7\u9f99,\u5fd7\u9f99,\u672c\u540d\u6743\u5fd7\u9f99","valid":true}
{"arg":"The transition","icon":{"path":"translate.png"},"quicklookurl":"http:\/\/youdao.com\/w\/%E8%BF%87%E6%B8%A1","subtitle":"\u8fc7\u6e21","text":{"copy":"transition"},"title":"transition","valid":true}
{"arg":"monospace","icon":{"path":"translate.png"},"quicklookurl":"http:\/\/youdao.com\/w\/monospace","subtitle":"monospace","text":{"copy":"\u7b49\u5bbd\u5b57\u4f53,\u5355\u4e00\u95f4\u9694,\u5212\u4e00\u5b57\u8ddd,\u7b49\u5bbd"},"title":"\u7b49\u5bbd\u5b57\u4f53,\u5355\u4e00\u95f4\u9694,\u5212\u4e00\u5b57\u8ddd,\u7b49\u5bbd","valid":true}
{"arg":"xingcheng","icon":{"path":"translate.png"},"quicklookurl":"http:\/\/youdao.com\/w\/xingcheng","subtitle":"Xingcheng","text":{"copy":"\u5174\u57ce\u5e02"},"title":"\u5174\u57ce\u5e02","valid":true}
{"arg":"xing","icon":{"path":"translate.png"},"quicklookurl":"http:\/\/youdao.com\/w\/xing","subtitle":"XING","text":{"copy":"\u4fa8\u5174\u73af\u7403,\u627c\u6211\u6276,\u4f8b\u73e8\u5178,\u79df\u9152\u5e10"},"title":"\u4fa8\u5174\u73af\u7403,\u627c\u6211\u6276,\u4f8b\u73e8\u5178,\u79df\u9152\u5e10","valid":true}
{"arg":"x","icon":{"path":"translate.png"},"quicklookurl":"http:\/\/youdao.com\/w\/x","subtitle":"X-Men","text":{"copy":"X\u6218\u8b66\u5929\u542f,\u52a8\u753b\u7248,\u53d8\u79cd\u7279\u653b"},"title":"X\u6218\u8b66\u5929\u542f,\u52a8\u753b\u7248,\u53d8\u79cd\u7279\u653b","valid":true}
{"arg":"trip","icon":{"path":"translate.png"},"quicklookurl":"http:\/\/youdao.com\/w\/%E8%A1%8C%E7%A8%8B","subtitle":"\u884c\u7a0b","text":{"copy":"Stroke,XYZ,mm,Itinerary"},"title":"Stroke,XYZ,mm,Itinerary","valid":true}
{"arg":"b","icon":{"path":"translate.png"},"quicklookurl":"http:\/\/youdao.com\/w\/b","subtitle":"\u7ef4\u751f\u7d20B","text":{"copy":"Vitamin,VB,VitB,thiamine"},"title":"Vitamin,VB,VitB,thiamine","valid":true}
{"arg":"charter","icon":{"path":"translate.png"},"quicklookurl":"http:\/\/youdao.com\/w\/%E5%8C%85%E8%BD%A6","subtitle":"\u5305\u8f66","text":{"copy":"Chartered,chartered vehicle,Lamai,Hire"},"title":"Chartered,chartered vehicle,Lamai,Hire","valid":true}
{"arg":"download","icon":{"path":"translate.png"},"quicklookurl":"http:\/\/youdao.com\/w\/%E4%B8%8B%E8%BD%BD","subtitle":"\u4e0b\u8f7d","text":{"copy":"download,Android SDK,Eclipse,Down"},"title":"download,Android SDK,Eclipse,Down","valid":true}
{"arg":"Download the","icon":{"path":"translate.png"},"quicklookurl":"http:\/\/youdao.com\/w\/%E4%B8%8B%E8%BD%BD%E5%88%B0","subtitle":"\u4e0b\u8f7d\u5230MP4\u64ad\u653e\u5668","text":{"copy":"Downloading onto an MP4 player"},"title":"Downloading onto an MP4 player","valid":true}
{"arg":"yid","icon":{"path":"translate.png"},"quicklookurl":"http:\/\/youdao.com\/w\/yid","subtitle":"yid","text":{"copy":"\u72b9\u592a\u4eba,\u662f\u7684"},"title":"\u72b9\u592a\u4eba,\u662f\u7684","valid":true}
{"arg":"y","icon":{"path":"translate.png"},"quicklookurl":"http:\/\/youdao.com\/w\/y","subtitle":"Y-intercept","text":{"copy":"\u8f74\u622a\u8ddd,\u7ffb\u8bd1,\u7eb5\u622a\u8ddd"},"title":"\u8f74\u622a\u8ddd,\u7ffb\u8bd1,\u7eb5\u622a\u8ddd","valid":true}
{"arg":"Move to the","icon":{"path":"translate.png"},"quicklookurl":"http:\/\/youdao.com\/w\/%E7%A7%BB%E5%8A%A8%E5%88%B0","subtitle":"\u79fb\u52a8\u5230","text":{"copy":"MOVE TO,CCMoveTo,moved into"},"title":"MOVE TO,CCMoveTo,moved into","valid":true}
{"arg":"s","icon":{"path":"translate.png"},"quicklookurl":"http:\/\/youdao.com\/w\/s","subtitle":"DVB-S","text":{"copy":"\u536b\u661f\u7535\u89c6,\u536b\u661f\u673a\u9876\u76d2,\u536b\u661f\u63a5\u6536\u673a,\u63a5\u6536\u673a"},"title":"\u536b\u661f\u7535\u89c6,\u536b\u661f\u673a\u9876\u76d2,\u536b\u661f\u63a5\u6536\u673a,\u63a5\u6536\u673a","valid":true}
{"arg":"Set up the","icon":{"path":"translate.png"},"quicklookurl":"http:\/\/youdao.com\/w\/%E8%AE%BE%E7%BD%AE","subtitle":"\u8bbe\u7f6e","text":{"copy":"Setting,SETUP,Options,set"},"title":"Setting,SETUP,Options,set","valid":true}
{"arg":"ex","icon":{"path":"translate.png"},"quicklookurl":"http:\/\/youdao.com\/w\/ex","subtitle":"EX","text":{"copy":"\u5ef6\u4f38,\u5ef6\u957f,\u53ef\u71c3\u6c14\u4f53,\u524d\u4efb"},"title":"\u5ef6\u4f38,\u5ef6\u957f,\u53ef\u71c3\u6c14\u4f53,\u524d\u4efb","valid":true}
{"arg":"exec","icon":{"path":"translate.png"},"quicklookurl":"http:\/\/youdao.com\/w\/exec","subtitle":"exec","text":{"copy":"\u6267\u884c,\u5f00\u59cb,\u8bed\u53e5,\u8c03\u7528\u7a0b\u5e8f\u5e76\u8f6c\u79fb\u8fdb\u7a0b"},"title":"\u6267\u884c,\u5f00\u59cb,\u8bed\u53e5,\u8c03\u7528\u7a0b\u5e8f\u5e76\u8f6c\u79fb\u8fdb\u7a0b","valid":true}
{"arg":"c","icon":{"path":"translate.png"},"quicklookurl":"http:\/\/youdao.com\/w\/c","subtitle":"\u7ef4\u751f\u7d20C","text":{"copy":"Vitamin,Ascorbic Acid,Poly,VC"},"title":"Vitamin,Ascorbic Acid,Poly,VC","valid":true}
{"arg":"try","icon":{"path":"translate.png"},"quicklookurl":"http:\/\/youdao.com\/w\/%E5%B0%9D%E8%AF%95","subtitle":"\u5c1d\u8bd5","text":{"copy":"attempt,Try,effort"},"title":"attempt,Try,effort","valid":true}
{"arg":"Try to through","icon":{"path":"translate.png"},"quicklookurl":"http:\/\/youdao.com\/w\/%E5%B0%9D%E8%AF%95%E9%80%9A%E8%BF%87","subtitle":"\u5c1d\u8bd5\u901a\u8fc7","text":{"copy":"try by"},"title":"try by","valid":true}
{"arg":"s","icon":{"path":"translate.png"},"quicklookurl":"http:\/\/youdao.com\/w\/s","subtitle":"DVB-S","text":{"copy":"\u536b\u661f\u7535\u89c6,\u536b\u661f\u673a\u9876\u76d2,\u536b\u661f\u63a5\u6536\u673a,\u63a5\u6536\u673a"},"title":"\u536b\u661f\u7535\u89c6,\u536b\u661f\u673a\u9876\u76d2,\u536b\u661f\u63a5\u6536\u673a,\u63a5\u6536\u673a","valid":true}
{"arg":"The output","icon":{"path":"translate.png"},"quicklookurl":"http:\/\/youdao.com\/w\/%E8%BE%93%E5%87%BA","subtitle":"\u8f93\u51fa","text":{"copy":"Output,Export,out,DPS"},"title":"Output,Export,out,DPS","valid":true}
{"arg":"reality","icon":{"path":"translate.png"},"quicklookurl":"http:\/\/youdao.com\/w\/%E7%8E%B0%E5%AE%9E","subtitle":"\u73b0\u5b9e","text":{"copy":"Reality,Realize,fact,Wirklichkeit"},"title":"Reality,Realize,fact,Wirklichkeit","valid":true}
{"arg":"According to","icon":{"path":"translate.png"},"quicklookurl":"http:\/\/youdao.com\/w\/%E6%98%BE%E7%A4%BA","subtitle":"\u663e\u793a","text":{"copy":"Display,show,Hide All Effects,indicate"},"title":"Display,show,Hide All Effects,indicate","valid":true}
{"arg":"me","icon":{"path":"translate.png"},"quicklookurl":"http:\/\/youdao.com\/w\/me","subtitle":"ME","text":{"copy":"\u5236\u9020\u5de5\u7a0b\u5e08,\u8ff7,\u6211,\u5de5\u7a0b\u7855\u58eb(Master Of Engineering)"},"title":"\u5236\u9020\u5de5\u7a0b\u5e08,\u8ff7,\u6211,\u5de5\u7a0b\u7855\u58eb(Master Of Engineering)","valid":true}
{"arg":"mei","icon":{"path":"translate.png"},"quicklookurl":"http:\/\/youdao.com\/w\/mei","subtitle":"MEI","text":{"copy":"\u6469\u6258\u7f57\u62c9\u5de5\u7a0b\u5b66\u9662,\u5f20\u60e0\u59b9,\u7535\u5b50\u5de5\u4e1a\u90e8,\u6307\u6570"},"title":"\u6469\u6258\u7f57\u62c9\u5de5\u7a0b\u5b66\u9662,\u5f20\u60e0\u59b9,\u7535\u5b50\u5de5\u4e1a\u90e8,\u6307\u6570","valid":true}
{"arg":"There is no","icon":{"path":"translate.png"},"quicklookurl":"http:\/\/youdao.com\/w\/%E6%B2%A1%E6%9C%89","subtitle":"\u6ca1\u6709","text":{"copy":"without,No,void of,clear of"},"title":"without,No,void of,clear of","valid":true}
{"arg":"Have no legal power","icon":{"path":"translate.png"},"quicklookurl":"http:\/\/youdao.com\/w\/%E6%B2%A1%E6%9C%89%E6%9D%83%E9%99%90","subtitle":"\u6ca1\u6709\u6743\u9650","text":{"copy":"permission denied,Forbidden,There is no authority,SqlClientPermission"},"title":"permission denied,Forbidden,There is no authority,SqlClientPermission","valid":true}
{"arg":"zhixing","icon":{"path":"translate.png"},"quicklookurl":"http:\/\/youdao.com\/w\/zhixing","subtitle":"zhixing","text":{"copy":"\u677e\u7af9\u5b9e\u4e1a\u793e"},"title":"\u677e\u7af9\u5b9e\u4e1a\u793e","valid":true}
{"arg":"z","icon":{"path":"translate.png"},"quicklookurl":"http:\/\/youdao.com\/w\/z","subtitle":"\u65e0\u53cc\u5927\u86c7Z","text":{"copy":"Musou Orochi,OROCHI,Warriors Orochi,Musou Orochello"},"title":"Musou Orochi,OROCHI,Warriors Orochi,Musou Orochello","valid":true}
{"arg":"zhixing","icon":{"path":"translate.png"},"quicklookurl":"http:\/\/youdao.com\/w\/zhixing","subtitle":"zhixing","text":{"copy":"\u677e\u7af9\u5b9e\u4e1a\u793e"},"title":"\u677e\u7af9\u5b9e\u4e1a\u793e","valid":true}
{"arg":"z","icon":{"path":"translate.png"},"quicklookurl":"http:\/\/youdao.com\/w\/z","subtitle":"\u65e0\u53cc\u5927\u86c7Z","text":{"copy":"Musou Orochi,OROCHI,Warriors Orochi,Musou Orochello"},"title":"Musou Orochi,OROCHI,Warriors Orochi,Musou Orochello","valid":true}
{"arg":"perform","icon":{"path":"translate.png"},"quicklookurl":"http:\/\/youdao.com\/w\/%E6%89%A7%E8%A1%8C","subtitle":"\u6267\u884c","text":{"copy":"Execution,carry out,perform,execute"},"title":"Execution,carry out,perform,execute","valid":true}
{"arg":"Perform the following","icon":{"path":"translate.png"},"quicklookurl":"http:\/\/youdao.com\/w\/%E6%89%A7%E8%A1%8C%E4%BB%A5%E4%B8%8B","subtitle":"\u5bf9\u8bdd\u6846\u6267\u884c\u4ee5\u4e0b\u4efb\u52a1","text":{"copy":"Properties"},"title":"Properties","valid":true}
{"arg":"I wish you good luck","icon":{"path":"translate.png"},"quicklookurl":"http:\/\/youdao.com\/w\/%E7%A5%9D%E4%BD%A0%E5%A5%BD%E8%BF%90","subtitle":"\u795d\u4f60\u597d\u8fd0","text":{"copy":"Good Luck,Break a Leg,good luck to you"},"title":"Good Luck,Break a Leg,good luck to you","valid":true}
{"arg":"z","icon":{"path":"translate.png"},"quicklookurl":"http:\/\/youdao.com\/w\/z","subtitle":"\u65e0\u53cc\u5927\u86c7Z","text":{"copy":"Musou Orochi,OROCHI,Warriors Orochi,Musou Orochello"},"title":"Musou Orochi,OROCHI,Warriors Orochi,Musou Orochello","valid":true}
{"arg":"I wish you good luck","icon":{"path":"translate.png"},"quicklookurl":"http:\/\/youdao.com\/w\/%E7%A5%9D%E4%BD%A0%E5%A5%BD%E8%BF%90","subtitle":"\u795d\u4f60\u597d\u8fd0","text":{"copy":"Good Luck,Break a Leg,good luck to you"},"title":"Good Luck,Break a Leg,good luck to you","valid":true}
{"arg":"various","icon":{"path":"translate.png"},"quicklookurl":"http:\/\/youdao.com\/w\/various","subtitle":"various","text":{"copy":"\u5404\u79cd\u5404\u6837\u7684,\u4e0d\u540c\u7684,\u5404\u5bb6,\u5404\u5f0f"},"title":"\u5404\u79cd\u5404\u6837\u7684,\u4e0d\u540c\u7684,\u5404\u5bb6,\u5404\u5f0f","valid":true}
{"arg":"driver","icon":{"path":"translate.png"},"quicklookurl":"http:\/\/youdao.com\/w\/driver","subtitle":"Driver","text":{"copy":"\u9a71\u52a8\u7a0b\u5e8f,\u53f8\u673a,\u8f66\u624b,\u9a7e\u9a76\u5458"},"title":"\u9a71\u52a8\u7a0b\u5e8f,\u53f8\u673a,\u8f66\u624b,\u9a7e\u9a76\u5458","valid":true}
{"arg":"divid","icon":{"path":"translate.png"},"quicklookurl":"http:\/\/youdao.com\/w\/divid","subtitle":"DIVID","text":{"copy":"\u8fbe\u7ef4\u7279,\u5206\u5f00"},"title":"\u8fbe\u7ef4\u7279,\u5206\u5f00","valid":true}
{"arg":"divider","icon":{"path":"translate.png"},"quicklookurl":"http:\/\/youdao.com\/w\/divider","subtitle":"divider","text":{"copy":"\u5206\u914d\u5668,\u9664\u6cd5\u5668"},"title":"\u5206\u914d\u5668,\u9664\u6cd5\u5668","valid":true}
{"arg":"b","icon":{"path":"translate.png"},"quicklookurl":"http:\/\/youdao.com\/w\/b","subtitle":"\u7ef4\u751f\u7d20B","text":{"copy":"Vitamin,VB,VitB,thiamine"},"title":"Vitamin,VB,VitB,thiamine","valid":true}
{"arg":"charter","icon":{"path":"translate.png"},"quicklookurl":"http:\/\/youdao.com\/w\/%E5%8C%85%E8%BD%A6","subtitle":"\u5305\u8f66","text":{"copy":"Chartered,chartered vehicle,Lamai,Hire"},"title":"Chartered,chartered vehicle,Lamai,Hire","valid":true}
{"arg":"enable","icon":{"path":"translate.png"},"quicklookurl":"http:\/\/youdao.com\/w\/enable","subtitle":"enable","text":{"copy":"\u4f7f\u80fd\u591f,\u4f7f\u80fd,\u5f00\u542f,\u6709\u6548"},"title":"\u4f7f\u80fd\u591f,\u4f7f\u80fd,\u5f00\u542f,\u6709\u6548","valid":true}
{"arg":"in","icon":{"path":"translate.png"},"quicklookurl":"http:\/\/youdao.com\/w\/in","subtitle":"in","text":{"copy":"\u82f1\u5bf8,\u5370\u5ea6,\u8f93\u5165,\u4eba\u53e3"},"title":"\u82f1\u5bf8,\u5370\u5ea6,\u8f93\u5165,\u4eba\u53e3","valid":true}
{"arg":"abel","icon":{"path":"translate.png"},"quicklookurl":"http:\/\/youdao.com\/w\/abel","subtitle":"Abel","text":{"copy":"\u963f\u8d1d\u5c14,\u547c\u5438,\u62c9\u4e01"},"title":"\u963f\u8d1d\u5c14,\u547c\u5438,\u62c9\u4e01","valid":true}
{"arg":"a","icon":{"path":"translate.png"},"quicklookurl":"http:\/\/youdao.com\/w\/a","subtitle":"a cappella","text":{"copy":"\u65e0\u4f34\u594f\u5408\u5531,\u963f\u5361\u8d1d\u62c9,\u8d70\u5728\u5927\u8857\u7684\u5973\u5b50,\u65e0\u4f34\u594f"},"title":"\u65e0\u4f34\u594f\u5408\u5531,\u963f\u5361\u8d1d\u62c9,\u8d70\u5728\u5927\u8857\u7684\u5973\u5b50,\u65e0\u4f34\u594f","valid":true}
{"arg":"in","icon":{"path":"translate.png"},"quicklookurl":"http:\/\/youdao.com\/w\/in","subtitle":"in","text":{"copy":"\u82f1\u5bf8,\u5370\u5ea6,\u8f93\u5165,\u4eba\u53e3"},"title":"\u82f1\u5bf8,\u5370\u5ea6,\u8f93\u5165,\u4eba\u53e3","valid":true}
{"arg":"inable","icon":{"path":"translate.png"},"quicklookurl":"http:\/\/youdao.com\/w\/inable","subtitle":"A-Tom-inable snow man","text":{"copy":"\u6c64\u59c6\u7684\u5c0f\u96ea\u4eba,\u6c64\u59c6\u5c0f\u96ea\u4eba"},"title":"\u6c64\u59c6\u7684\u5c0f\u96ea\u4eba,\u6c64\u59c6\u5c0f\u96ea\u4eba","valid":true}
{"arg":"in","icon":{"path":"translate.png"},"quicklookurl":"http:\/\/youdao.com\/w\/in","subtitle":"in","text":{"copy":"\u82f1\u5bf8,\u5370\u5ea6,\u8f93\u5165,\u4eba\u53e3"},"title":"\u82f1\u5bf8,\u5370\u5ea6,\u8f93\u5165,\u4eba\u53e3","valid":true}
{"arg":"able","icon":{"path":"translate.png"},"quicklookurl":"http:\/\/youdao.com\/w\/able","subtitle":"able","text":{"copy":"\u6709\u80fd\u529b\u7684,\u80fd\u591f,\u6709\u624d\u5e72\u7684,\u80fd\u5e72\u7684"},"title":"\u6709\u80fd\u529b\u7684,\u80fd\u591f,\u6709\u624d\u5e72\u7684,\u80fd\u5e72\u7684","valid":true}
{"arg":"a","icon":{"path":"translate.png"},"quicklookurl":"http:\/\/youdao.com\/w\/a","subtitle":"a cappella","text":{"copy":"\u65e0\u4f34\u594f\u5408\u5531,\u963f\u5361\u8d1d\u62c9,\u8d70\u5728\u5927\u8857\u7684\u5973\u5b50,\u65e0\u4f34\u594f"},"title":"\u65e0\u4f34\u594f\u5408\u5531,\u963f\u5361\u8d1d\u62c9,\u8d70\u5728\u5927\u8857\u7684\u5973\u5b50,\u65e0\u4f34\u594f","valid":true}
{"arg":"disable","icon":{"path":"translate.png"},"quicklookurl":"http:\/\/youdao.com\/w\/disable","subtitle":"disable","text":{"copy":"\u7981\u7528,\u5173\u95ed,\u7981\u6b62,\u4e27\u5931\u80fd\u529b"},"title":"\u7981\u7528,\u5173\u95ed,\u7981\u6b62,\u4e27\u5931\u80fd\u529b","valid":true}
{"arg":"y","icon":{"path":"translate.png"},"quicklookurl":"http:\/\/youdao.com\/w\/y","subtitle":"Y-intercept","text":{"copy":"\u8f74\u622a\u8ddd,\u7ffb\u8bd1,\u7eb5\u622a\u8ddd"},"title":"\u8f74\u622a\u8ddd,\u7ffb\u8bd1,\u7eb5\u622a\u8ddd","valid":true}
{"arg":"price","icon":{"path":"translate.png"},"quicklookurl":"http:\/\/youdao.com\/w\/%E4%B8%80%E5%8F%A3%E4%BB%B7","subtitle":"\u4e00\u53e3\u4ef7","text":{"copy":"buy it now,Fixed Price,Item Price"},"title":"buy it now,Fixed Price,Item Price","valid":true}
{"arg":"The comma","icon":{"path":"translate.png"},"quicklookurl":"http:\/\/youdao.com\/w\/%E9%80%97%E5%8F%B7","subtitle":"\u9017\u53f7","text":{"copy":"comma,dot,colon"},"title":"comma,dot,colon","valid":true}
{"arg":"symbol","icon":{"path":"translate.png"},"quicklookurl":"http:\/\/youdao.com\/w\/symbol","subtitle":"symbol","text":{"copy":"\u7b26\u53f7,\u8c61\u5f81,\u8baf\u5b9d,\u6807\u5fd7"},"title":"\u7b26\u53f7,\u8c61\u5f81,\u8baf\u5b9d,\u6807\u5fd7","valid":true}
{"arg":"itinerary","icon":{"path":"translate.png"},"quicklookurl":"http:\/\/youdao.com\/w\/itinerary","subtitle":"itinerary","text":{"copy":"\u65c5\u884c\u6307\u5357,\u822a\u6d77\u65e5\u7a0b\u8868,\u65c5\u884c\u8ba1\u5212"},"title":"\u65c5\u884c\u6307\u5357,\u822a\u6d77\u65e5\u7a0b\u8868,\u65c5\u884c\u8ba1\u5212","valid":true}
{"arg":"no","icon":{"path":"translate.png"},"quicklookurl":"http:\/\/youdao.com\/w\/no","subtitle":"no","text":{"copy":"\u4e0d\u662f,\u4e00\u6c27\u5316\u6c2e(Nitric Oxide),\u6ca1\u6709,\u8d27\u53f7"},"title":"\u4e0d\u662f,\u4e00\u6c27\u5316\u6c2e(Nitric Oxide),\u6ca1\u6709,\u8d27\u53f7","valid":true}
{"arg":"not","icon":{"path":"translate.png"},"quicklookurl":"http:\/\/youdao.com\/w\/not","subtitle":"not","text":{"copy":"\u903b\u8f91\u975e,\u975e,\u4e0d\u662f,\u4e0d"},"title":"\u903b\u8f91\u975e,\u975e,\u4e0d\u662f,\u4e0d","valid":true}
{"arg":"not","icon":{"path":"translate.png"},"quicklookurl":"http:\/\/youdao.com\/w\/not","subtitle":"not","text":{"copy":"\u903b\u8f91\u975e,\u975e,\u4e0d\u662f,\u4e0d"},"title":"\u903b\u8f91\u975e,\u975e,\u4e0d\u662f,\u4e0d","valid":true}
{"arg":"notic","icon":{"path":"translate.png"},"quicklookurl":"http:\/\/youdao.com\/w\/notic","subtitle":"NOTIC","text":{"copy":"\u516c\u544a,\u8bfa\u8482\u5947,\u65b0\u57ce\u516c\u544a,\u516c\u53f8\u901a\u544a"},"title":"\u516c\u544a,\u8bfa\u8482\u5947,\u65b0\u57ce\u516c\u544a,\u516c\u53f8\u901a\u544a","valid":true}
{"arg":"notic","icon":{"path":"translate.png"},"quicklookurl":"http:\/\/youdao.com\/w\/notic","subtitle":"NOTIC","text":{"copy":"\u516c\u544a,\u8bfa\u8482\u5947,\u65b0\u57ce\u516c\u544a,\u516c\u53f8\u901a\u544a"},"title":"\u516c\u544a,\u8bfa\u8482\u5947,\u65b0\u57ce\u516c\u544a,\u516c\u53f8\u901a\u544a","valid":true}
{"arg":"notice","icon":{"path":"translate.png"},"quicklookurl":"http:\/\/youdao.com\/w\/notice","subtitle":"Notice","text":{"copy":"\u901a\u77e5,\u6ce8\u610f\u5230,\u516c\u544a"},"title":"\u901a\u77e5,\u6ce8\u610f\u5230,\u516c\u544a","valid":true}
{"arg":"no","icon":{"path":"translate.png"},"quicklookurl":"http:\/\/youdao.com\/w\/no","subtitle":"no","text":{"copy":"\u4e0d\u662f,\u4e00\u6c27\u5316\u6c2e(Nitric Oxide),\u6ca1\u6709,\u8d27\u53f7"},"title":"\u4e0d\u662f,\u4e00\u6c27\u5316\u6c2e(Nitric Oxide),\u6ca1\u6709,\u8d27\u53f7","valid":true}
{"arg":"n","icon":{"path":"translate.png"},"quicklookurl":"http:\/\/youdao.com\/w\/n","subtitle":"n-hexane","text":{"copy":"\u6b63\u5df1\u70f7,\u5df1\u70f7,\u6b63\u4e59\u70f7,\u5df1\u70f7\u5316\u5b66\u54c1"},"title":"\u6b63\u5df1\u70f7,\u5df1\u70f7,\u6b63\u4e59\u70f7,\u5df1\u70f7\u5316\u5b66\u54c1","valid":true}
{"arg":"t","icon":{"path":"translate.png"},"quicklookurl":"http:\/\/youdao.com\/w\/t","subtitle":"T-ara","text":{"copy":"\u6734\u667a\u598d,\u667a\u598d,\u6734\u5b5d\u654f,\u6069\u9759"},"title":"\u6734\u667a\u598d,\u667a\u598d,\u6734\u5b5d\u654f,\u6069\u9759","valid":true}
{"arg":"notice","icon":{"path":"translate.png"},"quicklookurl":"http:\/\/youdao.com\/w\/%E9%80%9A%E7%9F%A5","subtitle":"\u901a\u77e5","text":{"copy":"Notice,notify,notification,inform"},"title":"Notice,notify,notification,inform","valid":true}
